[2.023s] Invoking command in '/home/wjrgfdy/rm_ws/src/image_pipeline/camera_calibration': PYTHONPATH=/home/wjrgfdy/rm_ws/build/camera_calibration/prefix_override:/home/wjrgfdy/rm_ws/install/camera_calibration/lib/python3.10/site-packages:${PYTHONPATH} _=/usr/bin/env /usr/bin/python3 setup.py egg_info --egg-base ../../../build/camera_calibration build --build-base /home/wjrgfdy/rm_ws/build/camera_calibration/build install --record /home/wjrgfdy/rm_ws/build/camera_calibration/install.log --single-version-externally-managed
[3.173s] running egg_info
[3.174s] writing ../../../build/camera_calibration/camera_calibration.egg-info/PKG-INFO
[3.174s] writing dependency_links to ../../../build/camera_calibration/camera_calibration.egg-info/dependency_links.txt
[3.174s] writing entry points to ../../../build/camera_calibration/camera_calibration.egg-info/entry_points.txt
[3.175s] writing requirements to ../../../build/camera_calibration/camera_calibration.egg-info/requires.txt
[3.175s] writing top-level names to ../../../build/camera_calibration/camera_calibration.egg-info/top_level.txt
[3.178s] reading manifest file '../../../build/camera_calibration/camera_calibration.egg-info/SOURCES.txt'
[3.204s] writing manifest file '../../../build/camera_calibration/camera_calibration.egg-info/SOURCES.txt'
[3.204s] running build
[3.204s] running build_py
[3.205s] running install
[3.211s] /usr/lib/python3/dist-packages/setuptools/command/install.py:34: SetuptoolsDeprecationWarning: setup.py install is deprecated. Use build and pip and other standards-based tools.
[3.211s]   warnings.warn(
[3.211s] running install_lib
[3.213s] running install_data
[3.223s] running install_egg_info
[3.229s] removing '/home/wjrgfdy/rm_ws/install/camera_calibration/lib/python3.10/site-packages/camera_calibration-3.0.3-py3.10.egg-info' (and everything under it)
[3.237s] Copying ../../../build/camera_calibration/camera_calibration.egg-info to /home/wjrgfdy/rm_ws/install/camera_calibration/lib/python3.10/site-packages/camera_calibration-3.0.3-py3.10.egg-info
[3.242s] running install_scripts
[3.350s] Installing cameracalibrator script to /home/wjrgfdy/rm_ws/install/camera_calibration/lib/camera_calibration
[3.375s] Installing cameracheck script to /home/wjrgfdy/rm_ws/install/camera_calibration/lib/camera_calibration
[3.376s] writing list of installed files to '/home/wjrgfdy/rm_ws/build/camera_calibration/install.log'
[3.533s] Invoked command in '/home/wjrgfdy/rm_ws/src/image_pipeline/camera_calibration' returned '0': PYTHONPATH=/home/wjrgfdy/rm_ws/build/camera_calibration/prefix_override:/home/wjrgfdy/rm_ws/install/camera_calibration/lib/python3.10/site-packages:${PYTHONPATH} _=/usr/bin/env /usr/bin/python3 setup.py egg_info --egg-base ../../../build/camera_calibration build --build-base /home/wjrgfdy/rm_ws/build/camera_calibration/build install --record /home/wjrgfdy/rm_ws/build/camera_calibration/install.log --single-version-externally-managed
