[0.054s] Invoking command in '/home/wjrgfdy/rm_ws/build/mindvision_camera': CMAKE_PREFIX_PATH=/opt/ros/humble _=/usr/bin/env /usr/local/bin/cmake --build /home/wjrgfdy/rm_ws/build/mindvision_camera -- -j12 -l12
[0.087s] [ 50%] Built target mindvision_camera_node
[0.088s] [100%] Built target mindvision_camera
[0.097s] Invoked command in '/home/wjrgfdy/rm_ws/build/mindvision_camera' returned '0': CMAKE_PREFIX_PATH=/opt/ros/humble _=/usr/bin/env /usr/local/bin/cmake --build /home/wjrgfdy/rm_ws/build/mindvision_camera -- -j12 -l12
[0.172s] Invoking command in '/home/wjrgfdy/rm_ws/build/mindvision_camera': CMAKE_PREFIX_PATH=/opt/ros/humble _=/usr/bin/env /usr/local/bin/cmake --install /home/wjrgfdy/rm_ws/build/mindvision_camera
[0.175s] -- Install configuration: ""
[0.175s] -- Execute custom install script
[0.176s] -- Up-to-date symlink: /home/wjrgfdy/rm_ws/install/mindvision_camera/lib/mindvision_camera/mindvision_camera_node
[0.176s] -- Up-to-date symlink: /home/wjrgfdy/rm_ws/install/mindvision_camera/share/mindvision_camera/environment/library_path.sh
[0.176s] -- Up-to-date symlink: /home/wjrgfdy/rm_ws/install/mindvision_camera/share/mindvision_camera/environment/library_path.dsv
[0.176s] -- Up-to-date symlink: /home/wjrgfdy/rm_ws/install/mindvision_camera/lib/libmindvision_camera.so
[0.177s] -- Up-to-date symlink: /home/wjrgfdy/rm_ws/install/mindvision_camera/share/mindvision_camera/config/camera_info.yaml
[0.177s] -- Up-to-date symlink: /home/wjrgfdy/rm_ws/install/mindvision_camera/share/mindvision_camera/config/camera_params.yaml
[0.177s] -- Up-to-date symlink: /home/wjrgfdy/rm_ws/install/mindvision_camera/share/mindvision_camera/launch/mv_launch.py
[0.177s] -- Up-to-date symlink: /home/wjrgfdy/rm_ws/install/mindvision_camera/share/ament_index/resource_index/package_run_dependencies/mindvision_camera
[0.178s] -- Up-to-date symlink: /home/wjrgfdy/rm_ws/install/mindvision_camera/share/ament_index/resource_index/parent_prefix_path/mindvision_camera
[0.178s] -- Up-to-date symlink: /home/wjrgfdy/rm_ws/install/mindvision_camera/share/mindvision_camera/environment/ament_prefix_path.sh
[0.178s] -- Up-to-date symlink: /home/wjrgfdy/rm_ws/install/mindvision_camera/share/mindvision_camera/environment/ament_prefix_path.dsv
[0.178s] -- Up-to-date symlink: /home/wjrgfdy/rm_ws/install/mindvision_camera/share/mindvision_camera/environment/path.sh
[0.178s] -- Up-to-date symlink: /home/wjrgfdy/rm_ws/install/mindvision_camera/share/mindvision_camera/environment/path.dsv
[0.179s] -- Up-to-date symlink: /home/wjrgfdy/rm_ws/install/mindvision_camera/share/mindvision_camera/local_setup.bash
[0.179s] -- Up-to-date symlink: /home/wjrgfdy/rm_ws/install/mindvision_camera/share/mindvision_camera/local_setup.sh
[0.179s] -- Up-to-date symlink: /home/wjrgfdy/rm_ws/install/mindvision_camera/share/mindvision_camera/local_setup.zsh
[0.179s] -- Up-to-date symlink: /home/wjrgfdy/rm_ws/install/mindvision_camera/share/mindvision_camera/local_setup.dsv
[0.179s] -- Symlinking: /home/wjrgfdy/rm_ws/install/mindvision_camera/share/mindvision_camera/package.dsv
[0.183s] -- Up-to-date symlink: /home/wjrgfdy/rm_ws/install/mindvision_camera/share/ament_index/resource_index/packages/mindvision_camera
[0.183s] -- Up-to-date symlink: /home/wjrgfdy/rm_ws/install/mindvision_camera/share/ament_index/resource_index/rclcpp_components/mindvision_camera
[0.183s] -- Up-to-date symlink: /home/wjrgfdy/rm_ws/install/mindvision_camera/share/mindvision_camera/cmake/ament_cmake_export_dependencies-extras.cmake
[0.183s] -- Up-to-date symlink: /home/wjrgfdy/rm_ws/install/mindvision_camera/share/mindvision_camera/cmake/ament_cmake_export_libraries-extras.cmake
[0.184s] -- Up-to-date symlink: /home/wjrgfdy/rm_ws/install/mindvision_camera/share/mindvision_camera/cmake/mindvision_cameraConfig.cmake
[0.184s] -- Up-to-date symlink: /home/wjrgfdy/rm_ws/install/mindvision_camera/share/mindvision_camera/cmake/mindvision_cameraConfig-version.cmake
[0.184s] -- Up-to-date symlink: /home/wjrgfdy/rm_ws/install/mindvision_camera/share/mindvision_camera/package.xml
[0.224s] Invoked command in '/home/wjrgfdy/rm_ws/build/mindvision_camera' returned '0': CMAKE_PREFIX_PATH=/opt/ros/humble _=/usr/bin/env /usr/local/bin/cmake --install /home/wjrgfdy/rm_ws/build/mindvision_camera
