[1.062s] Invoking command in '/home/wjrgfdy/rm_ws/build/auto_aim_interfaces': CMAKE_PREFIX_PATH=${CMAKE_PREFIX_PATH}:/home/wjrgfdy/rm_ws/install/camera_calibration:/opt/ros/humble _=/usr/bin/env /usr/local/bin/cmake --build /home/wjrgfdy/rm_ws/build/auto_aim_interfaces -- -j12 -l12
[1.787s] [  1%] Built target auto_aim_interfaces__cpp
[1.788s] [  1%] Built target ament_cmake_python_symlink_auto_aim_interfaces
[1.788s] [ 12%] Built target auto_aim_interfaces__rosidl_typesupport_introspection_cpp
[1.789s] running egg_info
[1.801s] writing auto_aim_interfaces.egg-info/PKG-INFO
[1.802s] writing dependency_links to auto_aim_interfaces.egg-info/dependency_links.txt
[1.802s] writing top-level names to auto_aim_interfaces.egg-info/top_level.txt
[1.802s] reading manifest file 'auto_aim_interfaces.egg-info/SOURCES.txt'
[1.802s] writing manifest file 'auto_aim_interfaces.egg-info/SOURCES.txt'
[1.875s] [ 12%] Built target ament_cmake_python_build_auto_aim_interfaces_egg
[1.950s] [ 24%] Built target auto_aim_interfaces__rosidl_typesupport_fastrtps_cpp
[2.045s] [ 35%] Built target auto_aim_interfaces__rosidl_typesupport_cpp
[2.101s] [ 47%] Built target auto_aim_interfaces__rosidl_generator_c
[2.226s] [ 58%] Built target auto_aim_interfaces__rosidl_typesupport_fastrtps_c
[2.253s] [ 70%] Built target auto_aim_interfaces__rosidl_typesupport_c
[2.292s] [ 81%] Built target auto_aim_interfaces__rosidl_typesupport_introspection_c
[2.330s] [ 81%] Built target auto_aim_interfaces
[2.366s] [ 82%] Built target auto_aim_interfaces__py
[2.410s] [ 93%] Built target auto_aim_interfaces__rosidl_generator_py
[2.448s] [ 95%] Built target auto_aim_interfaces__rosidl_typesupport_fastrtps_c__pyext
[2.511s] [ 97%] Built target auto_aim_interfaces__rosidl_typesupport_c__pyext
[2.537s] [100%] Built target auto_aim_interfaces__rosidl_typesupport_introspection_c__pyext
[2.718s] Invoked command in '/home/wjrgfdy/rm_ws/build/auto_aim_interfaces' returned '0': CMAKE_PREFIX_PATH=${CMAKE_PREFIX_PATH}:/home/wjrgfdy/rm_ws/install/camera_calibration:/opt/ros/humble _=/usr/bin/env /usr/local/bin/cmake --build /home/wjrgfdy/rm_ws/build/auto_aim_interfaces -- -j12 -l12
[3.051s] Invoking command in '/home/wjrgfdy/rm_ws/build/auto_aim_interfaces': CMAKE_PREFIX_PATH=${CMAKE_PREFIX_PATH}:/home/wjrgfdy/rm_ws/install/camera_calibration:/opt/ros/humble _=/usr/bin/env /usr/local/bin/cmake --install /home/wjrgfdy/rm_ws/build/auto_aim_interfaces
[3.069s] -- Install configuration: ""
[3.069s] -- Execute custom install script
[3.069s] -- Up-to-date symlink: /home/wjrgfdy/rm_ws/install/auto_aim_interfaces/share/ament_index/resource_index/rosidl_interfaces/auto_aim_interfaces
[3.069s] -- Up-to-date symlink: /home/wjrgfdy/rm_ws/install/auto_aim_interfaces/include/auto_aim_interfaces/auto_aim_interfaces/msg/armor.h
[3.069s] -- Up-to-date symlink: /home/wjrgfdy/rm_ws/install/auto_aim_interfaces/include/auto_aim_interfaces/auto_aim_interfaces/msg/armors.h
[3.069s] -- Up-to-date symlink: /home/wjrgfdy/rm_ws/install/auto_aim_interfaces/include/auto_aim_interfaces/auto_aim_interfaces/msg/debug_armor.h
[3.069s] -- Up-to-date symlink: /home/wjrgfdy/rm_ws/install/auto_aim_interfaces/include/auto_aim_interfaces/auto_aim_interfaces/msg/debug_armors.h
[3.069s] -- Up-to-date symlink: /home/wjrgfdy/rm_ws/install/auto_aim_interfaces/include/auto_aim_interfaces/auto_aim_interfaces/msg/debug_light.h
[3.070s] -- Up-to-date symlink: /home/wjrgfdy/rm_ws/install/auto_aim_interfaces/include/auto_aim_interfaces/auto_aim_interfaces/msg/debug_lights.h
[3.070s] -- Up-to-date symlink: /home/wjrgfdy/rm_ws/install/auto_aim_interfaces/include/auto_aim_interfaces/auto_aim_interfaces/msg/detail/armor__functions.h
[3.070s] -- Up-to-date symlink: /home/wjrgfdy/rm_ws/install/auto_aim_interfaces/include/auto_aim_interfaces/auto_aim_interfaces/msg/detail/armor__struct.h
[3.070s] -- Up-to-date symlink: /home/wjrgfdy/rm_ws/install/auto_aim_interfaces/include/auto_aim_interfaces/auto_aim_interfaces/msg/detail/armor__type_support.h
[3.070s] -- Up-to-date symlink: /home/wjrgfdy/rm_ws/install/auto_aim_interfaces/include/auto_aim_interfaces/auto_aim_interfaces/msg/detail/armors__functions.h
[3.071s] -- Up-to-date symlink: /home/wjrgfdy/rm_ws/install/auto_aim_interfaces/include/auto_aim_interfaces/auto_aim_interfaces/msg/detail/armors__struct.h
[3.071s] -- Up-to-date symlink: /home/wjrgfdy/rm_ws/install/auto_aim_interfaces/include/auto_aim_interfaces/auto_aim_interfaces/msg/detail/armors__type_support.h
[3.071s] -- Up-to-date symlink: /home/wjrgfdy/rm_ws/install/auto_aim_interfaces/include/auto_aim_interfaces/auto_aim_interfaces/msg/detail/debug_armor__functions.h
[3.071s] -- Up-to-date symlink: /home/wjrgfdy/rm_ws/install/auto_aim_interfaces/include/auto_aim_interfaces/auto_aim_interfaces/msg/detail/debug_armor__struct.h
[3.072s] -- Up-to-date symlink: /home/wjrgfdy/rm_ws/install/auto_aim_interfaces/include/auto_aim_interfaces/auto_aim_interfaces/msg/detail/debug_armor__type_support.h
[3.072s] -- Up-to-date symlink: /home/wjrgfdy/rm_ws/install/auto_aim_interfaces/include/auto_aim_interfaces/auto_aim_interfaces/msg/detail/debug_armors__functions.h
[3.072s] -- Up-to-date symlink: /home/wjrgfdy/rm_ws/install/auto_aim_interfaces/include/auto_aim_interfaces/auto_aim_interfaces/msg/detail/debug_armors__struct.h
[3.072s] -- Up-to-date symlink: /home/wjrgfdy/rm_ws/install/auto_aim_interfaces/include/auto_aim_interfaces/auto_aim_interfaces/msg/detail/debug_armors__type_support.h
[3.073s] -- Up-to-date symlink: /home/wjrgfdy/rm_ws/install/auto_aim_interfaces/include/auto_aim_interfaces/auto_aim_interfaces/msg/detail/debug_light__functions.h
[3.073s] -- Up-to-date symlink: /home/wjrgfdy/rm_ws/install/auto_aim_interfaces/include/auto_aim_interfaces/auto_aim_interfaces/msg/detail/debug_light__struct.h
[3.073s] -- Up-to-date symlink: /home/wjrgfdy/rm_ws/install/auto_aim_interfaces/include/auto_aim_interfaces/auto_aim_interfaces/msg/detail/debug_light__type_support.h
[3.073s] -- Up-to-date symlink: /home/wjrgfdy/rm_ws/install/auto_aim_interfaces/include/auto_aim_interfaces/auto_aim_interfaces/msg/detail/debug_lights__functions.h
[3.074s] -- Up-to-date symlink: /home/wjrgfdy/rm_ws/install/auto_aim_interfaces/include/auto_aim_interfaces/auto_aim_interfaces/msg/detail/debug_lights__struct.h
[3.075s] -- Up-to-date symlink: /home/wjrgfdy/rm_ws/install/auto_aim_interfaces/include/auto_aim_interfaces/auto_aim_interfaces/msg/detail/debug_lights__type_support.h
[3.075s] -- Up-to-date symlink: /home/wjrgfdy/rm_ws/install/auto_aim_interfaces/include/auto_aim_interfaces/auto_aim_interfaces/msg/detail/target__functions.h
[3.075s] -- Up-to-date symlink: /home/wjrgfdy/rm_ws/install/auto_aim_interfaces/include/auto_aim_interfaces/auto_aim_interfaces/msg/detail/target__struct.h
[3.075s] -- Up-to-date symlink: /home/wjrgfdy/rm_ws/install/auto_aim_interfaces/include/auto_aim_interfaces/auto_aim_interfaces/msg/detail/target__type_support.h
[3.075s] -- Up-to-date symlink: /home/wjrgfdy/rm_ws/install/auto_aim_interfaces/include/auto_aim_interfaces/auto_aim_interfaces/msg/detail/tracker_info__functions.h
[3.076s] -- Up-to-date symlink: /home/wjrgfdy/rm_ws/install/auto_aim_interfaces/include/auto_aim_interfaces/auto_aim_interfaces/msg/detail/tracker_info__struct.h
[3.076s] -- Up-to-date symlink: /home/wjrgfdy/rm_ws/install/auto_aim_interfaces/include/auto_aim_interfaces/auto_aim_interfaces/msg/detail/tracker_info__type_support.h
[3.077s] -- Up-to-date symlink: /home/wjrgfdy/rm_ws/install/auto_aim_interfaces/include/auto_aim_interfaces/auto_aim_interfaces/msg/rosidl_generator_c__visibility_control.h
[3.077s] -- Up-to-date symlink: /home/wjrgfdy/rm_ws/install/auto_aim_interfaces/include/auto_aim_interfaces/auto_aim_interfaces/msg/target.h
[3.078s] -- Up-to-date symlink: /home/wjrgfdy/rm_ws/install/auto_aim_interfaces/include/auto_aim_interfaces/auto_aim_interfaces/msg/tracker_info.h
[3.078s] -- Up-to-date symlink: /home/wjrgfdy/rm_ws/install/auto_aim_interfaces/share/auto_aim_interfaces/environment/library_path.sh
[3.079s] -- Up-to-date symlink: /home/wjrgfdy/rm_ws/install/auto_aim_interfaces/share/auto_aim_interfaces/environment/library_path.dsv
[3.079s] -- Up-to-date symlink: /home/wjrgfdy/rm_ws/install/auto_aim_interfaces/include/auto_aim_interfaces/auto_aim_interfaces/msg/detail/armor__rosidl_typesupport_fastrtps_c.h
[3.079s] -- Up-to-date symlink: /home/wjrgfdy/rm_ws/install/auto_aim_interfaces/include/auto_aim_interfaces/auto_aim_interfaces/msg/detail/armors__rosidl_typesupport_fastrtps_c.h
[3.079s] -- Up-to-date symlink: /home/wjrgfdy/rm_ws/install/auto_aim_interfaces/include/auto_aim_interfaces/auto_aim_interfaces/msg/detail/debug_armor__rosidl_typesupport_fastrtps_c.h
[3.080s] -- Up-to-date symlink: /home/wjrgfdy/rm_ws/install/auto_aim_interfaces/include/auto_aim_interfaces/auto_aim_interfaces/msg/detail/debug_armors__rosidl_typesupport_fastrtps_c.h
[3.080s] -- Up-to-date symlink: /home/wjrgfdy/rm_ws/install/auto_aim_interfaces/include/auto_aim_interfaces/auto_aim_interfaces/msg/detail/debug_light__rosidl_typesupport_fastrtps_c.h
[3.081s] -- Up-to-date symlink: /home/wjrgfdy/rm_ws/install/auto_aim_interfaces/include/auto_aim_interfaces/auto_aim_interfaces/msg/detail/debug_lights__rosidl_typesupport_fastrtps_c.h
[3.081s] -- Up-to-date symlink: /home/wjrgfdy/rm_ws/install/auto_aim_interfaces/include/auto_aim_interfaces/auto_aim_interfaces/msg/detail/target__rosidl_typesupport_fastrtps_c.h
[3.081s] -- Up-to-date symlink: /home/wjrgfdy/rm_ws/install/auto_aim_interfaces/include/auto_aim_interfaces/auto_aim_interfaces/msg/detail/tracker_info__rosidl_typesupport_fastrtps_c.h
[3.082s] -- Up-to-date symlink: /home/wjrgfdy/rm_ws/install/auto_aim_interfaces/include/auto_aim_interfaces/auto_aim_interfaces/msg/rosidl_typesupport_fastrtps_c__visibility_control.h
[3.082s] -- Up-to-date symlink: /home/wjrgfdy/rm_ws/install/auto_aim_interfaces/include/auto_aim_interfaces/auto_aim_interfaces/msg/detail/armor__rosidl_typesupport_introspection_c.h
[3.083s] -- Up-to-date symlink: /home/wjrgfdy/rm_ws/install/auto_aim_interfaces/include/auto_aim_interfaces/auto_aim_interfaces/msg/detail/armors__rosidl_typesupport_introspection_c.h
[3.083s] -- Up-to-date symlink: /home/wjrgfdy/rm_ws/install/auto_aim_interfaces/include/auto_aim_interfaces/auto_aim_interfaces/msg/detail/debug_armor__rosidl_typesupport_introspection_c.h
[3.083s] -- Up-to-date symlink: /home/wjrgfdy/rm_ws/install/auto_aim_interfaces/include/auto_aim_interfaces/auto_aim_interfaces/msg/detail/debug_armors__rosidl_typesupport_introspection_c.h
[3.083s] -- Up-to-date symlink: /home/wjrgfdy/rm_ws/install/auto_aim_interfaces/include/auto_aim_interfaces/auto_aim_interfaces/msg/detail/debug_light__rosidl_typesupport_introspection_c.h
[3.084s] -- Up-to-date symlink: /home/wjrgfdy/rm_ws/install/auto_aim_interfaces/include/auto_aim_interfaces/auto_aim_interfaces/msg/detail/debug_lights__rosidl_typesupport_introspection_c.h
[3.084s] -- Up-to-date symlink: /home/wjrgfdy/rm_ws/install/auto_aim_interfaces/include/auto_aim_interfaces/auto_aim_interfaces/msg/detail/target__rosidl_typesupport_introspection_c.h
[3.084s] -- Up-to-date symlink: /home/wjrgfdy/rm_ws/install/auto_aim_interfaces/include/auto_aim_interfaces/auto_aim_interfaces/msg/detail/tracker_info__rosidl_typesupport_introspection_c.h
[3.084s] -- Up-to-date symlink: /home/wjrgfdy/rm_ws/install/auto_aim_interfaces/include/auto_aim_interfaces/auto_aim_interfaces/msg/rosidl_typesupport_introspection_c__visibility_control.h
[3.084s] -- Up-to-date symlink: /home/wjrgfdy/rm_ws/install/auto_aim_interfaces/include/auto_aim_interfaces/auto_aim_interfaces/msg/armor.hpp
[3.085s] -- Up-to-date symlink: /home/wjrgfdy/rm_ws/install/auto_aim_interfaces/include/auto_aim_interfaces/auto_aim_interfaces/msg/armors.hpp
[3.085s] -- Up-to-date symlink: /home/wjrgfdy/rm_ws/install/auto_aim_interfaces/include/auto_aim_interfaces/auto_aim_interfaces/msg/debug_armor.hpp
[3.085s] -- Up-to-date symlink: /home/wjrgfdy/rm_ws/install/auto_aim_interfaces/include/auto_aim_interfaces/auto_aim_interfaces/msg/debug_armors.hpp
[3.085s] -- Up-to-date symlink: /home/wjrgfdy/rm_ws/install/auto_aim_interfaces/include/auto_aim_interfaces/auto_aim_interfaces/msg/debug_light.hpp
[3.086s] -- Up-to-date symlink: /home/wjrgfdy/rm_ws/install/auto_aim_interfaces/include/auto_aim_interfaces/auto_aim_interfaces/msg/debug_lights.hpp
[3.086s] -- Up-to-date symlink: /home/wjrgfdy/rm_ws/install/auto_aim_interfaces/include/auto_aim_interfaces/auto_aim_interfaces/msg/detail/armor__builder.hpp
[3.086s] -- Up-to-date symlink: /home/wjrgfdy/rm_ws/install/auto_aim_interfaces/include/auto_aim_interfaces/auto_aim_interfaces/msg/detail/armor__struct.hpp
[3.087s] -- Up-to-date symlink: /home/wjrgfdy/rm_ws/install/auto_aim_interfaces/include/auto_aim_interfaces/auto_aim_interfaces/msg/detail/armor__traits.hpp
[3.087s] -- Up-to-date symlink: /home/wjrgfdy/rm_ws/install/auto_aim_interfaces/include/auto_aim_interfaces/auto_aim_interfaces/msg/detail/armors__builder.hpp
[3.087s] -- Up-to-date symlink: /home/wjrgfdy/rm_ws/install/auto_aim_interfaces/include/auto_aim_interfaces/auto_aim_interfaces/msg/detail/armors__struct.hpp
[3.087s] -- Up-to-date symlink: /home/wjrgfdy/rm_ws/install/auto_aim_interfaces/include/auto_aim_interfaces/auto_aim_interfaces/msg/detail/armors__traits.hpp
[3.087s] -- Up-to-date symlink: /home/wjrgfdy/rm_ws/install/auto_aim_interfaces/include/auto_aim_interfaces/auto_aim_interfaces/msg/detail/debug_armor__builder.hpp
[3.088s] -- Up-to-date symlink: /home/wjrgfdy/rm_ws/install/auto_aim_interfaces/include/auto_aim_interfaces/auto_aim_interfaces/msg/detail/debug_armor__struct.hpp
[3.088s] -- Up-to-date symlink: /home/wjrgfdy/rm_ws/install/auto_aim_interfaces/include/auto_aim_interfaces/auto_aim_interfaces/msg/detail/debug_armor__traits.hpp
[3.088s] -- Up-to-date symlink: /home/wjrgfdy/rm_ws/install/auto_aim_interfaces/include/auto_aim_interfaces/auto_aim_interfaces/msg/detail/debug_armors__builder.hpp
[3.088s] -- Up-to-date symlink: /home/wjrgfdy/rm_ws/install/auto_aim_interfaces/include/auto_aim_interfaces/auto_aim_interfaces/msg/detail/debug_armors__struct.hpp
[3.089s] -- Up-to-date symlink: /home/wjrgfdy/rm_ws/install/auto_aim_interfaces/include/auto_aim_interfaces/auto_aim_interfaces/msg/detail/debug_armors__traits.hpp
[3.089s] -- Up-to-date symlink: /home/wjrgfdy/rm_ws/install/auto_aim_interfaces/include/auto_aim_interfaces/auto_aim_interfaces/msg/detail/debug_light__builder.hpp
[3.089s] -- Up-to-date symlink: /home/wjrgfdy/rm_ws/install/auto_aim_interfaces/include/auto_aim_interfaces/auto_aim_interfaces/msg/detail/debug_light__struct.hpp
[3.089s] -- Up-to-date symlink: /home/wjrgfdy/rm_ws/install/auto_aim_interfaces/include/auto_aim_interfaces/auto_aim_interfaces/msg/detail/debug_light__traits.hpp
[3.089s] -- Up-to-date symlink: /home/wjrgfdy/rm_ws/install/auto_aim_interfaces/include/auto_aim_interfaces/auto_aim_interfaces/msg/detail/debug_lights__builder.hpp
[3.090s] -- Up-to-date symlink: /home/wjrgfdy/rm_ws/install/auto_aim_interfaces/include/auto_aim_interfaces/auto_aim_interfaces/msg/detail/debug_lights__struct.hpp
[3.090s] -- Up-to-date symlink: /home/wjrgfdy/rm_ws/install/auto_aim_interfaces/include/auto_aim_interfaces/auto_aim_interfaces/msg/detail/debug_lights__traits.hpp
[3.090s] -- Up-to-date symlink: /home/wjrgfdy/rm_ws/install/auto_aim_interfaces/include/auto_aim_interfaces/auto_aim_interfaces/msg/detail/target__builder.hpp
[3.090s] -- Up-to-date symlink: /home/wjrgfdy/rm_ws/install/auto_aim_interfaces/include/auto_aim_interfaces/auto_aim_interfaces/msg/detail/target__struct.hpp
[3.090s] -- Up-to-date symlink: /home/wjrgfdy/rm_ws/install/auto_aim_interfaces/include/auto_aim_interfaces/auto_aim_interfaces/msg/detail/target__traits.hpp
[3.091s] -- Up-to-date symlink: /home/wjrgfdy/rm_ws/install/auto_aim_interfaces/include/auto_aim_interfaces/auto_aim_interfaces/msg/detail/tracker_info__builder.hpp
[3.091s] -- Up-to-date symlink: /home/wjrgfdy/rm_ws/install/auto_aim_interfaces/include/auto_aim_interfaces/auto_aim_interfaces/msg/detail/tracker_info__struct.hpp
[3.091s] -- Up-to-date symlink: /home/wjrgfdy/rm_ws/install/auto_aim_interfaces/include/auto_aim_interfaces/auto_aim_interfaces/msg/detail/tracker_info__traits.hpp
[3.091s] -- Up-to-date symlink: /home/wjrgfdy/rm_ws/install/auto_aim_interfaces/include/auto_aim_interfaces/auto_aim_interfaces/msg/target.hpp
[3.091s] -- Up-to-date symlink: /home/wjrgfdy/rm_ws/install/auto_aim_interfaces/include/auto_aim_interfaces/auto_aim_interfaces/msg/tracker_info.hpp
[3.091s] -- Up-to-date symlink: /home/wjrgfdy/rm_ws/install/auto_aim_interfaces/include/auto_aim_interfaces/auto_aim_interfaces/msg/detail/armor__rosidl_typesupport_fastrtps_cpp.hpp
[3.092s] -- Up-to-date symlink: /home/wjrgfdy/rm_ws/install/auto_aim_interfaces/include/auto_aim_interfaces/auto_aim_interfaces/msg/detail/armors__rosidl_typesupport_fastrtps_cpp.hpp
[3.092s] -- Up-to-date symlink: /home/wjrgfdy/rm_ws/install/auto_aim_interfaces/include/auto_aim_interfaces/auto_aim_interfaces/msg/detail/debug_armor__rosidl_typesupport_fastrtps_cpp.hpp
[3.092s] -- Up-to-date symlink: /home/wjrgfdy/rm_ws/install/auto_aim_interfaces/include/auto_aim_interfaces/auto_aim_interfaces/msg/detail/debug_armors__rosidl_typesupport_fastrtps_cpp.hpp
[3.092s] -- Up-to-date symlink: /home/wjrgfdy/rm_ws/install/auto_aim_interfaces/include/auto_aim_interfaces/auto_aim_interfaces/msg/detail/debug_light__rosidl_typesupport_fastrtps_cpp.hpp
[3.092s] -- Up-to-date symlink: /home/wjrgfdy/rm_ws/install/auto_aim_interfaces/include/auto_aim_interfaces/auto_aim_interfaces/msg/detail/debug_lights__rosidl_typesupport_fastrtps_cpp.hpp
[3.093s] -- Up-to-date symlink: /home/wjrgfdy/rm_ws/install/auto_aim_interfaces/include/auto_aim_interfaces/auto_aim_interfaces/msg/detail/target__rosidl_typesupport_fastrtps_cpp.hpp
[3.094s] -- Up-to-date symlink: /home/wjrgfdy/rm_ws/install/auto_aim_interfaces/include/auto_aim_interfaces/auto_aim_interfaces/msg/detail/tracker_info__rosidl_typesupport_fastrtps_cpp.hpp
[3.094s] -- Up-to-date symlink: /home/wjrgfdy/rm_ws/install/auto_aim_interfaces/include/auto_aim_interfaces/auto_aim_interfaces/msg/rosidl_typesupport_fastrtps_cpp__visibility_control.h
[3.094s] -- Up-to-date symlink: /home/wjrgfdy/rm_ws/install/auto_aim_interfaces/include/auto_aim_interfaces/auto_aim_interfaces/msg/detail/armor__rosidl_typesupport_introspection_cpp.hpp
[3.094s] -- Up-to-date symlink: /home/wjrgfdy/rm_ws/install/auto_aim_interfaces/include/auto_aim_interfaces/auto_aim_interfaces/msg/detail/armors__rosidl_typesupport_introspection_cpp.hpp
[3.095s] -- Up-to-date symlink: /home/wjrgfdy/rm_ws/install/auto_aim_interfaces/include/auto_aim_interfaces/auto_aim_interfaces/msg/detail/debug_armor__rosidl_typesupport_introspection_cpp.hpp
[3.095s] -- Up-to-date symlink: /home/wjrgfdy/rm_ws/install/auto_aim_interfaces/include/auto_aim_interfaces/auto_aim_interfaces/msg/detail/debug_armors__rosidl_typesupport_introspection_cpp.hpp
[3.096s] -- Up-to-date symlink: /home/wjrgfdy/rm_ws/install/auto_aim_interfaces/include/auto_aim_interfaces/auto_aim_interfaces/msg/detail/debug_light__rosidl_typesupport_introspection_cpp.hpp
[3.096s] -- Up-to-date symlink: /home/wjrgfdy/rm_ws/install/auto_aim_interfaces/include/auto_aim_interfaces/auto_aim_interfaces/msg/detail/debug_lights__rosidl_typesupport_introspection_cpp.hpp
[3.097s] -- Up-to-date symlink: /home/wjrgfdy/rm_ws/install/auto_aim_interfaces/include/auto_aim_interfaces/auto_aim_interfaces/msg/detail/target__rosidl_typesupport_introspection_cpp.hpp
[3.097s] -- Up-to-date symlink: /home/wjrgfdy/rm_ws/install/auto_aim_interfaces/include/auto_aim_interfaces/auto_aim_interfaces/msg/detail/tracker_info__rosidl_typesupport_introspection_cpp.hpp
[3.098s] -- Up-to-date symlink: /home/wjrgfdy/rm_ws/install/auto_aim_interfaces/share/auto_aim_interfaces/environment/pythonpath.sh
[3.099s] -- Up-to-date symlink: /home/wjrgfdy/rm_ws/install/auto_aim_interfaces/share/auto_aim_interfaces/environment/pythonpath.dsv
[3.099s] -- Up-to-date symlink: /home/wjrgfdy/rm_ws/install/auto_aim_interfaces/local/lib/python3.10/dist-packages/auto_aim_interfaces-0.0.0-py3.10.egg-info/PKG-INFO
[3.100s] -- Up-to-date symlink: /home/wjrgfdy/rm_ws/install/auto_aim_interfaces/local/lib/python3.10/dist-packages/auto_aim_interfaces-0.0.0-py3.10.egg-info/SOURCES.txt
[3.100s] -- Up-to-date symlink: /home/wjrgfdy/rm_ws/install/auto_aim_interfaces/local/lib/python3.10/dist-packages/auto_aim_interfaces-0.0.0-py3.10.egg-info/dependency_links.txt
[3.100s] -- Up-to-date symlink: /home/wjrgfdy/rm_ws/install/auto_aim_interfaces/local/lib/python3.10/dist-packages/auto_aim_interfaces-0.0.0-py3.10.egg-info/top_level.txt
[3.100s] -- Up-to-date symlink: /home/wjrgfdy/rm_ws/install/auto_aim_interfaces/local/lib/python3.10/dist-packages/auto_aim_interfaces/__init__.py
[3.100s] -- Up-to-date symlink: /home/wjrgfdy/rm_ws/install/auto_aim_interfaces/local/lib/python3.10/dist-packages/auto_aim_interfaces/_auto_aim_interfaces_s.ep.rosidl_typesupport_c.c
[3.100s] -- Up-to-date symlink: /home/wjrgfdy/rm_ws/install/auto_aim_interfaces/local/lib/python3.10/dist-packages/auto_aim_interfaces/_auto_aim_interfaces_s.ep.rosidl_typesupport_fastrtps_c.c
[3.101s] -- Up-to-date symlink: /home/wjrgfdy/rm_ws/install/auto_aim_interfaces/local/lib/python3.10/dist-packages/auto_aim_interfaces/_auto_aim_interfaces_s.ep.rosidl_typesupport_introspection_c.c
[3.101s] -- Up-to-date symlink: /home/wjrgfdy/rm_ws/install/auto_aim_interfaces/local/lib/python3.10/dist-packages/auto_aim_interfaces/auto_aim_interfaces_s__rosidl_typesupport_c.cpython-310-x86_64-linux-gnu.so
[3.101s] -- Up-to-date symlink: /home/wjrgfdy/rm_ws/install/auto_aim_interfaces/local/lib/python3.10/dist-packages/auto_aim_interfaces/auto_aim_interfaces_s__rosidl_typesupport_fastrtps_c.cpython-310-x86_64-linux-gnu.so
[3.101s] -- Up-to-date symlink: /home/wjrgfdy/rm_ws/install/auto_aim_interfaces/local/lib/python3.10/dist-packages/auto_aim_interfaces/auto_aim_interfaces_s__rosidl_typesupport_introspection_c.cpython-310-x86_64-linux-gnu.so
[3.101s] -- Up-to-date symlink: /home/wjrgfdy/rm_ws/install/auto_aim_interfaces/local/lib/python3.10/dist-packages/auto_aim_interfaces/libauto_aim_interfaces__rosidl_generator_py.so
[3.101s] -- Up-to-date symlink: /home/wjrgfdy/rm_ws/install/auto_aim_interfaces/local/lib/python3.10/dist-packages/auto_aim_interfaces/msg/__init__.py
[3.101s] -- Up-to-date symlink: /home/wjrgfdy/rm_ws/install/auto_aim_interfaces/local/lib/python3.10/dist-packages/auto_aim_interfaces/msg/_armor.py
[3.101s] -- Up-to-date symlink: /home/wjrgfdy/rm_ws/install/auto_aim_interfaces/local/lib/python3.10/dist-packages/auto_aim_interfaces/msg/_armor_s.c
[3.101s] -- Up-to-date symlink: /home/wjrgfdy/rm_ws/install/auto_aim_interfaces/local/lib/python3.10/dist-packages/auto_aim_interfaces/msg/_armors.py
[3.102s] -- Up-to-date symlink: /home/wjrgfdy/rm_ws/install/auto_aim_interfaces/local/lib/python3.10/dist-packages/auto_aim_interfaces/msg/_armors_s.c
[3.102s] -- Up-to-date symlink: /home/wjrgfdy/rm_ws/install/auto_aim_interfaces/local/lib/python3.10/dist-packages/auto_aim_interfaces/msg/_debug_armor.py
[3.102s] -- Up-to-date symlink: /home/wjrgfdy/rm_ws/install/auto_aim_interfaces/local/lib/python3.10/dist-packages/auto_aim_interfaces/msg/_debug_armor_s.c
[3.102s] -- Up-to-date symlink: /home/wjrgfdy/rm_ws/install/auto_aim_interfaces/local/lib/python3.10/dist-packages/auto_aim_interfaces/msg/_debug_armors.py
[3.102s] -- Up-to-date symlink: /home/wjrgfdy/rm_ws/install/auto_aim_interfaces/local/lib/python3.10/dist-packages/auto_aim_interfaces/msg/_debug_armors_s.c
[3.102s] -- Up-to-date symlink: /home/wjrgfdy/rm_ws/install/auto_aim_interfaces/local/lib/python3.10/dist-packages/auto_aim_interfaces/msg/_debug_light.py
[3.103s] -- Up-to-date symlink: /home/wjrgfdy/rm_ws/install/auto_aim_interfaces/local/lib/python3.10/dist-packages/auto_aim_interfaces/msg/_debug_light_s.c
[3.103s] -- Up-to-date symlink: /home/wjrgfdy/rm_ws/install/auto_aim_interfaces/local/lib/python3.10/dist-packages/auto_aim_interfaces/msg/_debug_lights.py
[3.103s] -- Up-to-date symlink: /home/wjrgfdy/rm_ws/install/auto_aim_interfaces/local/lib/python3.10/dist-packages/auto_aim_interfaces/msg/_debug_lights_s.c
[3.103s] -- Up-to-date symlink: /home/wjrgfdy/rm_ws/install/auto_aim_interfaces/local/lib/python3.10/dist-packages/auto_aim_interfaces/msg/_target.py
[3.104s] -- Up-to-date symlink: /home/wjrgfdy/rm_ws/install/auto_aim_interfaces/local/lib/python3.10/dist-packages/auto_aim_interfaces/msg/_target_s.c
[3.104s] -- Up-to-date symlink: /home/wjrgfdy/rm_ws/install/auto_aim_interfaces/local/lib/python3.10/dist-packages/auto_aim_interfaces/msg/_tracker_info.py
[3.104s] -- Up-to-date symlink: /home/wjrgfdy/rm_ws/install/auto_aim_interfaces/local/lib/python3.10/dist-packages/auto_aim_interfaces/msg/_tracker_info_s.c
[3.104s] -- Up-to-date symlink: /home/wjrgfdy/rm_ws/install/auto_aim_interfaces/local/lib/python3.10/dist-packages/auto_aim_interfaces/auto_aim_interfaces_s__rosidl_typesupport_fastrtps_c.cpython-310-x86_64-linux-gnu.so
[3.105s] -- Up-to-date symlink: /home/wjrgfdy/rm_ws/install/auto_aim_interfaces/local/lib/python3.10/dist-packages/auto_aim_interfaces/auto_aim_interfaces_s__rosidl_typesupport_introspection_c.cpython-310-x86_64-linux-gnu.so
[3.105s] -- Up-to-date symlink: /home/wjrgfdy/rm_ws/install/auto_aim_interfaces/local/lib/python3.10/dist-packages/auto_aim_interfaces/auto_aim_interfaces_s__rosidl_typesupport_c.cpython-310-x86_64-linux-gnu.so
[3.105s] -- Up-to-date symlink: /home/wjrgfdy/rm_ws/install/auto_aim_interfaces/share/auto_aim_interfaces/msg/Armor.idl
[3.105s] -- Up-to-date symlink: /home/wjrgfdy/rm_ws/install/auto_aim_interfaces/share/auto_aim_interfaces/msg/Armors.idl
[3.105s] -- Up-to-date symlink: /home/wjrgfdy/rm_ws/install/auto_aim_interfaces/share/auto_aim_interfaces/msg/Target.idl
[3.106s] -- Up-to-date symlink: /home/wjrgfdy/rm_ws/install/auto_aim_interfaces/share/auto_aim_interfaces/msg/DebugLight.idl
[3.106s] -- Up-to-date symlink: /home/wjrgfdy/rm_ws/install/auto_aim_interfaces/share/auto_aim_interfaces/msg/DebugLights.idl
[3.106s] -- Up-to-date symlink: /home/wjrgfdy/rm_ws/install/auto_aim_interfaces/share/auto_aim_interfaces/msg/DebugArmor.idl
[3.106s] -- Up-to-date symlink: /home/wjrgfdy/rm_ws/install/auto_aim_interfaces/share/auto_aim_interfaces/msg/DebugArmors.idl
[3.106s] -- Up-to-date symlink: /home/wjrgfdy/rm_ws/install/auto_aim_interfaces/share/auto_aim_interfaces/msg/TrackerInfo.idl
[3.107s] -- Up-to-date symlink: /home/wjrgfdy/rm_ws/install/auto_aim_interfaces/share/auto_aim_interfaces/msg/Armor.msg
[3.107s] -- Up-to-date symlink: /home/wjrgfdy/rm_ws/install/auto_aim_interfaces/share/auto_aim_interfaces/msg/Armors.msg
[3.107s] -- Up-to-date symlink: /home/wjrgfdy/rm_ws/install/auto_aim_interfaces/share/auto_aim_interfaces/msg/Target.msg
[3.107s] -- Up-to-date symlink: /home/wjrgfdy/rm_ws/install/auto_aim_interfaces/share/auto_aim_interfaces/msg/DebugLight.msg
[3.107s] -- Up-to-date symlink: /home/wjrgfdy/rm_ws/install/auto_aim_interfaces/share/auto_aim_interfaces/msg/DebugLights.msg
[3.107s] -- Up-to-date symlink: /home/wjrgfdy/rm_ws/install/auto_aim_interfaces/share/auto_aim_interfaces/msg/DebugArmor.msg
[3.108s] -- Up-to-date symlink: /home/wjrgfdy/rm_ws/install/auto_aim_interfaces/share/auto_aim_interfaces/msg/DebugArmors.msg
[3.108s] -- Up-to-date symlink: /home/wjrgfdy/rm_ws/install/auto_aim_interfaces/share/auto_aim_interfaces/msg/TrackerInfo.msg
[3.108s] -- Up-to-date symlink: /home/wjrgfdy/rm_ws/install/auto_aim_interfaces/share/ament_index/resource_index/package_run_dependencies/auto_aim_interfaces
[3.108s] -- Up-to-date symlink: /home/wjrgfdy/rm_ws/install/auto_aim_interfaces/share/ament_index/resource_index/parent_prefix_path/auto_aim_interfaces
[3.108s] -- Up-to-date symlink: /home/wjrgfdy/rm_ws/install/auto_aim_interfaces/share/auto_aim_interfaces/environment/ament_prefix_path.sh
[3.108s] -- Up-to-date symlink: /home/wjrgfdy/rm_ws/install/auto_aim_interfaces/share/auto_aim_interfaces/environment/ament_prefix_path.dsv
[3.109s] -- Up-to-date symlink: /home/wjrgfdy/rm_ws/install/auto_aim_interfaces/share/auto_aim_interfaces/environment/path.sh
[3.110s] -- Up-to-date symlink: /home/wjrgfdy/rm_ws/install/auto_aim_interfaces/share/auto_aim_interfaces/environment/path.dsv
[3.110s] -- Up-to-date symlink: /home/wjrgfdy/rm_ws/install/auto_aim_interfaces/share/auto_aim_interfaces/local_setup.bash
[3.110s] -- Up-to-date symlink: /home/wjrgfdy/rm_ws/install/auto_aim_interfaces/share/auto_aim_interfaces/local_setup.sh
[3.110s] -- Up-to-date symlink: /home/wjrgfdy/rm_ws/install/auto_aim_interfaces/share/auto_aim_interfaces/local_setup.zsh
[3.110s] -- Up-to-date symlink: /home/wjrgfdy/rm_ws/install/auto_aim_interfaces/share/auto_aim_interfaces/local_setup.dsv
[3.110s] -- Symlinking: /home/wjrgfdy/rm_ws/install/auto_aim_interfaces/share/auto_aim_interfaces/package.dsv
[3.110s] -- Up-to-date symlink: /home/wjrgfdy/rm_ws/install/auto_aim_interfaces/share/ament_index/resource_index/packages/auto_aim_interfaces
[3.110s] -- Up-to-date symlink: /home/wjrgfdy/rm_ws/install/auto_aim_interfaces/share/auto_aim_interfaces/cmake/rosidl_cmake-extras.cmake
[3.110s] -- Up-to-date symlink: /home/wjrgfdy/rm_ws/install/auto_aim_interfaces/share/auto_aim_interfaces/cmake/ament_cmake_export_dependencies-extras.cmake
[3.110s] -- Up-to-date symlink: /home/wjrgfdy/rm_ws/install/auto_aim_interfaces/share/auto_aim_interfaces/cmake/ament_cmake_export_include_directories-extras.cmake
[3.110s] -- Up-to-date symlink: /home/wjrgfdy/rm_ws/install/auto_aim_interfaces/share/auto_aim_interfaces/cmake/ament_cmake_export_libraries-extras.cmake
[3.110s] -- Up-to-date symlink: /home/wjrgfdy/rm_ws/install/auto_aim_interfaces/share/auto_aim_interfaces/cmake/ament_cmake_export_targets-extras.cmake
[3.111s] -- Up-to-date symlink: /home/wjrgfdy/rm_ws/install/auto_aim_interfaces/share/auto_aim_interfaces/cmake/rosidl_cmake_export_typesupport_targets-extras.cmake
[3.111s] -- Up-to-date symlink: /home/wjrgfdy/rm_ws/install/auto_aim_interfaces/share/auto_aim_interfaces/cmake/rosidl_cmake_export_typesupport_libraries-extras.cmake
[3.111s] -- Up-to-date symlink: /home/wjrgfdy/rm_ws/install/auto_aim_interfaces/share/auto_aim_interfaces/cmake/auto_aim_interfacesConfig.cmake
[3.111s] -- Up-to-date symlink: /home/wjrgfdy/rm_ws/install/auto_aim_interfaces/share/auto_aim_interfaces/cmake/auto_aim_interfacesConfig-version.cmake
[3.111s] -- Up-to-date symlink: /home/wjrgfdy/rm_ws/install/auto_aim_interfaces/share/auto_aim_interfaces/package.xml
[3.111s] -- Up-to-date: /home/wjrgfdy/rm_ws/install/auto_aim_interfaces/lib/libauto_aim_interfaces__rosidl_generator_c.so
[3.111s] -- Up-to-date: /home/wjrgfdy/rm_ws/install/auto_aim_interfaces/lib/libauto_aim_interfaces__rosidl_typesupport_fastrtps_c.so
[3.111s] -- Up-to-date: /home/wjrgfdy/rm_ws/install/auto_aim_interfaces/lib/libauto_aim_interfaces__rosidl_typesupport_introspection_c.so
[3.111s] -- Up-to-date: /home/wjrgfdy/rm_ws/install/auto_aim_interfaces/lib/libauto_aim_interfaces__rosidl_typesupport_c.so
[3.111s] -- Up-to-date: /home/wjrgfdy/rm_ws/install/auto_aim_interfaces/lib/libauto_aim_interfaces__rosidl_typesupport_fastrtps_cpp.so
[3.111s] -- Up-to-date: /home/wjrgfdy/rm_ws/install/auto_aim_interfaces/lib/libauto_aim_interfaces__rosidl_typesupport_introspection_cpp.so
[3.111s] -- Up-to-date: /home/wjrgfdy/rm_ws/install/auto_aim_interfaces/lib/libauto_aim_interfaces__rosidl_typesupport_cpp.so
[3.112s] Listing '/home/wjrgfdy/rm_ws/install/auto_aim_interfaces/local/lib/python3.10/dist-packages/auto_aim_interfaces'...
[3.112s] Listing '/home/wjrgfdy/rm_ws/install/auto_aim_interfaces/local/lib/python3.10/dist-packages/auto_aim_interfaces/msg'...
[3.117s] -- Up-to-date: /home/wjrgfdy/rm_ws/install/auto_aim_interfaces/lib/libauto_aim_interfaces__rosidl_generator_py.so
[3.117s] -- Up-to-date: /home/wjrgfdy/rm_ws/install/auto_aim_interfaces/share/auto_aim_interfaces/cmake/export_auto_aim_interfaces__rosidl_generator_cExport.cmake
[3.118s] -- Up-to-date: /home/wjrgfdy/rm_ws/install/auto_aim_interfaces/share/auto_aim_interfaces/cmake/export_auto_aim_interfaces__rosidl_generator_cExport-noconfig.cmake
[3.118s] -- Up-to-date: /home/wjrgfdy/rm_ws/install/auto_aim_interfaces/share/auto_aim_interfaces/cmake/export_auto_aim_interfaces__rosidl_typesupport_fastrtps_cExport.cmake
[3.118s] -- Up-to-date: /home/wjrgfdy/rm_ws/install/auto_aim_interfaces/share/auto_aim_interfaces/cmake/export_auto_aim_interfaces__rosidl_typesupport_fastrtps_cExport-noconfig.cmake
[3.118s] -- Up-to-date: /home/wjrgfdy/rm_ws/install/auto_aim_interfaces/share/auto_aim_interfaces/cmake/auto_aim_interfaces__rosidl_typesupport_introspection_cExport.cmake
[3.118s] -- Up-to-date: /home/wjrgfdy/rm_ws/install/auto_aim_interfaces/share/auto_aim_interfaces/cmake/auto_aim_interfaces__rosidl_typesupport_introspection_cExport-noconfig.cmake
[3.119s] -- Up-to-date: /home/wjrgfdy/rm_ws/install/auto_aim_interfaces/share/auto_aim_interfaces/cmake/auto_aim_interfaces__rosidl_typesupport_cExport.cmake
[3.119s] -- Up-to-date: /home/wjrgfdy/rm_ws/install/auto_aim_interfaces/share/auto_aim_interfaces/cmake/auto_aim_interfaces__rosidl_typesupport_cExport-noconfig.cmake
[3.119s] -- Up-to-date: /home/wjrgfdy/rm_ws/install/auto_aim_interfaces/share/auto_aim_interfaces/cmake/export_auto_aim_interfaces__rosidl_generator_cppExport.cmake
[3.119s] -- Up-to-date: /home/wjrgfdy/rm_ws/install/auto_aim_interfaces/share/auto_aim_interfaces/cmake/export_auto_aim_interfaces__rosidl_typesupport_fastrtps_cppExport.cmake
[3.120s] -- Up-to-date: /home/wjrgfdy/rm_ws/install/auto_aim_interfaces/share/auto_aim_interfaces/cmake/export_auto_aim_interfaces__rosidl_typesupport_fastrtps_cppExport-noconfig.cmake
[3.120s] -- Up-to-date: /home/wjrgfdy/rm_ws/install/auto_aim_interfaces/share/auto_aim_interfaces/cmake/auto_aim_interfaces__rosidl_typesupport_introspection_cppExport.cmake
[3.120s] -- Up-to-date: /home/wjrgfdy/rm_ws/install/auto_aim_interfaces/share/auto_aim_interfaces/cmake/auto_aim_interfaces__rosidl_typesupport_introspection_cppExport-noconfig.cmake
[3.120s] -- Up-to-date: /home/wjrgfdy/rm_ws/install/auto_aim_interfaces/share/auto_aim_interfaces/cmake/auto_aim_interfaces__rosidl_typesupport_cppExport.cmake
[3.121s] -- Up-to-date: /home/wjrgfdy/rm_ws/install/auto_aim_interfaces/share/auto_aim_interfaces/cmake/auto_aim_interfaces__rosidl_typesupport_cppExport-noconfig.cmake
[3.121s] -- Up-to-date: /home/wjrgfdy/rm_ws/install/auto_aim_interfaces/share/auto_aim_interfaces/cmake/export_auto_aim_interfaces__rosidl_generator_pyExport.cmake
[3.121s] -- Up-to-date: /home/wjrgfdy/rm_ws/install/auto_aim_interfaces/share/auto_aim_interfaces/cmake/export_auto_aim_interfaces__rosidl_generator_pyExport-noconfig.cmake
[3.271s] Invoked command in '/home/wjrgfdy/rm_ws/build/auto_aim_interfaces' returned '0': CMAKE_PREFIX_PATH=${CMAKE_PREFIX_PATH}:/home/wjrgfdy/rm_ws/install/camera_calibration:/opt/ros/humble _=/usr/bin/env /usr/local/bin/cmake --install /home/wjrgfdy/rm_ws/build/auto_aim_interfaces
