[0.372s] Invoking command in '/home/wjrgfdy/rm_ws/build/tracetools_image_pipeline': CMAKE_PREFIX_PATH=${CMAKE_PREFIX_PATH}:/home/wjrgfdy/rm_ws/install/camera_calibration:/opt/ros/humble _=/usr/bin/env /usr/local/bin/cmake /home/wjrgfdy/rm_ws/src/image_pipeline/tracetools_image_pipeline -DCMAKE_INSTALL_PREFIX=/home/wjrgfdy/rm_ws/install/tracetools_image_pipeline
[0.385s] -- Found ament_cmake_ros: 0.10.0 (/opt/ros/humble/share/ament_cmake_ros/cmake)
[0.593s] -- Override CMake install command with custom implementation using symlinks instead of copying resources
[0.609s] -- Checking for module 'lttng-ust'
[0.613s] --   No package 'lttng-ust' found
[0.617s] -- Found ament_lint_auto: 0.12.9 (/opt/ros/humble/share/ament_lint_auto/cmake)
[0.705s] -- Added test 'copyright' to check source files copyright and LICENSE
[0.706s] -- Added test 'cppcheck' to perform static code analysis on C / C++ code
[0.706s] -- Configured cppcheck include dirs: 
[0.706s] -- Configured cppcheck exclude dirs and/or files: 
[0.707s] -- Added test 'cpplint' to check C / C++ code against the Google style
[0.707s] -- Configured cpplint exclude dirs and/or files: 
[0.708s] -- Added test 'lint_cmake' to check CMake code style
[0.709s] -- Added test 'uncrustify' to check C / C++ code style
[0.710s] -- Configured uncrustify additional arguments: 
[0.710s] -- Added test 'xmllint' to check XML markup files
[0.712s] -- Configuring done (0.3s)
[0.723s] -- Generating done (0.0s)
[0.724s] -- Build files have been written to: /home/wjrgfdy/rm_ws/build/tracetools_image_pipeline
[0.728s] Invoked command in '/home/wjrgfdy/rm_ws/build/tracetools_image_pipeline' returned '0': CMAKE_PREFIX_PATH=${CMAKE_PREFIX_PATH}:/home/wjrgfdy/rm_ws/install/camera_calibration:/opt/ros/humble _=/usr/bin/env /usr/local/bin/cmake /home/wjrgfdy/rm_ws/src/image_pipeline/tracetools_image_pipeline -DCMAKE_INSTALL_PREFIX=/home/wjrgfdy/rm_ws/install/tracetools_image_pipeline
[0.729s] Invoking command in '/home/wjrgfdy/rm_ws/build/tracetools_image_pipeline': CMAKE_PREFIX_PATH=${CMAKE_PREFIX_PATH}:/home/wjrgfdy/rm_ws/install/camera_calibration:/opt/ros/humble _=/usr/bin/env /usr/local/bin/cmake --build /home/wjrgfdy/rm_ws/build/tracetools_image_pipeline -- -j12 -l12
[0.762s] [ 60%] Built target tracetools_image_pipeline
[0.777s] [100%] Built target status
[0.804s] Invoked command in '/home/wjrgfdy/rm_ws/build/tracetools_image_pipeline' returned '0': CMAKE_PREFIX_PATH=${CMAKE_PREFIX_PATH}:/home/wjrgfdy/rm_ws/install/camera_calibration:/opt/ros/humble _=/usr/bin/env /usr/local/bin/cmake --build /home/wjrgfdy/rm_ws/build/tracetools_image_pipeline -- -j12 -l12
[0.900s] Invoking command in '/home/wjrgfdy/rm_ws/build/tracetools_image_pipeline': CMAKE_PREFIX_PATH=${CMAKE_PREFIX_PATH}:/home/wjrgfdy/rm_ws/install/camera_calibration:/opt/ros/humble _=/usr/bin/env /usr/local/bin/cmake --install /home/wjrgfdy/rm_ws/build/tracetools_image_pipeline
[0.903s] -- Install configuration: ""
[0.903s] -- Execute custom install script
[0.904s] -- Up-to-date symlink: /home/wjrgfdy/rm_ws/install/tracetools_image_pipeline/share/tracetools_image_pipeline/environment/library_path.sh
[0.904s] -- Up-to-date symlink: /home/wjrgfdy/rm_ws/install/tracetools_image_pipeline/share/tracetools_image_pipeline/environment/library_path.dsv
[0.904s] -- Up-to-date symlink: /home/wjrgfdy/rm_ws/install/tracetools_image_pipeline/lib/tracetools_image_pipeline/status
[0.905s] -- Up-to-date symlink: /home/wjrgfdy/rm_ws/install/tracetools_image_pipeline/include/tracetools_image_pipeline/config.h
[0.905s] -- Up-to-date symlink: /home/wjrgfdy/rm_ws/install/tracetools_image_pipeline/include/tracetools_image_pipeline/tracetools.h
[0.905s] -- Up-to-date symlink: /home/wjrgfdy/rm_ws/install/tracetools_image_pipeline/include/tracetools_image_pipeline/utils.hpp
[0.905s] -- Up-to-date symlink: /home/wjrgfdy/rm_ws/install/tracetools_image_pipeline/include/tracetools_image_pipeline/visibility_control.hpp
[0.905s] -- Up-to-date symlink: /home/wjrgfdy/rm_ws/install/tracetools_image_pipeline/share/ament_index/resource_index/package_run_dependencies/tracetools_image_pipeline
[0.905s] -- Up-to-date symlink: /home/wjrgfdy/rm_ws/install/tracetools_image_pipeline/share/ament_index/resource_index/parent_prefix_path/tracetools_image_pipeline
[0.905s] -- Up-to-date symlink: /home/wjrgfdy/rm_ws/install/tracetools_image_pipeline/share/tracetools_image_pipeline/environment/ament_prefix_path.sh
[0.906s] -- Up-to-date symlink: /home/wjrgfdy/rm_ws/install/tracetools_image_pipeline/share/tracetools_image_pipeline/environment/ament_prefix_path.dsv
[0.906s] -- Up-to-date symlink: /home/wjrgfdy/rm_ws/install/tracetools_image_pipeline/share/tracetools_image_pipeline/environment/path.sh
[0.906s] -- Up-to-date symlink: /home/wjrgfdy/rm_ws/install/tracetools_image_pipeline/share/tracetools_image_pipeline/environment/path.dsv
[0.906s] -- Up-to-date symlink: /home/wjrgfdy/rm_ws/install/tracetools_image_pipeline/share/tracetools_image_pipeline/local_setup.bash
[0.906s] -- Up-to-date symlink: /home/wjrgfdy/rm_ws/install/tracetools_image_pipeline/share/tracetools_image_pipeline/local_setup.sh
[0.906s] -- Up-to-date symlink: /home/wjrgfdy/rm_ws/install/tracetools_image_pipeline/share/tracetools_image_pipeline/local_setup.zsh
[0.907s] -- Up-to-date symlink: /home/wjrgfdy/rm_ws/install/tracetools_image_pipeline/share/tracetools_image_pipeline/local_setup.dsv
[0.907s] -- Symlinking: /home/wjrgfdy/rm_ws/install/tracetools_image_pipeline/share/tracetools_image_pipeline/package.dsv
[0.911s] -- Up-to-date symlink: /home/wjrgfdy/rm_ws/install/tracetools_image_pipeline/share/ament_index/resource_index/packages/tracetools_image_pipeline
[0.911s] -- Up-to-date symlink: /home/wjrgfdy/rm_ws/install/tracetools_image_pipeline/share/tracetools_image_pipeline/cmake/ament_cmake_export_targets-extras.cmake
[0.911s] -- Up-to-date symlink: /home/wjrgfdy/rm_ws/install/tracetools_image_pipeline/share/tracetools_image_pipeline/cmake/ament_cmake_export_include_directories-extras.cmake
[0.911s] -- Up-to-date symlink: /home/wjrgfdy/rm_ws/install/tracetools_image_pipeline/share/tracetools_image_pipeline/cmake/ament_cmake_export_libraries-extras.cmake
[0.912s] -- Up-to-date symlink: /home/wjrgfdy/rm_ws/install/tracetools_image_pipeline/share/tracetools_image_pipeline/cmake/tracetools_image_pipelineConfig.cmake
[0.912s] -- Up-to-date symlink: /home/wjrgfdy/rm_ws/install/tracetools_image_pipeline/share/tracetools_image_pipeline/cmake/tracetools_image_pipelineConfig-version.cmake
[0.912s] -- Up-to-date symlink: /home/wjrgfdy/rm_ws/install/tracetools_image_pipeline/share/tracetools_image_pipeline/package.xml
[0.912s] -- Up-to-date: /home/wjrgfdy/rm_ws/install/tracetools_image_pipeline/lib/libtracetools_image_pipeline.so
[0.912s] -- Up-to-date: /home/wjrgfdy/rm_ws/install/tracetools_image_pipeline/share/tracetools_image_pipeline/cmake/tracetools_image_pipeline_exportExport.cmake
[0.912s] -- Up-to-date: /home/wjrgfdy/rm_ws/install/tracetools_image_pipeline/share/tracetools_image_pipeline/cmake/tracetools_image_pipeline_exportExport-noconfig.cmake
[0.914s] Invoked command in '/home/wjrgfdy/rm_ws/build/tracetools_image_pipeline' returned '0': CMAKE_PREFIX_PATH=${CMAKE_PREFIX_PATH}:/home/wjrgfdy/rm_ws/install/camera_calibration:/opt/ros/humble _=/usr/bin/env /usr/local/bin/cmake --install /home/wjrgfdy/rm_ws/build/tracetools_image_pipeline
