[0.097s] Invoking command in '/home/wjrgfdy/rm_ws/build/armor_detector': CMAKE_PREFIX_PATH=/home/wjrgfdy/rm_ws/install/auto_aim_interfaces:/home/wjrgfdy/rm_ws/install/image_pipeline:/home/wjrgfdy/rm_ws/install/stereo_image_proc:/home/wjrgfdy/rm_ws/install/image_proc:/home/wjrgfdy/rm_ws/install/tracetools_image_pipeline:/home/wjrgfdy/rm_ws/install/rm_vision_bringup:/home/wjrgfdy/rm_ws/install/rm_serial_driver:/home/wjrgfdy/rm_ws/install/rm_gimbal_description:/home/wjrgfdy/rm_ws/install/rm_auto_aim:/home/wjrgfdy/rm_ws/install/mindvision_camera:/home/wjrgfdy/rm_ws/install/image_view:/home/wjrgfdy/rm_ws/install/image_rotate:/home/wjrgfdy/rm_ws/install/image_publisher:/home/wjrgfdy/rm_ws/install/hik_camera:/home/wjrgfdy/rm_ws/install/depth_image_proc:/home/wjrgfdy/rm_ws/install/armor_tracker:/home/wjrgfdy/rm_ws/install/armor_detector:/home/wjrgfdy/rm_ws/install/camera_calibration:/opt/ros/humble LD_LIBRARY_PATH=/home/wjrgfdy/rm_ws/install/auto_aim_interfaces/lib:/home/wjrgfdy/rm_ws/install/stereo_image_proc/lib:/home/wjrgfdy/rm_ws/install/image_proc/lib:/home/wjrgfdy/rm_ws/install/tracetools_image_pipeline/lib:/home/wjrgfdy/rm_ws/install/rm_serial_driver/lib:/home/wjrgfdy/rm_ws/install/mindvision_camera/lib:/home/wjrgfdy/rm_ws/install/image_view/lib:/home/wjrgfdy/rm_ws/install/image_rotate/lib:/home/wjrgfdy/rm_ws/install/image_publisher/lib:/home/wjrgfdy/rm_ws/install/hik_camera/lib:/home/wjrgfdy/rm_ws/install/depth_image_proc/lib:/home/wjrgfdy/rm_ws/install/armor_tracker/lib:/home/wjrgfdy/rm_ws/install/armor_detector/lib:/opt/ros/humble/opt/rviz_ogre_vendor/lib:/opt/ros/humble/lib/x86_64-linux-gnu:/opt/ros/humble/lib:/opt/MVS/lib/64:/opt/MVS/lib/32:/opt/MVS/lib/64:/opt/MVS/lib/32:/opt/MVS/lib/64:/opt/MVS/lib/32 _=/usr/bin/env /usr/local/bin/cmake /home/wjrgfdy/rm_ws/src/rm_auto_aim/armor_detector -DCMAKE_INSTALL_PREFIX=/home/wjrgfdy/rm_ws/install/armor_detector
[0.105s] -- Found ament_cmake_auto: 1.3.6 (/opt/ros/humble/share/ament_cmake_auto/cmake)
[0.249s] -- Override CMake install command with custom implementation using symlinks instead of copying resources
[0.322s] -- Found rosidl_generator_c: 3.1.5 (/opt/ros/humble/share/rosidl_generator_c/cmake)
[0.323s] -- Found rosidl_adapter: 3.1.5 (/opt/ros/humble/share/rosidl_adapter/cmake)
[0.328s] -- Found rosidl_generator_cpp: 3.1.5 (/opt/ros/humble/share/rosidl_generator_cpp/cmake)
[0.337s] -- Using all available rosidl_typesupport_c: rosidl_typesupport_fastrtps_c;rosidl_typesupport_introspection_c
[0.349s] -- Using all available rosidl_typesupport_cpp: rosidl_typesupport_fastrtps_cpp;rosidl_typesupport_introspection_cpp
[0.391s] -- Found rmw_implementation_cmake: 6.1.1 (/opt/ros/humble/share/rmw_implementation_cmake/cmake)
[0.393s] -- Found rmw_fastrtps_cpp: 6.2.5 (/opt/ros/humble/share/rmw_fastrtps_cpp/cmake)
[0.482s] -- Using RMW implementation 'rmw_fastrtps_cpp' as default
[0.909s] -- Found eigen3_cmake_module: 0.1.1 (/opt/ros/humble/share/eigen3_cmake_module/cmake)
[0.910s] -- Ensuring Eigen3 include directory is part of orocos-kdl CMake target
[1.140s] -- Found ament_lint_auto: 0.12.9 (/opt/ros/humble/share/ament_lint_auto/cmake)
[1.145s] -- Found ament_cmake_gtest: 1.3.6 (/opt/ros/humble/share/ament_cmake_gtest/cmake)
[1.145s] -- Found gtest sources under '/opt/ros/humble/src/gtest_vendor': C++ tests using 'Google Test' will be built
[1.155s] -- Added test 'cppcheck' to perform static code analysis on C / C++ code
[1.155s] -- Configured cppcheck include dirs: /home/wjrgfdy/rm_ws/src/rm_auto_aim/armor_detector/include
[1.155s] -- Configured cppcheck exclude dirs and/or files: 
[1.156s] -- Added test 'flake8' to check Python code syntax and style conventions
[1.156s] -- Added test 'lint_cmake' to check CMake code style
[1.156s] -- Added test 'pep257' to check Python code against some of the docstring style conventions in PEP 257
[1.157s] -- Added test 'xmllint' to check XML markup files
[1.158s] -- Added test 'clang_format' to check C / C++ code style
[1.161s] -- Configuring done (1.1s)
[1.190s] -- Generating done (0.0s)
[1.193s] -- Build files have been written to: /home/wjrgfdy/rm_ws/build/armor_detector
[1.202s] Invoked command in '/home/wjrgfdy/rm_ws/build/armor_detector' returned '0': CMAKE_PREFIX_PATH=/home/wjrgfdy/rm_ws/install/auto_aim_interfaces:/home/wjrgfdy/rm_ws/install/image_pipeline:/home/wjrgfdy/rm_ws/install/stereo_image_proc:/home/wjrgfdy/rm_ws/install/image_proc:/home/wjrgfdy/rm_ws/install/tracetools_image_pipeline:/home/wjrgfdy/rm_ws/install/rm_vision_bringup:/home/wjrgfdy/rm_ws/install/rm_serial_driver:/home/wjrgfdy/rm_ws/install/rm_gimbal_description:/home/wjrgfdy/rm_ws/install/rm_auto_aim:/home/wjrgfdy/rm_ws/install/mindvision_camera:/home/wjrgfdy/rm_ws/install/image_view:/home/wjrgfdy/rm_ws/install/image_rotate:/home/wjrgfdy/rm_ws/install/image_publisher:/home/wjrgfdy/rm_ws/install/hik_camera:/home/wjrgfdy/rm_ws/install/depth_image_proc:/home/wjrgfdy/rm_ws/install/armor_tracker:/home/wjrgfdy/rm_ws/install/armor_detector:/home/wjrgfdy/rm_ws/install/camera_calibration:/opt/ros/humble LD_LIBRARY_PATH=/home/wjrgfdy/rm_ws/install/auto_aim_interfaces/lib:/home/wjrgfdy/rm_ws/install/stereo_image_proc/lib:/home/wjrgfdy/rm_ws/install/image_proc/lib:/home/wjrgfdy/rm_ws/install/tracetools_image_pipeline/lib:/home/wjrgfdy/rm_ws/install/rm_serial_driver/lib:/home/wjrgfdy/rm_ws/install/mindvision_camera/lib:/home/wjrgfdy/rm_ws/install/image_view/lib:/home/wjrgfdy/rm_ws/install/image_rotate/lib:/home/wjrgfdy/rm_ws/install/image_publisher/lib:/home/wjrgfdy/rm_ws/install/hik_camera/lib:/home/wjrgfdy/rm_ws/install/depth_image_proc/lib:/home/wjrgfdy/rm_ws/install/armor_tracker/lib:/home/wjrgfdy/rm_ws/install/armor_detector/lib:/opt/ros/humble/opt/rviz_ogre_vendor/lib:/opt/ros/humble/lib/x86_64-linux-gnu:/opt/ros/humble/lib:/opt/MVS/lib/64:/opt/MVS/lib/32:/opt/MVS/lib/64:/opt/MVS/lib/32:/opt/MVS/lib/64:/opt/MVS/lib/32 _=/usr/bin/env /usr/local/bin/cmake /home/wjrgfdy/rm_ws/src/rm_auto_aim/armor_detector -DCMAKE_INSTALL_PREFIX=/home/wjrgfdy/rm_ws/install/armor_detector
[1.204s] Invoking command in '/home/wjrgfdy/rm_ws/build/armor_detector': CMAKE_PREFIX_PATH=/home/wjrgfdy/rm_ws/install/auto_aim_interfaces:/home/wjrgfdy/rm_ws/install/image_pipeline:/home/wjrgfdy/rm_ws/install/stereo_image_proc:/home/wjrgfdy/rm_ws/install/image_proc:/home/wjrgfdy/rm_ws/install/tracetools_image_pipeline:/home/wjrgfdy/rm_ws/install/rm_vision_bringup:/home/wjrgfdy/rm_ws/install/rm_serial_driver:/home/wjrgfdy/rm_ws/install/rm_gimbal_description:/home/wjrgfdy/rm_ws/install/rm_auto_aim:/home/wjrgfdy/rm_ws/install/mindvision_camera:/home/wjrgfdy/rm_ws/install/image_view:/home/wjrgfdy/rm_ws/install/image_rotate:/home/wjrgfdy/rm_ws/install/image_publisher:/home/wjrgfdy/rm_ws/install/hik_camera:/home/wjrgfdy/rm_ws/install/depth_image_proc:/home/wjrgfdy/rm_ws/install/armor_tracker:/home/wjrgfdy/rm_ws/install/armor_detector:/home/wjrgfdy/rm_ws/install/camera_calibration:/opt/ros/humble LD_LIBRARY_PATH=/home/wjrgfdy/rm_ws/install/auto_aim_interfaces/lib:/home/wjrgfdy/rm_ws/install/stereo_image_proc/lib:/home/wjrgfdy/rm_ws/install/image_proc/lib:/home/wjrgfdy/rm_ws/install/tracetools_image_pipeline/lib:/home/wjrgfdy/rm_ws/install/rm_serial_driver/lib:/home/wjrgfdy/rm_ws/install/mindvision_camera/lib:/home/wjrgfdy/rm_ws/install/image_view/lib:/home/wjrgfdy/rm_ws/install/image_rotate/lib:/home/wjrgfdy/rm_ws/install/image_publisher/lib:/home/wjrgfdy/rm_ws/install/hik_camera/lib:/home/wjrgfdy/rm_ws/install/depth_image_proc/lib:/home/wjrgfdy/rm_ws/install/armor_tracker/lib:/home/wjrgfdy/rm_ws/install/armor_detector/lib:/opt/ros/humble/opt/rviz_ogre_vendor/lib:/opt/ros/humble/lib/x86_64-linux-gnu:/opt/ros/humble/lib:/opt/MVS/lib/64:/opt/MVS/lib/32:/opt/MVS/lib/64:/opt/MVS/lib/32:/opt/MVS/lib/64:/opt/MVS/lib/32 _=/usr/bin/env /usr/local/bin/cmake --build /home/wjrgfdy/rm_ws/build/armor_detector -- -j12 -l12
[1.233s] [ 13%] Built target gtest_main
[1.234s] [ 26%] Built target armor_detector_node
[1.234s] [ 40%] Built target gtest
[1.244s] [ 73%] Built target armor_detector
[1.260s] [ 86%] Built target test_node_startup
[1.262s] [100%] Built target test_number_cls
[1.266s] Invoked command in '/home/wjrgfdy/rm_ws/build/armor_detector' returned '0': CMAKE_PREFIX_PATH=/home/wjrgfdy/rm_ws/install/auto_aim_interfaces:/home/wjrgfdy/rm_ws/install/image_pipeline:/home/wjrgfdy/rm_ws/install/stereo_image_proc:/home/wjrgfdy/rm_ws/install/image_proc:/home/wjrgfdy/rm_ws/install/tracetools_image_pipeline:/home/wjrgfdy/rm_ws/install/rm_vision_bringup:/home/wjrgfdy/rm_ws/install/rm_serial_driver:/home/wjrgfdy/rm_ws/install/rm_gimbal_description:/home/wjrgfdy/rm_ws/install/rm_auto_aim:/home/wjrgfdy/rm_ws/install/mindvision_camera:/home/wjrgfdy/rm_ws/install/image_view:/home/wjrgfdy/rm_ws/install/image_rotate:/home/wjrgfdy/rm_ws/install/image_publisher:/home/wjrgfdy/rm_ws/install/hik_camera:/home/wjrgfdy/rm_ws/install/depth_image_proc:/home/wjrgfdy/rm_ws/install/armor_tracker:/home/wjrgfdy/rm_ws/install/armor_detector:/home/wjrgfdy/rm_ws/install/camera_calibration:/opt/ros/humble LD_LIBRARY_PATH=/home/wjrgfdy/rm_ws/install/auto_aim_interfaces/lib:/home/wjrgfdy/rm_ws/install/stereo_image_proc/lib:/home/wjrgfdy/rm_ws/install/image_proc/lib:/home/wjrgfdy/rm_ws/install/tracetools_image_pipeline/lib:/home/wjrgfdy/rm_ws/install/rm_serial_driver/lib:/home/wjrgfdy/rm_ws/install/mindvision_camera/lib:/home/wjrgfdy/rm_ws/install/image_view/lib:/home/wjrgfdy/rm_ws/install/image_rotate/lib:/home/wjrgfdy/rm_ws/install/image_publisher/lib:/home/wjrgfdy/rm_ws/install/hik_camera/lib:/home/wjrgfdy/rm_ws/install/depth_image_proc/lib:/home/wjrgfdy/rm_ws/install/armor_tracker/lib:/home/wjrgfdy/rm_ws/install/armor_detector/lib:/opt/ros/humble/opt/rviz_ogre_vendor/lib:/opt/ros/humble/lib/x86_64-linux-gnu:/opt/ros/humble/lib:/opt/MVS/lib/64:/opt/MVS/lib/32:/opt/MVS/lib/64:/opt/MVS/lib/32:/opt/MVS/lib/64:/opt/MVS/lib/32 _=/usr/bin/env /usr/local/bin/cmake --build /home/wjrgfdy/rm_ws/build/armor_detector -- -j12 -l12
[1.336s] Invoking command in '/home/wjrgfdy/rm_ws/build/armor_detector': CMAKE_PREFIX_PATH=/home/wjrgfdy/rm_ws/install/auto_aim_interfaces:/home/wjrgfdy/rm_ws/install/image_pipeline:/home/wjrgfdy/rm_ws/install/stereo_image_proc:/home/wjrgfdy/rm_ws/install/image_proc:/home/wjrgfdy/rm_ws/install/tracetools_image_pipeline:/home/wjrgfdy/rm_ws/install/rm_vision_bringup:/home/wjrgfdy/rm_ws/install/rm_serial_driver:/home/wjrgfdy/rm_ws/install/rm_gimbal_description:/home/wjrgfdy/rm_ws/install/rm_auto_aim:/home/wjrgfdy/rm_ws/install/mindvision_camera:/home/wjrgfdy/rm_ws/install/image_view:/home/wjrgfdy/rm_ws/install/image_rotate:/home/wjrgfdy/rm_ws/install/image_publisher:/home/wjrgfdy/rm_ws/install/hik_camera:/home/wjrgfdy/rm_ws/install/depth_image_proc:/home/wjrgfdy/rm_ws/install/armor_tracker:/home/wjrgfdy/rm_ws/install/armor_detector:/home/wjrgfdy/rm_ws/install/camera_calibration:/opt/ros/humble LD_LIBRARY_PATH=/home/wjrgfdy/rm_ws/install/auto_aim_interfaces/lib:/home/wjrgfdy/rm_ws/install/stereo_image_proc/lib:/home/wjrgfdy/rm_ws/install/image_proc/lib:/home/wjrgfdy/rm_ws/install/tracetools_image_pipeline/lib:/home/wjrgfdy/rm_ws/install/rm_serial_driver/lib:/home/wjrgfdy/rm_ws/install/mindvision_camera/lib:/home/wjrgfdy/rm_ws/install/image_view/lib:/home/wjrgfdy/rm_ws/install/image_rotate/lib:/home/wjrgfdy/rm_ws/install/image_publisher/lib:/home/wjrgfdy/rm_ws/install/hik_camera/lib:/home/wjrgfdy/rm_ws/install/depth_image_proc/lib:/home/wjrgfdy/rm_ws/install/armor_tracker/lib:/home/wjrgfdy/rm_ws/install/armor_detector/lib:/opt/ros/humble/opt/rviz_ogre_vendor/lib:/opt/ros/humble/lib/x86_64-linux-gnu:/opt/ros/humble/lib:/opt/MVS/lib/64:/opt/MVS/lib/32:/opt/MVS/lib/64:/opt/MVS/lib/32:/opt/MVS/lib/64:/opt/MVS/lib/32 _=/usr/bin/env /usr/local/bin/cmake --install /home/wjrgfdy/rm_ws/build/armor_detector
[1.339s] -- Install configuration: ""
[1.340s] -- Execute custom install script
[1.340s] -- Up-to-date symlink: /home/wjrgfdy/rm_ws/install/armor_detector/lib/armor_detector/armor_detector_node
[1.341s] -- Up-to-date symlink: /home/wjrgfdy/rm_ws/install/armor_detector/include/armor_detector/armor.hpp
[1.341s] -- Up-to-date symlink: /home/wjrgfdy/rm_ws/install/armor_detector/include/armor_detector/detector.hpp
[1.341s] -- Up-to-date symlink: /home/wjrgfdy/rm_ws/install/armor_detector/include/armor_detector/detector_node.hpp
[1.341s] -- Up-to-date symlink: /home/wjrgfdy/rm_ws/install/armor_detector/include/armor_detector/number_classifier.hpp
[1.341s] -- Up-to-date symlink: /home/wjrgfdy/rm_ws/install/armor_detector/include/armor_detector/pnp_solver.hpp
[1.341s] -- Up-to-date symlink: /home/wjrgfdy/rm_ws/install/armor_detector/share/armor_detector/environment/library_path.sh
[1.341s] -- Up-to-date symlink: /home/wjrgfdy/rm_ws/install/armor_detector/share/armor_detector/environment/library_path.dsv
[1.342s] -- Up-to-date symlink: /home/wjrgfdy/rm_ws/install/armor_detector/lib/libarmor_detector.so
[1.342s] -- Up-to-date symlink: /home/wjrgfdy/rm_ws/install/armor_detector/share/armor_detector/model/label.txt
[1.342s] -- Up-to-date symlink: /home/wjrgfdy/rm_ws/install/armor_detector/share/armor_detector/model/mlp.onnx
[1.342s] -- Up-to-date symlink: /home/wjrgfdy/rm_ws/install/armor_detector/share/ament_index/resource_index/package_run_dependencies/armor_detector
[1.343s] -- Up-to-date symlink: /home/wjrgfdy/rm_ws/install/armor_detector/share/ament_index/resource_index/parent_prefix_path/armor_detector
[1.343s] -- Up-to-date symlink: /home/wjrgfdy/rm_ws/install/armor_detector/share/armor_detector/environment/ament_prefix_path.sh
[1.343s] -- Up-to-date symlink: /home/wjrgfdy/rm_ws/install/armor_detector/share/armor_detector/environment/ament_prefix_path.dsv
[1.343s] -- Up-to-date symlink: /home/wjrgfdy/rm_ws/install/armor_detector/share/armor_detector/environment/path.sh
[1.343s] -- Up-to-date symlink: /home/wjrgfdy/rm_ws/install/armor_detector/share/armor_detector/environment/path.dsv
[1.343s] -- Up-to-date symlink: /home/wjrgfdy/rm_ws/install/armor_detector/share/armor_detector/local_setup.bash
[1.343s] -- Up-to-date symlink: /home/wjrgfdy/rm_ws/install/armor_detector/share/armor_detector/local_setup.sh
[1.344s] -- Up-to-date symlink: /home/wjrgfdy/rm_ws/install/armor_detector/share/armor_detector/local_setup.zsh
[1.344s] -- Up-to-date symlink: /home/wjrgfdy/rm_ws/install/armor_detector/share/armor_detector/local_setup.dsv
[1.344s] -- Symlinking: /home/wjrgfdy/rm_ws/install/armor_detector/share/armor_detector/package.dsv
[1.348s] -- Up-to-date symlink: /home/wjrgfdy/rm_ws/install/armor_detector/share/ament_index/resource_index/packages/armor_detector
[1.348s] -- Up-to-date symlink: /home/wjrgfdy/rm_ws/install/armor_detector/share/ament_index/resource_index/rclcpp_components/armor_detector
[1.348s] -- Up-to-date symlink: /home/wjrgfdy/rm_ws/install/armor_detector/share/armor_detector/cmake/ament_cmake_export_dependencies-extras.cmake
[1.348s] -- Up-to-date symlink: /home/wjrgfdy/rm_ws/install/armor_detector/share/armor_detector/cmake/ament_cmake_export_include_directories-extras.cmake
[1.348s] -- Up-to-date symlink: /home/wjrgfdy/rm_ws/install/armor_detector/share/armor_detector/cmake/ament_cmake_export_libraries-extras.cmake
[1.349s] -- Up-to-date symlink: /home/wjrgfdy/rm_ws/install/armor_detector/share/armor_detector/cmake/armor_detectorConfig.cmake
[1.349s] -- Up-to-date symlink: /home/wjrgfdy/rm_ws/install/armor_detector/share/armor_detector/cmake/armor_detectorConfig-version.cmake
[1.349s] -- Up-to-date symlink: /home/wjrgfdy/rm_ws/install/armor_detector/share/armor_detector/package.xml
[1.350s] Invoked command in '/home/wjrgfdy/rm_ws/build/armor_detector' returned '0': CMAKE_PREFIX_PATH=/home/wjrgfdy/rm_ws/install/auto_aim_interfaces:/home/wjrgfdy/rm_ws/install/image_pipeline:/home/wjrgfdy/rm_ws/install/stereo_image_proc:/home/wjrgfdy/rm_ws/install/image_proc:/home/wjrgfdy/rm_ws/install/tracetools_image_pipeline:/home/wjrgfdy/rm_ws/install/rm_vision_bringup:/home/wjrgfdy/rm_ws/install/rm_serial_driver:/home/wjrgfdy/rm_ws/install/rm_gimbal_description:/home/wjrgfdy/rm_ws/install/rm_auto_aim:/home/wjrgfdy/rm_ws/install/mindvision_camera:/home/wjrgfdy/rm_ws/install/image_view:/home/wjrgfdy/rm_ws/install/image_rotate:/home/wjrgfdy/rm_ws/install/image_publisher:/home/wjrgfdy/rm_ws/install/hik_camera:/home/wjrgfdy/rm_ws/install/depth_image_proc:/home/wjrgfdy/rm_ws/install/armor_tracker:/home/wjrgfdy/rm_ws/install/armor_detector:/home/wjrgfdy/rm_ws/install/camera_calibration:/opt/ros/humble LD_LIBRARY_PATH=/home/wjrgfdy/rm_ws/install/auto_aim_interfaces/lib:/home/wjrgfdy/rm_ws/install/stereo_image_proc/lib:/home/wjrgfdy/rm_ws/install/image_proc/lib:/home/wjrgfdy/rm_ws/install/tracetools_image_pipeline/lib:/home/wjrgfdy/rm_ws/install/rm_serial_driver/lib:/home/wjrgfdy/rm_ws/install/mindvision_camera/lib:/home/wjrgfdy/rm_ws/install/image_view/lib:/home/wjrgfdy/rm_ws/install/image_rotate/lib:/home/wjrgfdy/rm_ws/install/image_publisher/lib:/home/wjrgfdy/rm_ws/install/hik_camera/lib:/home/wjrgfdy/rm_ws/install/depth_image_proc/lib:/home/wjrgfdy/rm_ws/install/armor_tracker/lib:/home/wjrgfdy/rm_ws/install/armor_detector/lib:/opt/ros/humble/opt/rviz_ogre_vendor/lib:/opt/ros/humble/lib/x86_64-linux-gnu:/opt/ros/humble/lib:/opt/MVS/lib/64:/opt/MVS/lib/32:/opt/MVS/lib/64:/opt/MVS/lib/32:/opt/MVS/lib/64:/opt/MVS/lib/32 _=/usr/bin/env /usr/local/bin/cmake --install /home/wjrgfdy/rm_ws/build/armor_detector
