[0.322s] Invoking command in '/home/wjrgfdy/rm_ws/build/image_rotate': CMAKE_PREFIX_PATH=${CMAKE_PREFIX_PATH}:/opt/ros/humble _=/usr/bin/env /usr/local/bin/cmake /home/wjrgfdy/rm_ws/src/image_pipeline/image_rotate -DAMENT_CMAKE_SYMLINK_INSTALL=1 -DCMAKE_INSTALL_PREFIX=/home/wjrgfdy/rm_ws/install/image_rotate
[0.394s] -- The C compiler identification is GNU 11.4.0
[0.446s] -- The CXX compiler identification is GNU 11.4.0
[0.469s] -- Detecting C compiler ABI info
[0.541s] -- Detecting C compiler ABI info - done
[0.553s] -- Check for working C compiler: /usr/bin/cc - skipped
[0.554s] -- Detecting C compile features
[0.554s] -- Detecting C compile features - done
[0.563s] -- Detecting CXX compiler ABI info
[0.644s] -- Detecting CXX compiler ABI info - done
[0.656s] -- Check for working CXX compiler: /usr/bin/c++ - skipped
[0.657s] -- Detecting CXX compile features
[0.657s] -- Detecting CXX compile features - done
[0.660s] -- Found ament_cmake_auto: 1.3.6 (/opt/ros/humble/share/ament_cmake_auto/cmake)
[1.035s] -- Found Python3: /usr/bin/python3.10 (found version "3.10.12") found components: Interpreter 
[1.093s] -- Override CMake install command with custom implementation using symlinks instead of copying resources
[1.250s] -- Found rosidl_generator_c: 3.1.5 (/opt/ros/humble/share/rosidl_generator_c/cmake)
[1.254s] -- Found rosidl_adapter: 3.1.5 (/opt/ros/humble/share/rosidl_adapter/cmake)
[1.261s] -- Found rosidl_generator_cpp: 3.1.5 (/opt/ros/humble/share/rosidl_generator_cpp/cmake)
[1.273s] -- Using all available rosidl_typesupport_c: rosidl_typesupport_fastrtps_c;rosidl_typesupport_introspection_c
[1.286s] -- Using all available rosidl_typesupport_cpp: rosidl_typesupport_fastrtps_cpp;rosidl_typesupport_introspection_cpp
[1.606s] -- Found rmw_implementation_cmake: 6.1.1 (/opt/ros/humble/share/rmw_implementation_cmake/cmake)
[1.609s] -- Found rmw_fastrtps_cpp: 6.2.5 (/opt/ros/humble/share/rmw_fastrtps_cpp/cmake)
[1.708s] -- Found OpenSSL: /usr/lib/x86_64-linux-gnu/libcrypto.so (found version "3.0.2")  
[1.743s] -- Found FastRTPS: /opt/ros/humble/include  
[1.800s] -- Using RMW implementation 'rmw_fastrtps_cpp' as default
[1.812s] -- Performing Test CMAKE_HAVE_LIBC_PTHREAD
[1.877s] -- Performing Test CMAKE_HAVE_LIBC_PTHREAD - Success
[1.878s] -- Found Threads: TRUE  
[2.111s] -- Found eigen3_cmake_module: 0.1.1 (/opt/ros/humble/share/eigen3_cmake_module/cmake)
[2.113s] -- Found Eigen3: TRUE (found version "3.4.0") 
[2.113s] -- Ensuring Eigen3 include directory is part of orocos-kdl CMake target
[2.368s] -- Found OpenCV: /usr/local (found version "4.9.0") found components: core imgproc 
[2.381s] -- Found ament_lint_auto: 0.12.9 (/opt/ros/humble/share/ament_lint_auto/cmake)
[2.411s] -- Added test 'copyright' to check source files copyright and LICENSE
[2.412s] -- Added test 'cppcheck' to perform static code analysis on C / C++ code
[2.412s] -- Configured cppcheck include dirs: /home/wjrgfdy/rm_ws/src/image_pipeline/image_rotate/include
[2.413s] -- Configured cppcheck exclude dirs and/or files: 
[2.414s] -- Added test 'cpplint' to check C / C++ code against the Google style
[2.414s] -- Configured cpplint exclude dirs and/or files: 
[2.414s] -- Added test 'flake8' to check Python code syntax and style conventions
[2.415s] -- Added test 'lint_cmake' to check CMake code style
[2.416s] -- Added test 'pep257' to check Python code against some of the docstring style conventions in PEP 257
[2.417s] -- Added test 'uncrustify' to check C / C++ code style
[2.417s] -- Configured uncrustify additional arguments: 
[2.418s] -- Added test 'xmllint' to check XML markup files
[2.422s] -- Configuring done (2.1s)
[2.446s] -- Generating done (0.0s)
[2.448s] -- Build files have been written to: /home/wjrgfdy/rm_ws/build/image_rotate
[2.593s] Invoked command in '/home/wjrgfdy/rm_ws/build/image_rotate' returned '0': CMAKE_PREFIX_PATH=${CMAKE_PREFIX_PATH}:/opt/ros/humble _=/usr/bin/env /usr/local/bin/cmake /home/wjrgfdy/rm_ws/src/image_pipeline/image_rotate -DAMENT_CMAKE_SYMLINK_INSTALL=1 -DCMAKE_INSTALL_PREFIX=/home/wjrgfdy/rm_ws/install/image_rotate
[2.594s] Invoking command in '/home/wjrgfdy/rm_ws/build/image_rotate': CMAKE_PREFIX_PATH=${CMAKE_PREFIX_PATH}:/opt/ros/humble _=/usr/bin/env /usr/local/bin/cmake --build /home/wjrgfdy/rm_ws/build/image_rotate -- -j12 -l12
[2.623s] [ 25%] [32mBuilding CXX object CMakeFiles/image_rotate.dir/src/image_rotate_node.cpp.o[0m
[20.810s] [ 50%] [32m[1mLinking CXX shared library libimage_rotate.so[0m
[21.489s] [ 50%] Built target image_rotate
[21.511s] [ 75%] [32mBuilding CXX object CMakeFiles/image_rotate_bin.dir/src/image_rotate.cpp.o[0m
[26.668s] [100%] [32m[1mLinking CXX executable image_rotate[0m
[27.420s] [100%] Built target image_rotate_bin
[27.427s] Invoked command in '/home/wjrgfdy/rm_ws/build/image_rotate' returned '0': CMAKE_PREFIX_PATH=${CMAKE_PREFIX_PATH}:/opt/ros/humble _=/usr/bin/env /usr/local/bin/cmake --build /home/wjrgfdy/rm_ws/build/image_rotate -- -j12 -l12
[27.477s] Invoking command in '/home/wjrgfdy/rm_ws/build/image_rotate': CMAKE_PREFIX_PATH=${CMAKE_PREFIX_PATH}:/opt/ros/humble _=/usr/bin/env /usr/local/bin/cmake --install /home/wjrgfdy/rm_ws/build/image_rotate
[27.482s] -- Install configuration: ""
[27.482s] -- Execute custom install script
[27.483s] -- Symlinking: /home/wjrgfdy/rm_ws/install/image_rotate/include/image_rotate/image_rotate_node.hpp
[27.488s] -- Symlinking: /home/wjrgfdy/rm_ws/install/image_rotate/include/image_rotate/visibility.h
[27.494s] -- Symlinking: /home/wjrgfdy/rm_ws/install/image_rotate/share/image_rotate/environment/library_path.sh
[27.500s] -- Symlinking: /home/wjrgfdy/rm_ws/install/image_rotate/share/image_rotate/environment/library_path.dsv
[27.506s] -- Symlinking: /home/wjrgfdy/rm_ws/install/image_rotate/lib/libimage_rotate.so
[27.514s] -- Symlinking: /home/wjrgfdy/rm_ws/install/image_rotate/lib/image_rotate/image_rotate
[27.520s] -- Symlinking: /home/wjrgfdy/rm_ws/install/image_rotate/share/image_rotate/launch/image_rotate.launch.py
[27.525s] -- Symlinking: /home/wjrgfdy/rm_ws/install/image_rotate/share/ament_index/resource_index/package_run_dependencies/image_rotate
[27.531s] -- Symlinking: /home/wjrgfdy/rm_ws/install/image_rotate/share/ament_index/resource_index/parent_prefix_path/image_rotate
[27.536s] -- Symlinking: /home/wjrgfdy/rm_ws/install/image_rotate/share/image_rotate/environment/ament_prefix_path.sh
[27.541s] -- Symlinking: /home/wjrgfdy/rm_ws/install/image_rotate/share/image_rotate/environment/ament_prefix_path.dsv
[27.546s] -- Symlinking: /home/wjrgfdy/rm_ws/install/image_rotate/share/image_rotate/environment/path.sh
[27.551s] -- Symlinking: /home/wjrgfdy/rm_ws/install/image_rotate/share/image_rotate/environment/path.dsv
[27.556s] -- Symlinking: /home/wjrgfdy/rm_ws/install/image_rotate/share/image_rotate/local_setup.bash
[27.561s] -- Symlinking: /home/wjrgfdy/rm_ws/install/image_rotate/share/image_rotate/local_setup.sh
[27.566s] -- Symlinking: /home/wjrgfdy/rm_ws/install/image_rotate/share/image_rotate/local_setup.zsh
[27.571s] -- Symlinking: /home/wjrgfdy/rm_ws/install/image_rotate/share/image_rotate/local_setup.dsv
[27.576s] -- Symlinking: /home/wjrgfdy/rm_ws/install/image_rotate/share/image_rotate/package.dsv
[27.582s] -- Symlinking: /home/wjrgfdy/rm_ws/install/image_rotate/share/ament_index/resource_index/packages/image_rotate
[27.588s] -- Symlinking: /home/wjrgfdy/rm_ws/install/image_rotate/share/ament_index/resource_index/rclcpp_components/image_rotate
[27.595s] -- Symlinking: /home/wjrgfdy/rm_ws/install/image_rotate/share/image_rotate/cmake/ament_cmake_export_dependencies-extras.cmake
[27.601s] -- Symlinking: /home/wjrgfdy/rm_ws/install/image_rotate/share/image_rotate/cmake/ament_cmake_export_include_directories-extras.cmake
[27.607s] -- Symlinking: /home/wjrgfdy/rm_ws/install/image_rotate/share/image_rotate/cmake/ament_cmake_export_libraries-extras.cmake
[27.614s] -- Symlinking: /home/wjrgfdy/rm_ws/install/image_rotate/share/image_rotate/cmake/image_rotateConfig.cmake
[27.621s] -- Symlinking: /home/wjrgfdy/rm_ws/install/image_rotate/share/image_rotate/cmake/image_rotateConfig-version.cmake
[27.627s] -- Symlinking: /home/wjrgfdy/rm_ws/install/image_rotate/share/image_rotate/package.xml
[27.636s] Invoked command in '/home/wjrgfdy/rm_ws/build/image_rotate' returned '0': CMAKE_PREFIX_PATH=${CMAKE_PREFIX_PATH}:/opt/ros/humble _=/usr/bin/env /usr/local/bin/cmake --install /home/wjrgfdy/rm_ws/build/image_rotate
