[0.557s] DEBUG:colcon:Command line arguments: ['/usr/bin/colcon', 'build', '--symlink-install']
[0.557s] DEBUG:colcon:Parsed command line arguments: Namespace(log_base=None, log_level=None, verb_name='build', build_base='build', install_base='install', merge_install=False, symlink_install=True, test_result_base=None, continue_on_error=False, executor='parallel', parallel_workers=12, event_handlers=None, ignore_user_meta=False, metas=['./colcon.meta'], base_paths=['.'], packages_ignore=None, packages_ignore_regex=None, paths=None, packages_up_to=None, packages_up_to_regex=None, packages_above=None, packages_above_and_dependencies=None, packages_above_depth=None, packages_select_by_dep=None, packages_skip_by_dep=None, packages_skip_up_to=None, packages_select_build_failed=False, packages_skip_build_finished=False, packages_select_test_failures=False, packages_skip_test_passed=False, packages_select=None, packages_skip=None, packages_select_regex=None, packages_skip_regex=None, packages_start=None, packages_end=None, allow_overriding=[], cmake_args=None, cmake_target=None, cmake_target_skip_unavailable=False, cmake_clean_cache=False, cmake_clean_first=False, cmake_force_configure=False, ament_cmake_args=None, catkin_cmake_args=None, catkin_skip_building_tests=False, verb_parser=<colcon_defaults.argument_parser.defaults.DefaultArgumentsDecorator object at 0x7f087086dde0>, verb_extension=<colcon_core.verb.build.BuildVerb object at 0x7f0870b55150>, main=<bound method BuildVerb.main of <colcon_core.verb.build.BuildVerb object at 0x7f0870b55150>>)
[0.594s] Level 1:colcon.colcon_core.package_discovery:discover_packages(colcon_meta) check parameters
[0.594s] Level 1:colcon.colcon_core.package_discovery:discover_packages(recursive) check parameters
[0.594s] Level 1:colcon.colcon_core.package_discovery:discover_packages(ignore) check parameters
[0.594s] Level 1:colcon.colcon_core.package_discovery:discover_packages(path) check parameters
[0.594s] Level 1:colcon.colcon_core.package_discovery:discover_packages(colcon_meta) discover
[0.594s] Level 1:colcon.colcon_core.package_discovery:discover_packages(recursive) discover
[0.594s] INFO:colcon.colcon_core.package_discovery:Crawling recursively for packages in '/home/wjrgfdy/rm_ws'
[0.594s] Level 1:colcon.colcon_core.package_identification:_identify(.) by extensions ['ignore', 'ignore_ament_install']
[0.594s] Level 1:colcon.colcon_core.package_identification:_identify(.) by extension 'ignore'
[0.594s] Level 1:colcon.colcon_core.package_identification:_identify(.) by extension 'ignore_ament_install'
[0.594s] Level 1:colcon.colcon_core.package_identification:_identify(.) by extensions ['colcon_pkg']
[0.594s] Level 1:colcon.colcon_core.package_identification:_identify(.) by extension 'colcon_pkg'
[0.594s] Level 1:colcon.colcon_core.package_identification:_identify(.) by extensions ['colcon_meta']
[0.594s] Level 1:colcon.colcon_core.package_identification:_identify(.) by extension 'colcon_meta'
[0.594s] Level 1:colcon.colcon_core.package_identification:_identify(.) by extensions ['ros']
[0.594s] Level 1:colcon.colcon_core.package_identification:_identify(.) by extension 'ros'
[0.602s] Level 1:colcon.colcon_core.package_identification:_identify(.) by extensions ['cmake', 'python']
[0.602s] Level 1:colcon.colcon_core.package_identification:_identify(.) by extension 'cmake'
[0.602s] Level 1:colcon.colcon_core.package_identification:_identify(.) by extension 'python'
[0.602s] Level 1:colcon.colcon_core.package_identification:_identify(.) by extensions ['python_setup_py']
[0.602s] Level 1:colcon.colcon_core.package_identification:_identify(.) by extension 'python_setup_py'
[0.602s] Level 1:colcon.colcon_core.package_identification:_identify(build) by extensions ['ignore', 'ignore_ament_install']
[0.602s] Level 1:colcon.colcon_core.package_identification:_identify(build) by extension 'ignore'
[0.602s] Level 1:colcon.colcon_core.package_identification:_identify(build) ignored
[0.603s] Level 1:colcon.colcon_core.package_identification:_identify(install) by extensions ['ignore', 'ignore_ament_install']
[0.603s] Level 1:colcon.colcon_core.package_identification:_identify(install) by extension 'ignore'
[0.603s] Level 1:colcon.colcon_core.package_identification:_identify(install) ignored
[0.603s] Level 1:colcon.colcon_core.package_identification:_identify(log) by extensions ['ignore', 'ignore_ament_install']
[0.603s] Level 1:colcon.colcon_core.package_identification:_identify(log) by extension 'ignore'
[0.603s] Level 1:colcon.colcon_core.package_identification:_identify(log) ignored
[0.603s] Level 1:colcon.colcon_core.package_identification:_identify(src) by extensions ['ignore', 'ignore_ament_install']
[0.603s] Level 1:colcon.colcon_core.package_identification:_identify(src) by extension 'ignore'
[0.603s] Level 1:colcon.colcon_core.package_identification:_identify(src) by extension 'ignore_ament_install'
[0.603s] Level 1:colcon.colcon_core.package_identification:_identify(src) by extensions ['colcon_pkg']
[0.603s] Level 1:colcon.colcon_core.package_identification:_identify(src) by extension 'colcon_pkg'
[0.603s] Level 1:colcon.colcon_core.package_identification:_identify(src) by extensions ['colcon_meta']
[0.603s] Level 1:colcon.colcon_core.package_identification:_identify(src) by extension 'colcon_meta'
[0.603s] Level 1:colcon.colcon_core.package_identification:_identify(src) by extensions ['ros']
[0.603s] Level 1:colcon.colcon_core.package_identification:_identify(src) by extension 'ros'
[0.603s] Level 1:colcon.colcon_core.package_identification:_identify(src) by extensions ['cmake', 'python']
[0.603s] Level 1:colcon.colcon_core.package_identification:_identify(src) by extension 'cmake'
[0.603s] Level 1:colcon.colcon_core.package_identification:_identify(src) by extension 'python'
[0.603s] Level 1:colcon.colcon_core.package_identification:_identify(src) by extensions ['python_setup_py']
[0.603s] Level 1:colcon.colcon_core.package_identification:_identify(src) by extension 'python_setup_py'
[0.603s] Level 1:colcon.colcon_core.package_identification:_identify(src/rm_auto_aim) by extensions ['ignore', 'ignore_ament_install']
[0.603s] Level 1:colcon.colcon_core.package_identification:_identify(src/rm_auto_aim) by extension 'ignore'
[0.603s] Level 1:colcon.colcon_core.package_identification:_identify(src/rm_auto_aim) by extension 'ignore_ament_install'
[0.603s] Level 1:colcon.colcon_core.package_identification:_identify(src/rm_auto_aim) by extensions ['colcon_pkg']
[0.603s] Level 1:colcon.colcon_core.package_identification:_identify(src/rm_auto_aim) by extension 'colcon_pkg'
[0.603s] Level 1:colcon.colcon_core.package_identification:_identify(src/rm_auto_aim) by extensions ['colcon_meta']
[0.603s] Level 1:colcon.colcon_core.package_identification:_identify(src/rm_auto_aim) by extension 'colcon_meta'
[0.603s] Level 1:colcon.colcon_core.package_identification:_identify(src/rm_auto_aim) by extensions ['ros']
[0.603s] Level 1:colcon.colcon_core.package_identification:_identify(src/rm_auto_aim) by extension 'ros'
[0.603s] Level 1:colcon.colcon_core.package_identification:_identify(src/rm_auto_aim) by extensions ['cmake', 'python']
[0.603s] Level 1:colcon.colcon_core.package_identification:_identify(src/rm_auto_aim) by extension 'cmake'
[0.603s] Level 1:colcon.colcon_core.package_identification:_identify(src/rm_auto_aim) by extension 'python'
[0.603s] Level 1:colcon.colcon_core.package_identification:_identify(src/rm_auto_aim) by extensions ['python_setup_py']
[0.603s] Level 1:colcon.colcon_core.package_identification:_identify(src/rm_auto_aim) by extension 'python_setup_py'
[0.603s] Level 1:colcon.colcon_core.package_identification:_identify(src/rm_auto_aim/armor_detector) by extensions ['ignore', 'ignore_ament_install']
[0.603s] Level 1:colcon.colcon_core.package_identification:_identify(src/rm_auto_aim/armor_detector) by extension 'ignore'
[0.604s] Level 1:colcon.colcon_core.package_identification:_identify(src/rm_auto_aim/armor_detector) by extension 'ignore_ament_install'
[0.604s] Level 1:colcon.colcon_core.package_identification:_identify(src/rm_auto_aim/armor_detector) by extensions ['colcon_pkg']
[0.604s] Level 1:colcon.colcon_core.package_identification:_identify(src/rm_auto_aim/armor_detector) by extension 'colcon_pkg'
[0.604s] Level 1:colcon.colcon_core.package_identification:_identify(src/rm_auto_aim/armor_detector) by extensions ['colcon_meta']
[0.604s] Level 1:colcon.colcon_core.package_identification:_identify(src/rm_auto_aim/armor_detector) by extension 'colcon_meta'
[0.604s] Level 1:colcon.colcon_core.package_identification:_identify(src/rm_auto_aim/armor_detector) by extensions ['ros']
[0.604s] Level 1:colcon.colcon_core.package_identification:_identify(src/rm_auto_aim/armor_detector) by extension 'ros'
[0.606s] DEBUG:colcon.colcon_core.package_identification:Package 'src/rm_auto_aim/armor_detector' with type 'ros.ament_cmake' and name 'armor_detector'
[0.606s] Level 1:colcon.colcon_core.package_identification:_identify(src/rm_auto_aim/armor_tracker) by extensions ['ignore', 'ignore_ament_install']
[0.606s] Level 1:colcon.colcon_core.package_identification:_identify(src/rm_auto_aim/armor_tracker) by extension 'ignore'
[0.607s] Level 1:colcon.colcon_core.package_identification:_identify(src/rm_auto_aim/armor_tracker) by extension 'ignore_ament_install'
[0.607s] Level 1:colcon.colcon_core.package_identification:_identify(src/rm_auto_aim/armor_tracker) by extensions ['colcon_pkg']
[0.607s] Level 1:colcon.colcon_core.package_identification:_identify(src/rm_auto_aim/armor_tracker) by extension 'colcon_pkg'
[0.607s] Level 1:colcon.colcon_core.package_identification:_identify(src/rm_auto_aim/armor_tracker) by extensions ['colcon_meta']
[0.607s] Level 1:colcon.colcon_core.package_identification:_identify(src/rm_auto_aim/armor_tracker) by extension 'colcon_meta'
[0.607s] Level 1:colcon.colcon_core.package_identification:_identify(src/rm_auto_aim/armor_tracker) by extensions ['ros']
[0.607s] Level 1:colcon.colcon_core.package_identification:_identify(src/rm_auto_aim/armor_tracker) by extension 'ros'
[0.607s] DEBUG:colcon.colcon_core.package_identification:Package 'src/rm_auto_aim/armor_tracker' with type 'ros.ament_cmake' and name 'armor_tracker'
[0.607s] Level 1:colcon.colcon_core.package_identification:_identify(src/rm_auto_aim/auto_aim_interfaces) by extensions ['ignore', 'ignore_ament_install']
[0.607s] Level 1:colcon.colcon_core.package_identification:_identify(src/rm_auto_aim/auto_aim_interfaces) by extension 'ignore'
[0.608s] Level 1:colcon.colcon_core.package_identification:_identify(src/rm_auto_aim/auto_aim_interfaces) by extension 'ignore_ament_install'
[0.608s] Level 1:colcon.colcon_core.package_identification:_identify(src/rm_auto_aim/auto_aim_interfaces) by extensions ['colcon_pkg']
[0.608s] Level 1:colcon.colcon_core.package_identification:_identify(src/rm_auto_aim/auto_aim_interfaces) by extension 'colcon_pkg'
[0.608s] Level 1:colcon.colcon_core.package_identification:_identify(src/rm_auto_aim/auto_aim_interfaces) by extensions ['colcon_meta']
[0.608s] Level 1:colcon.colcon_core.package_identification:_identify(src/rm_auto_aim/auto_aim_interfaces) by extension 'colcon_meta'
[0.608s] Level 1:colcon.colcon_core.package_identification:_identify(src/rm_auto_aim/auto_aim_interfaces) by extensions ['ros']
[0.608s] Level 1:colcon.colcon_core.package_identification:_identify(src/rm_auto_aim/auto_aim_interfaces) by extension 'ros'
[0.608s] DEBUG:colcon.colcon_core.package_identification:Package 'src/rm_auto_aim/auto_aim_interfaces' with type 'ros.ament_cmake' and name 'auto_aim_interfaces'
[0.608s] Level 1:colcon.colcon_core.package_identification:_identify(src/rm_auto_aim/build) by extensions ['ignore', 'ignore_ament_install']
[0.608s] Level 1:colcon.colcon_core.package_identification:_identify(src/rm_auto_aim/build) by extension 'ignore'
[0.608s] Level 1:colcon.colcon_core.package_identification:_identify(src/rm_auto_aim/build) ignored
[0.608s] Level 1:colcon.colcon_core.package_identification:_identify(src/rm_auto_aim/docs) by extensions ['ignore', 'ignore_ament_install']
[0.608s] Level 1:colcon.colcon_core.package_identification:_identify(src/rm_auto_aim/docs) by extension 'ignore'
[0.608s] Level 1:colcon.colcon_core.package_identification:_identify(src/rm_auto_aim/docs) by extension 'ignore_ament_install'
[0.608s] Level 1:colcon.colcon_core.package_identification:_identify(src/rm_auto_aim/docs) by extensions ['colcon_pkg']
[0.608s] Level 1:colcon.colcon_core.package_identification:_identify(src/rm_auto_aim/docs) by extension 'colcon_pkg'
[0.608s] Level 1:colcon.colcon_core.package_identification:_identify(src/rm_auto_aim/docs) by extensions ['colcon_meta']
[0.608s] Level 1:colcon.colcon_core.package_identification:_identify(src/rm_auto_aim/docs) by extension 'colcon_meta'
[0.608s] Level 1:colcon.colcon_core.package_identification:_identify(src/rm_auto_aim/docs) by extensions ['ros']
[0.608s] Level 1:colcon.colcon_core.package_identification:_identify(src/rm_auto_aim/docs) by extension 'ros'
[0.608s] Level 1:colcon.colcon_core.package_identification:_identify(src/rm_auto_aim/docs) by extensions ['cmake', 'python']
[0.608s] Level 1:colcon.colcon_core.package_identification:_identify(src/rm_auto_aim/docs) by extension 'cmake'
[0.608s] Level 1:colcon.colcon_core.package_identification:_identify(src/rm_auto_aim/docs) by extension 'python'
[0.608s] Level 1:colcon.colcon_core.package_identification:_identify(src/rm_auto_aim/docs) by extensions ['python_setup_py']
[0.609s] Level 1:colcon.colcon_core.package_identification:_identify(src/rm_auto_aim/docs) by extension 'python_setup_py'
[0.609s] Level 1:colcon.colcon_core.package_identification:_identify(src/rm_auto_aim/install) by extensions ['ignore', 'ignore_ament_install']
[0.609s] Level 1:colcon.colcon_core.package_identification:_identify(src/rm_auto_aim/install) by extension 'ignore'
[0.609s] Level 1:colcon.colcon_core.package_identification:_identify(src/rm_auto_aim/install) ignored
[0.609s] Level 1:colcon.colcon_core.package_identification:_identify(src/rm_auto_aim/log) by extensions ['ignore', 'ignore_ament_install']
[0.609s] Level 1:colcon.colcon_core.package_identification:_identify(src/rm_auto_aim/log) by extension 'ignore'
[0.609s] Level 1:colcon.colcon_core.package_identification:_identify(src/rm_auto_aim/log) ignored
[0.609s] Level 1:colcon.colcon_core.package_identification:_identify(src/rm_auto_aim/rm_auto_aim) by extensions ['ignore', 'ignore_ament_install']
[0.609s] Level 1:colcon.colcon_core.package_identification:_identify(src/rm_auto_aim/rm_auto_aim) by extension 'ignore'
[0.609s] Level 1:colcon.colcon_core.package_identification:_identify(src/rm_auto_aim/rm_auto_aim) by extension 'ignore_ament_install'
[0.609s] Level 1:colcon.colcon_core.package_identification:_identify(src/rm_auto_aim/rm_auto_aim) by extensions ['colcon_pkg']
[0.609s] Level 1:colcon.colcon_core.package_identification:_identify(src/rm_auto_aim/rm_auto_aim) by extension 'colcon_pkg'
[0.609s] Level 1:colcon.colcon_core.package_identification:_identify(src/rm_auto_aim/rm_auto_aim) by extensions ['colcon_meta']
[0.609s] Level 1:colcon.colcon_core.package_identification:_identify(src/rm_auto_aim/rm_auto_aim) by extension 'colcon_meta'
[0.609s] Level 1:colcon.colcon_core.package_identification:_identify(src/rm_auto_aim/rm_auto_aim) by extensions ['ros']
[0.609s] Level 1:colcon.colcon_core.package_identification:_identify(src/rm_auto_aim/rm_auto_aim) by extension 'ros'
[0.609s] DEBUG:colcon.colcon_core.package_identification:Package 'src/rm_auto_aim/rm_auto_aim' with type 'ros.ament_cmake' and name 'rm_auto_aim'
[0.609s] Level 1:colcon.colcon_core.package_identification:_identify(src/rm_gimbal_description) by extensions ['ignore', 'ignore_ament_install']
[0.610s] Level 1:colcon.colcon_core.package_identification:_identify(src/rm_gimbal_description) by extension 'ignore'
[0.610s] Level 1:colcon.colcon_core.package_identification:_identify(src/rm_gimbal_description) by extension 'ignore_ament_install'
[0.610s] Level 1:colcon.colcon_core.package_identification:_identify(src/rm_gimbal_description) by extensions ['colcon_pkg']
[0.610s] Level 1:colcon.colcon_core.package_identification:_identify(src/rm_gimbal_description) by extension 'colcon_pkg'
[0.610s] Level 1:colcon.colcon_core.package_identification:_identify(src/rm_gimbal_description) by extensions ['colcon_meta']
[0.610s] Level 1:colcon.colcon_core.package_identification:_identify(src/rm_gimbal_description) by extension 'colcon_meta'
[0.610s] Level 1:colcon.colcon_core.package_identification:_identify(src/rm_gimbal_description) by extensions ['ros']
[0.610s] Level 1:colcon.colcon_core.package_identification:_identify(src/rm_gimbal_description) by extension 'ros'
[0.610s] DEBUG:colcon.colcon_core.package_identification:Package 'src/rm_gimbal_description' with type 'ros.ament_cmake' and name 'rm_gimbal_description'
[0.610s] Level 1:colcon.colcon_core.package_identification:_identify(src/rm_serial_driver) by extensions ['ignore', 'ignore_ament_install']
[0.610s] Level 1:colcon.colcon_core.package_identification:_identify(src/rm_serial_driver) by extension 'ignore'
[0.610s] Level 1:colcon.colcon_core.package_identification:_identify(src/rm_serial_driver) by extension 'ignore_ament_install'
[0.610s] Level 1:colcon.colcon_core.package_identification:_identify(src/rm_serial_driver) by extensions ['colcon_pkg']
[0.610s] Level 1:colcon.colcon_core.package_identification:_identify(src/rm_serial_driver) by extension 'colcon_pkg'
[0.610s] Level 1:colcon.colcon_core.package_identification:_identify(src/rm_serial_driver) by extensions ['colcon_meta']
[0.610s] Level 1:colcon.colcon_core.package_identification:_identify(src/rm_serial_driver) by extension 'colcon_meta'
[0.610s] Level 1:colcon.colcon_core.package_identification:_identify(src/rm_serial_driver) by extensions ['ros']
[0.610s] Level 1:colcon.colcon_core.package_identification:_identify(src/rm_serial_driver) by extension 'ros'
[0.611s] DEBUG:colcon.colcon_core.package_identification:Package 'src/rm_serial_driver' with type 'ros.ament_cmake' and name 'rm_serial_driver'
[0.611s] Level 1:colcon.colcon_core.package_identification:_identify(src/rm_vision) by extensions ['ignore', 'ignore_ament_install']
[0.611s] Level 1:colcon.colcon_core.package_identification:_identify(src/rm_vision) by extension 'ignore'
[0.611s] Level 1:colcon.colcon_core.package_identification:_identify(src/rm_vision) by extension 'ignore_ament_install'
[0.611s] Level 1:colcon.colcon_core.package_identification:_identify(src/rm_vision) by extensions ['colcon_pkg']
[0.611s] Level 1:colcon.colcon_core.package_identification:_identify(src/rm_vision) by extension 'colcon_pkg'
[0.611s] Level 1:colcon.colcon_core.package_identification:_identify(src/rm_vision) by extensions ['colcon_meta']
[0.611s] Level 1:colcon.colcon_core.package_identification:_identify(src/rm_vision) by extension 'colcon_meta'
[0.611s] Level 1:colcon.colcon_core.package_identification:_identify(src/rm_vision) by extensions ['ros']
[0.611s] Level 1:colcon.colcon_core.package_identification:_identify(src/rm_vision) by extension 'ros'
[0.611s] Level 1:colcon.colcon_core.package_identification:_identify(src/rm_vision) by extensions ['cmake', 'python']
[0.611s] Level 1:colcon.colcon_core.package_identification:_identify(src/rm_vision) by extension 'cmake'
[0.611s] Level 1:colcon.colcon_core.package_identification:_identify(src/rm_vision) by extension 'python'
[0.611s] Level 1:colcon.colcon_core.package_identification:_identify(src/rm_vision) by extensions ['python_setup_py']
[0.611s] Level 1:colcon.colcon_core.package_identification:_identify(src/rm_vision) by extension 'python_setup_py'
[0.611s] Level 1:colcon.colcon_core.package_identification:_identify(src/rm_vision/docs) by extensions ['ignore', 'ignore_ament_install']
[0.611s] Level 1:colcon.colcon_core.package_identification:_identify(src/rm_vision/docs) by extension 'ignore'
[0.611s] Level 1:colcon.colcon_core.package_identification:_identify(src/rm_vision/docs) by extension 'ignore_ament_install'
[0.611s] Level 1:colcon.colcon_core.package_identification:_identify(src/rm_vision/docs) by extensions ['colcon_pkg']
[0.611s] Level 1:colcon.colcon_core.package_identification:_identify(src/rm_vision/docs) by extension 'colcon_pkg'
[0.611s] Level 1:colcon.colcon_core.package_identification:_identify(src/rm_vision/docs) by extensions ['colcon_meta']
[0.611s] Level 1:colcon.colcon_core.package_identification:_identify(src/rm_vision/docs) by extension 'colcon_meta'
[0.611s] Level 1:colcon.colcon_core.package_identification:_identify(src/rm_vision/docs) by extensions ['ros']
[0.611s] Level 1:colcon.colcon_core.package_identification:_identify(src/rm_vision/docs) by extension 'ros'
[0.612s] Level 1:colcon.colcon_core.package_identification:_identify(src/rm_vision/docs) by extensions ['cmake', 'python']
[0.612s] Level 1:colcon.colcon_core.package_identification:_identify(src/rm_vision/docs) by extension 'cmake'
[0.612s] Level 1:colcon.colcon_core.package_identification:_identify(src/rm_vision/docs) by extension 'python'
[0.612s] Level 1:colcon.colcon_core.package_identification:_identify(src/rm_vision/docs) by extensions ['python_setup_py']
[0.612s] Level 1:colcon.colcon_core.package_identification:_identify(src/rm_vision/docs) by extension 'python_setup_py'
[0.612s] Level 1:colcon.colcon_core.package_identification:_identify(src/rm_vision/rm_vision_bringup) by extensions ['ignore', 'ignore_ament_install']
[0.612s] Level 1:colcon.colcon_core.package_identification:_identify(src/rm_vision/rm_vision_bringup) by extension 'ignore'
[0.612s] Level 1:colcon.colcon_core.package_identification:_identify(src/rm_vision/rm_vision_bringup) by extension 'ignore_ament_install'
[0.612s] Level 1:colcon.colcon_core.package_identification:_identify(src/rm_vision/rm_vision_bringup) by extensions ['colcon_pkg']
[0.612s] Level 1:colcon.colcon_core.package_identification:_identify(src/rm_vision/rm_vision_bringup) by extension 'colcon_pkg'
[0.612s] Level 1:colcon.colcon_core.package_identification:_identify(src/rm_vision/rm_vision_bringup) by extensions ['colcon_meta']
[0.612s] Level 1:colcon.colcon_core.package_identification:_identify(src/rm_vision/rm_vision_bringup) by extension 'colcon_meta'
[0.612s] Level 1:colcon.colcon_core.package_identification:_identify(src/rm_vision/rm_vision_bringup) by extensions ['ros']
[0.612s] Level 1:colcon.colcon_core.package_identification:_identify(src/rm_vision/rm_vision_bringup) by extension 'ros'
[0.612s] DEBUG:colcon.colcon_core.package_identification:Package 'src/rm_vision/rm_vision_bringup' with type 'ros.ament_cmake' and name 'rm_vision_bringup'
[0.612s] Level 1:colcon.colcon_core.package_identification:_identify(src/ros2-hik-camera) by extensions ['ignore', 'ignore_ament_install']
[0.612s] Level 1:colcon.colcon_core.package_identification:_identify(src/ros2-hik-camera) by extension 'ignore'
[0.612s] Level 1:colcon.colcon_core.package_identification:_identify(src/ros2-hik-camera) by extension 'ignore_ament_install'
[0.612s] Level 1:colcon.colcon_core.package_identification:_identify(src/ros2-hik-camera) by extensions ['colcon_pkg']
[0.612s] Level 1:colcon.colcon_core.package_identification:_identify(src/ros2-hik-camera) by extension 'colcon_pkg'
[0.612s] Level 1:colcon.colcon_core.package_identification:_identify(src/ros2-hik-camera) by extensions ['colcon_meta']
[0.612s] Level 1:colcon.colcon_core.package_identification:_identify(src/ros2-hik-camera) by extension 'colcon_meta'
[0.612s] Level 1:colcon.colcon_core.package_identification:_identify(src/ros2-hik-camera) by extensions ['ros']
[0.612s] Level 1:colcon.colcon_core.package_identification:_identify(src/ros2-hik-camera) by extension 'ros'
[0.613s] DEBUG:colcon.colcon_core.package_identification:Package 'src/ros2-hik-camera' with type 'ros.ament_cmake' and name 'hik_camera'
[0.613s] Level 1:colcon.colcon_core.package_identification:_identify(src/ros2-mindvision-camera) by extensions ['ignore', 'ignore_ament_install']
[0.613s] Level 1:colcon.colcon_core.package_identification:_identify(src/ros2-mindvision-camera) by extension 'ignore'
[0.613s] Level 1:colcon.colcon_core.package_identification:_identify(src/ros2-mindvision-camera) by extension 'ignore_ament_install'
[0.613s] Level 1:colcon.colcon_core.package_identification:_identify(src/ros2-mindvision-camera) by extensions ['colcon_pkg']
[0.613s] Level 1:colcon.colcon_core.package_identification:_identify(src/ros2-mindvision-camera) by extension 'colcon_pkg'
[0.613s] Level 1:colcon.colcon_core.package_identification:_identify(src/ros2-mindvision-camera) by extensions ['colcon_meta']
[0.613s] Level 1:colcon.colcon_core.package_identification:_identify(src/ros2-mindvision-camera) by extension 'colcon_meta'
[0.613s] Level 1:colcon.colcon_core.package_identification:_identify(src/ros2-mindvision-camera) by extensions ['ros']
[0.613s] Level 1:colcon.colcon_core.package_identification:_identify(src/ros2-mindvision-camera) by extension 'ros'
[0.614s] DEBUG:colcon.colcon_core.package_identification:Package 'src/ros2-mindvision-camera' with type 'ros.ament_cmake' and name 'mindvision_camera'
[0.614s] Level 1:colcon.colcon_core.package_discovery:discover_packages(recursive) using defaults
[0.614s] Level 1:colcon.colcon_core.package_discovery:discover_packages(ignore) discover
[0.614s] Level 1:colcon.colcon_core.package_discovery:discover_packages(ignore) using defaults
[0.614s] Level 1:colcon.colcon_core.package_discovery:discover_packages(path) discover
[0.614s] Level 1:colcon.colcon_core.package_discovery:discover_packages(path) using defaults
[0.666s] Level 1:colcon.colcon_core.package_discovery:discover_packages(prefix_path) check parameters
[0.666s] Level 1:colcon.colcon_core.package_discovery:discover_packages(prefix_path) discover
[0.682s] DEBUG:colcon.colcon_installed_package_information.package_discovery:Found 286 installed packages in /opt/ros/humble
[0.683s] Level 1:colcon.colcon_core.package_discovery:discover_packages(prefix_path) using defaults
[0.732s] Level 5:colcon.colcon_core.verb:set package 'auto_aim_interfaces' build argument 'cmake_args' from command line to 'None'
[0.732s] Level 5:colcon.colcon_core.verb:set package 'auto_aim_interfaces' build argument 'cmake_target' from command line to 'None'
[0.732s] Level 5:colcon.colcon_core.verb:set package 'auto_aim_interfaces' build argument 'cmake_target_skip_unavailable' from command line to 'False'
[0.732s] Level 5:colcon.colcon_core.verb:set package 'auto_aim_interfaces' build argument 'cmake_clean_cache' from command line to 'False'
[0.732s] Level 5:colcon.colcon_core.verb:set package 'auto_aim_interfaces' build argument 'cmake_clean_first' from command line to 'False'
[0.732s] Level 5:colcon.colcon_core.verb:set package 'auto_aim_interfaces' build argument 'cmake_force_configure' from command line to 'False'
[0.733s] Level 5:colcon.colcon_core.verb:set package 'auto_aim_interfaces' build argument 'ament_cmake_args' from command line to 'None'
[0.733s] Level 5:colcon.colcon_core.verb:set package 'auto_aim_interfaces' build argument 'catkin_cmake_args' from command line to 'None'
[0.733s] Level 5:colcon.colcon_core.verb:set package 'auto_aim_interfaces' build argument 'catkin_skip_building_tests' from command line to 'False'
[0.733s] DEBUG:colcon.colcon_core.verb:Building package 'auto_aim_interfaces' with the following arguments: {'ament_cmake_args': None, 'build_base': '/home/wjrgfdy/rm_ws/build/auto_aim_interfaces', 'catkin_cmake_args': None, 'catkin_skip_building_tests': False, 'cmake_args': None, 'cmake_clean_cache': False, 'cmake_clean_first': False, 'cmake_force_configure': False, 'cmake_target': None, 'cmake_target_skip_unavailable': False, 'install_base': '/home/wjrgfdy/rm_ws/install/auto_aim_interfaces', 'merge_install': False, 'path': '/home/wjrgfdy/rm_ws/src/rm_auto_aim/auto_aim_interfaces', 'symlink_install': True, 'test_result_base': None}
[0.739s] Level 5:colcon.colcon_core.verb:set package 'hik_camera' build argument 'cmake_args' from command line to 'None'
[0.739s] Level 5:colcon.colcon_core.verb:set package 'hik_camera' build argument 'cmake_target' from command line to 'None'
[0.739s] Level 5:colcon.colcon_core.verb:set package 'hik_camera' build argument 'cmake_target_skip_unavailable' from command line to 'False'
[0.739s] Level 5:colcon.colcon_core.verb:set package 'hik_camera' build argument 'cmake_clean_cache' from command line to 'False'
[0.739s] Level 5:colcon.colcon_core.verb:set package 'hik_camera' build argument 'cmake_clean_first' from command line to 'False'
[0.739s] Level 5:colcon.colcon_core.verb:set package 'hik_camera' build argument 'cmake_force_configure' from command line to 'False'
[0.739s] Level 5:colcon.colcon_core.verb:set package 'hik_camera' build argument 'ament_cmake_args' from command line to 'None'
[0.739s] Level 5:colcon.colcon_core.verb:set package 'hik_camera' build argument 'catkin_cmake_args' from command line to 'None'
[0.739s] Level 5:colcon.colcon_core.verb:set package 'hik_camera' build argument 'catkin_skip_building_tests' from command line to 'False'
[0.739s] DEBUG:colcon.colcon_core.verb:Building package 'hik_camera' with the following arguments: {'ament_cmake_args': None, 'build_base': '/home/wjrgfdy/rm_ws/build/hik_camera', 'catkin_cmake_args': None, 'catkin_skip_building_tests': False, 'cmake_args': None, 'cmake_clean_cache': False, 'cmake_clean_first': False, 'cmake_force_configure': False, 'cmake_target': None, 'cmake_target_skip_unavailable': False, 'install_base': '/home/wjrgfdy/rm_ws/install/hik_camera', 'merge_install': False, 'path': '/home/wjrgfdy/rm_ws/src/ros2-hik-camera', 'symlink_install': True, 'test_result_base': None}
[0.746s] Level 5:colcon.colcon_core.verb:set package 'mindvision_camera' build argument 'cmake_args' from command line to 'None'
[0.746s] Level 5:colcon.colcon_core.verb:set package 'mindvision_camera' build argument 'cmake_target' from command line to 'None'
[0.746s] Level 5:colcon.colcon_core.verb:set package 'mindvision_camera' build argument 'cmake_target_skip_unavailable' from command line to 'False'
[0.746s] Level 5:colcon.colcon_core.verb:set package 'mindvision_camera' build argument 'cmake_clean_cache' from command line to 'False'
[0.746s] Level 5:colcon.colcon_core.verb:set package 'mindvision_camera' build argument 'cmake_clean_first' from command line to 'False'
[0.746s] Level 5:colcon.colcon_core.verb:set package 'mindvision_camera' build argument 'cmake_force_configure' from command line to 'False'
[0.746s] Level 5:colcon.colcon_core.verb:set package 'mindvision_camera' build argument 'ament_cmake_args' from command line to 'None'
[0.746s] Level 5:colcon.colcon_core.verb:set package 'mindvision_camera' build argument 'catkin_cmake_args' from command line to 'None'
[0.746s] Level 5:colcon.colcon_core.verb:set package 'mindvision_camera' build argument 'catkin_skip_building_tests' from command line to 'False'
[0.746s] DEBUG:colcon.colcon_core.verb:Building package 'mindvision_camera' with the following arguments: {'ament_cmake_args': None, 'build_base': '/home/wjrgfdy/rm_ws/build/mindvision_camera', 'catkin_cmake_args': None, 'catkin_skip_building_tests': False, 'cmake_args': None, 'cmake_clean_cache': False, 'cmake_clean_first': False, 'cmake_force_configure': False, 'cmake_target': None, 'cmake_target_skip_unavailable': False, 'install_base': '/home/wjrgfdy/rm_ws/install/mindvision_camera', 'merge_install': False, 'path': '/home/wjrgfdy/rm_ws/src/ros2-mindvision-camera', 'symlink_install': True, 'test_result_base': None}
[0.753s] Level 5:colcon.colcon_core.verb:set package 'rm_gimbal_description' build argument 'cmake_args' from command line to 'None'
[0.753s] Level 5:colcon.colcon_core.verb:set package 'rm_gimbal_description' build argument 'cmake_target' from command line to 'None'
[0.753s] Level 5:colcon.colcon_core.verb:set package 'rm_gimbal_description' build argument 'cmake_target_skip_unavailable' from command line to 'False'
[0.753s] Level 5:colcon.colcon_core.verb:set package 'rm_gimbal_description' build argument 'cmake_clean_cache' from command line to 'False'
[0.753s] Level 5:colcon.colcon_core.verb:set package 'rm_gimbal_description' build argument 'cmake_clean_first' from command line to 'False'
[0.753s] Level 5:colcon.colcon_core.verb:set package 'rm_gimbal_description' build argument 'cmake_force_configure' from command line to 'False'
[0.753s] Level 5:colcon.colcon_core.verb:set package 'rm_gimbal_description' build argument 'ament_cmake_args' from command line to 'None'
[0.753s] Level 5:colcon.colcon_core.verb:set package 'rm_gimbal_description' build argument 'catkin_cmake_args' from command line to 'None'
[0.753s] Level 5:colcon.colcon_core.verb:set package 'rm_gimbal_description' build argument 'catkin_skip_building_tests' from command line to 'False'
[0.753s] DEBUG:colcon.colcon_core.verb:Building package 'rm_gimbal_description' with the following arguments: {'ament_cmake_args': None, 'build_base': '/home/wjrgfdy/rm_ws/build/rm_gimbal_description', 'catkin_cmake_args': None, 'catkin_skip_building_tests': False, 'cmake_args': None, 'cmake_clean_cache': False, 'cmake_clean_first': False, 'cmake_force_configure': False, 'cmake_target': None, 'cmake_target_skip_unavailable': False, 'install_base': '/home/wjrgfdy/rm_ws/install/rm_gimbal_description', 'merge_install': False, 'path': '/home/wjrgfdy/rm_ws/src/rm_gimbal_description', 'symlink_install': True, 'test_result_base': None}
[0.760s] Level 5:colcon.colcon_core.verb:set package 'armor_detector' build argument 'cmake_args' from command line to 'None'
[0.760s] Level 5:colcon.colcon_core.verb:set package 'armor_detector' build argument 'cmake_target' from command line to 'None'
[0.760s] Level 5:colcon.colcon_core.verb:set package 'armor_detector' build argument 'cmake_target_skip_unavailable' from command line to 'False'
[0.760s] Level 5:colcon.colcon_core.verb:set package 'armor_detector' build argument 'cmake_clean_cache' from command line to 'False'
[0.760s] Level 5:colcon.colcon_core.verb:set package 'armor_detector' build argument 'cmake_clean_first' from command line to 'False'
[0.760s] Level 5:colcon.colcon_core.verb:set package 'armor_detector' build argument 'cmake_force_configure' from command line to 'False'
[0.760s] Level 5:colcon.colcon_core.verb:set package 'armor_detector' build argument 'ament_cmake_args' from command line to 'None'
[0.760s] Level 5:colcon.colcon_core.verb:set package 'armor_detector' build argument 'catkin_cmake_args' from command line to 'None'
[0.760s] Level 5:colcon.colcon_core.verb:set package 'armor_detector' build argument 'catkin_skip_building_tests' from command line to 'False'
[0.760s] DEBUG:colcon.colcon_core.verb:Building package 'armor_detector' with the following arguments: {'ament_cmake_args': None, 'build_base': '/home/wjrgfdy/rm_ws/build/armor_detector', 'catkin_cmake_args': None, 'catkin_skip_building_tests': False, 'cmake_args': None, 'cmake_clean_cache': False, 'cmake_clean_first': False, 'cmake_force_configure': False, 'cmake_target': None, 'cmake_target_skip_unavailable': False, 'install_base': '/home/wjrgfdy/rm_ws/install/armor_detector', 'merge_install': False, 'path': '/home/wjrgfdy/rm_ws/src/rm_auto_aim/armor_detector', 'symlink_install': True, 'test_result_base': None}
[0.767s] Level 5:colcon.colcon_core.verb:set package 'armor_tracker' build argument 'cmake_args' from command line to 'None'
[0.767s] Level 5:colcon.colcon_core.verb:set package 'armor_tracker' build argument 'cmake_target' from command line to 'None'
[0.767s] Level 5:colcon.colcon_core.verb:set package 'armor_tracker' build argument 'cmake_target_skip_unavailable' from command line to 'False'
[0.767s] Level 5:colcon.colcon_core.verb:set package 'armor_tracker' build argument 'cmake_clean_cache' from command line to 'False'
[0.767s] Level 5:colcon.colcon_core.verb:set package 'armor_tracker' build argument 'cmake_clean_first' from command line to 'False'
[0.767s] Level 5:colcon.colcon_core.verb:set package 'armor_tracker' build argument 'cmake_force_configure' from command line to 'False'
[0.767s] Level 5:colcon.colcon_core.verb:set package 'armor_tracker' build argument 'ament_cmake_args' from command line to 'None'
[0.767s] Level 5:colcon.colcon_core.verb:set package 'armor_tracker' build argument 'catkin_cmake_args' from command line to 'None'
[0.767s] Level 5:colcon.colcon_core.verb:set package 'armor_tracker' build argument 'catkin_skip_building_tests' from command line to 'False'
[0.767s] DEBUG:colcon.colcon_core.verb:Building package 'armor_tracker' with the following arguments: {'ament_cmake_args': None, 'build_base': '/home/wjrgfdy/rm_ws/build/armor_tracker', 'catkin_cmake_args': None, 'catkin_skip_building_tests': False, 'cmake_args': None, 'cmake_clean_cache': False, 'cmake_clean_first': False, 'cmake_force_configure': False, 'cmake_target': None, 'cmake_target_skip_unavailable': False, 'install_base': '/home/wjrgfdy/rm_ws/install/armor_tracker', 'merge_install': False, 'path': '/home/wjrgfdy/rm_ws/src/rm_auto_aim/armor_tracker', 'symlink_install': True, 'test_result_base': None}
[0.773s] Level 5:colcon.colcon_core.verb:set package 'rm_serial_driver' build argument 'cmake_args' from command line to 'None'
[0.774s] Level 5:colcon.colcon_core.verb:set package 'rm_serial_driver' build argument 'cmake_target' from command line to 'None'
[0.774s] Level 5:colcon.colcon_core.verb:set package 'rm_serial_driver' build argument 'cmake_target_skip_unavailable' from command line to 'False'
[0.774s] Level 5:colcon.colcon_core.verb:set package 'rm_serial_driver' build argument 'cmake_clean_cache' from command line to 'False'
[0.774s] Level 5:colcon.colcon_core.verb:set package 'rm_serial_driver' build argument 'cmake_clean_first' from command line to 'False'
[0.774s] Level 5:colcon.colcon_core.verb:set package 'rm_serial_driver' build argument 'cmake_force_configure' from command line to 'False'
[0.774s] Level 5:colcon.colcon_core.verb:set package 'rm_serial_driver' build argument 'ament_cmake_args' from command line to 'None'
[0.774s] Level 5:colcon.colcon_core.verb:set package 'rm_serial_driver' build argument 'catkin_cmake_args' from command line to 'None'
[0.774s] Level 5:colcon.colcon_core.verb:set package 'rm_serial_driver' build argument 'catkin_skip_building_tests' from command line to 'False'
[0.774s] DEBUG:colcon.colcon_core.verb:Building package 'rm_serial_driver' with the following arguments: {'ament_cmake_args': None, 'build_base': '/home/wjrgfdy/rm_ws/build/rm_serial_driver', 'catkin_cmake_args': None, 'catkin_skip_building_tests': False, 'cmake_args': None, 'cmake_clean_cache': False, 'cmake_clean_first': False, 'cmake_force_configure': False, 'cmake_target': None, 'cmake_target_skip_unavailable': False, 'install_base': '/home/wjrgfdy/rm_ws/install/rm_serial_driver', 'merge_install': False, 'path': '/home/wjrgfdy/rm_ws/src/rm_serial_driver', 'symlink_install': True, 'test_result_base': None}
[0.780s] Level 5:colcon.colcon_core.verb:set package 'rm_auto_aim' build argument 'cmake_args' from command line to 'None'
[0.780s] Level 5:colcon.colcon_core.verb:set package 'rm_auto_aim' build argument 'cmake_target' from command line to 'None'
[0.780s] Level 5:colcon.colcon_core.verb:set package 'rm_auto_aim' build argument 'cmake_target_skip_unavailable' from command line to 'False'
[0.780s] Level 5:colcon.colcon_core.verb:set package 'rm_auto_aim' build argument 'cmake_clean_cache' from command line to 'False'
[0.780s] Level 5:colcon.colcon_core.verb:set package 'rm_auto_aim' build argument 'cmake_clean_first' from command line to 'False'
[0.780s] Level 5:colcon.colcon_core.verb:set package 'rm_auto_aim' build argument 'cmake_force_configure' from command line to 'False'
[0.780s] Level 5:colcon.colcon_core.verb:set package 'rm_auto_aim' build argument 'ament_cmake_args' from command line to 'None'
[0.780s] Level 5:colcon.colcon_core.verb:set package 'rm_auto_aim' build argument 'catkin_cmake_args' from command line to 'None'
[0.780s] Level 5:colcon.colcon_core.verb:set package 'rm_auto_aim' build argument 'catkin_skip_building_tests' from command line to 'False'
[0.780s] DEBUG:colcon.colcon_core.verb:Building package 'rm_auto_aim' with the following arguments: {'ament_cmake_args': None, 'build_base': '/home/wjrgfdy/rm_ws/build/rm_auto_aim', 'catkin_cmake_args': None, 'catkin_skip_building_tests': False, 'cmake_args': None, 'cmake_clean_cache': False, 'cmake_clean_first': False, 'cmake_force_configure': False, 'cmake_target': None, 'cmake_target_skip_unavailable': False, 'install_base': '/home/wjrgfdy/rm_ws/install/rm_auto_aim', 'merge_install': False, 'path': '/home/wjrgfdy/rm_ws/src/rm_auto_aim/rm_auto_aim', 'symlink_install': True, 'test_result_base': None}
[0.787s] Level 5:colcon.colcon_core.verb:set package 'rm_vision_bringup' build argument 'cmake_args' from command line to 'None'
[0.787s] Level 5:colcon.colcon_core.verb:set package 'rm_vision_bringup' build argument 'cmake_target' from command line to 'None'
[0.787s] Level 5:colcon.colcon_core.verb:set package 'rm_vision_bringup' build argument 'cmake_target_skip_unavailable' from command line to 'False'
[0.787s] Level 5:colcon.colcon_core.verb:set package 'rm_vision_bringup' build argument 'cmake_clean_cache' from command line to 'False'
[0.787s] Level 5:colcon.colcon_core.verb:set package 'rm_vision_bringup' build argument 'cmake_clean_first' from command line to 'False'
[0.787s] Level 5:colcon.colcon_core.verb:set package 'rm_vision_bringup' build argument 'cmake_force_configure' from command line to 'False'
[0.787s] Level 5:colcon.colcon_core.verb:set package 'rm_vision_bringup' build argument 'ament_cmake_args' from command line to 'None'
[0.787s] Level 5:colcon.colcon_core.verb:set package 'rm_vision_bringup' build argument 'catkin_cmake_args' from command line to 'None'
[0.787s] Level 5:colcon.colcon_core.verb:set package 'rm_vision_bringup' build argument 'catkin_skip_building_tests' from command line to 'False'
[0.787s] DEBUG:colcon.colcon_core.verb:Building package 'rm_vision_bringup' with the following arguments: {'ament_cmake_args': None, 'build_base': '/home/wjrgfdy/rm_ws/build/rm_vision_bringup', 'catkin_cmake_args': None, 'catkin_skip_building_tests': False, 'cmake_args': None, 'cmake_clean_cache': False, 'cmake_clean_first': False, 'cmake_force_configure': False, 'cmake_target': None, 'cmake_target_skip_unavailable': False, 'install_base': '/home/wjrgfdy/rm_ws/install/rm_vision_bringup', 'merge_install': False, 'path': '/home/wjrgfdy/rm_ws/src/rm_vision/rm_vision_bringup', 'symlink_install': True, 'test_result_base': None}
[0.794s] INFO:colcon.colcon_core.executor:Executing jobs using 'parallel' executor
[0.801s] DEBUG:colcon.colcon_parallel_executor.executor.parallel:run_until_complete
[0.801s] INFO:colcon.colcon_ros.task.ament_cmake.build:Building ROS package in '/home/wjrgfdy/rm_ws/src/rm_auto_aim/auto_aim_interfaces' with build type 'ament_cmake'
[0.801s] INFO:colcon.colcon_cmake.task.cmake.build:Building CMake package in '/home/wjrgfdy/rm_ws/src/rm_auto_aim/auto_aim_interfaces'
[0.816s] INFO:colcon.colcon_core.plugin_system:Skipping extension 'colcon_core.shell.bat': Not used on non-Windows systems
[0.816s] INFO:colcon.colcon_core.shell:Skip shell extension 'powershell' for command environment: Not usable outside of PowerShell
[0.816s] DEBUG:colcon.colcon_core.shell:Skip shell extension 'dsv' for command environment
[0.831s] INFO:colcon.colcon_ros.task.ament_cmake.build:Building ROS package in '/home/wjrgfdy/rm_ws/src/ros2-hik-camera' with build type 'ament_cmake'
[0.832s] INFO:colcon.colcon_cmake.task.cmake.build:Building CMake package in '/home/wjrgfdy/rm_ws/src/ros2-hik-camera'
[0.839s] INFO:colcon.colcon_core.shell:Skip shell extension 'powershell' for command environment: Not usable outside of PowerShell
[0.839s] DEBUG:colcon.colcon_core.shell:Skip shell extension 'dsv' for command environment
[0.854s] INFO:colcon.colcon_ros.task.ament_cmake.build:Building ROS package in '/home/wjrgfdy/rm_ws/src/ros2-mindvision-camera' with build type 'ament_cmake'
[0.854s] INFO:colcon.colcon_cmake.task.cmake.build:Building CMake package in '/home/wjrgfdy/rm_ws/src/ros2-mindvision-camera'
[0.861s] INFO:colcon.colcon_core.shell:Skip shell extension 'powershell' for command environment: Not usable outside of PowerShell
[0.861s] DEBUG:colcon.colcon_core.shell:Skip shell extension 'dsv' for command environment
[0.876s] INFO:colcon.colcon_ros.task.ament_cmake.build:Building ROS package in '/home/wjrgfdy/rm_ws/src/rm_gimbal_description' with build type 'ament_cmake'
[0.876s] INFO:colcon.colcon_cmake.task.cmake.build:Building CMake package in '/home/wjrgfdy/rm_ws/src/rm_gimbal_description'
[0.883s] INFO:colcon.colcon_core.shell:Skip shell extension 'powershell' for command environment: Not usable outside of PowerShell
[0.883s] DEBUG:colcon.colcon_core.shell:Skip shell extension 'dsv' for command environment
[0.901s] DEBUG:colcon.colcon_core.event_handler.log_command:Invoking command in '/home/wjrgfdy/rm_ws/build/auto_aim_interfaces': CMAKE_PREFIX_PATH=/opt/ros/humble _=/usr/bin/env /usr/local/bin/cmake /home/wjrgfdy/rm_ws/src/rm_auto_aim/auto_aim_interfaces -DAMENT_CMAKE_SYMLINK_INSTALL=1 -DCMAKE_INSTALL_PREFIX=/home/wjrgfdy/rm_ws/install/auto_aim_interfaces
[0.906s] DEBUG:colcon.colcon_core.event_handler.log_command:Invoking command in '/home/wjrgfdy/rm_ws/build/hik_camera': CMAKE_PREFIX_PATH=/opt/ros/humble _=/usr/bin/env /usr/local/bin/cmake /home/wjrgfdy/rm_ws/src/ros2-hik-camera -DAMENT_CMAKE_SYMLINK_INSTALL=1 -DCMAKE_INSTALL_PREFIX=/home/wjrgfdy/rm_ws/install/hik_camera
[0.907s] DEBUG:colcon.colcon_core.event_handler.log_command:Invoking command in '/home/wjrgfdy/rm_ws/build/mindvision_camera': CMAKE_PREFIX_PATH=/opt/ros/humble _=/usr/bin/env /usr/local/bin/cmake /home/wjrgfdy/rm_ws/src/ros2-mindvision-camera -DAMENT_CMAKE_SYMLINK_INSTALL=1 -DCMAKE_INSTALL_PREFIX=/home/wjrgfdy/rm_ws/install/mindvision_camera
[0.908s] DEBUG:colcon.colcon_core.event_handler.log_command:Invoking command in '/home/wjrgfdy/rm_ws/build/rm_gimbal_description': CMAKE_PREFIX_PATH=/opt/ros/humble _=/usr/bin/env /usr/local/bin/cmake /home/wjrgfdy/rm_ws/src/rm_gimbal_description -DAMENT_CMAKE_SYMLINK_INSTALL=1 -DCMAKE_INSTALL_PREFIX=/home/wjrgfdy/rm_ws/install/rm_gimbal_description
[1.652s] DEBUG:colcon.colcon_core.event_handler.log_command:Invoked command in '/home/wjrgfdy/rm_ws/build/rm_gimbal_description' returned '0': CMAKE_PREFIX_PATH=/opt/ros/humble _=/usr/bin/env /usr/local/bin/cmake /home/wjrgfdy/rm_ws/src/rm_gimbal_description -DAMENT_CMAKE_SYMLINK_INSTALL=1 -DCMAKE_INSTALL_PREFIX=/home/wjrgfdy/rm_ws/install/rm_gimbal_description
[1.654s] DEBUG:colcon.colcon_core.event_handler.log_command:Invoking command in '/home/wjrgfdy/rm_ws/build/rm_gimbal_description': CMAKE_PREFIX_PATH=/opt/ros/humble _=/usr/bin/env /usr/local/bin/cmake --build /home/wjrgfdy/rm_ws/build/rm_gimbal_description -- -j12 -l12
[1.669s] DEBUG:colcon.colcon_core.event_handler.log_command:Invoked command in '/home/wjrgfdy/rm_ws/build/rm_gimbal_description' returned '0': CMAKE_PREFIX_PATH=/opt/ros/humble _=/usr/bin/env /usr/local/bin/cmake --build /home/wjrgfdy/rm_ws/build/rm_gimbal_description -- -j12 -l12
[1.686s] DEBUG:colcon.colcon_core.event_handler.log_command:Invoking command in '/home/wjrgfdy/rm_ws/build/rm_gimbal_description': CMAKE_PREFIX_PATH=/opt/ros/humble _=/usr/bin/env /usr/local/bin/cmake --install /home/wjrgfdy/rm_ws/build/rm_gimbal_description
[1.739s] Level 1:colcon.colcon_core.environment:create_environment_scripts_only(rm_gimbal_description)
[1.739s] DEBUG:colcon.colcon_core.event_handler.log_command:Invoked command in '/home/wjrgfdy/rm_ws/build/rm_gimbal_description' returned '0': CMAKE_PREFIX_PATH=/opt/ros/humble _=/usr/bin/env /usr/local/bin/cmake --install /home/wjrgfdy/rm_ws/build/rm_gimbal_description
[1.768s] Level 1:colcon.colcon_core.environment:checking '/home/wjrgfdy/rm_ws/install/rm_gimbal_description' for CMake module files
[1.769s] Level 1:colcon.colcon_core.environment:checking '/home/wjrgfdy/rm_ws/install/rm_gimbal_description' for CMake config files
[1.769s] Level 1:colcon.colcon_core.shell:create_environment_hook('rm_gimbal_description', 'cmake_prefix_path')
[1.784s] INFO:colcon.colcon_core.shell:Creating environment hook '/home/wjrgfdy/rm_ws/install/rm_gimbal_description/share/rm_gimbal_description/hook/cmake_prefix_path.ps1'
[1.785s] INFO:colcon.colcon_core.shell:Creating environment descriptor '/home/wjrgfdy/rm_ws/install/rm_gimbal_description/share/rm_gimbal_description/hook/cmake_prefix_path.dsv'
[1.785s] INFO:colcon.colcon_core.shell:Creating environment hook '/home/wjrgfdy/rm_ws/install/rm_gimbal_description/share/rm_gimbal_description/hook/cmake_prefix_path.sh'
[1.787s] Level 1:colcon.colcon_core.environment:checking '/home/wjrgfdy/rm_ws/install/rm_gimbal_description/bin'
[1.787s] Level 1:colcon.colcon_core.environment:checking '/home/wjrgfdy/rm_ws/install/rm_gimbal_description/lib/pkgconfig/rm_gimbal_description.pc'
[1.787s] Level 1:colcon.colcon_core.environment:checking '/home/wjrgfdy/rm_ws/install/rm_gimbal_description/lib/python3.10/site-packages'
[1.787s] Level 1:colcon.colcon_core.environment:checking '/home/wjrgfdy/rm_ws/install/rm_gimbal_description/bin'
[1.803s] INFO:colcon.colcon_core.shell:Creating package script '/home/wjrgfdy/rm_ws/install/rm_gimbal_description/share/rm_gimbal_description/package.ps1'
[1.804s] INFO:colcon.colcon_core.shell:Creating package descriptor '/home/wjrgfdy/rm_ws/install/rm_gimbal_description/share/rm_gimbal_description/package.dsv'
[1.805s] INFO:colcon.colcon_core.shell:Creating package script '/home/wjrgfdy/rm_ws/install/rm_gimbal_description/share/rm_gimbal_description/package.sh'
[1.805s] INFO:colcon.colcon_core.shell:Creating package script '/home/wjrgfdy/rm_ws/install/rm_gimbal_description/share/rm_gimbal_description/package.bash'
[1.806s] INFO:colcon.colcon_core.shell:Creating package script '/home/wjrgfdy/rm_ws/install/rm_gimbal_description/share/rm_gimbal_description/package.zsh'
[1.807s] Level 1:colcon.colcon_core.environment:create_file_with_runtime_dependencies(/home/wjrgfdy/rm_ws/install/rm_gimbal_description/share/colcon-core/packages/rm_gimbal_description)
[1.827s] Level 1:colcon.colcon_core.environment:create_environment_scripts_only(rm_gimbal_description)
[1.835s] Level 1:colcon.colcon_core.environment:checking '/home/wjrgfdy/rm_ws/install/rm_gimbal_description' for CMake module files
[1.835s] Level 1:colcon.colcon_core.environment:checking '/home/wjrgfdy/rm_ws/install/rm_gimbal_description' for CMake config files
[1.836s] Level 1:colcon.colcon_core.shell:create_environment_hook('rm_gimbal_description', 'cmake_prefix_path')
[1.843s] INFO:colcon.colcon_core.shell:Creating environment hook '/home/wjrgfdy/rm_ws/install/rm_gimbal_description/share/rm_gimbal_description/hook/cmake_prefix_path.ps1'
[1.843s] INFO:colcon.colcon_core.shell:Creating environment descriptor '/home/wjrgfdy/rm_ws/install/rm_gimbal_description/share/rm_gimbal_description/hook/cmake_prefix_path.dsv'
[1.843s] INFO:colcon.colcon_core.shell:Creating environment hook '/home/wjrgfdy/rm_ws/install/rm_gimbal_description/share/rm_gimbal_description/hook/cmake_prefix_path.sh'
[1.844s] Level 1:colcon.colcon_core.environment:checking '/home/wjrgfdy/rm_ws/install/rm_gimbal_description/bin'
[1.844s] Level 1:colcon.colcon_core.environment:checking '/home/wjrgfdy/rm_ws/install/rm_gimbal_description/lib/pkgconfig/rm_gimbal_description.pc'
[1.844s] Level 1:colcon.colcon_core.environment:checking '/home/wjrgfdy/rm_ws/install/rm_gimbal_description/lib/python3.10/site-packages'
[1.844s] Level 1:colcon.colcon_core.environment:checking '/home/wjrgfdy/rm_ws/install/rm_gimbal_description/bin'
[1.851s] INFO:colcon.colcon_core.shell:Creating package script '/home/wjrgfdy/rm_ws/install/rm_gimbal_description/share/rm_gimbal_description/package.ps1'
[1.852s] INFO:colcon.colcon_core.shell:Creating package descriptor '/home/wjrgfdy/rm_ws/install/rm_gimbal_description/share/rm_gimbal_description/package.dsv'
[1.852s] INFO:colcon.colcon_core.shell:Creating package script '/home/wjrgfdy/rm_ws/install/rm_gimbal_description/share/rm_gimbal_description/package.sh'
[1.852s] INFO:colcon.colcon_core.shell:Creating package script '/home/wjrgfdy/rm_ws/install/rm_gimbal_description/share/rm_gimbal_description/package.bash'
[1.852s] INFO:colcon.colcon_core.shell:Creating package script '/home/wjrgfdy/rm_ws/install/rm_gimbal_description/share/rm_gimbal_description/package.zsh'
[1.853s] Level 1:colcon.colcon_core.environment:create_file_with_runtime_dependencies(/home/wjrgfdy/rm_ws/install/rm_gimbal_description/share/colcon-core/packages/rm_gimbal_description)
[2.385s] DEBUG:colcon.colcon_core.event_handler.log_command:Invoked command in '/home/wjrgfdy/rm_ws/build/hik_camera' returned '0': CMAKE_PREFIX_PATH=/opt/ros/humble _=/usr/bin/env /usr/local/bin/cmake /home/wjrgfdy/rm_ws/src/ros2-hik-camera -DAMENT_CMAKE_SYMLINK_INSTALL=1 -DCMAKE_INSTALL_PREFIX=/home/wjrgfdy/rm_ws/install/hik_camera
[2.386s] DEBUG:colcon.colcon_core.event_handler.log_command:Invoking command in '/home/wjrgfdy/rm_ws/build/hik_camera': CMAKE_PREFIX_PATH=/opt/ros/humble _=/usr/bin/env /usr/local/bin/cmake --build /home/wjrgfdy/rm_ws/build/hik_camera -- -j12 -l12
[2.544s] DEBUG:colcon.colcon_core.event_handler.log_command:Invoked command in '/home/wjrgfdy/rm_ws/build/mindvision_camera' returned '0': CMAKE_PREFIX_PATH=/opt/ros/humble _=/usr/bin/env /usr/local/bin/cmake /home/wjrgfdy/rm_ws/src/ros2-mindvision-camera -DAMENT_CMAKE_SYMLINK_INSTALL=1 -DCMAKE_INSTALL_PREFIX=/home/wjrgfdy/rm_ws/install/mindvision_camera
[2.546s] DEBUG:colcon.colcon_core.event_handler.log_command:Invoking command in '/home/wjrgfdy/rm_ws/build/mindvision_camera': CMAKE_PREFIX_PATH=/opt/ros/humble _=/usr/bin/env /usr/local/bin/cmake --build /home/wjrgfdy/rm_ws/build/mindvision_camera -- -j12 -l12
[3.244s] DEBUG:colcon.colcon_core.event_handler.log_command:Invoked command in '/home/wjrgfdy/rm_ws/build/auto_aim_interfaces' returned '0': CMAKE_PREFIX_PATH=/opt/ros/humble _=/usr/bin/env /usr/local/bin/cmake /home/wjrgfdy/rm_ws/src/rm_auto_aim/auto_aim_interfaces -DAMENT_CMAKE_SYMLINK_INSTALL=1 -DCMAKE_INSTALL_PREFIX=/home/wjrgfdy/rm_ws/install/auto_aim_interfaces
[3.245s] DEBUG:colcon.colcon_core.event_handler.log_command:Invoking command in '/home/wjrgfdy/rm_ws/build/auto_aim_interfaces': CMAKE_PREFIX_PATH=/opt/ros/humble _=/usr/bin/env /usr/local/bin/cmake --build /home/wjrgfdy/rm_ws/build/auto_aim_interfaces -- -j12 -l12
[6.611s] DEBUG:colcon.colcon_core.event_handler.log_command:Invoked command in '/home/wjrgfdy/rm_ws/build/hik_camera' returned '0': CMAKE_PREFIX_PATH=/opt/ros/humble _=/usr/bin/env /usr/local/bin/cmake --build /home/wjrgfdy/rm_ws/build/hik_camera -- -j12 -l12
[6.632s] DEBUG:colcon.colcon_core.event_handler.log_command:Invoking command in '/home/wjrgfdy/rm_ws/build/hik_camera': CMAKE_PREFIX_PATH=/opt/ros/humble _=/usr/bin/env /usr/local/bin/cmake --install /home/wjrgfdy/rm_ws/build/hik_camera
[6.643s] DEBUG:colcon.colcon_core.event_handler.log_command:Invoked command in '/home/wjrgfdy/rm_ws/build/mindvision_camera' returned '0': CMAKE_PREFIX_PATH=/opt/ros/humble _=/usr/bin/env /usr/local/bin/cmake --build /home/wjrgfdy/rm_ws/build/mindvision_camera -- -j12 -l12
[6.667s] DEBUG:colcon.colcon_core.event_handler.log_command:Invoking command in '/home/wjrgfdy/rm_ws/build/mindvision_camera': CMAKE_PREFIX_PATH=/opt/ros/humble _=/usr/bin/env /usr/local/bin/cmake --install /home/wjrgfdy/rm_ws/build/mindvision_camera
[6.713s] Level 1:colcon.colcon_core.environment:create_environment_scripts_only(hik_camera)
[6.713s] DEBUG:colcon.colcon_core.event_handler.log_command:Invoked command in '/home/wjrgfdy/rm_ws/build/hik_camera' returned '0': CMAKE_PREFIX_PATH=/opt/ros/humble _=/usr/bin/env /usr/local/bin/cmake --install /home/wjrgfdy/rm_ws/build/hik_camera
[6.730s] Level 1:colcon.colcon_core.environment:checking '/home/wjrgfdy/rm_ws/install/hik_camera' for CMake module files
[6.730s] Level 1:colcon.colcon_core.environment:checking '/home/wjrgfdy/rm_ws/install/hik_camera' for CMake config files
[6.731s] Level 1:colcon.colcon_core.shell:create_environment_hook('hik_camera', 'cmake_prefix_path')
[6.747s] INFO:colcon.colcon_core.shell:Creating environment hook '/home/wjrgfdy/rm_ws/install/hik_camera/share/hik_camera/hook/cmake_prefix_path.ps1'
[6.747s] INFO:colcon.colcon_core.shell:Creating environment descriptor '/home/wjrgfdy/rm_ws/install/hik_camera/share/hik_camera/hook/cmake_prefix_path.dsv'
[6.747s] INFO:colcon.colcon_core.shell:Creating environment hook '/home/wjrgfdy/rm_ws/install/hik_camera/share/hik_camera/hook/cmake_prefix_path.sh'
[6.748s] Level 1:colcon.colcon_core.environment:checking '/home/wjrgfdy/rm_ws/install/hik_camera/lib'
[6.748s] Level 1:colcon.colcon_core.shell:create_environment_hook('hik_camera', 'ld_library_path_lib')
[6.756s] INFO:colcon.colcon_core.shell:Creating environment hook '/home/wjrgfdy/rm_ws/install/hik_camera/share/hik_camera/hook/ld_library_path_lib.ps1'
[6.756s] INFO:colcon.colcon_core.shell:Creating environment descriptor '/home/wjrgfdy/rm_ws/install/hik_camera/share/hik_camera/hook/ld_library_path_lib.dsv'
[6.756s] INFO:colcon.colcon_core.shell:Creating environment hook '/home/wjrgfdy/rm_ws/install/hik_camera/share/hik_camera/hook/ld_library_path_lib.sh'
[6.756s] Level 1:colcon.colcon_core.environment:checking '/home/wjrgfdy/rm_ws/install/hik_camera/bin'
[6.756s] Level 1:colcon.colcon_core.environment:checking '/home/wjrgfdy/rm_ws/install/hik_camera/lib/pkgconfig/hik_camera.pc'
[6.757s] Level 1:colcon.colcon_core.environment:checking '/home/wjrgfdy/rm_ws/install/hik_camera/lib/python3.10/site-packages'
[6.757s] Level 1:colcon.colcon_core.environment:checking '/home/wjrgfdy/rm_ws/install/hik_camera/bin'
[6.764s] INFO:colcon.colcon_core.shell:Creating package script '/home/wjrgfdy/rm_ws/install/hik_camera/share/hik_camera/package.ps1'
[6.764s] INFO:colcon.colcon_core.shell:Creating package descriptor '/home/wjrgfdy/rm_ws/install/hik_camera/share/hik_camera/package.dsv'
[6.765s] INFO:colcon.colcon_core.shell:Creating package script '/home/wjrgfdy/rm_ws/install/hik_camera/share/hik_camera/package.sh'
[6.765s] INFO:colcon.colcon_core.shell:Creating package script '/home/wjrgfdy/rm_ws/install/hik_camera/share/hik_camera/package.bash'
[6.765s] INFO:colcon.colcon_core.shell:Creating package script '/home/wjrgfdy/rm_ws/install/hik_camera/share/hik_camera/package.zsh'
[6.765s] Level 1:colcon.colcon_core.environment:create_file_with_runtime_dependencies(/home/wjrgfdy/rm_ws/install/hik_camera/share/colcon-core/packages/hik_camera)
[6.766s] Level 1:colcon.colcon_core.environment:create_environment_scripts_only(mindvision_camera)
[6.767s] DEBUG:colcon.colcon_core.event_handler.log_command:Invoked command in '/home/wjrgfdy/rm_ws/build/mindvision_camera' returned '0': CMAKE_PREFIX_PATH=/opt/ros/humble _=/usr/bin/env /usr/local/bin/cmake --install /home/wjrgfdy/rm_ws/build/mindvision_camera
[6.775s] Level 1:colcon.colcon_core.environment:checking '/home/wjrgfdy/rm_ws/install/mindvision_camera' for CMake module files
[6.775s] Level 1:colcon.colcon_core.environment:checking '/home/wjrgfdy/rm_ws/install/mindvision_camera' for CMake config files
[6.775s] Level 1:colcon.colcon_core.shell:create_environment_hook('mindvision_camera', 'cmake_prefix_path')
[6.783s] INFO:colcon.colcon_core.shell:Creating environment hook '/home/wjrgfdy/rm_ws/install/mindvision_camera/share/mindvision_camera/hook/cmake_prefix_path.ps1'
[6.783s] INFO:colcon.colcon_core.shell:Creating environment descriptor '/home/wjrgfdy/rm_ws/install/mindvision_camera/share/mindvision_camera/hook/cmake_prefix_path.dsv'
[6.783s] INFO:colcon.colcon_core.shell:Creating environment hook '/home/wjrgfdy/rm_ws/install/mindvision_camera/share/mindvision_camera/hook/cmake_prefix_path.sh'
[6.783s] Level 1:colcon.colcon_core.environment:checking '/home/wjrgfdy/rm_ws/install/mindvision_camera/lib'
[6.783s] Level 1:colcon.colcon_core.shell:create_environment_hook('mindvision_camera', 'ld_library_path_lib')
[6.791s] INFO:colcon.colcon_core.shell:Creating environment hook '/home/wjrgfdy/rm_ws/install/mindvision_camera/share/mindvision_camera/hook/ld_library_path_lib.ps1'
[6.791s] INFO:colcon.colcon_core.shell:Creating environment descriptor '/home/wjrgfdy/rm_ws/install/mindvision_camera/share/mindvision_camera/hook/ld_library_path_lib.dsv'
[6.791s] INFO:colcon.colcon_core.shell:Creating environment hook '/home/wjrgfdy/rm_ws/install/mindvision_camera/share/mindvision_camera/hook/ld_library_path_lib.sh'
[6.791s] Level 1:colcon.colcon_core.environment:checking '/home/wjrgfdy/rm_ws/install/mindvision_camera/bin'
[6.791s] Level 1:colcon.colcon_core.environment:checking '/home/wjrgfdy/rm_ws/install/mindvision_camera/lib/pkgconfig/mindvision_camera.pc'
[6.791s] Level 1:colcon.colcon_core.environment:checking '/home/wjrgfdy/rm_ws/install/mindvision_camera/lib/python3.10/site-packages'
[6.792s] Level 1:colcon.colcon_core.environment:checking '/home/wjrgfdy/rm_ws/install/mindvision_camera/bin'
[6.799s] INFO:colcon.colcon_core.shell:Creating package script '/home/wjrgfdy/rm_ws/install/mindvision_camera/share/mindvision_camera/package.ps1'
[6.799s] INFO:colcon.colcon_core.shell:Creating package descriptor '/home/wjrgfdy/rm_ws/install/mindvision_camera/share/mindvision_camera/package.dsv'
[6.799s] INFO:colcon.colcon_core.shell:Creating package script '/home/wjrgfdy/rm_ws/install/mindvision_camera/share/mindvision_camera/package.sh'
[6.800s] INFO:colcon.colcon_core.shell:Creating package script '/home/wjrgfdy/rm_ws/install/mindvision_camera/share/mindvision_camera/package.bash'
[6.800s] INFO:colcon.colcon_core.shell:Creating package script '/home/wjrgfdy/rm_ws/install/mindvision_camera/share/mindvision_camera/package.zsh'
[6.800s] Level 1:colcon.colcon_core.environment:create_file_with_runtime_dependencies(/home/wjrgfdy/rm_ws/install/mindvision_camera/share/colcon-core/packages/mindvision_camera)
[6.808s] Level 1:colcon.colcon_core.environment:create_environment_scripts_only(hik_camera)
[6.815s] Level 1:colcon.colcon_core.environment:checking '/home/wjrgfdy/rm_ws/install/hik_camera' for CMake module files
[6.816s] Level 1:colcon.colcon_core.environment:checking '/home/wjrgfdy/rm_ws/install/hik_camera' for CMake config files
[6.816s] Level 1:colcon.colcon_core.shell:create_environment_hook('hik_camera', 'cmake_prefix_path')
[6.823s] INFO:colcon.colcon_core.shell:Creating environment hook '/home/wjrgfdy/rm_ws/install/hik_camera/share/hik_camera/hook/cmake_prefix_path.ps1'
[6.823s] INFO:colcon.colcon_core.shell:Creating environment descriptor '/home/wjrgfdy/rm_ws/install/hik_camera/share/hik_camera/hook/cmake_prefix_path.dsv'
[6.824s] INFO:colcon.colcon_core.shell:Creating environment hook '/home/wjrgfdy/rm_ws/install/hik_camera/share/hik_camera/hook/cmake_prefix_path.sh'
[6.824s] Level 1:colcon.colcon_core.environment:checking '/home/wjrgfdy/rm_ws/install/hik_camera/lib'
[6.824s] Level 1:colcon.colcon_core.shell:create_environment_hook('hik_camera', 'ld_library_path_lib')
[6.832s] INFO:colcon.colcon_core.shell:Creating environment hook '/home/wjrgfdy/rm_ws/install/hik_camera/share/hik_camera/hook/ld_library_path_lib.ps1'
[6.832s] INFO:colcon.colcon_core.shell:Creating environment descriptor '/home/wjrgfdy/rm_ws/install/hik_camera/share/hik_camera/hook/ld_library_path_lib.dsv'
[6.832s] INFO:colcon.colcon_core.shell:Creating environment hook '/home/wjrgfdy/rm_ws/install/hik_camera/share/hik_camera/hook/ld_library_path_lib.sh'
[6.832s] Level 1:colcon.colcon_core.environment:checking '/home/wjrgfdy/rm_ws/install/hik_camera/bin'
[6.832s] Level 1:colcon.colcon_core.environment:checking '/home/wjrgfdy/rm_ws/install/hik_camera/lib/pkgconfig/hik_camera.pc'
[6.832s] Level 1:colcon.colcon_core.environment:checking '/home/wjrgfdy/rm_ws/install/hik_camera/lib/python3.10/site-packages'
[6.832s] Level 1:colcon.colcon_core.environment:checking '/home/wjrgfdy/rm_ws/install/hik_camera/bin'
[6.840s] INFO:colcon.colcon_core.shell:Creating package script '/home/wjrgfdy/rm_ws/install/hik_camera/share/hik_camera/package.ps1'
[6.840s] INFO:colcon.colcon_core.shell:Creating package descriptor '/home/wjrgfdy/rm_ws/install/hik_camera/share/hik_camera/package.dsv'
[6.840s] INFO:colcon.colcon_core.shell:Creating package script '/home/wjrgfdy/rm_ws/install/hik_camera/share/hik_camera/package.sh'
[6.841s] INFO:colcon.colcon_core.shell:Creating package script '/home/wjrgfdy/rm_ws/install/hik_camera/share/hik_camera/package.bash'
[6.841s] INFO:colcon.colcon_core.shell:Creating package script '/home/wjrgfdy/rm_ws/install/hik_camera/share/hik_camera/package.zsh'
[6.841s] Level 1:colcon.colcon_core.environment:create_file_with_runtime_dependencies(/home/wjrgfdy/rm_ws/install/hik_camera/share/colcon-core/packages/hik_camera)
[6.849s] Level 1:colcon.colcon_core.environment:create_environment_scripts_only(mindvision_camera)
[6.856s] Level 1:colcon.colcon_core.environment:checking '/home/wjrgfdy/rm_ws/install/mindvision_camera' for CMake module files
[6.856s] Level 1:colcon.colcon_core.environment:checking '/home/wjrgfdy/rm_ws/install/mindvision_camera' for CMake config files
[6.857s] Level 1:colcon.colcon_core.shell:create_environment_hook('mindvision_camera', 'cmake_prefix_path')
[6.864s] INFO:colcon.colcon_core.shell:Creating environment hook '/home/wjrgfdy/rm_ws/install/mindvision_camera/share/mindvision_camera/hook/cmake_prefix_path.ps1'
[6.864s] INFO:colcon.colcon_core.shell:Creating environment descriptor '/home/wjrgfdy/rm_ws/install/mindvision_camera/share/mindvision_camera/hook/cmake_prefix_path.dsv'
[6.864s] INFO:colcon.colcon_core.shell:Creating environment hook '/home/wjrgfdy/rm_ws/install/mindvision_camera/share/mindvision_camera/hook/cmake_prefix_path.sh'
[6.864s] Level 1:colcon.colcon_core.environment:checking '/home/wjrgfdy/rm_ws/install/mindvision_camera/lib'
[6.864s] Level 1:colcon.colcon_core.shell:create_environment_hook('mindvision_camera', 'ld_library_path_lib')
[6.872s] INFO:colcon.colcon_core.shell:Creating environment hook '/home/wjrgfdy/rm_ws/install/mindvision_camera/share/mindvision_camera/hook/ld_library_path_lib.ps1'
[6.872s] INFO:colcon.colcon_core.shell:Creating environment descriptor '/home/wjrgfdy/rm_ws/install/mindvision_camera/share/mindvision_camera/hook/ld_library_path_lib.dsv'
[6.872s] INFO:colcon.colcon_core.shell:Creating environment hook '/home/wjrgfdy/rm_ws/install/mindvision_camera/share/mindvision_camera/hook/ld_library_path_lib.sh'
[6.872s] Level 1:colcon.colcon_core.environment:checking '/home/wjrgfdy/rm_ws/install/mindvision_camera/bin'
[6.872s] Level 1:colcon.colcon_core.environment:checking '/home/wjrgfdy/rm_ws/install/mindvision_camera/lib/pkgconfig/mindvision_camera.pc'
[6.872s] Level 1:colcon.colcon_core.environment:checking '/home/wjrgfdy/rm_ws/install/mindvision_camera/lib/python3.10/site-packages'
[6.872s] Level 1:colcon.colcon_core.environment:checking '/home/wjrgfdy/rm_ws/install/mindvision_camera/bin'
[6.880s] INFO:colcon.colcon_core.shell:Creating package script '/home/wjrgfdy/rm_ws/install/mindvision_camera/share/mindvision_camera/package.ps1'
[6.880s] INFO:colcon.colcon_core.shell:Creating package descriptor '/home/wjrgfdy/rm_ws/install/mindvision_camera/share/mindvision_camera/package.dsv'
[6.880s] INFO:colcon.colcon_core.shell:Creating package script '/home/wjrgfdy/rm_ws/install/mindvision_camera/share/mindvision_camera/package.sh'
[6.880s] INFO:colcon.colcon_core.shell:Creating package script '/home/wjrgfdy/rm_ws/install/mindvision_camera/share/mindvision_camera/package.bash'
[6.881s] INFO:colcon.colcon_core.shell:Creating package script '/home/wjrgfdy/rm_ws/install/mindvision_camera/share/mindvision_camera/package.zsh'
[6.881s] Level 1:colcon.colcon_core.environment:create_file_with_runtime_dependencies(/home/wjrgfdy/rm_ws/install/mindvision_camera/share/colcon-core/packages/mindvision_camera)
[7.222s] DEBUG:colcon.colcon_core.event_handler.log_command:Invoked command in '/home/wjrgfdy/rm_ws/build/auto_aim_interfaces' returned '0': CMAKE_PREFIX_PATH=/opt/ros/humble _=/usr/bin/env /usr/local/bin/cmake --build /home/wjrgfdy/rm_ws/build/auto_aim_interfaces -- -j12 -l12
[7.378s] DEBUG:colcon.colcon_core.event_handler.log_command:Invoking command in '/home/wjrgfdy/rm_ws/build/auto_aim_interfaces': CMAKE_PREFIX_PATH=/opt/ros/humble _=/usr/bin/env /usr/local/bin/cmake --install /home/wjrgfdy/rm_ws/build/auto_aim_interfaces
[7.834s] Level 1:colcon.colcon_core.environment:create_environment_scripts_only(auto_aim_interfaces)
[7.835s] DEBUG:colcon.colcon_core.event_handler.log_command:Invoked command in '/home/wjrgfdy/rm_ws/build/auto_aim_interfaces' returned '0': CMAKE_PREFIX_PATH=/opt/ros/humble _=/usr/bin/env /usr/local/bin/cmake --install /home/wjrgfdy/rm_ws/build/auto_aim_interfaces
[7.851s] Level 1:colcon.colcon_core.environment:checking '/home/wjrgfdy/rm_ws/install/auto_aim_interfaces' for CMake module files
[7.852s] Level 1:colcon.colcon_core.environment:checking '/home/wjrgfdy/rm_ws/install/auto_aim_interfaces' for CMake config files
[7.853s] Level 1:colcon.colcon_core.shell:create_environment_hook('auto_aim_interfaces', 'cmake_prefix_path')
[7.868s] INFO:colcon.colcon_core.shell:Creating environment hook '/home/wjrgfdy/rm_ws/install/auto_aim_interfaces/share/auto_aim_interfaces/hook/cmake_prefix_path.ps1'
[7.868s] INFO:colcon.colcon_core.shell:Creating environment descriptor '/home/wjrgfdy/rm_ws/install/auto_aim_interfaces/share/auto_aim_interfaces/hook/cmake_prefix_path.dsv'
[7.869s] INFO:colcon.colcon_core.shell:Creating environment hook '/home/wjrgfdy/rm_ws/install/auto_aim_interfaces/share/auto_aim_interfaces/hook/cmake_prefix_path.sh'
[7.869s] Level 1:colcon.colcon_core.environment:checking '/home/wjrgfdy/rm_ws/install/auto_aim_interfaces/lib'
[7.869s] Level 1:colcon.colcon_core.shell:create_environment_hook('auto_aim_interfaces', 'ld_library_path_lib')
[7.878s] INFO:colcon.colcon_core.shell:Creating environment hook '/home/wjrgfdy/rm_ws/install/auto_aim_interfaces/share/auto_aim_interfaces/hook/ld_library_path_lib.ps1'
[7.878s] INFO:colcon.colcon_core.shell:Creating environment descriptor '/home/wjrgfdy/rm_ws/install/auto_aim_interfaces/share/auto_aim_interfaces/hook/ld_library_path_lib.dsv'
[7.878s] INFO:colcon.colcon_core.shell:Creating environment hook '/home/wjrgfdy/rm_ws/install/auto_aim_interfaces/share/auto_aim_interfaces/hook/ld_library_path_lib.sh'
[7.879s] Level 1:colcon.colcon_core.environment:checking '/home/wjrgfdy/rm_ws/install/auto_aim_interfaces/bin'
[7.879s] Level 1:colcon.colcon_core.environment:checking '/home/wjrgfdy/rm_ws/install/auto_aim_interfaces/lib/pkgconfig/auto_aim_interfaces.pc'
[7.879s] Level 1:colcon.colcon_core.environment:checking '/home/wjrgfdy/rm_ws/install/auto_aim_interfaces/lib/python3.10/site-packages'
[7.879s] Level 1:colcon.colcon_core.environment:checking '/home/wjrgfdy/rm_ws/install/auto_aim_interfaces/bin'
[7.886s] INFO:colcon.colcon_core.shell:Creating package script '/home/wjrgfdy/rm_ws/install/auto_aim_interfaces/share/auto_aim_interfaces/package.ps1'
[7.886s] INFO:colcon.colcon_core.shell:Creating package descriptor '/home/wjrgfdy/rm_ws/install/auto_aim_interfaces/share/auto_aim_interfaces/package.dsv'
[7.887s] INFO:colcon.colcon_core.shell:Creating package script '/home/wjrgfdy/rm_ws/install/auto_aim_interfaces/share/auto_aim_interfaces/package.sh'
[7.887s] INFO:colcon.colcon_core.shell:Creating package script '/home/wjrgfdy/rm_ws/install/auto_aim_interfaces/share/auto_aim_interfaces/package.bash'
[7.887s] INFO:colcon.colcon_core.shell:Creating package script '/home/wjrgfdy/rm_ws/install/auto_aim_interfaces/share/auto_aim_interfaces/package.zsh'
[7.887s] Level 1:colcon.colcon_core.environment:create_file_with_runtime_dependencies(/home/wjrgfdy/rm_ws/install/auto_aim_interfaces/share/colcon-core/packages/auto_aim_interfaces)
[8.056s] Level 1:colcon.colcon_core.environment:create_environment_scripts_only(auto_aim_interfaces)
[8.063s] Level 1:colcon.colcon_core.environment:checking '/home/wjrgfdy/rm_ws/install/auto_aim_interfaces' for CMake module files
[8.063s] Level 1:colcon.colcon_core.environment:checking '/home/wjrgfdy/rm_ws/install/auto_aim_interfaces' for CMake config files
[8.064s] Level 1:colcon.colcon_core.shell:create_environment_hook('auto_aim_interfaces', 'cmake_prefix_path')
[8.071s] INFO:colcon.colcon_core.shell:Creating environment hook '/home/wjrgfdy/rm_ws/install/auto_aim_interfaces/share/auto_aim_interfaces/hook/cmake_prefix_path.ps1'
[8.071s] INFO:colcon.colcon_core.shell:Creating environment descriptor '/home/wjrgfdy/rm_ws/install/auto_aim_interfaces/share/auto_aim_interfaces/hook/cmake_prefix_path.dsv'
[8.071s] INFO:colcon.colcon_core.shell:Creating environment hook '/home/wjrgfdy/rm_ws/install/auto_aim_interfaces/share/auto_aim_interfaces/hook/cmake_prefix_path.sh'
[8.072s] Level 1:colcon.colcon_core.environment:checking '/home/wjrgfdy/rm_ws/install/auto_aim_interfaces/lib'
[8.072s] Level 1:colcon.colcon_core.shell:create_environment_hook('auto_aim_interfaces', 'ld_library_path_lib')
[8.079s] INFO:colcon.colcon_core.shell:Creating environment hook '/home/wjrgfdy/rm_ws/install/auto_aim_interfaces/share/auto_aim_interfaces/hook/ld_library_path_lib.ps1'
[8.079s] INFO:colcon.colcon_core.shell:Creating environment descriptor '/home/wjrgfdy/rm_ws/install/auto_aim_interfaces/share/auto_aim_interfaces/hook/ld_library_path_lib.dsv'
[8.079s] INFO:colcon.colcon_core.shell:Creating environment hook '/home/wjrgfdy/rm_ws/install/auto_aim_interfaces/share/auto_aim_interfaces/hook/ld_library_path_lib.sh'
[8.079s] Level 1:colcon.colcon_core.environment:checking '/home/wjrgfdy/rm_ws/install/auto_aim_interfaces/bin'
[8.079s] Level 1:colcon.colcon_core.environment:checking '/home/wjrgfdy/rm_ws/install/auto_aim_interfaces/lib/pkgconfig/auto_aim_interfaces.pc'
[8.079s] Level 1:colcon.colcon_core.environment:checking '/home/wjrgfdy/rm_ws/install/auto_aim_interfaces/lib/python3.10/site-packages'
[8.079s] Level 1:colcon.colcon_core.environment:checking '/home/wjrgfdy/rm_ws/install/auto_aim_interfaces/bin'
[8.086s] INFO:colcon.colcon_core.shell:Creating package script '/home/wjrgfdy/rm_ws/install/auto_aim_interfaces/share/auto_aim_interfaces/package.ps1'
[8.087s] INFO:colcon.colcon_core.shell:Creating package descriptor '/home/wjrgfdy/rm_ws/install/auto_aim_interfaces/share/auto_aim_interfaces/package.dsv'
[8.087s] INFO:colcon.colcon_core.shell:Creating package script '/home/wjrgfdy/rm_ws/install/auto_aim_interfaces/share/auto_aim_interfaces/package.sh'
[8.087s] INFO:colcon.colcon_core.shell:Creating package script '/home/wjrgfdy/rm_ws/install/auto_aim_interfaces/share/auto_aim_interfaces/package.bash'
[8.087s] INFO:colcon.colcon_core.shell:Creating package script '/home/wjrgfdy/rm_ws/install/auto_aim_interfaces/share/auto_aim_interfaces/package.zsh'
[8.087s] Level 1:colcon.colcon_core.environment:create_file_with_runtime_dependencies(/home/wjrgfdy/rm_ws/install/auto_aim_interfaces/share/colcon-core/packages/auto_aim_interfaces)
[8.088s] INFO:colcon.colcon_ros.task.ament_cmake.build:Building ROS package in '/home/wjrgfdy/rm_ws/src/rm_auto_aim/armor_detector' with build type 'ament_cmake'
[8.088s] INFO:colcon.colcon_cmake.task.cmake.build:Building CMake package in '/home/wjrgfdy/rm_ws/src/rm_auto_aim/armor_detector'
[8.095s] INFO:colcon.colcon_core.shell:Skip shell extension 'powershell' for command environment: Not usable outside of PowerShell
[8.095s] DEBUG:colcon.colcon_core.shell:Skip shell extension 'dsv' for command environment
[8.110s] INFO:colcon.colcon_ros.task.ament_cmake.build:Building ROS package in '/home/wjrgfdy/rm_ws/src/rm_auto_aim/armor_tracker' with build type 'ament_cmake'
[8.110s] INFO:colcon.colcon_cmake.task.cmake.build:Building CMake package in '/home/wjrgfdy/rm_ws/src/rm_auto_aim/armor_tracker'
[8.118s] INFO:colcon.colcon_core.shell:Skip shell extension 'powershell' for command environment: Not usable outside of PowerShell
[8.118s] DEBUG:colcon.colcon_core.shell:Skip shell extension 'dsv' for command environment
[8.133s] INFO:colcon.colcon_ros.task.ament_cmake.build:Building ROS package in '/home/wjrgfdy/rm_ws/src/rm_serial_driver' with build type 'ament_cmake'
[8.133s] INFO:colcon.colcon_cmake.task.cmake.build:Building CMake package in '/home/wjrgfdy/rm_ws/src/rm_serial_driver'
[8.141s] INFO:colcon.colcon_core.shell:Skip shell extension 'powershell' for command environment: Not usable outside of PowerShell
[8.141s] DEBUG:colcon.colcon_core.shell:Skip shell extension 'dsv' for command environment
[8.160s] DEBUG:colcon.colcon_core.event_handler.log_command:Invoking command in '/home/wjrgfdy/rm_ws/build/armor_detector': AMENT_PREFIX_PATH=/home/wjrgfdy/rm_ws/install/auto_aim_interfaces:${AMENT_PREFIX_PATH} CMAKE_PREFIX_PATH=/home/wjrgfdy/rm_ws/install/auto_aim_interfaces:/opt/ros/humble LD_LIBRARY_PATH=/home/wjrgfdy/rm_ws/install/auto_aim_interfaces/lib:/opt/ros/humble/opt/rviz_ogre_vendor/lib:/opt/ros/humble/lib/x86_64-linux-gnu:/opt/ros/humble/lib:/opt/MVS/lib/64:/opt/MVS/lib/32:/opt/MVS/lib/64:/opt/MVS/lib/32:/opt/MVS/lib/64:/opt/MVS/lib/32 PYTHONPATH=/home/wjrgfdy/rm_ws/install/auto_aim_interfaces/local/lib/python3.10/dist-packages:${PYTHONPATH} _=/usr/bin/env /usr/local/bin/cmake /home/wjrgfdy/rm_ws/src/rm_auto_aim/armor_detector -DAMENT_CMAKE_SYMLINK_INSTALL=1 -DCMAKE_INSTALL_PREFIX=/home/wjrgfdy/rm_ws/install/armor_detector
[8.160s] DEBUG:colcon.colcon_core.event_handler.log_command:Invoking command in '/home/wjrgfdy/rm_ws/build/armor_tracker': AMENT_PREFIX_PATH=/home/wjrgfdy/rm_ws/install/auto_aim_interfaces:${AMENT_PREFIX_PATH} CMAKE_PREFIX_PATH=/home/wjrgfdy/rm_ws/install/auto_aim_interfaces:/opt/ros/humble LD_LIBRARY_PATH=/home/wjrgfdy/rm_ws/install/auto_aim_interfaces/lib:/opt/ros/humble/opt/rviz_ogre_vendor/lib:/opt/ros/humble/lib/x86_64-linux-gnu:/opt/ros/humble/lib:/opt/MVS/lib/64:/opt/MVS/lib/32:/opt/MVS/lib/64:/opt/MVS/lib/32:/opt/MVS/lib/64:/opt/MVS/lib/32 PYTHONPATH=/home/wjrgfdy/rm_ws/install/auto_aim_interfaces/local/lib/python3.10/dist-packages:${PYTHONPATH} _=/usr/bin/env /usr/local/bin/cmake /home/wjrgfdy/rm_ws/src/rm_auto_aim/armor_tracker -DAMENT_CMAKE_SYMLINK_INSTALL=1 -DCMAKE_INSTALL_PREFIX=/home/wjrgfdy/rm_ws/install/armor_tracker
[8.163s] DEBUG:colcon.colcon_core.event_handler.log_command:Invoking command in '/home/wjrgfdy/rm_ws/build/rm_serial_driver': AMENT_PREFIX_PATH=/home/wjrgfdy/rm_ws/install/auto_aim_interfaces:${AMENT_PREFIX_PATH} CMAKE_PREFIX_PATH=/home/wjrgfdy/rm_ws/install/auto_aim_interfaces:/opt/ros/humble LD_LIBRARY_PATH=/home/wjrgfdy/rm_ws/install/auto_aim_interfaces/lib:/opt/ros/humble/opt/rviz_ogre_vendor/lib:/opt/ros/humble/lib/x86_64-linux-gnu:/opt/ros/humble/lib:/opt/MVS/lib/64:/opt/MVS/lib/32:/opt/MVS/lib/64:/opt/MVS/lib/32:/opt/MVS/lib/64:/opt/MVS/lib/32 PYTHONPATH=/home/wjrgfdy/rm_ws/install/auto_aim_interfaces/local/lib/python3.10/dist-packages:${PYTHONPATH} _=/usr/bin/env /usr/local/bin/cmake /home/wjrgfdy/rm_ws/src/rm_serial_driver -DAMENT_CMAKE_SYMLINK_INSTALL=1 -DCMAKE_INSTALL_PREFIX=/home/wjrgfdy/rm_ws/install/rm_serial_driver
[9.746s] DEBUG:colcon.colcon_core.event_handler.log_command:Invoked command in '/home/wjrgfdy/rm_ws/build/armor_tracker' returned '0': AMENT_PREFIX_PATH=/home/wjrgfdy/rm_ws/install/auto_aim_interfaces:${AMENT_PREFIX_PATH} CMAKE_PREFIX_PATH=/home/wjrgfdy/rm_ws/install/auto_aim_interfaces:/opt/ros/humble LD_LIBRARY_PATH=/home/wjrgfdy/rm_ws/install/auto_aim_interfaces/lib:/opt/ros/humble/opt/rviz_ogre_vendor/lib:/opt/ros/humble/lib/x86_64-linux-gnu:/opt/ros/humble/lib:/opt/MVS/lib/64:/opt/MVS/lib/32:/opt/MVS/lib/64:/opt/MVS/lib/32:/opt/MVS/lib/64:/opt/MVS/lib/32 PYTHONPATH=/home/wjrgfdy/rm_ws/install/auto_aim_interfaces/local/lib/python3.10/dist-packages:${PYTHONPATH} _=/usr/bin/env /usr/local/bin/cmake /home/wjrgfdy/rm_ws/src/rm_auto_aim/armor_tracker -DAMENT_CMAKE_SYMLINK_INSTALL=1 -DCMAKE_INSTALL_PREFIX=/home/wjrgfdy/rm_ws/install/armor_tracker
[9.748s] DEBUG:colcon.colcon_core.event_handler.log_command:Invoking command in '/home/wjrgfdy/rm_ws/build/armor_tracker': AMENT_PREFIX_PATH=/home/wjrgfdy/rm_ws/install/auto_aim_interfaces:${AMENT_PREFIX_PATH} CMAKE_PREFIX_PATH=/home/wjrgfdy/rm_ws/install/auto_aim_interfaces:/opt/ros/humble LD_LIBRARY_PATH=/home/wjrgfdy/rm_ws/install/auto_aim_interfaces/lib:/opt/ros/humble/opt/rviz_ogre_vendor/lib:/opt/ros/humble/lib/x86_64-linux-gnu:/opt/ros/humble/lib:/opt/MVS/lib/64:/opt/MVS/lib/32:/opt/MVS/lib/64:/opt/MVS/lib/32:/opt/MVS/lib/64:/opt/MVS/lib/32 PYTHONPATH=/home/wjrgfdy/rm_ws/install/auto_aim_interfaces/local/lib/python3.10/dist-packages:${PYTHONPATH} _=/usr/bin/env /usr/local/bin/cmake --build /home/wjrgfdy/rm_ws/build/armor_tracker -- -j12 -l12
[10.022s] DEBUG:colcon.colcon_core.event_handler.log_command:Invoked command in '/home/wjrgfdy/rm_ws/build/armor_detector' returned '0': AMENT_PREFIX_PATH=/home/wjrgfdy/rm_ws/install/auto_aim_interfaces:${AMENT_PREFIX_PATH} CMAKE_PREFIX_PATH=/home/wjrgfdy/rm_ws/install/auto_aim_interfaces:/opt/ros/humble LD_LIBRARY_PATH=/home/wjrgfdy/rm_ws/install/auto_aim_interfaces/lib:/opt/ros/humble/opt/rviz_ogre_vendor/lib:/opt/ros/humble/lib/x86_64-linux-gnu:/opt/ros/humble/lib:/opt/MVS/lib/64:/opt/MVS/lib/32:/opt/MVS/lib/64:/opt/MVS/lib/32:/opt/MVS/lib/64:/opt/MVS/lib/32 PYTHONPATH=/home/wjrgfdy/rm_ws/install/auto_aim_interfaces/local/lib/python3.10/dist-packages:${PYTHONPATH} _=/usr/bin/env /usr/local/bin/cmake /home/wjrgfdy/rm_ws/src/rm_auto_aim/armor_detector -DAMENT_CMAKE_SYMLINK_INSTALL=1 -DCMAKE_INSTALL_PREFIX=/home/wjrgfdy/rm_ws/install/armor_detector
[10.023s] DEBUG:colcon.colcon_core.event_handler.log_command:Invoking command in '/home/wjrgfdy/rm_ws/build/armor_detector': AMENT_PREFIX_PATH=/home/wjrgfdy/rm_ws/install/auto_aim_interfaces:${AMENT_PREFIX_PATH} CMAKE_PREFIX_PATH=/home/wjrgfdy/rm_ws/install/auto_aim_interfaces:/opt/ros/humble LD_LIBRARY_PATH=/home/wjrgfdy/rm_ws/install/auto_aim_interfaces/lib:/opt/ros/humble/opt/rviz_ogre_vendor/lib:/opt/ros/humble/lib/x86_64-linux-gnu:/opt/ros/humble/lib:/opt/MVS/lib/64:/opt/MVS/lib/32:/opt/MVS/lib/64:/opt/MVS/lib/32:/opt/MVS/lib/64:/opt/MVS/lib/32 PYTHONPATH=/home/wjrgfdy/rm_ws/install/auto_aim_interfaces/local/lib/python3.10/dist-packages:${PYTHONPATH} _=/usr/bin/env /usr/local/bin/cmake --build /home/wjrgfdy/rm_ws/build/armor_detector -- -j12 -l12
[10.213s] DEBUG:colcon.colcon_core.event_handler.log_command:Invoked command in '/home/wjrgfdy/rm_ws/build/rm_serial_driver' returned '0': AMENT_PREFIX_PATH=/home/wjrgfdy/rm_ws/install/auto_aim_interfaces:${AMENT_PREFIX_PATH} CMAKE_PREFIX_PATH=/home/wjrgfdy/rm_ws/install/auto_aim_interfaces:/opt/ros/humble LD_LIBRARY_PATH=/home/wjrgfdy/rm_ws/install/auto_aim_interfaces/lib:/opt/ros/humble/opt/rviz_ogre_vendor/lib:/opt/ros/humble/lib/x86_64-linux-gnu:/opt/ros/humble/lib:/opt/MVS/lib/64:/opt/MVS/lib/32:/opt/MVS/lib/64:/opt/MVS/lib/32:/opt/MVS/lib/64:/opt/MVS/lib/32 PYTHONPATH=/home/wjrgfdy/rm_ws/install/auto_aim_interfaces/local/lib/python3.10/dist-packages:${PYTHONPATH} _=/usr/bin/env /usr/local/bin/cmake /home/wjrgfdy/rm_ws/src/rm_serial_driver -DAMENT_CMAKE_SYMLINK_INSTALL=1 -DCMAKE_INSTALL_PREFIX=/home/wjrgfdy/rm_ws/install/rm_serial_driver
[10.214s] DEBUG:colcon.colcon_core.event_handler.log_command:Invoking command in '/home/wjrgfdy/rm_ws/build/rm_serial_driver': AMENT_PREFIX_PATH=/home/wjrgfdy/rm_ws/install/auto_aim_interfaces:${AMENT_PREFIX_PATH} CMAKE_PREFIX_PATH=/home/wjrgfdy/rm_ws/install/auto_aim_interfaces:/opt/ros/humble LD_LIBRARY_PATH=/home/wjrgfdy/rm_ws/install/auto_aim_interfaces/lib:/opt/ros/humble/opt/rviz_ogre_vendor/lib:/opt/ros/humble/lib/x86_64-linux-gnu:/opt/ros/humble/lib:/opt/MVS/lib/64:/opt/MVS/lib/32:/opt/MVS/lib/64:/opt/MVS/lib/32:/opt/MVS/lib/64:/opt/MVS/lib/32 PYTHONPATH=/home/wjrgfdy/rm_ws/install/auto_aim_interfaces/local/lib/python3.10/dist-packages:${PYTHONPATH} _=/usr/bin/env /usr/local/bin/cmake --build /home/wjrgfdy/rm_ws/build/rm_serial_driver -- -j12 -l12
[20.688s] DEBUG:colcon.colcon_core.event_handler.log_command:Invoked command in '/home/wjrgfdy/rm_ws/build/rm_serial_driver' returned '0': AMENT_PREFIX_PATH=/home/wjrgfdy/rm_ws/install/auto_aim_interfaces:${AMENT_PREFIX_PATH} CMAKE_PREFIX_PATH=/home/wjrgfdy/rm_ws/install/auto_aim_interfaces:/opt/ros/humble LD_LIBRARY_PATH=/home/wjrgfdy/rm_ws/install/auto_aim_interfaces/lib:/opt/ros/humble/opt/rviz_ogre_vendor/lib:/opt/ros/humble/lib/x86_64-linux-gnu:/opt/ros/humble/lib:/opt/MVS/lib/64:/opt/MVS/lib/32:/opt/MVS/lib/64:/opt/MVS/lib/32:/opt/MVS/lib/64:/opt/MVS/lib/32 PYTHONPATH=/home/wjrgfdy/rm_ws/install/auto_aim_interfaces/local/lib/python3.10/dist-packages:${PYTHONPATH} _=/usr/bin/env /usr/local/bin/cmake --build /home/wjrgfdy/rm_ws/build/rm_serial_driver -- -j12 -l12
[20.710s] DEBUG:colcon.colcon_core.event_handler.log_command:Invoking command in '/home/wjrgfdy/rm_ws/build/rm_serial_driver': AMENT_PREFIX_PATH=/home/wjrgfdy/rm_ws/install/auto_aim_interfaces:${AMENT_PREFIX_PATH} CMAKE_PREFIX_PATH=/home/wjrgfdy/rm_ws/install/auto_aim_interfaces:/opt/ros/humble LD_LIBRARY_PATH=/home/wjrgfdy/rm_ws/install/auto_aim_interfaces/lib:/opt/ros/humble/opt/rviz_ogre_vendor/lib:/opt/ros/humble/lib/x86_64-linux-gnu:/opt/ros/humble/lib:/opt/MVS/lib/64:/opt/MVS/lib/32:/opt/MVS/lib/64:/opt/MVS/lib/32:/opt/MVS/lib/64:/opt/MVS/lib/32 PYTHONPATH=/home/wjrgfdy/rm_ws/install/auto_aim_interfaces/local/lib/python3.10/dist-packages:${PYTHONPATH} _=/usr/bin/env /usr/local/bin/cmake --install /home/wjrgfdy/rm_ws/build/rm_serial_driver
[20.777s] Level 1:colcon.colcon_core.environment:create_environment_scripts_only(rm_serial_driver)
[20.778s] DEBUG:colcon.colcon_core.event_handler.log_command:Invoked command in '/home/wjrgfdy/rm_ws/build/rm_serial_driver' returned '0': AMENT_PREFIX_PATH=/home/wjrgfdy/rm_ws/install/auto_aim_interfaces:${AMENT_PREFIX_PATH} CMAKE_PREFIX_PATH=/home/wjrgfdy/rm_ws/install/auto_aim_interfaces:/opt/ros/humble LD_LIBRARY_PATH=/home/wjrgfdy/rm_ws/install/auto_aim_interfaces/lib:/opt/ros/humble/opt/rviz_ogre_vendor/lib:/opt/ros/humble/lib/x86_64-linux-gnu:/opt/ros/humble/lib:/opt/MVS/lib/64:/opt/MVS/lib/32:/opt/MVS/lib/64:/opt/MVS/lib/32:/opt/MVS/lib/64:/opt/MVS/lib/32 PYTHONPATH=/home/wjrgfdy/rm_ws/install/auto_aim_interfaces/local/lib/python3.10/dist-packages:${PYTHONPATH} _=/usr/bin/env /usr/local/bin/cmake --install /home/wjrgfdy/rm_ws/build/rm_serial_driver
[20.785s] Level 1:colcon.colcon_core.environment:checking '/home/wjrgfdy/rm_ws/install/rm_serial_driver' for CMake module files
[20.786s] Level 1:colcon.colcon_core.environment:checking '/home/wjrgfdy/rm_ws/install/rm_serial_driver' for CMake config files
[20.786s] Level 1:colcon.colcon_core.shell:create_environment_hook('rm_serial_driver', 'cmake_prefix_path')
[20.793s] INFO:colcon.colcon_core.shell:Creating environment hook '/home/wjrgfdy/rm_ws/install/rm_serial_driver/share/rm_serial_driver/hook/cmake_prefix_path.ps1'
[20.794s] INFO:colcon.colcon_core.shell:Creating environment descriptor '/home/wjrgfdy/rm_ws/install/rm_serial_driver/share/rm_serial_driver/hook/cmake_prefix_path.dsv'
[20.794s] INFO:colcon.colcon_core.shell:Creating environment hook '/home/wjrgfdy/rm_ws/install/rm_serial_driver/share/rm_serial_driver/hook/cmake_prefix_path.sh'
[20.794s] Level 1:colcon.colcon_core.environment:checking '/home/wjrgfdy/rm_ws/install/rm_serial_driver/lib'
[20.794s] Level 1:colcon.colcon_core.shell:create_environment_hook('rm_serial_driver', 'ld_library_path_lib')
[20.801s] INFO:colcon.colcon_core.shell:Creating environment hook '/home/wjrgfdy/rm_ws/install/rm_serial_driver/share/rm_serial_driver/hook/ld_library_path_lib.ps1'
[20.802s] INFO:colcon.colcon_core.shell:Creating environment descriptor '/home/wjrgfdy/rm_ws/install/rm_serial_driver/share/rm_serial_driver/hook/ld_library_path_lib.dsv'
[20.802s] INFO:colcon.colcon_core.shell:Creating environment hook '/home/wjrgfdy/rm_ws/install/rm_serial_driver/share/rm_serial_driver/hook/ld_library_path_lib.sh'
[20.802s] Level 1:colcon.colcon_core.environment:checking '/home/wjrgfdy/rm_ws/install/rm_serial_driver/bin'
[20.802s] Level 1:colcon.colcon_core.environment:checking '/home/wjrgfdy/rm_ws/install/rm_serial_driver/lib/pkgconfig/rm_serial_driver.pc'
[20.802s] Level 1:colcon.colcon_core.environment:checking '/home/wjrgfdy/rm_ws/install/rm_serial_driver/lib/python3.10/site-packages'
[20.802s] Level 1:colcon.colcon_core.environment:checking '/home/wjrgfdy/rm_ws/install/rm_serial_driver/bin'
[20.810s] INFO:colcon.colcon_core.shell:Creating package script '/home/wjrgfdy/rm_ws/install/rm_serial_driver/share/rm_serial_driver/package.ps1'
[20.810s] INFO:colcon.colcon_core.shell:Creating package descriptor '/home/wjrgfdy/rm_ws/install/rm_serial_driver/share/rm_serial_driver/package.dsv'
[20.810s] INFO:colcon.colcon_core.shell:Creating package script '/home/wjrgfdy/rm_ws/install/rm_serial_driver/share/rm_serial_driver/package.sh'
[20.810s] INFO:colcon.colcon_core.shell:Creating package script '/home/wjrgfdy/rm_ws/install/rm_serial_driver/share/rm_serial_driver/package.bash'
[20.811s] INFO:colcon.colcon_core.shell:Creating package script '/home/wjrgfdy/rm_ws/install/rm_serial_driver/share/rm_serial_driver/package.zsh'
[20.811s] Level 1:colcon.colcon_core.environment:create_file_with_runtime_dependencies(/home/wjrgfdy/rm_ws/install/rm_serial_driver/share/colcon-core/packages/rm_serial_driver)
[20.842s] Level 1:colcon.colcon_core.environment:create_environment_scripts_only(rm_serial_driver)
[20.849s] Level 1:colcon.colcon_core.environment:checking '/home/wjrgfdy/rm_ws/install/rm_serial_driver' for CMake module files
[20.850s] Level 1:colcon.colcon_core.environment:checking '/home/wjrgfdy/rm_ws/install/rm_serial_driver' for CMake config files
[20.850s] Level 1:colcon.colcon_core.shell:create_environment_hook('rm_serial_driver', 'cmake_prefix_path')
[20.857s] INFO:colcon.colcon_core.shell:Creating environment hook '/home/wjrgfdy/rm_ws/install/rm_serial_driver/share/rm_serial_driver/hook/cmake_prefix_path.ps1'
[20.858s] INFO:colcon.colcon_core.shell:Creating environment descriptor '/home/wjrgfdy/rm_ws/install/rm_serial_driver/share/rm_serial_driver/hook/cmake_prefix_path.dsv'
[20.858s] INFO:colcon.colcon_core.shell:Creating environment hook '/home/wjrgfdy/rm_ws/install/rm_serial_driver/share/rm_serial_driver/hook/cmake_prefix_path.sh'
[20.858s] Level 1:colcon.colcon_core.environment:checking '/home/wjrgfdy/rm_ws/install/rm_serial_driver/lib'
[20.858s] Level 1:colcon.colcon_core.shell:create_environment_hook('rm_serial_driver', 'ld_library_path_lib')
[20.868s] INFO:colcon.colcon_core.shell:Creating environment hook '/home/wjrgfdy/rm_ws/install/rm_serial_driver/share/rm_serial_driver/hook/ld_library_path_lib.ps1'
[20.868s] INFO:colcon.colcon_core.shell:Creating environment descriptor '/home/wjrgfdy/rm_ws/install/rm_serial_driver/share/rm_serial_driver/hook/ld_library_path_lib.dsv'
[20.868s] INFO:colcon.colcon_core.shell:Creating environment hook '/home/wjrgfdy/rm_ws/install/rm_serial_driver/share/rm_serial_driver/hook/ld_library_path_lib.sh'
[20.868s] Level 1:colcon.colcon_core.environment:checking '/home/wjrgfdy/rm_ws/install/rm_serial_driver/bin'
[20.868s] Level 1:colcon.colcon_core.environment:checking '/home/wjrgfdy/rm_ws/install/rm_serial_driver/lib/pkgconfig/rm_serial_driver.pc'
[20.869s] Level 1:colcon.colcon_core.environment:checking '/home/wjrgfdy/rm_ws/install/rm_serial_driver/lib/python3.10/site-packages'
[20.869s] Level 1:colcon.colcon_core.environment:checking '/home/wjrgfdy/rm_ws/install/rm_serial_driver/bin'
[20.876s] INFO:colcon.colcon_core.shell:Creating package script '/home/wjrgfdy/rm_ws/install/rm_serial_driver/share/rm_serial_driver/package.ps1'
[20.876s] INFO:colcon.colcon_core.shell:Creating package descriptor '/home/wjrgfdy/rm_ws/install/rm_serial_driver/share/rm_serial_driver/package.dsv'
[20.876s] INFO:colcon.colcon_core.shell:Creating package script '/home/wjrgfdy/rm_ws/install/rm_serial_driver/share/rm_serial_driver/package.sh'
[20.877s] INFO:colcon.colcon_core.shell:Creating package script '/home/wjrgfdy/rm_ws/install/rm_serial_driver/share/rm_serial_driver/package.bash'
[20.877s] INFO:colcon.colcon_core.shell:Creating package script '/home/wjrgfdy/rm_ws/install/rm_serial_driver/share/rm_serial_driver/package.zsh'
[20.877s] Level 1:colcon.colcon_core.environment:create_file_with_runtime_dependencies(/home/wjrgfdy/rm_ws/install/rm_serial_driver/share/colcon-core/packages/rm_serial_driver)
[20.879s] DEBUG:colcon.colcon_core.event_handler.log_command:Invoked command in '/home/wjrgfdy/rm_ws/build/armor_detector' returned '2': AMENT_PREFIX_PATH=/home/wjrgfdy/rm_ws/install/auto_aim_interfaces:${AMENT_PREFIX_PATH} CMAKE_PREFIX_PATH=/home/wjrgfdy/rm_ws/install/auto_aim_interfaces:/opt/ros/humble LD_LIBRARY_PATH=/home/wjrgfdy/rm_ws/install/auto_aim_interfaces/lib:/opt/ros/humble/opt/rviz_ogre_vendor/lib:/opt/ros/humble/lib/x86_64-linux-gnu:/opt/ros/humble/lib:/opt/MVS/lib/64:/opt/MVS/lib/32:/opt/MVS/lib/64:/opt/MVS/lib/32:/opt/MVS/lib/64:/opt/MVS/lib/32 PYTHONPATH=/home/wjrgfdy/rm_ws/install/auto_aim_interfaces/local/lib/python3.10/dist-packages:${PYTHONPATH} _=/usr/bin/env /usr/local/bin/cmake --build /home/wjrgfdy/rm_ws/build/armor_detector -- -j12 -l12
[20.916s] Level 1:colcon.colcon_core.environment:create_environment_scripts_only(armor_detector)
[20.924s] Level 1:colcon.colcon_core.environment:checking '/home/wjrgfdy/rm_ws/install/armor_detector' for CMake module files
[20.924s] Level 1:colcon.colcon_core.environment:checking '/home/wjrgfdy/rm_ws/install/armor_detector' for CMake config files
[20.924s] Level 1:colcon.colcon_core.environment:checking '/home/wjrgfdy/rm_ws/install/armor_detector/bin'
[20.924s] Level 1:colcon.colcon_core.environment:checking '/home/wjrgfdy/rm_ws/install/armor_detector/lib/pkgconfig/armor_detector.pc'
[20.924s] Level 1:colcon.colcon_core.environment:checking '/home/wjrgfdy/rm_ws/install/armor_detector/lib/python3.10/site-packages'
[20.924s] Level 1:colcon.colcon_core.environment:checking '/home/wjrgfdy/rm_ws/install/armor_detector/bin'
[20.931s] INFO:colcon.colcon_core.shell:Creating package script '/home/wjrgfdy/rm_ws/install/armor_detector/share/armor_detector/package.ps1'
[20.931s] INFO:colcon.colcon_core.shell:Creating package descriptor '/home/wjrgfdy/rm_ws/install/armor_detector/share/armor_detector/package.dsv'
[20.932s] INFO:colcon.colcon_core.shell:Creating package script '/home/wjrgfdy/rm_ws/install/armor_detector/share/armor_detector/package.sh'
[20.932s] INFO:colcon.colcon_core.shell:Creating package script '/home/wjrgfdy/rm_ws/install/armor_detector/share/armor_detector/package.bash'
[20.932s] INFO:colcon.colcon_core.shell:Creating package script '/home/wjrgfdy/rm_ws/install/armor_detector/share/armor_detector/package.zsh'
[20.932s] Level 1:colcon.colcon_core.environment:create_file_with_runtime_dependencies(/home/wjrgfdy/rm_ws/install/armor_detector/share/colcon-core/packages/armor_detector)
[22.419s] DEBUG:colcon.colcon_parallel_executor.executor.parallel:closing loop
[22.419s] DEBUG:colcon.colcon_parallel_executor.executor.parallel:loop closed
[22.419s] DEBUG:colcon.colcon_parallel_executor.executor.parallel:run_until_complete finished with '2'
[22.419s] DEBUG:colcon.colcon_core.event_reactor:joining thread
[22.435s] INFO:colcon.colcon_core.plugin_system:Skipping extension 'colcon_notification.desktop_notification.terminal_notifier': Not used on non-Darwin systems
[22.435s] INFO:colcon.colcon_core.plugin_system:Skipping extension 'colcon_notification.desktop_notification.win32': Not used on non-Windows systems
[22.435s] INFO:colcon.colcon_notification.desktop_notification:Sending desktop notification using 'notify2'
[22.458s] DEBUG:colcon.colcon_core.event_reactor:joined thread
[22.466s] INFO:colcon.colcon_core.shell:Creating prefix script '/home/wjrgfdy/rm_ws/install/local_setup.ps1'
[22.466s] INFO:colcon.colcon_core.shell:Creating prefix util module '/home/wjrgfdy/rm_ws/install/_local_setup_util_ps1.py'
[22.467s] INFO:colcon.colcon_core.shell:Creating prefix chain script '/home/wjrgfdy/rm_ws/install/setup.ps1'
[22.474s] INFO:colcon.colcon_core.shell:Creating prefix script '/home/wjrgfdy/rm_ws/install/local_setup.sh'
[22.475s] INFO:colcon.colcon_core.shell:Creating prefix util module '/home/wjrgfdy/rm_ws/install/_local_setup_util_sh.py'
[22.475s] INFO:colcon.colcon_core.shell:Creating prefix chain script '/home/wjrgfdy/rm_ws/install/setup.sh'
[22.482s] INFO:colcon.colcon_core.shell:Creating prefix script '/home/wjrgfdy/rm_ws/install/local_setup.bash'
[22.483s] INFO:colcon.colcon_core.shell:Creating prefix chain script '/home/wjrgfdy/rm_ws/install/setup.bash'
[22.490s] INFO:colcon.colcon_core.shell:Creating prefix script '/home/wjrgfdy/rm_ws/install/local_setup.zsh'
[22.490s] INFO:colcon.colcon_core.shell:Creating prefix chain script '/home/wjrgfdy/rm_ws/install/setup.zsh'
