[0.344s] Invoking command in '/home/wjrgfdy/rm_ws/build/depth_image_proc': CMAKE_PREFIX_PATH=${CMAKE_PREFIX_PATH}:/home/wjrgfdy/rm_ws/install/camera_calibration:/opt/ros/humble _=/usr/bin/env /usr/local/bin/cmake /home/wjrgfdy/rm_ws/src/image_pipeline/depth_image_proc -DCMAKE_INSTALL_PREFIX=/home/wjrgfdy/rm_ws/install/depth_image_proc
[0.355s] -- Found ament_cmake_auto: 1.3.6 (/opt/ros/humble/share/ament_cmake_auto/cmake)
[0.549s] -- Override CMake install command with custom implementation using symlinks instead of copying resources
[0.672s] -- Found rosidl_generator_c: 3.1.5 (/opt/ros/humble/share/rosidl_generator_c/cmake)
[0.675s] -- Found rosidl_adapter: 3.1.5 (/opt/ros/humble/share/rosidl_adapter/cmake)
[0.684s] -- Found rosidl_generator_cpp: 3.1.5 (/opt/ros/humble/share/rosidl_generator_cpp/cmake)
[0.701s] -- Using all available rosidl_typesupport_c: rosidl_typesupport_fastrtps_c;rosidl_typesupport_introspection_c
[0.721s] -- Using all available rosidl_typesupport_cpp: rosidl_typesupport_fastrtps_cpp;rosidl_typesupport_introspection_cpp
[1.071s] -- Found rmw_implementation_cmake: 6.1.1 (/opt/ros/humble/share/rmw_implementation_cmake/cmake)
[1.072s] -- Found rmw_fastrtps_cpp: 6.2.5 (/opt/ros/humble/share/rmw_fastrtps_cpp/cmake)
[1.206s] -- Using RMW implementation 'rmw_fastrtps_cpp' as default
[1.874s] -- Found ament_lint_auto: 0.12.9 (/opt/ros/humble/share/ament_lint_auto/cmake)
[1.888s] -- Added test 'copyright' to check source files copyright and LICENSE
[1.890s] -- Added test 'cppcheck' to perform static code analysis on C / C++ code
[1.891s] -- Configured cppcheck include dirs: /home/wjrgfdy/rm_ws/src/image_pipeline/depth_image_proc/include
[1.891s] -- Configured cppcheck exclude dirs and/or files: 
[1.892s] -- Added test 'cpplint' to check C / C++ code against the Google style
[1.892s] -- Configured cpplint exclude dirs and/or files: 
[1.893s] -- Added test 'flake8' to check Python code syntax and style conventions
[1.894s] -- Added test 'lint_cmake' to check CMake code style
[1.894s] -- Added test 'pep257' to check Python code against some of the docstring style conventions in PEP 257
[1.896s] -- Added test 'uncrustify' to check C / C++ code style
[1.896s] -- Configured uncrustify additional arguments: 
[1.897s] -- Added test 'xmllint' to check XML markup files
[1.899s] -- Configuring done (1.6s)
[1.955s] -- Generating done (0.0s)
[1.959s] -- Build files have been written to: /home/wjrgfdy/rm_ws/build/depth_image_proc
[1.986s] Invoked command in '/home/wjrgfdy/rm_ws/build/depth_image_proc' returned '0': CMAKE_PREFIX_PATH=${CMAKE_PREFIX_PATH}:/home/wjrgfdy/rm_ws/install/camera_calibration:/opt/ros/humble _=/usr/bin/env /usr/local/bin/cmake /home/wjrgfdy/rm_ws/src/image_pipeline/depth_image_proc -DCMAKE_INSTALL_PREFIX=/home/wjrgfdy/rm_ws/install/depth_image_proc
[1.988s] Invoking command in '/home/wjrgfdy/rm_ws/build/depth_image_proc': CMAKE_PREFIX_PATH=${CMAKE_PREFIX_PATH}:/home/wjrgfdy/rm_ws/install/camera_calibration:/opt/ros/humble _=/usr/bin/env /usr/local/bin/cmake --build /home/wjrgfdy/rm_ws/build/depth_image_proc -- -j12 -l12
[2.049s] [  6%] Built target convert_metric_node
[2.050s] [ 12%] Built target crop_foremost_node
[2.050s] [ 18%] Built target disparity_node
[2.060s] [ 28%] Built target point_cloud_xyzrgb_node
[2.060s] [ 31%] Built target point_cloud_xyz_node
[2.060s] [ 37%] Built target point_cloud_xyzi_radial_node
[2.060s] [ 43%] Built target point_cloud_xyzrgb_radial_node
[2.060s] [ 56%] Built target point_cloud_xyzi_node
[2.060s] [ 56%] Built target point_cloud_xyz_radial_node
[2.065s] [ 62%] Built target register_node
[2.076s] [100%] Built target depth_image_proc
[2.082s] Invoked command in '/home/wjrgfdy/rm_ws/build/depth_image_proc' returned '0': CMAKE_PREFIX_PATH=${CMAKE_PREFIX_PATH}:/home/wjrgfdy/rm_ws/install/camera_calibration:/opt/ros/humble _=/usr/bin/env /usr/local/bin/cmake --build /home/wjrgfdy/rm_ws/build/depth_image_proc -- -j12 -l12
[2.184s] Invoking command in '/home/wjrgfdy/rm_ws/build/depth_image_proc': CMAKE_PREFIX_PATH=${CMAKE_PREFIX_PATH}:/home/wjrgfdy/rm_ws/install/camera_calibration:/opt/ros/humble _=/usr/bin/env /usr/local/bin/cmake --install /home/wjrgfdy/rm_ws/build/depth_image_proc
[2.188s] -- Install configuration: ""
[2.188s] -- Execute custom install script
[2.188s] -- Up-to-date symlink: /home/wjrgfdy/rm_ws/install/depth_image_proc/lib/depth_image_proc/convert_metric_node
[2.189s] -- Up-to-date symlink: /home/wjrgfdy/rm_ws/install/depth_image_proc/lib/depth_image_proc/crop_foremost_node
[2.189s] -- Up-to-date symlink: /home/wjrgfdy/rm_ws/install/depth_image_proc/lib/depth_image_proc/disparity_node
[2.189s] -- Up-to-date symlink: /home/wjrgfdy/rm_ws/install/depth_image_proc/lib/depth_image_proc/point_cloud_xyz_node
[2.190s] -- Up-to-date symlink: /home/wjrgfdy/rm_ws/install/depth_image_proc/lib/depth_image_proc/point_cloud_xyzrgb_node
[2.190s] -- Up-to-date symlink: /home/wjrgfdy/rm_ws/install/depth_image_proc/lib/depth_image_proc/point_cloud_xyzi_node
[2.190s] -- Up-to-date symlink: /home/wjrgfdy/rm_ws/install/depth_image_proc/lib/depth_image_proc/point_cloud_xyz_radial_node
[2.190s] -- Up-to-date symlink: /home/wjrgfdy/rm_ws/install/depth_image_proc/lib/depth_image_proc/point_cloud_xyzi_radial_node
[2.190s] -- Up-to-date symlink: /home/wjrgfdy/rm_ws/install/depth_image_proc/lib/depth_image_proc/point_cloud_xyzrgb_radial_node
[2.191s] -- Up-to-date symlink: /home/wjrgfdy/rm_ws/install/depth_image_proc/lib/depth_image_proc/register_node
[2.191s] -- Up-to-date symlink: /home/wjrgfdy/rm_ws/install/depth_image_proc/include/depth_image_proc/conversions.hpp
[2.191s] -- Up-to-date symlink: /home/wjrgfdy/rm_ws/install/depth_image_proc/include/depth_image_proc/depth_traits.hpp
[2.191s] -- Up-to-date symlink: /home/wjrgfdy/rm_ws/install/depth_image_proc/include/depth_image_proc/point_cloud_xyz.hpp
[2.191s] -- Up-to-date symlink: /home/wjrgfdy/rm_ws/install/depth_image_proc/include/depth_image_proc/point_cloud_xyz_radial.hpp
[2.191s] -- Up-to-date symlink: /home/wjrgfdy/rm_ws/install/depth_image_proc/include/depth_image_proc/point_cloud_xyzi.hpp
[2.192s] -- Up-to-date symlink: /home/wjrgfdy/rm_ws/install/depth_image_proc/include/depth_image_proc/point_cloud_xyzi_radial.hpp
[2.192s] -- Up-to-date symlink: /home/wjrgfdy/rm_ws/install/depth_image_proc/include/depth_image_proc/point_cloud_xyzrgb.hpp
[2.192s] -- Up-to-date symlink: /home/wjrgfdy/rm_ws/install/depth_image_proc/include/depth_image_proc/point_cloud_xyzrgb_radial.hpp
[2.192s] -- Up-to-date symlink: /home/wjrgfdy/rm_ws/install/depth_image_proc/include/depth_image_proc/visibility.h
[2.192s] -- Up-to-date symlink: /home/wjrgfdy/rm_ws/install/depth_image_proc/share/depth_image_proc/environment/library_path.sh
[2.192s] -- Up-to-date symlink: /home/wjrgfdy/rm_ws/install/depth_image_proc/share/depth_image_proc/environment/library_path.dsv
[2.193s] -- Up-to-date symlink: /home/wjrgfdy/rm_ws/install/depth_image_proc/lib/libdepth_image_proc.so
[2.193s] -- Up-to-date symlink: /home/wjrgfdy/rm_ws/install/depth_image_proc/share/depth_image_proc/launch/convert_metric.launch.py
[2.193s] -- Up-to-date symlink: /home/wjrgfdy/rm_ws/install/depth_image_proc/share/depth_image_proc/launch/crop_foremost.launch.py
[2.193s] -- Up-to-date symlink: /home/wjrgfdy/rm_ws/install/depth_image_proc/share/depth_image_proc/launch/disparity.launch.py
[2.193s] -- Up-to-date symlink: /home/wjrgfdy/rm_ws/install/depth_image_proc/share/depth_image_proc/launch/point_cloud_xyz.launch.py
[2.194s] -- Up-to-date symlink: /home/wjrgfdy/rm_ws/install/depth_image_proc/share/depth_image_proc/launch/point_cloud_xyz_radial.launch.py
[2.194s] -- Up-to-date symlink: /home/wjrgfdy/rm_ws/install/depth_image_proc/share/depth_image_proc/launch/point_cloud_xyzi.launch.py
[2.194s] -- Up-to-date symlink: /home/wjrgfdy/rm_ws/install/depth_image_proc/share/depth_image_proc/launch/point_cloud_xyzi_radial.launch.py
[2.194s] -- Up-to-date symlink: /home/wjrgfdy/rm_ws/install/depth_image_proc/share/depth_image_proc/launch/point_cloud_xyzrgb.launch.py
[2.194s] -- Up-to-date symlink: /home/wjrgfdy/rm_ws/install/depth_image_proc/share/depth_image_proc/launch/point_cloud_xyzrgb_radial.launch.py
[2.194s] -- Up-to-date symlink: /home/wjrgfdy/rm_ws/install/depth_image_proc/share/depth_image_proc/launch/register.launch.py
[2.194s] -- Up-to-date symlink: /home/wjrgfdy/rm_ws/install/depth_image_proc/share/depth_image_proc/launch/rviz/convert_metric.rviz
[2.194s] -- Up-to-date symlink: /home/wjrgfdy/rm_ws/install/depth_image_proc/share/depth_image_proc/launch/rviz/crop_formost.rviz
[2.194s] -- Up-to-date symlink: /home/wjrgfdy/rm_ws/install/depth_image_proc/share/depth_image_proc/launch/rviz/disparity.rviz
[2.194s] -- Up-to-date symlink: /home/wjrgfdy/rm_ws/install/depth_image_proc/share/depth_image_proc/launch/rviz/point_cloud_xyz.rviz
[2.195s] -- Up-to-date symlink: /home/wjrgfdy/rm_ws/install/depth_image_proc/share/depth_image_proc/launch/rviz/point_cloud_xyz_radial.rviz
[2.195s] -- Up-to-date symlink: /home/wjrgfdy/rm_ws/install/depth_image_proc/share/depth_image_proc/launch/rviz/point_cloud_xyzi.rviz
[2.195s] -- Up-to-date symlink: /home/wjrgfdy/rm_ws/install/depth_image_proc/share/depth_image_proc/launch/rviz/point_cloud_xyzrgb.rviz
[2.195s] -- Up-to-date symlink: /home/wjrgfdy/rm_ws/install/depth_image_proc/share/depth_image_proc/launch/rviz/register.rviz
[2.195s] -- Up-to-date symlink: /home/wjrgfdy/rm_ws/install/depth_image_proc/share/ament_index/resource_index/package_run_dependencies/depth_image_proc
[2.195s] -- Up-to-date symlink: /home/wjrgfdy/rm_ws/install/depth_image_proc/share/ament_index/resource_index/parent_prefix_path/depth_image_proc
[2.195s] -- Up-to-date symlink: /home/wjrgfdy/rm_ws/install/depth_image_proc/share/depth_image_proc/environment/ament_prefix_path.sh
[2.196s] -- Up-to-date symlink: /home/wjrgfdy/rm_ws/install/depth_image_proc/share/depth_image_proc/environment/ament_prefix_path.dsv
[2.196s] -- Up-to-date symlink: /home/wjrgfdy/rm_ws/install/depth_image_proc/share/depth_image_proc/environment/path.sh
[2.196s] -- Up-to-date symlink: /home/wjrgfdy/rm_ws/install/depth_image_proc/share/depth_image_proc/environment/path.dsv
[2.196s] -- Up-to-date symlink: /home/wjrgfdy/rm_ws/install/depth_image_proc/share/depth_image_proc/local_setup.bash
[2.196s] -- Up-to-date symlink: /home/wjrgfdy/rm_ws/install/depth_image_proc/share/depth_image_proc/local_setup.sh
[2.196s] -- Up-to-date symlink: /home/wjrgfdy/rm_ws/install/depth_image_proc/share/depth_image_proc/local_setup.zsh
[2.197s] -- Up-to-date symlink: /home/wjrgfdy/rm_ws/install/depth_image_proc/share/depth_image_proc/local_setup.dsv
[2.197s] -- Symlinking: /home/wjrgfdy/rm_ws/install/depth_image_proc/share/depth_image_proc/package.dsv
[2.200s] -- Up-to-date symlink: /home/wjrgfdy/rm_ws/install/depth_image_proc/share/ament_index/resource_index/packages/depth_image_proc
[2.200s] -- Up-to-date symlink: /home/wjrgfdy/rm_ws/install/depth_image_proc/share/ament_index/resource_index/rclcpp_components/depth_image_proc
[2.200s] -- Up-to-date symlink: /home/wjrgfdy/rm_ws/install/depth_image_proc/share/depth_image_proc/cmake/ament_cmake_export_dependencies-extras.cmake
[2.200s] -- Up-to-date symlink: /home/wjrgfdy/rm_ws/install/depth_image_proc/share/depth_image_proc/cmake/ament_cmake_export_include_directories-extras.cmake
[2.200s] -- Up-to-date symlink: /home/wjrgfdy/rm_ws/install/depth_image_proc/share/depth_image_proc/cmake/ament_cmake_export_libraries-extras.cmake
[2.200s] -- Up-to-date symlink: /home/wjrgfdy/rm_ws/install/depth_image_proc/share/depth_image_proc/cmake/depth_image_procConfig.cmake
[2.201s] -- Up-to-date symlink: /home/wjrgfdy/rm_ws/install/depth_image_proc/share/depth_image_proc/cmake/depth_image_procConfig-version.cmake
[2.201s] -- Up-to-date symlink: /home/wjrgfdy/rm_ws/install/depth_image_proc/share/depth_image_proc/package.xml
[2.204s] Invoked command in '/home/wjrgfdy/rm_ws/build/depth_image_proc' returned '0': CMAKE_PREFIX_PATH=${CMAKE_PREFIX_PATH}:/home/wjrgfdy/rm_ws/install/camera_calibration:/opt/ros/humble _=/usr/bin/env /usr/local/bin/cmake --install /home/wjrgfdy/rm_ws/build/depth_image_proc
