-- Found ament_cmake_auto: 1.3.6 (/opt/ros/humble/share/ament_cmake_auto/cmake)
-- Override CMake install command with custom implementation using symlinks instead of copying resources
-- Found rosidl_generator_c: 3.1.5 (/opt/ros/humble/share/rosidl_generator_c/cmake)
-- Found rosidl_adapter: 3.1.5 (/opt/ros/humble/share/rosidl_adapter/cmake)
-- Found rosidl_generator_cpp: 3.1.5 (/opt/ros/humble/share/rosidl_generator_cpp/cmake)
-- Using all available rosidl_typesupport_c: rosidl_typesupport_fastrtps_c;rosidl_typesupport_introspection_c
-- Using all available rosidl_typesupport_cpp: rosidl_typesupport_fastrtps_cpp;rosidl_typesupport_introspection_cpp
-- Found rmw_implementation_cmake: 6.1.1 (/opt/ros/humble/share/rmw_implementation_cmake/cmake)
-- Found rmw_fastrtps_cpp: 6.2.5 (/opt/ros/humble/share/rmw_fastrtps_cpp/cmake)
-- Using RMW implementation 'rmw_fastrtps_cpp' as default
-- Found ament_lint_auto: 0.12.9 (/opt/ros/humble/share/ament_lint_auto/cmake)
-- Added test 'copyright' to check source files copyright and LICENSE
-- Added test 'cppcheck' to perform static code analysis on C / C++ code
-- Configured cppcheck include dirs: /home/wjrgfdy/rm_ws/src/image_pipeline/image_proc/include
-- Configured cppcheck exclude dirs and/or files: 
-- Added test 'cpplint' to check C / C++ code against the Google style
-- Configured cpplint exclude dirs and/or files: 
-- Added test 'flake8' to check Python code syntax and style conventions
-- Added test 'lint_cmake' to check CMake code style
-- Added test 'pep257' to check Python code against some of the docstring style conventions in PEP 257
-- Added test 'uncrustify' to check C / C++ code style
-- Configured uncrustify additional arguments: 
-- Added test 'xmllint' to check XML markup files
-- Configuring done (1.0s)
-- Generating done (0.1s)
-- Build files have been written to: /home/wjrgfdy/rm_ws/build/image_proc
[  8%] Built target image_proc
[ 24%] Built target debayer_node
[ 24%] Built target rectify_node
[ 32%] Built target resize_node
[ 40%] Built target crop_non_zero_node
[ 48%] Built target crop_decimate_node
[ 56%] Built target rectify
[ 68%] Built target debayer
[ 76%] Built target resize
[ 84%] Built target crop_decimate
[ 92%] Built target crop_non_zero
[100%] Built target image_proc_exe
-- Install configuration: ""
-- Execute custom install script
-- Up-to-date symlink: /home/wjrgfdy/rm_ws/install/image_proc/lib/image_proc/rectify_node
-- Up-to-date symlink: /home/wjrgfdy/rm_ws/install/image_proc/lib/image_proc/debayer_node
-- Up-to-date symlink: /home/wjrgfdy/rm_ws/install/image_proc/lib/image_proc/resize_node
-- Up-to-date symlink: /home/wjrgfdy/rm_ws/install/image_proc/lib/image_proc/crop_decimate_node
-- Up-to-date symlink: /home/wjrgfdy/rm_ws/install/image_proc/lib/image_proc/crop_non_zero_node
-- Up-to-date symlink: /home/wjrgfdy/rm_ws/install/image_proc/bin/image_proc
-- Up-to-date symlink: /home/wjrgfdy/rm_ws/install/image_proc/include/image_proc/crop_decimate.hpp
-- Up-to-date symlink: /home/wjrgfdy/rm_ws/install/image_proc/include/image_proc/crop_non_zero.hpp
-- Up-to-date symlink: /home/wjrgfdy/rm_ws/install/image_proc/include/image_proc/debayer.hpp
-- Up-to-date symlink: /home/wjrgfdy/rm_ws/install/image_proc/include/image_proc/edge_aware.hpp
-- Up-to-date symlink: /home/wjrgfdy/rm_ws/install/image_proc/include/image_proc/processor.hpp
-- Up-to-date symlink: /home/wjrgfdy/rm_ws/install/image_proc/include/image_proc/rectify.hpp
-- Up-to-date symlink: /home/wjrgfdy/rm_ws/install/image_proc/include/image_proc/resize.hpp
-- Up-to-date symlink: /home/wjrgfdy/rm_ws/install/image_proc/include/image_proc/utils.hpp
-- Up-to-date symlink: /home/wjrgfdy/rm_ws/install/image_proc/share/image_proc/environment/library_path.sh
-- Up-to-date symlink: /home/wjrgfdy/rm_ws/install/image_proc/share/image_proc/environment/library_path.dsv
-- Up-to-date symlink: /home/wjrgfdy/rm_ws/install/image_proc/lib/libimage_proc.so
-- Up-to-date symlink: /home/wjrgfdy/rm_ws/install/image_proc/lib/librectify.so
-- Up-to-date symlink: /home/wjrgfdy/rm_ws/install/image_proc/lib/libdebayer.so
-- Up-to-date symlink: /home/wjrgfdy/rm_ws/install/image_proc/lib/libresize.so
-- Up-to-date symlink: /home/wjrgfdy/rm_ws/install/image_proc/lib/libcrop_decimate.so
-- Up-to-date symlink: /home/wjrgfdy/rm_ws/install/image_proc/lib/libcrop_non_zero.so
-- Up-to-date symlink: /home/wjrgfdy/rm_ws/install/image_proc/lib/image_proc/image_proc
-- Up-to-date symlink: /home/wjrgfdy/rm_ws/install/image_proc/share/image_proc/launch/image_proc.launch.py
-- Up-to-date symlink: /home/wjrgfdy/rm_ws/install/image_proc/share/ament_index/resource_index/package_run_dependencies/image_proc
-- Up-to-date symlink: /home/wjrgfdy/rm_ws/install/image_proc/share/ament_index/resource_index/parent_prefix_path/image_proc
-- Up-to-date symlink: /home/wjrgfdy/rm_ws/install/image_proc/share/image_proc/environment/ament_prefix_path.sh
-- Up-to-date symlink: /home/wjrgfdy/rm_ws/install/image_proc/share/image_proc/environment/ament_prefix_path.dsv
-- Up-to-date symlink: /home/wjrgfdy/rm_ws/install/image_proc/share/image_proc/environment/path.sh
-- Up-to-date symlink: /home/wjrgfdy/rm_ws/install/image_proc/share/image_proc/environment/path.dsv
-- Up-to-date symlink: /home/wjrgfdy/rm_ws/install/image_proc/share/image_proc/local_setup.bash
-- Up-to-date symlink: /home/wjrgfdy/rm_ws/install/image_proc/share/image_proc/local_setup.sh
-- Up-to-date symlink: /home/wjrgfdy/rm_ws/install/image_proc/share/image_proc/local_setup.zsh
-- Up-to-date symlink: /home/wjrgfdy/rm_ws/install/image_proc/share/image_proc/local_setup.dsv
-- Symlinking: /home/wjrgfdy/rm_ws/install/image_proc/share/image_proc/package.dsv
-- Up-to-date symlink: /home/wjrgfdy/rm_ws/install/image_proc/share/ament_index/resource_index/packages/image_proc
-- Up-to-date symlink: /home/wjrgfdy/rm_ws/install/image_proc/share/ament_index/resource_index/rclcpp_components/image_proc
-- Up-to-date symlink: /home/wjrgfdy/rm_ws/install/image_proc/share/image_proc/cmake/ament_cmake_export_dependencies-extras.cmake
-- Up-to-date symlink: /home/wjrgfdy/rm_ws/install/image_proc/share/image_proc/cmake/ament_cmake_export_include_directories-extras.cmake
-- Up-to-date symlink: /home/wjrgfdy/rm_ws/install/image_proc/share/image_proc/cmake/ament_cmake_export_libraries-extras.cmake
-- Up-to-date symlink: /home/wjrgfdy/rm_ws/install/image_proc/share/image_proc/cmake/image_procConfig.cmake
-- Up-to-date symlink: /home/wjrgfdy/rm_ws/install/image_proc/share/image_proc/cmake/image_procConfig-version.cmake
-- Up-to-date symlink: /home/wjrgfdy/rm_ws/install/image_proc/share/image_proc/package.xml
