[0.263s] Invoking command in '/home/wjrgfdy/rm_ws/build/image_proc': CMAKE_PREFIX_PATH=/home/wjrgfdy/rm_ws/install/tracetools_image_pipeline:/home/wjrgfdy/rm_ws/install/image_pipeline:/home/wjrgfdy/rm_ws/install/stereo_image_proc:/home/wjrgfdy/rm_ws/install/image_proc:/home/wjrgfdy/rm_ws/install/rm_vision_bringup:/home/wjrgfdy/rm_ws/install/rm_serial_driver:/home/wjrgfdy/rm_ws/install/rm_gimbal_description:/home/wjrgfdy/rm_ws/install/rm_auto_aim:/home/wjrgfdy/rm_ws/install/mindvision_camera:/home/wjrgfdy/rm_ws/install/image_view:/home/wjrgfdy/rm_ws/install/image_rotate:/home/wjrgfdy/rm_ws/install/image_publisher:/home/wjrgfdy/rm_ws/install/hik_camera:/home/wjrgfdy/rm_ws/install/depth_image_proc:/home/wjrgfdy/rm_ws/install/armor_tracker:/home/wjrgfdy/rm_ws/install/armor_detector:/home/wjrgfdy/rm_ws/install/auto_aim_interfaces:/home/wjrgfdy/rm_ws/install/camera_calibration:/opt/ros/humble LD_LIBRARY_PATH=/home/wjrgfdy/rm_ws/install/tracetools_image_pipeline/lib:/home/wjrgfdy/rm_ws/install/stereo_image_proc/lib:/home/wjrgfdy/rm_ws/install/image_proc/lib:/home/wjrgfdy/rm_ws/install/rm_serial_driver/lib:/home/wjrgfdy/rm_ws/install/mindvision_camera/lib:/home/wjrgfdy/rm_ws/install/image_view/lib:/home/wjrgfdy/rm_ws/install/image_rotate/lib:/home/wjrgfdy/rm_ws/install/image_publisher/lib:/home/wjrgfdy/rm_ws/install/hik_camera/lib:/home/wjrgfdy/rm_ws/install/depth_image_proc/lib:/home/wjrgfdy/rm_ws/install/armor_tracker/lib:/home/wjrgfdy/rm_ws/install/armor_detector/lib:/home/wjrgfdy/rm_ws/install/auto_aim_interfaces/lib:/opt/ros/humble/opt/rviz_ogre_vendor/lib:/opt/ros/humble/lib/x86_64-linux-gnu:/opt/ros/humble/lib:/opt/MVS/lib/64:/opt/MVS/lib/32:/opt/MVS/lib/64:/opt/MVS/lib/32:/opt/MVS/lib/64:/opt/MVS/lib/32 _=/usr/bin/env /usr/local/bin/cmake /home/wjrgfdy/rm_ws/src/image_pipeline/image_proc -DCMAKE_INSTALL_PREFIX=/home/wjrgfdy/rm_ws/install/image_proc
[0.270s] -- Found ament_cmake_auto: 1.3.6 (/opt/ros/humble/share/ament_cmake_auto/cmake)
[0.467s] -- Override CMake install command with custom implementation using symlinks instead of copying resources
[0.556s] -- Found rosidl_generator_c: 3.1.5 (/opt/ros/humble/share/rosidl_generator_c/cmake)
[0.559s] -- Found rosidl_adapter: 3.1.5 (/opt/ros/humble/share/rosidl_adapter/cmake)
[0.565s] -- Found rosidl_generator_cpp: 3.1.5 (/opt/ros/humble/share/rosidl_generator_cpp/cmake)
[0.575s] -- Using all available rosidl_typesupport_c: rosidl_typesupport_fastrtps_c;rosidl_typesupport_introspection_c
[0.591s] -- Using all available rosidl_typesupport_cpp: rosidl_typesupport_fastrtps_cpp;rosidl_typesupport_introspection_cpp
[0.793s] -- Found rmw_implementation_cmake: 6.1.1 (/opt/ros/humble/share/rmw_implementation_cmake/cmake)
[0.795s] -- Found rmw_fastrtps_cpp: 6.2.5 (/opt/ros/humble/share/rmw_fastrtps_cpp/cmake)
[0.892s] -- Using RMW implementation 'rmw_fastrtps_cpp' as default
[1.233s] -- Found ament_lint_auto: 0.12.9 (/opt/ros/humble/share/ament_lint_auto/cmake)
[1.241s] -- Added test 'copyright' to check source files copyright and LICENSE
[1.242s] -- Added test 'cppcheck' to perform static code analysis on C / C++ code
[1.242s] -- Configured cppcheck include dirs: /home/wjrgfdy/rm_ws/src/image_pipeline/image_proc/include
[1.242s] -- Configured cppcheck exclude dirs and/or files: 
[1.243s] -- Added test 'cpplint' to check C / C++ code against the Google style
[1.243s] -- Configured cpplint exclude dirs and/or files: 
[1.243s] -- Added test 'flake8' to check Python code syntax and style conventions
[1.243s] -- Added test 'lint_cmake' to check CMake code style
[1.243s] -- Added test 'pep257' to check Python code against some of the docstring style conventions in PEP 257
[1.244s] -- Added test 'uncrustify' to check C / C++ code style
[1.244s] -- Configured uncrustify additional arguments: 
[1.244s] -- Added test 'xmllint' to check XML markup files
[1.246s] -- Configuring done (1.0s)
[1.309s] -- Generating done (0.1s)
[1.313s] -- Build files have been written to: /home/wjrgfdy/rm_ws/build/image_proc
[1.373s] Invoked command in '/home/wjrgfdy/rm_ws/build/image_proc' returned '0': CMAKE_PREFIX_PATH=/home/wjrgfdy/rm_ws/install/tracetools_image_pipeline:/home/wjrgfdy/rm_ws/install/image_pipeline:/home/wjrgfdy/rm_ws/install/stereo_image_proc:/home/wjrgfdy/rm_ws/install/image_proc:/home/wjrgfdy/rm_ws/install/rm_vision_bringup:/home/wjrgfdy/rm_ws/install/rm_serial_driver:/home/wjrgfdy/rm_ws/install/rm_gimbal_description:/home/wjrgfdy/rm_ws/install/rm_auto_aim:/home/wjrgfdy/rm_ws/install/mindvision_camera:/home/wjrgfdy/rm_ws/install/image_view:/home/wjrgfdy/rm_ws/install/image_rotate:/home/wjrgfdy/rm_ws/install/image_publisher:/home/wjrgfdy/rm_ws/install/hik_camera:/home/wjrgfdy/rm_ws/install/depth_image_proc:/home/wjrgfdy/rm_ws/install/armor_tracker:/home/wjrgfdy/rm_ws/install/armor_detector:/home/wjrgfdy/rm_ws/install/auto_aim_interfaces:/home/wjrgfdy/rm_ws/install/camera_calibration:/opt/ros/humble LD_LIBRARY_PATH=/home/wjrgfdy/rm_ws/install/tracetools_image_pipeline/lib:/home/wjrgfdy/rm_ws/install/stereo_image_proc/lib:/home/wjrgfdy/rm_ws/install/image_proc/lib:/home/wjrgfdy/rm_ws/install/rm_serial_driver/lib:/home/wjrgfdy/rm_ws/install/mindvision_camera/lib:/home/wjrgfdy/rm_ws/install/image_view/lib:/home/wjrgfdy/rm_ws/install/image_rotate/lib:/home/wjrgfdy/rm_ws/install/image_publisher/lib:/home/wjrgfdy/rm_ws/install/hik_camera/lib:/home/wjrgfdy/rm_ws/install/depth_image_proc/lib:/home/wjrgfdy/rm_ws/install/armor_tracker/lib:/home/wjrgfdy/rm_ws/install/armor_detector/lib:/home/wjrgfdy/rm_ws/install/auto_aim_interfaces/lib:/opt/ros/humble/opt/rviz_ogre_vendor/lib:/opt/ros/humble/lib/x86_64-linux-gnu:/opt/ros/humble/lib:/opt/MVS/lib/64:/opt/MVS/lib/32:/opt/MVS/lib/64:/opt/MVS/lib/32:/opt/MVS/lib/64:/opt/MVS/lib/32 _=/usr/bin/env /usr/local/bin/cmake /home/wjrgfdy/rm_ws/src/image_pipeline/image_proc -DCMAKE_INSTALL_PREFIX=/home/wjrgfdy/rm_ws/install/image_proc
[1.375s] Invoking command in '/home/wjrgfdy/rm_ws/build/image_proc': CMAKE_PREFIX_PATH=/home/wjrgfdy/rm_ws/install/tracetools_image_pipeline:/home/wjrgfdy/rm_ws/install/image_pipeline:/home/wjrgfdy/rm_ws/install/stereo_image_proc:/home/wjrgfdy/rm_ws/install/image_proc:/home/wjrgfdy/rm_ws/install/rm_vision_bringup:/home/wjrgfdy/rm_ws/install/rm_serial_driver:/home/wjrgfdy/rm_ws/install/rm_gimbal_description:/home/wjrgfdy/rm_ws/install/rm_auto_aim:/home/wjrgfdy/rm_ws/install/mindvision_camera:/home/wjrgfdy/rm_ws/install/image_view:/home/wjrgfdy/rm_ws/install/image_rotate:/home/wjrgfdy/rm_ws/install/image_publisher:/home/wjrgfdy/rm_ws/install/hik_camera:/home/wjrgfdy/rm_ws/install/depth_image_proc:/home/wjrgfdy/rm_ws/install/armor_tracker:/home/wjrgfdy/rm_ws/install/armor_detector:/home/wjrgfdy/rm_ws/install/auto_aim_interfaces:/home/wjrgfdy/rm_ws/install/camera_calibration:/opt/ros/humble LD_LIBRARY_PATH=/home/wjrgfdy/rm_ws/install/tracetools_image_pipeline/lib:/home/wjrgfdy/rm_ws/install/stereo_image_proc/lib:/home/wjrgfdy/rm_ws/install/image_proc/lib:/home/wjrgfdy/rm_ws/install/rm_serial_driver/lib:/home/wjrgfdy/rm_ws/install/mindvision_camera/lib:/home/wjrgfdy/rm_ws/install/image_view/lib:/home/wjrgfdy/rm_ws/install/image_rotate/lib:/home/wjrgfdy/rm_ws/install/image_publisher/lib:/home/wjrgfdy/rm_ws/install/hik_camera/lib:/home/wjrgfdy/rm_ws/install/depth_image_proc/lib:/home/wjrgfdy/rm_ws/install/armor_tracker/lib:/home/wjrgfdy/rm_ws/install/armor_detector/lib:/home/wjrgfdy/rm_ws/install/auto_aim_interfaces/lib:/opt/ros/humble/opt/rviz_ogre_vendor/lib:/opt/ros/humble/lib/x86_64-linux-gnu:/opt/ros/humble/lib:/opt/MVS/lib/64:/opt/MVS/lib/32:/opt/MVS/lib/64:/opt/MVS/lib/32:/opt/MVS/lib/64:/opt/MVS/lib/32 _=/usr/bin/env /usr/local/bin/cmake --build /home/wjrgfdy/rm_ws/build/image_proc -- -j12 -l12
[1.405s] [  8%] Built target image_proc
[1.409s] [ 24%] Built target debayer_node
[1.409s] [ 24%] Built target rectify_node
[1.409s] [ 32%] Built target resize_node
[1.411s] [ 40%] Built target crop_non_zero_node
[1.411s] [ 48%] Built target crop_decimate_node
[1.426s] [ 56%] Built target rectify
[1.443s] [ 68%] Built target debayer
[1.458s] [ 76%] Built target resize
[1.478s] [ 84%] Built target crop_decimate
[1.494s] [ 92%] Built target crop_non_zero
[1.510s] [100%] Built target image_proc_exe
[1.599s] Invoked command in '/home/wjrgfdy/rm_ws/build/image_proc' returned '0': CMAKE_PREFIX_PATH=/home/wjrgfdy/rm_ws/install/tracetools_image_pipeline:/home/wjrgfdy/rm_ws/install/image_pipeline:/home/wjrgfdy/rm_ws/install/stereo_image_proc:/home/wjrgfdy/rm_ws/install/image_proc:/home/wjrgfdy/rm_ws/install/rm_vision_bringup:/home/wjrgfdy/rm_ws/install/rm_serial_driver:/home/wjrgfdy/rm_ws/install/rm_gimbal_description:/home/wjrgfdy/rm_ws/install/rm_auto_aim:/home/wjrgfdy/rm_ws/install/mindvision_camera:/home/wjrgfdy/rm_ws/install/image_view:/home/wjrgfdy/rm_ws/install/image_rotate:/home/wjrgfdy/rm_ws/install/image_publisher:/home/wjrgfdy/rm_ws/install/hik_camera:/home/wjrgfdy/rm_ws/install/depth_image_proc:/home/wjrgfdy/rm_ws/install/armor_tracker:/home/wjrgfdy/rm_ws/install/armor_detector:/home/wjrgfdy/rm_ws/install/auto_aim_interfaces:/home/wjrgfdy/rm_ws/install/camera_calibration:/opt/ros/humble LD_LIBRARY_PATH=/home/wjrgfdy/rm_ws/install/tracetools_image_pipeline/lib:/home/wjrgfdy/rm_ws/install/stereo_image_proc/lib:/home/wjrgfdy/rm_ws/install/image_proc/lib:/home/wjrgfdy/rm_ws/install/rm_serial_driver/lib:/home/wjrgfdy/rm_ws/install/mindvision_camera/lib:/home/wjrgfdy/rm_ws/install/image_view/lib:/home/wjrgfdy/rm_ws/install/image_rotate/lib:/home/wjrgfdy/rm_ws/install/image_publisher/lib:/home/wjrgfdy/rm_ws/install/hik_camera/lib:/home/wjrgfdy/rm_ws/install/depth_image_proc/lib:/home/wjrgfdy/rm_ws/install/armor_tracker/lib:/home/wjrgfdy/rm_ws/install/armor_detector/lib:/home/wjrgfdy/rm_ws/install/auto_aim_interfaces/lib:/opt/ros/humble/opt/rviz_ogre_vendor/lib:/opt/ros/humble/lib/x86_64-linux-gnu:/opt/ros/humble/lib:/opt/MVS/lib/64:/opt/MVS/lib/32:/opt/MVS/lib/64:/opt/MVS/lib/32:/opt/MVS/lib/64:/opt/MVS/lib/32 _=/usr/bin/env /usr/local/bin/cmake --build /home/wjrgfdy/rm_ws/build/image_proc -- -j12 -l12
[1.684s] Invoking command in '/home/wjrgfdy/rm_ws/build/image_proc': CMAKE_PREFIX_PATH=/home/wjrgfdy/rm_ws/install/tracetools_image_pipeline:/home/wjrgfdy/rm_ws/install/image_pipeline:/home/wjrgfdy/rm_ws/install/stereo_image_proc:/home/wjrgfdy/rm_ws/install/image_proc:/home/wjrgfdy/rm_ws/install/rm_vision_bringup:/home/wjrgfdy/rm_ws/install/rm_serial_driver:/home/wjrgfdy/rm_ws/install/rm_gimbal_description:/home/wjrgfdy/rm_ws/install/rm_auto_aim:/home/wjrgfdy/rm_ws/install/mindvision_camera:/home/wjrgfdy/rm_ws/install/image_view:/home/wjrgfdy/rm_ws/install/image_rotate:/home/wjrgfdy/rm_ws/install/image_publisher:/home/wjrgfdy/rm_ws/install/hik_camera:/home/wjrgfdy/rm_ws/install/depth_image_proc:/home/wjrgfdy/rm_ws/install/armor_tracker:/home/wjrgfdy/rm_ws/install/armor_detector:/home/wjrgfdy/rm_ws/install/auto_aim_interfaces:/home/wjrgfdy/rm_ws/install/camera_calibration:/opt/ros/humble LD_LIBRARY_PATH=/home/wjrgfdy/rm_ws/install/tracetools_image_pipeline/lib:/home/wjrgfdy/rm_ws/install/stereo_image_proc/lib:/home/wjrgfdy/rm_ws/install/image_proc/lib:/home/wjrgfdy/rm_ws/install/rm_serial_driver/lib:/home/wjrgfdy/rm_ws/install/mindvision_camera/lib:/home/wjrgfdy/rm_ws/install/image_view/lib:/home/wjrgfdy/rm_ws/install/image_rotate/lib:/home/wjrgfdy/rm_ws/install/image_publisher/lib:/home/wjrgfdy/rm_ws/install/hik_camera/lib:/home/wjrgfdy/rm_ws/install/depth_image_proc/lib:/home/wjrgfdy/rm_ws/install/armor_tracker/lib:/home/wjrgfdy/rm_ws/install/armor_detector/lib:/home/wjrgfdy/rm_ws/install/auto_aim_interfaces/lib:/opt/ros/humble/opt/rviz_ogre_vendor/lib:/opt/ros/humble/lib/x86_64-linux-gnu:/opt/ros/humble/lib:/opt/MVS/lib/64:/opt/MVS/lib/32:/opt/MVS/lib/64:/opt/MVS/lib/32:/opt/MVS/lib/64:/opt/MVS/lib/32 _=/usr/bin/env /usr/local/bin/cmake --install /home/wjrgfdy/rm_ws/build/image_proc
[1.687s] -- Install configuration: ""
[1.687s] -- Execute custom install script
[1.687s] -- Up-to-date symlink: /home/wjrgfdy/rm_ws/install/image_proc/lib/image_proc/rectify_node
[1.687s] -- Up-to-date symlink: /home/wjrgfdy/rm_ws/install/image_proc/lib/image_proc/debayer_node
[1.688s] -- Up-to-date symlink: /home/wjrgfdy/rm_ws/install/image_proc/lib/image_proc/resize_node
[1.688s] -- Up-to-date symlink: /home/wjrgfdy/rm_ws/install/image_proc/lib/image_proc/crop_decimate_node
[1.688s] -- Up-to-date symlink: /home/wjrgfdy/rm_ws/install/image_proc/lib/image_proc/crop_non_zero_node
[1.688s] -- Up-to-date symlink: /home/wjrgfdy/rm_ws/install/image_proc/bin/image_proc
[1.688s] -- Up-to-date symlink: /home/wjrgfdy/rm_ws/install/image_proc/include/image_proc/crop_decimate.hpp
[1.688s] -- Up-to-date symlink: /home/wjrgfdy/rm_ws/install/image_proc/include/image_proc/crop_non_zero.hpp
[1.688s] -- Up-to-date symlink: /home/wjrgfdy/rm_ws/install/image_proc/include/image_proc/debayer.hpp
[1.689s] -- Up-to-date symlink: /home/wjrgfdy/rm_ws/install/image_proc/include/image_proc/edge_aware.hpp
[1.689s] -- Up-to-date symlink: /home/wjrgfdy/rm_ws/install/image_proc/include/image_proc/processor.hpp
[1.689s] -- Up-to-date symlink: /home/wjrgfdy/rm_ws/install/image_proc/include/image_proc/rectify.hpp
[1.689s] -- Up-to-date symlink: /home/wjrgfdy/rm_ws/install/image_proc/include/image_proc/resize.hpp
[1.689s] -- Up-to-date symlink: /home/wjrgfdy/rm_ws/install/image_proc/include/image_proc/utils.hpp
[1.689s] -- Up-to-date symlink: /home/wjrgfdy/rm_ws/install/image_proc/share/image_proc/environment/library_path.sh
[1.689s] -- Up-to-date symlink: /home/wjrgfdy/rm_ws/install/image_proc/share/image_proc/environment/library_path.dsv
[1.689s] -- Up-to-date symlink: /home/wjrgfdy/rm_ws/install/image_proc/lib/libimage_proc.so
[1.689s] -- Up-to-date symlink: /home/wjrgfdy/rm_ws/install/image_proc/lib/librectify.so
[1.689s] -- Up-to-date symlink: /home/wjrgfdy/rm_ws/install/image_proc/lib/libdebayer.so
[1.689s] -- Up-to-date symlink: /home/wjrgfdy/rm_ws/install/image_proc/lib/libresize.so
[1.689s] -- Up-to-date symlink: /home/wjrgfdy/rm_ws/install/image_proc/lib/libcrop_decimate.so
[1.690s] -- Up-to-date symlink: /home/wjrgfdy/rm_ws/install/image_proc/lib/libcrop_non_zero.so
[1.690s] -- Up-to-date symlink: /home/wjrgfdy/rm_ws/install/image_proc/lib/image_proc/image_proc
[1.690s] -- Up-to-date symlink: /home/wjrgfdy/rm_ws/install/image_proc/share/image_proc/launch/image_proc.launch.py
[1.690s] -- Up-to-date symlink: /home/wjrgfdy/rm_ws/install/image_proc/share/ament_index/resource_index/package_run_dependencies/image_proc
[1.690s] -- Up-to-date symlink: /home/wjrgfdy/rm_ws/install/image_proc/share/ament_index/resource_index/parent_prefix_path/image_proc
[1.690s] -- Up-to-date symlink: /home/wjrgfdy/rm_ws/install/image_proc/share/image_proc/environment/ament_prefix_path.sh
[1.690s] -- Up-to-date symlink: /home/wjrgfdy/rm_ws/install/image_proc/share/image_proc/environment/ament_prefix_path.dsv
[1.690s] -- Up-to-date symlink: /home/wjrgfdy/rm_ws/install/image_proc/share/image_proc/environment/path.sh
[1.690s] -- Up-to-date symlink: /home/wjrgfdy/rm_ws/install/image_proc/share/image_proc/environment/path.dsv
[1.691s] -- Up-to-date symlink: /home/wjrgfdy/rm_ws/install/image_proc/share/image_proc/local_setup.bash
[1.691s] -- Up-to-date symlink: /home/wjrgfdy/rm_ws/install/image_proc/share/image_proc/local_setup.sh
[1.691s] -- Up-to-date symlink: /home/wjrgfdy/rm_ws/install/image_proc/share/image_proc/local_setup.zsh
[1.691s] -- Up-to-date symlink: /home/wjrgfdy/rm_ws/install/image_proc/share/image_proc/local_setup.dsv
[1.691s] -- Symlinking: /home/wjrgfdy/rm_ws/install/image_proc/share/image_proc/package.dsv
[1.693s] -- Up-to-date symlink: /home/wjrgfdy/rm_ws/install/image_proc/share/ament_index/resource_index/packages/image_proc
[1.693s] -- Up-to-date symlink: /home/wjrgfdy/rm_ws/install/image_proc/share/ament_index/resource_index/rclcpp_components/image_proc
[1.694s] -- Up-to-date symlink: /home/wjrgfdy/rm_ws/install/image_proc/share/image_proc/cmake/ament_cmake_export_dependencies-extras.cmake
[1.694s] -- Up-to-date symlink: /home/wjrgfdy/rm_ws/install/image_proc/share/image_proc/cmake/ament_cmake_export_include_directories-extras.cmake
[1.694s] -- Up-to-date symlink: /home/wjrgfdy/rm_ws/install/image_proc/share/image_proc/cmake/ament_cmake_export_libraries-extras.cmake
[1.694s] -- Up-to-date symlink: /home/wjrgfdy/rm_ws/install/image_proc/share/image_proc/cmake/image_procConfig.cmake
[1.694s] -- Up-to-date symlink: /home/wjrgfdy/rm_ws/install/image_proc/share/image_proc/cmake/image_procConfig-version.cmake
[1.694s] -- Up-to-date symlink: /home/wjrgfdy/rm_ws/install/image_proc/share/image_proc/package.xml
[1.695s] Invoked command in '/home/wjrgfdy/rm_ws/build/image_proc' returned '0': CMAKE_PREFIX_PATH=/home/wjrgfdy/rm_ws/install/tracetools_image_pipeline:/home/wjrgfdy/rm_ws/install/image_pipeline:/home/wjrgfdy/rm_ws/install/stereo_image_proc:/home/wjrgfdy/rm_ws/install/image_proc:/home/wjrgfdy/rm_ws/install/rm_vision_bringup:/home/wjrgfdy/rm_ws/install/rm_serial_driver:/home/wjrgfdy/rm_ws/install/rm_gimbal_description:/home/wjrgfdy/rm_ws/install/rm_auto_aim:/home/wjrgfdy/rm_ws/install/mindvision_camera:/home/wjrgfdy/rm_ws/install/image_view:/home/wjrgfdy/rm_ws/install/image_rotate:/home/wjrgfdy/rm_ws/install/image_publisher:/home/wjrgfdy/rm_ws/install/hik_camera:/home/wjrgfdy/rm_ws/install/depth_image_proc:/home/wjrgfdy/rm_ws/install/armor_tracker:/home/wjrgfdy/rm_ws/install/armor_detector:/home/wjrgfdy/rm_ws/install/auto_aim_interfaces:/home/wjrgfdy/rm_ws/install/camera_calibration:/opt/ros/humble LD_LIBRARY_PATH=/home/wjrgfdy/rm_ws/install/tracetools_image_pipeline/lib:/home/wjrgfdy/rm_ws/install/stereo_image_proc/lib:/home/wjrgfdy/rm_ws/install/image_proc/lib:/home/wjrgfdy/rm_ws/install/rm_serial_driver/lib:/home/wjrgfdy/rm_ws/install/mindvision_camera/lib:/home/wjrgfdy/rm_ws/install/image_view/lib:/home/wjrgfdy/rm_ws/install/image_rotate/lib:/home/wjrgfdy/rm_ws/install/image_publisher/lib:/home/wjrgfdy/rm_ws/install/hik_camera/lib:/home/wjrgfdy/rm_ws/install/depth_image_proc/lib:/home/wjrgfdy/rm_ws/install/armor_tracker/lib:/home/wjrgfdy/rm_ws/install/armor_detector/lib:/home/wjrgfdy/rm_ws/install/auto_aim_interfaces/lib:/opt/ros/humble/opt/rviz_ogre_vendor/lib:/opt/ros/humble/lib/x86_64-linux-gnu:/opt/ros/humble/lib:/opt/MVS/lib/64:/opt/MVS/lib/32:/opt/MVS/lib/64:/opt/MVS/lib/32:/opt/MVS/lib/64:/opt/MVS/lib/32 _=/usr/bin/env /usr/local/bin/cmake --install /home/wjrgfdy/rm_ws/build/image_proc
