[0.214s] Invoking command in '/home/wjrgfdy/rm_ws/build/armor_tracker': AMENT_PREFIX_PATH=/home/wjrgfdy/rm_ws/install/auto_aim_interfaces:${AMENT_PREFIX_PATH} CMAKE_PREFIX_PATH=/home/wjrgfdy/rm_ws/install/auto_aim_interfaces:/home/wjrgfdy/rm_ws/install/image_pipeline:/home/wjrgfdy/rm_ws/install/stereo_image_proc:/home/wjrgfdy/rm_ws/install/image_proc:/home/wjrgfdy/rm_ws/install/tracetools_image_pipeline:/home/wjrgfdy/rm_ws/install/rm_vision_bringup:/home/wjrgfdy/rm_ws/install/rm_serial_driver:/home/wjrgfdy/rm_ws/install/rm_gimbal_description:/home/wjrgfdy/rm_ws/install/rm_auto_aim:/home/wjrgfdy/rm_ws/install/mindvision_camera:/home/wjrgfdy/rm_ws/install/image_view:/home/wjrgfdy/rm_ws/install/image_rotate:/home/wjrgfdy/rm_ws/install/image_publisher:/home/wjrgfdy/rm_ws/install/hik_camera:/home/wjrgfdy/rm_ws/install/depth_image_proc:/home/wjrgfdy/rm_ws/install/armor_tracker:/home/wjrgfdy/rm_ws/install/armor_detector:/home/wjrgfdy/rm_ws/install/camera_calibration:/opt/ros/humble LD_LIBRARY_PATH=/home/wjrgfdy/rm_ws/install/auto_aim_interfaces/lib:/home/wjrgfdy/rm_ws/install/stereo_image_proc/lib:/home/wjrgfdy/rm_ws/install/image_proc/lib:/home/wjrgfdy/rm_ws/install/tracetools_image_pipeline/lib:/home/wjrgfdy/rm_ws/install/rm_serial_driver/lib:/home/wjrgfdy/rm_ws/install/mindvision_camera/lib:/home/wjrgfdy/rm_ws/install/image_view/lib:/home/wjrgfdy/rm_ws/install/image_rotate/lib:/home/wjrgfdy/rm_ws/install/image_publisher/lib:/home/wjrgfdy/rm_ws/install/hik_camera/lib:/home/wjrgfdy/rm_ws/install/depth_image_proc/lib:/home/wjrgfdy/rm_ws/install/armor_tracker/lib:/home/wjrgfdy/rm_ws/install/armor_detector/lib:/opt/ros/humble/opt/rviz_ogre_vendor/lib:/opt/ros/humble/lib/x86_64-linux-gnu:/opt/ros/humble/lib:/opt/MVS/lib/64:/opt/MVS/lib/32:/opt/MVS/lib/64:/opt/MVS/lib/32:/opt/MVS/lib/64:/opt/MVS/lib/32 PYTHONPATH=/home/wjrgfdy/rm_ws/install/auto_aim_interfaces/local/lib/python3.10/dist-packages:${PYTHONPATH} _=/usr/bin/env /usr/local/bin/cmake /home/wjrgfdy/rm_ws/src/rm_auto_aim/armor_tracker -DCMAKE_INSTALL_PREFIX=/home/wjrgfdy/rm_ws/install/armor_tracker
[0.300s] -- The C compiler identification is GNU 12.3.0
[0.446s] -- The CXX compiler identification is GNU 12.3.0
[0.474s] -- Detecting C compiler ABI info
[0.600s] -- Detecting C compiler ABI info - done
[0.618s] -- Check for working C compiler: /usr/bin/cc - skipped
[0.619s] -- Detecting C compile features
[0.620s] -- Detecting C compile features - done
[0.652s] -- Detecting CXX compiler ABI info
[0.821s] -- Detecting CXX compiler ABI info - done
[0.834s] -- Check for working CXX compiler: /usr/bin/c++ - skipped
[0.835s] -- Detecting CXX compile features
[0.836s] -- Detecting CXX compile features - done
[0.840s] -- Found ament_cmake_auto: 1.3.6 (/opt/ros/humble/share/ament_cmake_auto/cmake)
[1.685s] -- Found Python3: /usr/bin/python3.10 (found version "3.10.12") found components: Interpreter 
[2.292s] -- Found rosidl_generator_c: 3.1.5 (/opt/ros/humble/share/rosidl_generator_c/cmake)
[2.305s] -- Found rosidl_adapter: 3.1.5 (/opt/ros/humble/share/rosidl_adapter/cmake)
[2.319s] -- Found rosidl_generator_cpp: 3.1.5 (/opt/ros/humble/share/rosidl_generator_cpp/cmake)
[2.350s] -- Using all available rosidl_typesupport_c: rosidl_typesupport_fastrtps_c;rosidl_typesupport_introspection_c
[2.396s] -- Using all available rosidl_typesupport_cpp: rosidl_typesupport_fastrtps_cpp;rosidl_typesupport_introspection_cpp
[2.557s] -- Found rmw_implementation_cmake: 6.1.1 (/opt/ros/humble/share/rmw_implementation_cmake/cmake)
[2.565s] -- Found rmw_fastrtps_cpp: 6.2.5 (/opt/ros/humble/share/rmw_fastrtps_cpp/cmake)
[2.797s] -- Found OpenSSL: /usr/lib/x86_64-linux-gnu/libcrypto.so (found version "3.0.2")  
[2.869s] -- Found FastRTPS: /opt/ros/humble/include  
[2.956s] -- Using RMW implementation 'rmw_fastrtps_cpp' as default
[2.975s] -- Performing Test CMAKE_HAVE_LIBC_PTHREAD
[3.235s] -- Performing Test CMAKE_HAVE_LIBC_PTHREAD - Success
[3.237s] -- Found Threads: TRUE  
[4.488s] -- Found eigen3_cmake_module: 0.1.1 (/opt/ros/humble/share/eigen3_cmake_module/cmake)
[4.490s] -- Found Eigen3: TRUE (found version "3.4.0") 
[4.490s] -- Ensuring Eigen3 include directory is part of orocos-kdl CMake target
[5.193s] -- Found ament_lint_auto: 0.12.9 (/opt/ros/humble/share/ament_lint_auto/cmake)
[5.246s] -- Added test 'cppcheck' to perform static code analysis on C / C++ code
[5.247s] -- Configured cppcheck include dirs: /home/wjrgfdy/rm_ws/src/rm_auto_aim/armor_tracker/include
[5.247s] -- Configured cppcheck exclude dirs and/or files: 
[5.250s] -- Added test 'lint_cmake' to check CMake code style
[5.253s] -- Added test 'xmllint' to check XML markup files
[5.259s] -- Added test 'clang_format' to check C / C++ code style
[5.264s] -- Configuring done (5.0s)
[5.295s] -- Generating done (0.0s)
[5.299s] -- Build files have been written to: /home/wjrgfdy/rm_ws/build/armor_tracker
[5.325s] Invoked command in '/home/wjrgfdy/rm_ws/build/armor_tracker' returned '0': AMENT_PREFIX_PATH=/home/wjrgfdy/rm_ws/install/auto_aim_interfaces:${AMENT_PREFIX_PATH} CMAKE_PREFIX_PATH=/home/wjrgfdy/rm_ws/install/auto_aim_interfaces:/home/wjrgfdy/rm_ws/install/image_pipeline:/home/wjrgfdy/rm_ws/install/stereo_image_proc:/home/wjrgfdy/rm_ws/install/image_proc:/home/wjrgfdy/rm_ws/install/tracetools_image_pipeline:/home/wjrgfdy/rm_ws/install/rm_vision_bringup:/home/wjrgfdy/rm_ws/install/rm_serial_driver:/home/wjrgfdy/rm_ws/install/rm_gimbal_description:/home/wjrgfdy/rm_ws/install/rm_auto_aim:/home/wjrgfdy/rm_ws/install/mindvision_camera:/home/wjrgfdy/rm_ws/install/image_view:/home/wjrgfdy/rm_ws/install/image_rotate:/home/wjrgfdy/rm_ws/install/image_publisher:/home/wjrgfdy/rm_ws/install/hik_camera:/home/wjrgfdy/rm_ws/install/depth_image_proc:/home/wjrgfdy/rm_ws/install/armor_tracker:/home/wjrgfdy/rm_ws/install/armor_detector:/home/wjrgfdy/rm_ws/install/camera_calibration:/opt/ros/humble LD_LIBRARY_PATH=/home/wjrgfdy/rm_ws/install/auto_aim_interfaces/lib:/home/wjrgfdy/rm_ws/install/stereo_image_proc/lib:/home/wjrgfdy/rm_ws/install/image_proc/lib:/home/wjrgfdy/rm_ws/install/tracetools_image_pipeline/lib:/home/wjrgfdy/rm_ws/install/rm_serial_driver/lib:/home/wjrgfdy/rm_ws/install/mindvision_camera/lib:/home/wjrgfdy/rm_ws/install/image_view/lib:/home/wjrgfdy/rm_ws/install/image_rotate/lib:/home/wjrgfdy/rm_ws/install/image_publisher/lib:/home/wjrgfdy/rm_ws/install/hik_camera/lib:/home/wjrgfdy/rm_ws/install/depth_image_proc/lib:/home/wjrgfdy/rm_ws/install/armor_tracker/lib:/home/wjrgfdy/rm_ws/install/armor_detector/lib:/opt/ros/humble/opt/rviz_ogre_vendor/lib:/opt/ros/humble/lib/x86_64-linux-gnu:/opt/ros/humble/lib:/opt/MVS/lib/64:/opt/MVS/lib/32:/opt/MVS/lib/64:/opt/MVS/lib/32:/opt/MVS/lib/64:/opt/MVS/lib/32 PYTHONPATH=/home/wjrgfdy/rm_ws/install/auto_aim_interfaces/local/lib/python3.10/dist-packages:${PYTHONPATH} _=/usr/bin/env /usr/local/bin/cmake /home/wjrgfdy/rm_ws/src/rm_auto_aim/armor_tracker -DCMAKE_INSTALL_PREFIX=/home/wjrgfdy/rm_ws/install/armor_tracker
[5.326s] Invoking command in '/home/wjrgfdy/rm_ws/build/armor_tracker': AMENT_PREFIX_PATH=/home/wjrgfdy/rm_ws/install/auto_aim_interfaces:${AMENT_PREFIX_PATH} CMAKE_PREFIX_PATH=/home/wjrgfdy/rm_ws/install/auto_aim_interfaces:/home/wjrgfdy/rm_ws/install/image_pipeline:/home/wjrgfdy/rm_ws/install/stereo_image_proc:/home/wjrgfdy/rm_ws/install/image_proc:/home/wjrgfdy/rm_ws/install/tracetools_image_pipeline:/home/wjrgfdy/rm_ws/install/rm_vision_bringup:/home/wjrgfdy/rm_ws/install/rm_serial_driver:/home/wjrgfdy/rm_ws/install/rm_gimbal_description:/home/wjrgfdy/rm_ws/install/rm_auto_aim:/home/wjrgfdy/rm_ws/install/mindvision_camera:/home/wjrgfdy/rm_ws/install/image_view:/home/wjrgfdy/rm_ws/install/image_rotate:/home/wjrgfdy/rm_ws/install/image_publisher:/home/wjrgfdy/rm_ws/install/hik_camera:/home/wjrgfdy/rm_ws/install/depth_image_proc:/home/wjrgfdy/rm_ws/install/armor_tracker:/home/wjrgfdy/rm_ws/install/armor_detector:/home/wjrgfdy/rm_ws/install/camera_calibration:/opt/ros/humble LD_LIBRARY_PATH=/home/wjrgfdy/rm_ws/install/auto_aim_interfaces/lib:/home/wjrgfdy/rm_ws/install/stereo_image_proc/lib:/home/wjrgfdy/rm_ws/install/image_proc/lib:/home/wjrgfdy/rm_ws/install/tracetools_image_pipeline/lib:/home/wjrgfdy/rm_ws/install/rm_serial_driver/lib:/home/wjrgfdy/rm_ws/install/mindvision_camera/lib:/home/wjrgfdy/rm_ws/install/image_view/lib:/home/wjrgfdy/rm_ws/install/image_rotate/lib:/home/wjrgfdy/rm_ws/install/image_publisher/lib:/home/wjrgfdy/rm_ws/install/hik_camera/lib:/home/wjrgfdy/rm_ws/install/depth_image_proc/lib:/home/wjrgfdy/rm_ws/install/armor_tracker/lib:/home/wjrgfdy/rm_ws/install/armor_detector/lib:/opt/ros/humble/opt/rviz_ogre_vendor/lib:/opt/ros/humble/lib/x86_64-linux-gnu:/opt/ros/humble/lib:/opt/MVS/lib/64:/opt/MVS/lib/32:/opt/MVS/lib/64:/opt/MVS/lib/32:/opt/MVS/lib/64:/opt/MVS/lib/32 PYTHONPATH=/home/wjrgfdy/rm_ws/install/auto_aim_interfaces/local/lib/python3.10/dist-packages:${PYTHONPATH} _=/usr/bin/env /usr/local/bin/cmake --build /home/wjrgfdy/rm_ws/build/armor_tracker -- -j12 -l12
[5.438s] [ 16%] [32mBuilding CXX object CMakeFiles/armor_tracker.dir/src/extended_kalman_filter.cpp.o[0m
[16.706s] [ 33%] [32mBuilding CXX object CMakeFiles/armor_tracker.dir/src/tracker_node.cpp.o[0m
[33.678s] [ 50%] [32mBuilding CXX object CMakeFiles/armor_tracker.dir/src/tracker.cpp.o[0m
[36.548s] [ 66%] [32m[1mLinking CXX shared library libarmor_tracker.so[0m
[37.215s] [ 66%] Built target armor_tracker
[37.224s] [ 83%] [32mBuilding CXX object CMakeFiles/armor_tracker_node.dir/rclcpp_components/node_main_armor_tracker_node.cpp.o[0m
[39.379s] [100%] [32m[1mLinking CXX executable armor_tracker_node[0m
[39.470s] [100%] Built target armor_tracker_node
[39.477s] Invoked command in '/home/wjrgfdy/rm_ws/build/armor_tracker' returned '0': AMENT_PREFIX_PATH=/home/wjrgfdy/rm_ws/install/auto_aim_interfaces:${AMENT_PREFIX_PATH} CMAKE_PREFIX_PATH=/home/wjrgfdy/rm_ws/install/auto_aim_interfaces:/home/wjrgfdy/rm_ws/install/image_pipeline:/home/wjrgfdy/rm_ws/install/stereo_image_proc:/home/wjrgfdy/rm_ws/install/image_proc:/home/wjrgfdy/rm_ws/install/tracetools_image_pipeline:/home/wjrgfdy/rm_ws/install/rm_vision_bringup:/home/wjrgfdy/rm_ws/install/rm_serial_driver:/home/wjrgfdy/rm_ws/install/rm_gimbal_description:/home/wjrgfdy/rm_ws/install/rm_auto_aim:/home/wjrgfdy/rm_ws/install/mindvision_camera:/home/wjrgfdy/rm_ws/install/image_view:/home/wjrgfdy/rm_ws/install/image_rotate:/home/wjrgfdy/rm_ws/install/image_publisher:/home/wjrgfdy/rm_ws/install/hik_camera:/home/wjrgfdy/rm_ws/install/depth_image_proc:/home/wjrgfdy/rm_ws/install/armor_tracker:/home/wjrgfdy/rm_ws/install/armor_detector:/home/wjrgfdy/rm_ws/install/camera_calibration:/opt/ros/humble LD_LIBRARY_PATH=/home/wjrgfdy/rm_ws/install/auto_aim_interfaces/lib:/home/wjrgfdy/rm_ws/install/stereo_image_proc/lib:/home/wjrgfdy/rm_ws/install/image_proc/lib:/home/wjrgfdy/rm_ws/install/tracetools_image_pipeline/lib:/home/wjrgfdy/rm_ws/install/rm_serial_driver/lib:/home/wjrgfdy/rm_ws/install/mindvision_camera/lib:/home/wjrgfdy/rm_ws/install/image_view/lib:/home/wjrgfdy/rm_ws/install/image_rotate/lib:/home/wjrgfdy/rm_ws/install/image_publisher/lib:/home/wjrgfdy/rm_ws/install/hik_camera/lib:/home/wjrgfdy/rm_ws/install/depth_image_proc/lib:/home/wjrgfdy/rm_ws/install/armor_tracker/lib:/home/wjrgfdy/rm_ws/install/armor_detector/lib:/opt/ros/humble/opt/rviz_ogre_vendor/lib:/opt/ros/humble/lib/x86_64-linux-gnu:/opt/ros/humble/lib:/opt/MVS/lib/64:/opt/MVS/lib/32:/opt/MVS/lib/64:/opt/MVS/lib/32:/opt/MVS/lib/64:/opt/MVS/lib/32 PYTHONPATH=/home/wjrgfdy/rm_ws/install/auto_aim_interfaces/local/lib/python3.10/dist-packages:${PYTHONPATH} _=/usr/bin/env /usr/local/bin/cmake --build /home/wjrgfdy/rm_ws/build/armor_tracker -- -j12 -l12
[39.508s] Invoking command in '/home/wjrgfdy/rm_ws/build/armor_tracker': AMENT_PREFIX_PATH=/home/wjrgfdy/rm_ws/install/auto_aim_interfaces:${AMENT_PREFIX_PATH} CMAKE_PREFIX_PATH=/home/wjrgfdy/rm_ws/install/auto_aim_interfaces:/home/wjrgfdy/rm_ws/install/image_pipeline:/home/wjrgfdy/rm_ws/install/stereo_image_proc:/home/wjrgfdy/rm_ws/install/image_proc:/home/wjrgfdy/rm_ws/install/tracetools_image_pipeline:/home/wjrgfdy/rm_ws/install/rm_vision_bringup:/home/wjrgfdy/rm_ws/install/rm_serial_driver:/home/wjrgfdy/rm_ws/install/rm_gimbal_description:/home/wjrgfdy/rm_ws/install/rm_auto_aim:/home/wjrgfdy/rm_ws/install/mindvision_camera:/home/wjrgfdy/rm_ws/install/image_view:/home/wjrgfdy/rm_ws/install/image_rotate:/home/wjrgfdy/rm_ws/install/image_publisher:/home/wjrgfdy/rm_ws/install/hik_camera:/home/wjrgfdy/rm_ws/install/depth_image_proc:/home/wjrgfdy/rm_ws/install/armor_tracker:/home/wjrgfdy/rm_ws/install/armor_detector:/home/wjrgfdy/rm_ws/install/camera_calibration:/opt/ros/humble LD_LIBRARY_PATH=/home/wjrgfdy/rm_ws/install/auto_aim_interfaces/lib:/home/wjrgfdy/rm_ws/install/stereo_image_proc/lib:/home/wjrgfdy/rm_ws/install/image_proc/lib:/home/wjrgfdy/rm_ws/install/tracetools_image_pipeline/lib:/home/wjrgfdy/rm_ws/install/rm_serial_driver/lib:/home/wjrgfdy/rm_ws/install/mindvision_camera/lib:/home/wjrgfdy/rm_ws/install/image_view/lib:/home/wjrgfdy/rm_ws/install/image_rotate/lib:/home/wjrgfdy/rm_ws/install/image_publisher/lib:/home/wjrgfdy/rm_ws/install/hik_camera/lib:/home/wjrgfdy/rm_ws/install/depth_image_proc/lib:/home/wjrgfdy/rm_ws/install/armor_tracker/lib:/home/wjrgfdy/rm_ws/install/armor_detector/lib:/opt/ros/humble/opt/rviz_ogre_vendor/lib:/opt/ros/humble/lib/x86_64-linux-gnu:/opt/ros/humble/lib:/opt/MVS/lib/64:/opt/MVS/lib/32:/opt/MVS/lib/64:/opt/MVS/lib/32:/opt/MVS/lib/64:/opt/MVS/lib/32 PYTHONPATH=/home/wjrgfdy/rm_ws/install/auto_aim_interfaces/local/lib/python3.10/dist-packages:${PYTHONPATH} _=/usr/bin/env /usr/local/bin/cmake --install /home/wjrgfdy/rm_ws/build/armor_tracker
[39.511s] -- Install configuration: ""
[39.512s] -- Up-to-date: /home/wjrgfdy/rm_ws/install/armor_tracker/include
[39.512s] -- Up-to-date: /home/wjrgfdy/rm_ws/install/armor_tracker/include/armor_tracker
[39.512s] -- Installing: /home/wjrgfdy/rm_ws/install/armor_tracker/share/armor_tracker/package.dsv
[39.513s] Invoked command in '/home/wjrgfdy/rm_ws/build/armor_tracker' returned '0': AMENT_PREFIX_PATH=/home/wjrgfdy/rm_ws/install/auto_aim_interfaces:${AMENT_PREFIX_PATH} CMAKE_PREFIX_PATH=/home/wjrgfdy/rm_ws/install/auto_aim_interfaces:/home/wjrgfdy/rm_ws/install/image_pipeline:/home/wjrgfdy/rm_ws/install/stereo_image_proc:/home/wjrgfdy/rm_ws/install/image_proc:/home/wjrgfdy/rm_ws/install/tracetools_image_pipeline:/home/wjrgfdy/rm_ws/install/rm_vision_bringup:/home/wjrgfdy/rm_ws/install/rm_serial_driver:/home/wjrgfdy/rm_ws/install/rm_gimbal_description:/home/wjrgfdy/rm_ws/install/rm_auto_aim:/home/wjrgfdy/rm_ws/install/mindvision_camera:/home/wjrgfdy/rm_ws/install/image_view:/home/wjrgfdy/rm_ws/install/image_rotate:/home/wjrgfdy/rm_ws/install/image_publisher:/home/wjrgfdy/rm_ws/install/hik_camera:/home/wjrgfdy/rm_ws/install/depth_image_proc:/home/wjrgfdy/rm_ws/install/armor_tracker:/home/wjrgfdy/rm_ws/install/armor_detector:/home/wjrgfdy/rm_ws/install/camera_calibration:/opt/ros/humble LD_LIBRARY_PATH=/home/wjrgfdy/rm_ws/install/auto_aim_interfaces/lib:/home/wjrgfdy/rm_ws/install/stereo_image_proc/lib:/home/wjrgfdy/rm_ws/install/image_proc/lib:/home/wjrgfdy/rm_ws/install/tracetools_image_pipeline/lib:/home/wjrgfdy/rm_ws/install/rm_serial_driver/lib:/home/wjrgfdy/rm_ws/install/mindvision_camera/lib:/home/wjrgfdy/rm_ws/install/image_view/lib:/home/wjrgfdy/rm_ws/install/image_rotate/lib:/home/wjrgfdy/rm_ws/install/image_publisher/lib:/home/wjrgfdy/rm_ws/install/hik_camera/lib:/home/wjrgfdy/rm_ws/install/depth_image_proc/lib:/home/wjrgfdy/rm_ws/install/armor_tracker/lib:/home/wjrgfdy/rm_ws/install/armor_detector/lib:/opt/ros/humble/opt/rviz_ogre_vendor/lib:/opt/ros/humble/lib/x86_64-linux-gnu:/opt/ros/humble/lib:/opt/MVS/lib/64:/opt/MVS/lib/32:/opt/MVS/lib/64:/opt/MVS/lib/32:/opt/MVS/lib/64:/opt/MVS/lib/32 PYTHONPATH=/home/wjrgfdy/rm_ws/install/auto_aim_interfaces/local/lib/python3.10/dist-packages:${PYTHONPATH} _=/usr/bin/env /usr/local/bin/cmake --install /home/wjrgfdy/rm_ws/build/armor_tracker
