-- Found ament_cmake: 1.3.6 (/opt/ros/humble/share/ament_cmake/cmake)
-- Override CMake install command with custom implementation using symlinks instead of copying resources
-- Found ament_lint_auto: 0.12.9 (/opt/ros/humble/share/ament_lint_auto/cmake)
-- Added test 'lint_cmake' to check CMake code style
-- Added test 'xmllint' to check XML markup files
-- Configuring done (0.2s)
-- Generating done (0.0s)
-- Build files have been written to: /home/wjrgfdy/rm_ws/build/image_pipeline
-- Install configuration: ""
-- Execute custom install script
-- Up-to-date symlink: /home/wjrgfdy/rm_ws/install/image_pipeline/share/ament_index/resource_index/package_run_dependencies/image_pipeline
-- Up-to-date symlink: /home/wjrgfdy/rm_ws/install/image_pipeline/share/ament_index/resource_index/parent_prefix_path/image_pipeline
-- Up-to-date symlink: /home/wjrgfdy/rm_ws/install/image_pipeline/share/image_pipeline/environment/ament_prefix_path.sh
-- Up-to-date symlink: /home/wjrgfdy/rm_ws/install/image_pipeline/share/image_pipeline/environment/ament_prefix_path.dsv
-- Up-to-date symlink: /home/wjrgfdy/rm_ws/install/image_pipeline/share/image_pipeline/environment/path.sh
-- Up-to-date symlink: /home/wjrgfdy/rm_ws/install/image_pipeline/share/image_pipeline/environment/path.dsv
-- Up-to-date symlink: /home/wjrgfdy/rm_ws/install/image_pipeline/share/image_pipeline/local_setup.bash
-- Up-to-date symlink: /home/wjrgfdy/rm_ws/install/image_pipeline/share/image_pipeline/local_setup.sh
-- Up-to-date symlink: /home/wjrgfdy/rm_ws/install/image_pipeline/share/image_pipeline/local_setup.zsh
-- Up-to-date symlink: /home/wjrgfdy/rm_ws/install/image_pipeline/share/image_pipeline/local_setup.dsv
-- Symlinking: /home/wjrgfdy/rm_ws/install/image_pipeline/share/image_pipeline/package.dsv
-- Up-to-date symlink: /home/wjrgfdy/rm_ws/install/image_pipeline/share/ament_index/resource_index/packages/image_pipeline
-- Up-to-date symlink: /home/wjrgfdy/rm_ws/install/image_pipeline/share/image_pipeline/cmake/image_pipelineConfig.cmake
-- Up-to-date symlink: /home/wjrgfdy/rm_ws/install/image_pipeline/share/image_pipeline/cmake/image_pipelineConfig-version.cmake
-- Up-to-date symlink: /home/wjrgfdy/rm_ws/install/image_pipeline/share/image_pipeline/package.xml
