[0.036s] Invoking command in '/home/wjrgfdy/rm_ws/build/rm_vision_bringup': AMENT_PREFIX_PATH=/home/wjrgfdy/rm_ws/install/rm_auto_aim:/home/wjrgfdy/rm_ws/install/rm_serial_driver:/home/wjrgfdy/rm_ws/install/armor_tracker:/home/wjrgfdy/rm_ws/install/armor_detector:/home/wjrgfdy/rm_ws/install/auto_aim_interfaces:${AMENT_PREFIX_PATH} CMAKE_PREFIX_PATH=/home/wjrgfdy/rm_ws/install/rm_auto_aim:/home/wjrgfdy/rm_ws/install/rm_serial_driver:/home/wjrgfdy/rm_ws/install/armor_tracker:/home/wjrgfdy/rm_ws/install/armor_detector:/home/wjrgfdy/rm_ws/install/auto_aim_interfaces:/opt/ros/humble LD_LIBRARY_PATH=/home/wjrgfdy/rm_ws/install/rm_serial_driver/lib:/home/wjrgfdy/rm_ws/install/armor_tracker/lib:/home/wjrgfdy/rm_ws/install/armor_detector/lib:/home/wjrgfdy/rm_ws/install/auto_aim_interfaces/lib:/opt/ros/humble/opt/rviz_ogre_vendor/lib:/opt/ros/humble/lib/x86_64-linux-gnu:/opt/ros/humble/lib:/opt/MVS/lib/64:/opt/MVS/lib/32:/opt/MVS/lib/64:/opt/MVS/lib/32:/opt/MVS/lib/64:/opt/MVS/lib/32 PYTHONPATH=/home/wjrgfdy/rm_ws/install/auto_aim_interfaces/local/lib/python3.10/dist-packages:${PYTHONPATH} _=/usr/bin/env /usr/local/bin/cmake --build /home/wjrgfdy/rm_ws/build/rm_vision_bringup -- -j12 -l12
[0.048s] Invoked command in '/home/wjrgfdy/rm_ws/build/rm_vision_bringup' returned '0': AMENT_PREFIX_PATH=/home/wjrgfdy/rm_ws/install/rm_auto_aim:/home/wjrgfdy/rm_ws/install/rm_serial_driver:/home/wjrgfdy/rm_ws/install/armor_tracker:/home/wjrgfdy/rm_ws/install/armor_detector:/home/wjrgfdy/rm_ws/install/auto_aim_interfaces:${AMENT_PREFIX_PATH} CMAKE_PREFIX_PATH=/home/wjrgfdy/rm_ws/install/rm_auto_aim:/home/wjrgfdy/rm_ws/install/rm_serial_driver:/home/wjrgfdy/rm_ws/install/armor_tracker:/home/wjrgfdy/rm_ws/install/armor_detector:/home/wjrgfdy/rm_ws/install/auto_aim_interfaces:/opt/ros/humble LD_LIBRARY_PATH=/home/wjrgfdy/rm_ws/install/rm_serial_driver/lib:/home/wjrgfdy/rm_ws/install/armor_tracker/lib:/home/wjrgfdy/rm_ws/install/armor_detector/lib:/home/wjrgfdy/rm_ws/install/auto_aim_interfaces/lib:/opt/ros/humble/opt/rviz_ogre_vendor/lib:/opt/ros/humble/lib/x86_64-linux-gnu:/opt/ros/humble/lib:/opt/MVS/lib/64:/opt/MVS/lib/32:/opt/MVS/lib/64:/opt/MVS/lib/32:/opt/MVS/lib/64:/opt/MVS/lib/32 PYTHONPATH=/home/wjrgfdy/rm_ws/install/auto_aim_interfaces/local/lib/python3.10/dist-packages:${PYTHONPATH} _=/usr/bin/env /usr/local/bin/cmake --build /home/wjrgfdy/rm_ws/build/rm_vision_bringup -- -j12 -l12
[0.060s] Invoking command in '/home/wjrgfdy/rm_ws/build/rm_vision_bringup': AMENT_PREFIX_PATH=/home/wjrgfdy/rm_ws/install/rm_auto_aim:/home/wjrgfdy/rm_ws/install/rm_serial_driver:/home/wjrgfdy/rm_ws/install/armor_tracker:/home/wjrgfdy/rm_ws/install/armor_detector:/home/wjrgfdy/rm_ws/install/auto_aim_interfaces:${AMENT_PREFIX_PATH} CMAKE_PREFIX_PATH=/home/wjrgfdy/rm_ws/install/rm_auto_aim:/home/wjrgfdy/rm_ws/install/rm_serial_driver:/home/wjrgfdy/rm_ws/install/armor_tracker:/home/wjrgfdy/rm_ws/install/armor_detector:/home/wjrgfdy/rm_ws/install/auto_aim_interfaces:/opt/ros/humble LD_LIBRARY_PATH=/home/wjrgfdy/rm_ws/install/rm_serial_driver/lib:/home/wjrgfdy/rm_ws/install/armor_tracker/lib:/home/wjrgfdy/rm_ws/install/armor_detector/lib:/home/wjrgfdy/rm_ws/install/auto_aim_interfaces/lib:/opt/ros/humble/opt/rviz_ogre_vendor/lib:/opt/ros/humble/lib/x86_64-linux-gnu:/opt/ros/humble/lib:/opt/MVS/lib/64:/opt/MVS/lib/32:/opt/MVS/lib/64:/opt/MVS/lib/32:/opt/MVS/lib/64:/opt/MVS/lib/32 PYTHONPATH=/home/wjrgfdy/rm_ws/install/auto_aim_interfaces/local/lib/python3.10/dist-packages:${PYTHONPATH} _=/usr/bin/env /usr/local/bin/cmake --install /home/wjrgfdy/rm_ws/build/rm_vision_bringup
[0.062s] -- Install configuration: ""
[0.063s] -- Execute custom install script
[0.063s] -- Up-to-date symlink: /home/wjrgfdy/rm_ws/install/rm_vision_bringup/share/rm_vision_bringup/launch/common.py
[0.063s] -- Up-to-date symlink: /home/wjrgfdy/rm_ws/install/rm_vision_bringup/share/rm_vision_bringup/launch/no_hardware.launch.py
[0.063s] -- Up-to-date symlink: /home/wjrgfdy/rm_ws/install/rm_vision_bringup/share/rm_vision_bringup/launch/vision_bringup.launch.py
[0.063s] -- Up-to-date symlink: /home/wjrgfdy/rm_ws/install/rm_vision_bringup/share/rm_vision_bringup/config/camera_info.yaml
[0.064s] -- Up-to-date symlink: /home/wjrgfdy/rm_ws/install/rm_vision_bringup/share/rm_vision_bringup/config/launch_params.yaml
[0.064s] -- Up-to-date symlink: /home/wjrgfdy/rm_ws/install/rm_vision_bringup/share/rm_vision_bringup/config/node_params.yaml
[0.064s] -- Up-to-date symlink: /home/wjrgfdy/rm_ws/install/rm_vision_bringup/share/ament_index/resource_index/package_run_dependencies/rm_vision_bringup
[0.064s] -- Up-to-date symlink: /home/wjrgfdy/rm_ws/install/rm_vision_bringup/share/ament_index/resource_index/parent_prefix_path/rm_vision_bringup
[0.064s] -- Up-to-date symlink: /home/wjrgfdy/rm_ws/install/rm_vision_bringup/share/rm_vision_bringup/environment/ament_prefix_path.sh
[0.064s] -- Up-to-date symlink: /home/wjrgfdy/rm_ws/install/rm_vision_bringup/share/rm_vision_bringup/environment/ament_prefix_path.dsv
[0.064s] -- Up-to-date symlink: /home/wjrgfdy/rm_ws/install/rm_vision_bringup/share/rm_vision_bringup/environment/path.sh
[0.064s] -- Up-to-date symlink: /home/wjrgfdy/rm_ws/install/rm_vision_bringup/share/rm_vision_bringup/environment/path.dsv
[0.064s] -- Up-to-date symlink: /home/wjrgfdy/rm_ws/install/rm_vision_bringup/share/rm_vision_bringup/local_setup.bash
[0.064s] -- Up-to-date symlink: /home/wjrgfdy/rm_ws/install/rm_vision_bringup/share/rm_vision_bringup/local_setup.sh
[0.064s] -- Up-to-date symlink: /home/wjrgfdy/rm_ws/install/rm_vision_bringup/share/rm_vision_bringup/local_setup.zsh
[0.064s] -- Up-to-date symlink: /home/wjrgfdy/rm_ws/install/rm_vision_bringup/share/rm_vision_bringup/local_setup.dsv
[0.065s] -- Symlinking: /home/wjrgfdy/rm_ws/install/rm_vision_bringup/share/rm_vision_bringup/package.dsv
[0.067s] -- Up-to-date symlink: /home/wjrgfdy/rm_ws/install/rm_vision_bringup/share/ament_index/resource_index/packages/rm_vision_bringup
[0.067s] -- Up-to-date symlink: /home/wjrgfdy/rm_ws/install/rm_vision_bringup/share/rm_vision_bringup/cmake/rm_vision_bringupConfig.cmake
[0.067s] -- Up-to-date symlink: /home/wjrgfdy/rm_ws/install/rm_vision_bringup/share/rm_vision_bringup/cmake/rm_vision_bringupConfig-version.cmake
[0.067s] -- Up-to-date symlink: /home/wjrgfdy/rm_ws/install/rm_vision_bringup/share/rm_vision_bringup/package.xml
[0.068s] Invoked command in '/home/wjrgfdy/rm_ws/build/rm_vision_bringup' returned '0': AMENT_PREFIX_PATH=/home/wjrgfdy/rm_ws/install/rm_auto_aim:/home/wjrgfdy/rm_ws/install/rm_serial_driver:/home/wjrgfdy/rm_ws/install/armor_tracker:/home/wjrgfdy/rm_ws/install/armor_detector:/home/wjrgfdy/rm_ws/install/auto_aim_interfaces:${AMENT_PREFIX_PATH} CMAKE_PREFIX_PATH=/home/wjrgfdy/rm_ws/install/rm_auto_aim:/home/wjrgfdy/rm_ws/install/rm_serial_driver:/home/wjrgfdy/rm_ws/install/armor_tracker:/home/wjrgfdy/rm_ws/install/armor_detector:/home/wjrgfdy/rm_ws/install/auto_aim_interfaces:/opt/ros/humble LD_LIBRARY_PATH=/home/wjrgfdy/rm_ws/install/rm_serial_driver/lib:/home/wjrgfdy/rm_ws/install/armor_tracker/lib:/home/wjrgfdy/rm_ws/install/armor_detector/lib:/home/wjrgfdy/rm_ws/install/auto_aim_interfaces/lib:/opt/ros/humble/opt/rviz_ogre_vendor/lib:/opt/ros/humble/lib/x86_64-linux-gnu:/opt/ros/humble/lib:/opt/MVS/lib/64:/opt/MVS/lib/32:/opt/MVS/lib/64:/opt/MVS/lib/32:/opt/MVS/lib/64:/opt/MVS/lib/32 PYTHONPATH=/home/wjrgfdy/rm_ws/install/auto_aim_interfaces/local/lib/python3.10/dist-packages:${PYTHONPATH} _=/usr/bin/env /usr/local/bin/cmake --install /home/wjrgfdy/rm_ws/build/rm_vision_bringup
