-- Found ament_cmake_auto: 1.3.6 (/opt/ros/humble/share/ament_cmake_auto/cmake)
-- Override CMake install command with custom implementation using symlinks instead of copying resources
-- Found ament_lint_auto: 0.12.9 (/opt/ros/humble/share/ament_lint_auto/cmake)
-- Added test 'lint_cmake' to check CMake code style
-- Added test 'xmllint' to check XML markup files
-- Configuring done (0.2s)
-- Generating done (0.0s)
-- Build files have been written to: /home/wjrgfdy/rm_ws/build/rm_auto_aim
-- Install configuration: ""
-- Execute custom install script
-- Up-to-date symlink: /home/wjrgfdy/rm_ws/install/rm_auto_aim/share/ament_index/resource_index/package_run_dependencies/rm_auto_aim
-- Up-to-date symlink: /home/wjrgfdy/rm_ws/install/rm_auto_aim/share/ament_index/resource_index/parent_prefix_path/rm_auto_aim
-- Up-to-date symlink: /home/wjrgfdy/rm_ws/install/rm_auto_aim/share/rm_auto_aim/environment/ament_prefix_path.sh
-- Up-to-date symlink: /home/wjrgfdy/rm_ws/install/rm_auto_aim/share/rm_auto_aim/environment/ament_prefix_path.dsv
-- Up-to-date symlink: /home/wjrgfdy/rm_ws/install/rm_auto_aim/share/rm_auto_aim/environment/path.sh
-- Up-to-date symlink: /home/wjrgfdy/rm_ws/install/rm_auto_aim/share/rm_auto_aim/environment/path.dsv
-- Up-to-date symlink: /home/wjrgfdy/rm_ws/install/rm_auto_aim/share/rm_auto_aim/local_setup.bash
-- Up-to-date symlink: /home/wjrgfdy/rm_ws/install/rm_auto_aim/share/rm_auto_aim/local_setup.sh
-- Up-to-date symlink: /home/wjrgfdy/rm_ws/install/rm_auto_aim/share/rm_auto_aim/local_setup.zsh
-- Up-to-date symlink: /home/wjrgfdy/rm_ws/install/rm_auto_aim/share/rm_auto_aim/local_setup.dsv
-- Symlinking: /home/wjrgfdy/rm_ws/install/rm_auto_aim/share/rm_auto_aim/package.dsv
-- Up-to-date symlink: /home/wjrgfdy/rm_ws/install/rm_auto_aim/share/ament_index/resource_index/packages/rm_auto_aim
-- Up-to-date symlink: /home/wjrgfdy/rm_ws/install/rm_auto_aim/share/rm_auto_aim/cmake/rm_auto_aimConfig.cmake
-- Up-to-date symlink: /home/wjrgfdy/rm_ws/install/rm_auto_aim/share/rm_auto_aim/cmake/rm_auto_aimConfig-version.cmake
-- Up-to-date symlink: /home/wjrgfdy/rm_ws/install/rm_auto_aim/share/rm_auto_aim/package.xml
