[ 60%] Built target tracetools_image_pipeline
[100%] Built target status
-- Install configuration: ""
-- Execute custom install script
-- Up-to-date symlink: /home/wjrgfdy/rm_ws/install/tracetools_image_pipeline/share/tracetools_image_pipeline/environment/library_path.sh
-- Up-to-date symlink: /home/wjrgfdy/rm_ws/install/tracetools_image_pipeline/share/tracetools_image_pipeline/environment/library_path.dsv
-- Up-to-date symlink: /home/wjrgfdy/rm_ws/install/tracetools_image_pipeline/lib/tracetools_image_pipeline/status
-- Up-to-date symlink: /home/wjrgfdy/rm_ws/install/tracetools_image_pipeline/include/tracetools_image_pipeline/config.h
-- Up-to-date symlink: /home/wjrgfdy/rm_ws/install/tracetools_image_pipeline/include/tracetools_image_pipeline/tracetools.h
-- Up-to-date symlink: /home/wjrgfdy/rm_ws/install/tracetools_image_pipeline/include/tracetools_image_pipeline/utils.hpp
-- Up-to-date symlink: /home/wjrgfdy/rm_ws/install/tracetools_image_pipeline/include/tracetools_image_pipeline/visibility_control.hpp
-- Up-to-date symlink: /home/wjrgfdy/rm_ws/install/tracetools_image_pipeline/share/ament_index/resource_index/package_run_dependencies/tracetools_image_pipeline
-- Up-to-date symlink: /home/wjrgfdy/rm_ws/install/tracetools_image_pipeline/share/ament_index/resource_index/parent_prefix_path/tracetools_image_pipeline
-- Up-to-date symlink: /home/wjrgfdy/rm_ws/install/tracetools_image_pipeline/share/tracetools_image_pipeline/environment/ament_prefix_path.sh
-- Up-to-date symlink: /home/wjrgfdy/rm_ws/install/tracetools_image_pipeline/share/tracetools_image_pipeline/environment/ament_prefix_path.dsv
-- Up-to-date symlink: /home/wjrgfdy/rm_ws/install/tracetools_image_pipeline/share/tracetools_image_pipeline/environment/path.sh
-- Up-to-date symlink: /home/wjrgfdy/rm_ws/install/tracetools_image_pipeline/share/tracetools_image_pipeline/environment/path.dsv
-- Up-to-date symlink: /home/wjrgfdy/rm_ws/install/tracetools_image_pipeline/share/tracetools_image_pipeline/local_setup.bash
-- Up-to-date symlink: /home/wjrgfdy/rm_ws/install/tracetools_image_pipeline/share/tracetools_image_pipeline/local_setup.sh
-- Up-to-date symlink: /home/wjrgfdy/rm_ws/install/tracetools_image_pipeline/share/tracetools_image_pipeline/local_setup.zsh
-- Up-to-date symlink: /home/wjrgfdy/rm_ws/install/tracetools_image_pipeline/share/tracetools_image_pipeline/local_setup.dsv
-- Symlinking: /home/wjrgfdy/rm_ws/install/tracetools_image_pipeline/share/tracetools_image_pipeline/package.dsv
-- Up-to-date symlink: /home/wjrgfdy/rm_ws/install/tracetools_image_pipeline/share/ament_index/resource_index/packages/tracetools_image_pipeline
-- Up-to-date symlink: /home/wjrgfdy/rm_ws/install/tracetools_image_pipeline/share/tracetools_image_pipeline/cmake/ament_cmake_export_targets-extras.cmake
-- Up-to-date symlink: /home/wjrgfdy/rm_ws/install/tracetools_image_pipeline/share/tracetools_image_pipeline/cmake/ament_cmake_export_include_directories-extras.cmake
-- Up-to-date symlink: /home/wjrgfdy/rm_ws/install/tracetools_image_pipeline/share/tracetools_image_pipeline/cmake/ament_cmake_export_libraries-extras.cmake
-- Up-to-date symlink: /home/wjrgfdy/rm_ws/install/tracetools_image_pipeline/share/tracetools_image_pipeline/cmake/tracetools_image_pipelineConfig.cmake
-- Up-to-date symlink: /home/wjrgfdy/rm_ws/install/tracetools_image_pipeline/share/tracetools_image_pipeline/cmake/tracetools_image_pipelineConfig-version.cmake
-- Up-to-date symlink: /home/wjrgfdy/rm_ws/install/tracetools_image_pipeline/share/tracetools_image_pipeline/package.xml
-- Up-to-date: /home/wjrgfdy/rm_ws/install/tracetools_image_pipeline/lib/libtracetools_image_pipeline.so
-- Up-to-date: /home/wjrgfdy/rm_ws/install/tracetools_image_pipeline/share/tracetools_image_pipeline/cmake/tracetools_image_pipeline_exportExport.cmake
-- Up-to-date: /home/wjrgfdy/rm_ws/install/tracetools_image_pipeline/share/tracetools_image_pipeline/cmake/tracetools_image_pipeline_exportExport-noconfig.cmake
