[0.559s] Invoking command in '/home/wjrgfdy/rm_ws/build/armor_detector': AMENT_PREFIX_PATH=/home/wjrgfdy/rm_ws/install/auto_aim_interfaces:${AMENT_PREFIX_PATH} CMAKE_PREFIX_PATH=/home/wjrgfdy/rm_ws/install/auto_aim_interfaces:/home/wjrgfdy/rm_ws/install/image_pipeline:/home/wjrgfdy/rm_ws/install/stereo_image_proc:/home/wjrgfdy/rm_ws/install/image_proc:/home/wjrgfdy/rm_ws/install/tracetools_image_pipeline:/home/wjrgfdy/rm_ws/install/rm_vision_bringup:/home/wjrgfdy/rm_ws/install/rm_serial_driver:/home/wjrgfdy/rm_ws/install/rm_gimbal_description:/home/wjrgfdy/rm_ws/install/rm_auto_aim:/home/wjrgfdy/rm_ws/install/mindvision_camera:/home/wjrgfdy/rm_ws/install/image_view:/home/wjrgfdy/rm_ws/install/image_rotate:/home/wjrgfdy/rm_ws/install/image_publisher:/home/wjrgfdy/rm_ws/install/hik_camera:/home/wjrgfdy/rm_ws/install/depth_image_proc:/home/wjrgfdy/rm_ws/install/armor_tracker:/home/wjrgfdy/rm_ws/install/armor_detector:/home/wjrgfdy/rm_ws/install/camera_calibration:/opt/ros/humble LD_LIBRARY_PATH=/home/wjrgfdy/rm_ws/install/auto_aim_interfaces/lib:/home/wjrgfdy/rm_ws/install/stereo_image_proc/lib:/home/wjrgfdy/rm_ws/install/image_proc/lib:/home/wjrgfdy/rm_ws/install/tracetools_image_pipeline/lib:/home/wjrgfdy/rm_ws/install/rm_serial_driver/lib:/home/wjrgfdy/rm_ws/install/mindvision_camera/lib:/home/wjrgfdy/rm_ws/install/image_view/lib:/home/wjrgfdy/rm_ws/install/image_rotate/lib:/home/wjrgfdy/rm_ws/install/image_publisher/lib:/home/wjrgfdy/rm_ws/install/hik_camera/lib:/home/wjrgfdy/rm_ws/install/depth_image_proc/lib:/home/wjrgfdy/rm_ws/install/armor_tracker/lib:/home/wjrgfdy/rm_ws/install/armor_detector/lib:/opt/ros/humble/opt/rviz_ogre_vendor/lib:/opt/ros/humble/lib/x86_64-linux-gnu:/opt/ros/humble/lib:/opt/MVS/lib/64:/opt/MVS/lib/32:/opt/MVS/lib/64:/opt/MVS/lib/32:/opt/MVS/lib/64:/opt/MVS/lib/32 PYTHONPATH=/home/wjrgfdy/rm_ws/install/auto_aim_interfaces/local/lib/python3.10/dist-packages:${PYTHONPATH} _=/usr/bin/env /usr/local/bin/cmake /home/wjrgfdy/rm_ws/src/rm_auto_aim/armor_detector -DCMAKE_INSTALL_PREFIX=/home/wjrgfdy/rm_ws/install/armor_detector
[0.759s] -- The C compiler identification is GNU 12.3.0
[0.999s] -- The CXX compiler identification is GNU 12.3.0
[1.102s] -- Detecting C compiler ABI info
[1.447s] -- Detecting C compiler ABI info - done
[1.459s] -- Check for working C compiler: /usr/bin/cc - skipped
[1.469s] -- Detecting C compile features
[1.469s] -- Detecting C compile features - done
[1.514s] -- Detecting CXX compiler ABI info
[1.918s] -- Detecting CXX compiler ABI info - done
[1.932s] -- Check for working CXX compiler: /usr/bin/c++ - skipped
[1.932s] -- Detecting CXX compile features
[1.941s] -- Detecting CXX compile features - done
[1.945s] -- Found ament_cmake_auto: 1.3.6 (/opt/ros/humble/share/ament_cmake_auto/cmake)
[3.072s] -- Found Python3: /usr/bin/python3.10 (found version "3.10.12") found components: Interpreter 
[3.383s] -- Found OpenCV: /usr/local (found version "4.9.0") 
[3.753s] -- Found rosidl_generator_c: 3.1.5 (/opt/ros/humble/share/rosidl_generator_c/cmake)
[3.765s] -- Found rosidl_adapter: 3.1.5 (/opt/ros/humble/share/rosidl_adapter/cmake)
[3.784s] -- Found rosidl_generator_cpp: 3.1.5 (/opt/ros/humble/share/rosidl_generator_cpp/cmake)
[3.813s] -- Using all available rosidl_typesupport_c: rosidl_typesupport_fastrtps_c;rosidl_typesupport_introspection_c
[3.856s] -- Using all available rosidl_typesupport_cpp: rosidl_typesupport_fastrtps_cpp;rosidl_typesupport_introspection_cpp
[4.009s] -- Found rmw_implementation_cmake: 6.1.1 (/opt/ros/humble/share/rmw_implementation_cmake/cmake)
[4.015s] -- Found rmw_fastrtps_cpp: 6.2.5 (/opt/ros/humble/share/rmw_fastrtps_cpp/cmake)
[4.418s] -- Found OpenSSL: /usr/lib/x86_64-linux-gnu/libcrypto.so (found version "3.0.2")  
[4.482s] -- Found FastRTPS: /opt/ros/humble/include  
[4.635s] -- Using RMW implementation 'rmw_fastrtps_cpp' as default
[4.664s] -- Performing Test CMAKE_HAVE_LIBC_PTHREAD
[4.955s] -- Performing Test CMAKE_HAVE_LIBC_PTHREAD - Success
[4.955s] -- Found Threads: TRUE  
[6.720s] -- Found eigen3_cmake_module: 0.1.1 (/opt/ros/humble/share/eigen3_cmake_module/cmake)
[6.723s] -- Found Eigen3: TRUE (found version "3.4.0") 
[6.723s] -- Ensuring Eigen3 include directory is part of orocos-kdl CMake target
[7.316s] -- Found ament_lint_auto: 0.12.9 (/opt/ros/humble/share/ament_lint_auto/cmake)
[7.391s] -- Found ament_cmake_gtest: 1.3.6 (/opt/ros/humble/share/ament_cmake_gtest/cmake)
[7.397s] -- Found gtest sources under '/opt/ros/humble/src/gtest_vendor': C++ tests using 'Google Test' will be built
[7.449s] -- Added test 'cppcheck' to perform static code analysis on C / C++ code
[7.450s] -- Configured cppcheck include dirs: /home/wjrgfdy/rm_ws/src/rm_auto_aim/armor_detector/include
[7.450s] -- Configured cppcheck exclude dirs and/or files: 
[7.452s] -- Added test 'flake8' to check Python code syntax and style conventions
[7.454s] -- Added test 'lint_cmake' to check CMake code style
[7.467s] -- Added test 'pep257' to check Python code against some of the docstring style conventions in PEP 257
[7.468s] -- Added test 'xmllint' to check XML markup files
[7.472s] -- Added test 'clang_format' to check C / C++ code style
[7.489s] -- Configuring done (6.9s)
[7.622s] -- Generating done (0.1s)
[7.631s] -- Build files have been written to: /home/wjrgfdy/rm_ws/build/armor_detector
[7.687s] Invoked command in '/home/wjrgfdy/rm_ws/build/armor_detector' returned '0': AMENT_PREFIX_PATH=/home/wjrgfdy/rm_ws/install/auto_aim_interfaces:${AMENT_PREFIX_PATH} CMAKE_PREFIX_PATH=/home/wjrgfdy/rm_ws/install/auto_aim_interfaces:/home/wjrgfdy/rm_ws/install/image_pipeline:/home/wjrgfdy/rm_ws/install/stereo_image_proc:/home/wjrgfdy/rm_ws/install/image_proc:/home/wjrgfdy/rm_ws/install/tracetools_image_pipeline:/home/wjrgfdy/rm_ws/install/rm_vision_bringup:/home/wjrgfdy/rm_ws/install/rm_serial_driver:/home/wjrgfdy/rm_ws/install/rm_gimbal_description:/home/wjrgfdy/rm_ws/install/rm_auto_aim:/home/wjrgfdy/rm_ws/install/mindvision_camera:/home/wjrgfdy/rm_ws/install/image_view:/home/wjrgfdy/rm_ws/install/image_rotate:/home/wjrgfdy/rm_ws/install/image_publisher:/home/wjrgfdy/rm_ws/install/hik_camera:/home/wjrgfdy/rm_ws/install/depth_image_proc:/home/wjrgfdy/rm_ws/install/armor_tracker:/home/wjrgfdy/rm_ws/install/armor_detector:/home/wjrgfdy/rm_ws/install/camera_calibration:/opt/ros/humble LD_LIBRARY_PATH=/home/wjrgfdy/rm_ws/install/auto_aim_interfaces/lib:/home/wjrgfdy/rm_ws/install/stereo_image_proc/lib:/home/wjrgfdy/rm_ws/install/image_proc/lib:/home/wjrgfdy/rm_ws/install/tracetools_image_pipeline/lib:/home/wjrgfdy/rm_ws/install/rm_serial_driver/lib:/home/wjrgfdy/rm_ws/install/mindvision_camera/lib:/home/wjrgfdy/rm_ws/install/image_view/lib:/home/wjrgfdy/rm_ws/install/image_rotate/lib:/home/wjrgfdy/rm_ws/install/image_publisher/lib:/home/wjrgfdy/rm_ws/install/hik_camera/lib:/home/wjrgfdy/rm_ws/install/depth_image_proc/lib:/home/wjrgfdy/rm_ws/install/armor_tracker/lib:/home/wjrgfdy/rm_ws/install/armor_detector/lib:/opt/ros/humble/opt/rviz_ogre_vendor/lib:/opt/ros/humble/lib/x86_64-linux-gnu:/opt/ros/humble/lib:/opt/MVS/lib/64:/opt/MVS/lib/32:/opt/MVS/lib/64:/opt/MVS/lib/32:/opt/MVS/lib/64:/opt/MVS/lib/32 PYTHONPATH=/home/wjrgfdy/rm_ws/install/auto_aim_interfaces/local/lib/python3.10/dist-packages:${PYTHONPATH} _=/usr/bin/env /usr/local/bin/cmake /home/wjrgfdy/rm_ws/src/rm_auto_aim/armor_detector -DCMAKE_INSTALL_PREFIX=/home/wjrgfdy/rm_ws/install/armor_detector
[7.688s] Invoking command in '/home/wjrgfdy/rm_ws/build/armor_detector': AMENT_PREFIX_PATH=/home/wjrgfdy/rm_ws/install/auto_aim_interfaces:${AMENT_PREFIX_PATH} CMAKE_PREFIX_PATH=/home/wjrgfdy/rm_ws/install/auto_aim_interfaces:/home/wjrgfdy/rm_ws/install/image_pipeline:/home/wjrgfdy/rm_ws/install/stereo_image_proc:/home/wjrgfdy/rm_ws/install/image_proc:/home/wjrgfdy/rm_ws/install/tracetools_image_pipeline:/home/wjrgfdy/rm_ws/install/rm_vision_bringup:/home/wjrgfdy/rm_ws/install/rm_serial_driver:/home/wjrgfdy/rm_ws/install/rm_gimbal_description:/home/wjrgfdy/rm_ws/install/rm_auto_aim:/home/wjrgfdy/rm_ws/install/mindvision_camera:/home/wjrgfdy/rm_ws/install/image_view:/home/wjrgfdy/rm_ws/install/image_rotate:/home/wjrgfdy/rm_ws/install/image_publisher:/home/wjrgfdy/rm_ws/install/hik_camera:/home/wjrgfdy/rm_ws/install/depth_image_proc:/home/wjrgfdy/rm_ws/install/armor_tracker:/home/wjrgfdy/rm_ws/install/armor_detector:/home/wjrgfdy/rm_ws/install/camera_calibration:/opt/ros/humble LD_LIBRARY_PATH=/home/wjrgfdy/rm_ws/install/auto_aim_interfaces/lib:/home/wjrgfdy/rm_ws/install/stereo_image_proc/lib:/home/wjrgfdy/rm_ws/install/image_proc/lib:/home/wjrgfdy/rm_ws/install/tracetools_image_pipeline/lib:/home/wjrgfdy/rm_ws/install/rm_serial_driver/lib:/home/wjrgfdy/rm_ws/install/mindvision_camera/lib:/home/wjrgfdy/rm_ws/install/image_view/lib:/home/wjrgfdy/rm_ws/install/image_rotate/lib:/home/wjrgfdy/rm_ws/install/image_publisher/lib:/home/wjrgfdy/rm_ws/install/hik_camera/lib:/home/wjrgfdy/rm_ws/install/depth_image_proc/lib:/home/wjrgfdy/rm_ws/install/armor_tracker/lib:/home/wjrgfdy/rm_ws/install/armor_detector/lib:/opt/ros/humble/opt/rviz_ogre_vendor/lib:/opt/ros/humble/lib/x86_64-linux-gnu:/opt/ros/humble/lib:/opt/MVS/lib/64:/opt/MVS/lib/32:/opt/MVS/lib/64:/opt/MVS/lib/32:/opt/MVS/lib/64:/opt/MVS/lib/32 PYTHONPATH=/home/wjrgfdy/rm_ws/install/auto_aim_interfaces/local/lib/python3.10/dist-packages:${PYTHONPATH} _=/usr/bin/env /usr/local/bin/cmake --build /home/wjrgfdy/rm_ws/build/armor_detector -- -j12 -l12
[7.790s] [  6%] [32mBuilding CXX object CMakeFiles/armor_detector.dir/src/detector.cpp.o[0m
[7.802s] [ 13%] [32mBuilding CXX object CMakeFiles/armor_detector_node.dir/rclcpp_components/node_main_armor_detector_node.cpp.o[0m
[7.802s] [ 20%] [32mBuilding CXX object gtest/CMakeFiles/gtest.dir/src/gtest-all.cc.o[0m
[7.805s] [ 26%] [32mBuilding CXX object CMakeFiles/armor_detector.dir/src/detector_node.cpp.o[0m
[7.812s] [ 33%] [32mBuilding CXX object gtest/CMakeFiles/gtest_main.dir/src/gtest_main.cc.o[0m
[7.869s] [ 40%] [32mBuilding CXX object CMakeFiles/armor_detector.dir/src/number_classifier.cpp.o[0m
[7.869s] [ 46%] [32mBuilding CXX object CMakeFiles/armor_detector.dir/src/pnp_solver.cpp.o[0m
[9.846s] [ 53%] [32m[1mLinking CXX static library libgtest_main.a[0m
[9.969s] [ 53%] Built target gtest_main
[12.938s] [ 60%] [32m[1mLinking CXX executable armor_detector_node[0m
[13.189s] [ 60%] Built target armor_detector_node
[16.954s] [ 66%] [32m[1mLinking CXX static library libgtest.a[0m
[17.029s] [ 66%] Built target gtest
[37.772s] [ 73%] [32m[1mLinking CXX shared library libarmor_detector.so[0m
[38.544s] [ 73%] Built target armor_detector
[38.553s] [ 80%] [32mBuilding CXX object CMakeFiles/test_node_startup.dir/test/test_node_startup.cpp.o[0m
[38.557s] [ 86%] [32mBuilding CXX object CMakeFiles/test_number_cls.dir/test/test_number_cls.cpp.o[0m
[41.546s] [ 93%] [32m[1mLinking CXX executable test_number_cls[0m
[42.040s] /usr/bin/ld: warning: libopencv_core.so.4.5d, needed by /opt/ros/humble/lib/libcv_bridge.so, may conflict with libopencv_core.so.409
[42.401s] [ 93%] Built target test_number_cls
[42.615s] [100%] [32m[1mLinking CXX executable test_node_startup[0m
[43.194s] [100%] Built target test_node_startup
[43.201s] Invoked command in '/home/wjrgfdy/rm_ws/build/armor_detector' returned '0': AMENT_PREFIX_PATH=/home/wjrgfdy/rm_ws/install/auto_aim_interfaces:${AMENT_PREFIX_PATH} CMAKE_PREFIX_PATH=/home/wjrgfdy/rm_ws/install/auto_aim_interfaces:/home/wjrgfdy/rm_ws/install/image_pipeline:/home/wjrgfdy/rm_ws/install/stereo_image_proc:/home/wjrgfdy/rm_ws/install/image_proc:/home/wjrgfdy/rm_ws/install/tracetools_image_pipeline:/home/wjrgfdy/rm_ws/install/rm_vision_bringup:/home/wjrgfdy/rm_ws/install/rm_serial_driver:/home/wjrgfdy/rm_ws/install/rm_gimbal_description:/home/wjrgfdy/rm_ws/install/rm_auto_aim:/home/wjrgfdy/rm_ws/install/mindvision_camera:/home/wjrgfdy/rm_ws/install/image_view:/home/wjrgfdy/rm_ws/install/image_rotate:/home/wjrgfdy/rm_ws/install/image_publisher:/home/wjrgfdy/rm_ws/install/hik_camera:/home/wjrgfdy/rm_ws/install/depth_image_proc:/home/wjrgfdy/rm_ws/install/armor_tracker:/home/wjrgfdy/rm_ws/install/armor_detector:/home/wjrgfdy/rm_ws/install/camera_calibration:/opt/ros/humble LD_LIBRARY_PATH=/home/wjrgfdy/rm_ws/install/auto_aim_interfaces/lib:/home/wjrgfdy/rm_ws/install/stereo_image_proc/lib:/home/wjrgfdy/rm_ws/install/image_proc/lib:/home/wjrgfdy/rm_ws/install/tracetools_image_pipeline/lib:/home/wjrgfdy/rm_ws/install/rm_serial_driver/lib:/home/wjrgfdy/rm_ws/install/mindvision_camera/lib:/home/wjrgfdy/rm_ws/install/image_view/lib:/home/wjrgfdy/rm_ws/install/image_rotate/lib:/home/wjrgfdy/rm_ws/install/image_publisher/lib:/home/wjrgfdy/rm_ws/install/hik_camera/lib:/home/wjrgfdy/rm_ws/install/depth_image_proc/lib:/home/wjrgfdy/rm_ws/install/armor_tracker/lib:/home/wjrgfdy/rm_ws/install/armor_detector/lib:/opt/ros/humble/opt/rviz_ogre_vendor/lib:/opt/ros/humble/lib/x86_64-linux-gnu:/opt/ros/humble/lib:/opt/MVS/lib/64:/opt/MVS/lib/32:/opt/MVS/lib/64:/opt/MVS/lib/32:/opt/MVS/lib/64:/opt/MVS/lib/32 PYTHONPATH=/home/wjrgfdy/rm_ws/install/auto_aim_interfaces/local/lib/python3.10/dist-packages:${PYTHONPATH} _=/usr/bin/env /usr/local/bin/cmake --build /home/wjrgfdy/rm_ws/build/armor_detector -- -j12 -l12
[43.240s] Invoking command in '/home/wjrgfdy/rm_ws/build/armor_detector': AMENT_PREFIX_PATH=/home/wjrgfdy/rm_ws/install/auto_aim_interfaces:${AMENT_PREFIX_PATH} CMAKE_PREFIX_PATH=/home/wjrgfdy/rm_ws/install/auto_aim_interfaces:/home/wjrgfdy/rm_ws/install/image_pipeline:/home/wjrgfdy/rm_ws/install/stereo_image_proc:/home/wjrgfdy/rm_ws/install/image_proc:/home/wjrgfdy/rm_ws/install/tracetools_image_pipeline:/home/wjrgfdy/rm_ws/install/rm_vision_bringup:/home/wjrgfdy/rm_ws/install/rm_serial_driver:/home/wjrgfdy/rm_ws/install/rm_gimbal_description:/home/wjrgfdy/rm_ws/install/rm_auto_aim:/home/wjrgfdy/rm_ws/install/mindvision_camera:/home/wjrgfdy/rm_ws/install/image_view:/home/wjrgfdy/rm_ws/install/image_rotate:/home/wjrgfdy/rm_ws/install/image_publisher:/home/wjrgfdy/rm_ws/install/hik_camera:/home/wjrgfdy/rm_ws/install/depth_image_proc:/home/wjrgfdy/rm_ws/install/armor_tracker:/home/wjrgfdy/rm_ws/install/armor_detector:/home/wjrgfdy/rm_ws/install/camera_calibration:/opt/ros/humble LD_LIBRARY_PATH=/home/wjrgfdy/rm_ws/install/auto_aim_interfaces/lib:/home/wjrgfdy/rm_ws/install/stereo_image_proc/lib:/home/wjrgfdy/rm_ws/install/image_proc/lib:/home/wjrgfdy/rm_ws/install/tracetools_image_pipeline/lib:/home/wjrgfdy/rm_ws/install/rm_serial_driver/lib:/home/wjrgfdy/rm_ws/install/mindvision_camera/lib:/home/wjrgfdy/rm_ws/install/image_view/lib:/home/wjrgfdy/rm_ws/install/image_rotate/lib:/home/wjrgfdy/rm_ws/install/image_publisher/lib:/home/wjrgfdy/rm_ws/install/hik_camera/lib:/home/wjrgfdy/rm_ws/install/depth_image_proc/lib:/home/wjrgfdy/rm_ws/install/armor_tracker/lib:/home/wjrgfdy/rm_ws/install/armor_detector/lib:/opt/ros/humble/opt/rviz_ogre_vendor/lib:/opt/ros/humble/lib/x86_64-linux-gnu:/opt/ros/humble/lib:/opt/MVS/lib/64:/opt/MVS/lib/32:/opt/MVS/lib/64:/opt/MVS/lib/32:/opt/MVS/lib/64:/opt/MVS/lib/32 PYTHONPATH=/home/wjrgfdy/rm_ws/install/auto_aim_interfaces/local/lib/python3.10/dist-packages:${PYTHONPATH} _=/usr/bin/env /usr/local/bin/cmake --install /home/wjrgfdy/rm_ws/build/armor_detector
[43.242s] -- Install configuration: ""
[43.242s] -- Up-to-date: /home/wjrgfdy/rm_ws/install/armor_detector/include
[43.242s] -- Up-to-date: /home/wjrgfdy/rm_ws/install/armor_detector/include/armor_detector
[43.242s] -- Up-to-date: /home/wjrgfdy/rm_ws/install/armor_detector/share/armor_detector/model
[43.242s] -- Installing: /home/wjrgfdy/rm_ws/install/armor_detector/share/armor_detector/package.dsv
[43.244s] Invoked command in '/home/wjrgfdy/rm_ws/build/armor_detector' returned '0': AMENT_PREFIX_PATH=/home/wjrgfdy/rm_ws/install/auto_aim_interfaces:${AMENT_PREFIX_PATH} CMAKE_PREFIX_PATH=/home/wjrgfdy/rm_ws/install/auto_aim_interfaces:/home/wjrgfdy/rm_ws/install/image_pipeline:/home/wjrgfdy/rm_ws/install/stereo_image_proc:/home/wjrgfdy/rm_ws/install/image_proc:/home/wjrgfdy/rm_ws/install/tracetools_image_pipeline:/home/wjrgfdy/rm_ws/install/rm_vision_bringup:/home/wjrgfdy/rm_ws/install/rm_serial_driver:/home/wjrgfdy/rm_ws/install/rm_gimbal_description:/home/wjrgfdy/rm_ws/install/rm_auto_aim:/home/wjrgfdy/rm_ws/install/mindvision_camera:/home/wjrgfdy/rm_ws/install/image_view:/home/wjrgfdy/rm_ws/install/image_rotate:/home/wjrgfdy/rm_ws/install/image_publisher:/home/wjrgfdy/rm_ws/install/hik_camera:/home/wjrgfdy/rm_ws/install/depth_image_proc:/home/wjrgfdy/rm_ws/install/armor_tracker:/home/wjrgfdy/rm_ws/install/armor_detector:/home/wjrgfdy/rm_ws/install/camera_calibration:/opt/ros/humble LD_LIBRARY_PATH=/home/wjrgfdy/rm_ws/install/auto_aim_interfaces/lib:/home/wjrgfdy/rm_ws/install/stereo_image_proc/lib:/home/wjrgfdy/rm_ws/install/image_proc/lib:/home/wjrgfdy/rm_ws/install/tracetools_image_pipeline/lib:/home/wjrgfdy/rm_ws/install/rm_serial_driver/lib:/home/wjrgfdy/rm_ws/install/mindvision_camera/lib:/home/wjrgfdy/rm_ws/install/image_view/lib:/home/wjrgfdy/rm_ws/install/image_rotate/lib:/home/wjrgfdy/rm_ws/install/image_publisher/lib:/home/wjrgfdy/rm_ws/install/hik_camera/lib:/home/wjrgfdy/rm_ws/install/depth_image_proc/lib:/home/wjrgfdy/rm_ws/install/armor_tracker/lib:/home/wjrgfdy/rm_ws/install/armor_detector/lib:/opt/ros/humble/opt/rviz_ogre_vendor/lib:/opt/ros/humble/lib/x86_64-linux-gnu:/opt/ros/humble/lib:/opt/MVS/lib/64:/opt/MVS/lib/32:/opt/MVS/lib/64:/opt/MVS/lib/32:/opt/MVS/lib/64:/opt/MVS/lib/32 PYTHONPATH=/home/wjrgfdy/rm_ws/install/auto_aim_interfaces/local/lib/python3.10/dist-packages:${PYTHONPATH} _=/usr/bin/env /usr/local/bin/cmake --install /home/wjrgfdy/rm_ws/build/armor_detector
