[0.285s] Invoking command in '/home/wjrgfdy/rm_ws/build/image_view': CMAKE_PREFIX_PATH=${CMAKE_PREFIX_PATH}:/home/wjrgfdy/rm_ws/install/camera_calibration:/opt/ros/humble _=/usr/bin/env /usr/local/bin/cmake --build /home/wjrgfdy/rm_ws/build/image_view -- -j12 -l12
[0.340s] [ 36%] Built target image_view_nodes
[0.361s] [ 47%] Built target disparity_view
[0.368s] [ 57%] Built target image_view
[0.370s] [ 68%] Built target video_recorder
[0.374s] [ 78%] Built target extract_images
[0.374s] [ 89%] Built target stereo_view
[0.374s] [100%] Built target image_saver
[0.437s] Invoked command in '/home/wjrgfdy/rm_ws/build/image_view' returned '0': CMAKE_PREFIX_PATH=${CMAKE_PREFIX_PATH}:/home/wjrgfdy/rm_ws/install/camera_calibration:/opt/ros/humble _=/usr/bin/env /usr/local/bin/cmake --build /home/wjrgfdy/rm_ws/build/image_view -- -j12 -l12
[0.677s] Invoking command in '/home/wjrgfdy/rm_ws/build/image_view': CMAKE_PREFIX_PATH=${CMAKE_PREFIX_PATH}:/home/wjrgfdy/rm_ws/install/camera_calibration:/opt/ros/humble _=/usr/bin/env /usr/local/bin/cmake --install /home/wjrgfdy/rm_ws/build/image_view
[0.798s] -- Install configuration: ""
[0.799s] -- Execute custom install script
[0.799s] -- Up-to-date symlink: /home/wjrgfdy/rm_ws/install/image_view/include/image_view/disparity_view_node.hpp
[0.800s] -- Up-to-date symlink: /home/wjrgfdy/rm_ws/install/image_view/include/image_view/extract_images_node.hpp
[0.800s] -- Up-to-date symlink: /home/wjrgfdy/rm_ws/install/image_view/include/image_view/image_saver_node.hpp
[0.801s] -- Up-to-date symlink: /home/wjrgfdy/rm_ws/install/image_view/include/image_view/image_view_node.hpp
[0.801s] -- Up-to-date symlink: /home/wjrgfdy/rm_ws/install/image_view/include/image_view/stereo_view_node.hpp
[0.803s] -- Up-to-date symlink: /home/wjrgfdy/rm_ws/install/image_view/include/image_view/video_recorder_node.hpp
[0.804s] -- Up-to-date symlink: /home/wjrgfdy/rm_ws/install/image_view/share/image_view/environment/library_path.sh
[0.805s] -- Up-to-date symlink: /home/wjrgfdy/rm_ws/install/image_view/share/image_view/environment/library_path.dsv
[0.805s] -- Up-to-date symlink: /home/wjrgfdy/rm_ws/install/image_view/lib/libimage_view_nodes.so
[0.805s] -- Up-to-date symlink: /home/wjrgfdy/rm_ws/install/image_view/lib/image_view/disparity_view
[0.805s] -- Up-to-date symlink: /home/wjrgfdy/rm_ws/install/image_view/lib/image_view/image_view
[0.806s] -- Up-to-date symlink: /home/wjrgfdy/rm_ws/install/image_view/lib/image_view/stereo_view
[0.806s] -- Up-to-date symlink: /home/wjrgfdy/rm_ws/install/image_view/lib/image_view/extract_images
[0.806s] -- Up-to-date symlink: /home/wjrgfdy/rm_ws/install/image_view/lib/image_view/image_saver
[0.807s] -- Up-to-date symlink: /home/wjrgfdy/rm_ws/install/image_view/lib/image_view/video_recorder
[0.807s] -- Up-to-date symlink: /home/wjrgfdy/rm_ws/install/image_view/share/ament_index/resource_index/package_run_dependencies/image_view
[0.807s] -- Up-to-date symlink: /home/wjrgfdy/rm_ws/install/image_view/share/ament_index/resource_index/parent_prefix_path/image_view
[0.807s] -- Up-to-date symlink: /home/wjrgfdy/rm_ws/install/image_view/share/image_view/environment/ament_prefix_path.sh
[0.807s] -- Up-to-date symlink: /home/wjrgfdy/rm_ws/install/image_view/share/image_view/environment/ament_prefix_path.dsv
[0.808s] -- Up-to-date symlink: /home/wjrgfdy/rm_ws/install/image_view/share/image_view/environment/path.sh
[0.808s] -- Up-to-date symlink: /home/wjrgfdy/rm_ws/install/image_view/share/image_view/environment/path.dsv
[0.808s] -- Up-to-date symlink: /home/wjrgfdy/rm_ws/install/image_view/share/image_view/local_setup.bash
[0.808s] -- Up-to-date symlink: /home/wjrgfdy/rm_ws/install/image_view/share/image_view/local_setup.sh
[0.808s] -- Up-to-date symlink: /home/wjrgfdy/rm_ws/install/image_view/share/image_view/local_setup.zsh
[0.808s] -- Up-to-date symlink: /home/wjrgfdy/rm_ws/install/image_view/share/image_view/local_setup.dsv
[0.809s] -- Symlinking: /home/wjrgfdy/rm_ws/install/image_view/share/image_view/package.dsv
[0.809s] -- Up-to-date symlink: /home/wjrgfdy/rm_ws/install/image_view/share/ament_index/resource_index/packages/image_view
[0.809s] -- Up-to-date symlink: /home/wjrgfdy/rm_ws/install/image_view/share/ament_index/resource_index/rclcpp_components/image_view
[0.809s] -- Up-to-date symlink: /home/wjrgfdy/rm_ws/install/image_view/share/image_view/cmake/ament_cmake_export_dependencies-extras.cmake
[0.809s] -- Up-to-date symlink: /home/wjrgfdy/rm_ws/install/image_view/share/image_view/cmake/ament_cmake_export_include_directories-extras.cmake
[0.809s] -- Up-to-date symlink: /home/wjrgfdy/rm_ws/install/image_view/share/image_view/cmake/ament_cmake_export_libraries-extras.cmake
[0.809s] -- Up-to-date symlink: /home/wjrgfdy/rm_ws/install/image_view/share/image_view/cmake/image_viewConfig.cmake
[0.810s] -- Up-to-date symlink: /home/wjrgfdy/rm_ws/install/image_view/share/image_view/cmake/image_viewConfig-version.cmake
[0.810s] -- Up-to-date symlink: /home/wjrgfdy/rm_ws/install/image_view/share/image_view/package.xml
[0.812s] Invoked command in '/home/wjrgfdy/rm_ws/build/image_view' returned '0': CMAKE_PREFIX_PATH=${CMAKE_PREFIX_PATH}:/home/wjrgfdy/rm_ws/install/camera_calibration:/opt/ros/humble _=/usr/bin/env /usr/local/bin/cmake --install /home/wjrgfdy/rm_ws/build/image_view
