[0.273s] Invoking command in '/home/wjrgfdy/rm_ws/build/hik_camera': AMENT_PREFIX_PATH=/home/wjrgfdy/rm_ws/install/camera_calibration:/home/wjrgfdy/rm_ws/install/image_pipeline:/home/wjrgfdy/rm_ws/install/stereo_image_proc:/home/wjrgfdy/rm_ws/install/image_proc:/home/wjrgfdy/rm_ws/install/tracetools_image_pipeline:/home/wjrgfdy/rm_ws/install/rm_vision_bringup:/home/wjrgfdy/rm_ws/install/rm_serial_driver:/home/wjrgfdy/rm_ws/install/rm_gimbal_description:/home/wjrgfdy/rm_ws/install/rm_auto_aim:/home/wjrgfdy/rm_ws/install/mindvision_camera:/home/wjrgfdy/rm_ws/install/image_view:/home/wjrgfdy/rm_ws/install/image_rotate:/home/wjrgfdy/rm_ws/install/image_publisher:/home/wjrgfdy/rm_ws/install/hik_camera:/home/wjrgfdy/rm_ws/install/depth_image_proc:/home/wjrgfdy/rm_ws/install/armor_tracker:/home/wjrgfdy/rm_ws/install/armor_detector:/home/wjrgfdy/rm_ws/install/auto_aim_interfaces:/opt/ros/humble CMAKE_PREFIX_PATH=${CMAKE_PREFIX_PATH}:/home/wjrgfdy/rm_ws/install/camera_calibration:/opt/ros/humble _=/usr/bin/env /usr/local/bin/cmake --build /home/wjrgfdy/rm_ws/build/hik_camera -- -j12 -l12
[0.314s] [ 50%] Built target hik_camera
[0.333s] [100%] Built target hik_camera_node
[0.618s] Invoked command in '/home/wjrgfdy/rm_ws/build/hik_camera' returned '0': AMENT_PREFIX_PATH=/home/wjrgfdy/rm_ws/install/camera_calibration:/home/wjrgfdy/rm_ws/install/image_pipeline:/home/wjrgfdy/rm_ws/install/stereo_image_proc:/home/wjrgfdy/rm_ws/install/image_proc:/home/wjrgfdy/rm_ws/install/tracetools_image_pipeline:/home/wjrgfdy/rm_ws/install/rm_vision_bringup:/home/wjrgfdy/rm_ws/install/rm_serial_driver:/home/wjrgfdy/rm_ws/install/rm_gimbal_description:/home/wjrgfdy/rm_ws/install/rm_auto_aim:/home/wjrgfdy/rm_ws/install/mindvision_camera:/home/wjrgfdy/rm_ws/install/image_view:/home/wjrgfdy/rm_ws/install/image_rotate:/home/wjrgfdy/rm_ws/install/image_publisher:/home/wjrgfdy/rm_ws/install/hik_camera:/home/wjrgfdy/rm_ws/install/depth_image_proc:/home/wjrgfdy/rm_ws/install/armor_tracker:/home/wjrgfdy/rm_ws/install/armor_detector:/home/wjrgfdy/rm_ws/install/auto_aim_interfaces:/opt/ros/humble CMAKE_PREFIX_PATH=${CMAKE_PREFIX_PATH}:/home/wjrgfdy/rm_ws/install/camera_calibration:/opt/ros/humble _=/usr/bin/env /usr/local/bin/cmake --build /home/wjrgfdy/rm_ws/build/hik_camera -- -j12 -l12
[0.760s] Invoking command in '/home/wjrgfdy/rm_ws/build/hik_camera': AMENT_PREFIX_PATH=/home/wjrgfdy/rm_ws/install/camera_calibration:/home/wjrgfdy/rm_ws/install/image_pipeline:/home/wjrgfdy/rm_ws/install/stereo_image_proc:/home/wjrgfdy/rm_ws/install/image_proc:/home/wjrgfdy/rm_ws/install/tracetools_image_pipeline:/home/wjrgfdy/rm_ws/install/rm_vision_bringup:/home/wjrgfdy/rm_ws/install/rm_serial_driver:/home/wjrgfdy/rm_ws/install/rm_gimbal_description:/home/wjrgfdy/rm_ws/install/rm_auto_aim:/home/wjrgfdy/rm_ws/install/mindvision_camera:/home/wjrgfdy/rm_ws/install/image_view:/home/wjrgfdy/rm_ws/install/image_rotate:/home/wjrgfdy/rm_ws/install/image_publisher:/home/wjrgfdy/rm_ws/install/hik_camera:/home/wjrgfdy/rm_ws/install/depth_image_proc:/home/wjrgfdy/rm_ws/install/armor_tracker:/home/wjrgfdy/rm_ws/install/armor_detector:/home/wjrgfdy/rm_ws/install/auto_aim_interfaces:/opt/ros/humble CMAKE_PREFIX_PATH=${CMAKE_PREFIX_PATH}:/home/wjrgfdy/rm_ws/install/camera_calibration:/opt/ros/humble _=/usr/bin/env /usr/local/bin/cmake --install /home/wjrgfdy/rm_ws/build/hik_camera
[0.773s] -- Install configuration: ""
[0.774s] -- Execute custom install script
[0.776s] -- Up-to-date symlink: /home/wjrgfdy/rm_ws/install/hik_camera/lib/libFormatConversion.so
[0.776s] -- Up-to-date symlink: /home/wjrgfdy/rm_ws/install/hik_camera/lib/libMVRender.so
[0.776s] -- Up-to-date symlink: /home/wjrgfdy/rm_ws/install/hik_camera/lib/libMediaProcess.so
[0.776s] -- Up-to-date symlink: /home/wjrgfdy/rm_ws/install/hik_camera/lib/libMvCameraControl.so
[0.776s] -- Up-to-date symlink: /home/wjrgfdy/rm_ws/install/hik_camera/lib/libMvUsb3vTL.so
[0.776s] -- Up-to-date symlink: /home/wjrgfdy/rm_ws/install/hik_camera/lib/hik_camera/hik_camera_node
[0.776s] -- Up-to-date symlink: /home/wjrgfdy/rm_ws/install/hik_camera/share/hik_camera/environment/library_path.sh
[0.776s] -- Up-to-date symlink: /home/wjrgfdy/rm_ws/install/hik_camera/share/hik_camera/environment/library_path.dsv
[0.776s] -- Up-to-date symlink: /home/wjrgfdy/rm_ws/install/hik_camera/lib/libhik_camera.so
[0.776s] -- Up-to-date symlink: /home/wjrgfdy/rm_ws/install/hik_camera/share/hik_camera/config/camera_info.yaml
[0.777s] -- Up-to-date symlink: /home/wjrgfdy/rm_ws/install/hik_camera/share/hik_camera/config/camera_params.yaml
[0.777s] -- Up-to-date symlink: /home/wjrgfdy/rm_ws/install/hik_camera/share/hik_camera/launch/hik_camera.launch.py
[0.777s] -- Up-to-date symlink: /home/wjrgfdy/rm_ws/install/hik_camera/share/ament_index/resource_index/package_run_dependencies/hik_camera
[0.777s] -- Up-to-date symlink: /home/wjrgfdy/rm_ws/install/hik_camera/share/ament_index/resource_index/parent_prefix_path/hik_camera
[0.777s] -- Up-to-date symlink: /home/wjrgfdy/rm_ws/install/hik_camera/share/hik_camera/environment/ament_prefix_path.sh
[0.777s] -- Up-to-date symlink: /home/wjrgfdy/rm_ws/install/hik_camera/share/hik_camera/environment/ament_prefix_path.dsv
[0.777s] -- Up-to-date symlink: /home/wjrgfdy/rm_ws/install/hik_camera/share/hik_camera/environment/path.sh
[0.778s] -- Up-to-date symlink: /home/wjrgfdy/rm_ws/install/hik_camera/share/hik_camera/environment/path.dsv
[0.778s] -- Up-to-date symlink: /home/wjrgfdy/rm_ws/install/hik_camera/share/hik_camera/local_setup.bash
[0.778s] -- Up-to-date symlink: /home/wjrgfdy/rm_ws/install/hik_camera/share/hik_camera/local_setup.sh
[0.778s] -- Up-to-date symlink: /home/wjrgfdy/rm_ws/install/hik_camera/share/hik_camera/local_setup.zsh
[0.778s] -- Up-to-date symlink: /home/wjrgfdy/rm_ws/install/hik_camera/share/hik_camera/local_setup.dsv
[0.778s] -- Symlinking: /home/wjrgfdy/rm_ws/install/hik_camera/share/hik_camera/package.dsv
[0.785s] -- Up-to-date symlink: /home/wjrgfdy/rm_ws/install/hik_camera/share/ament_index/resource_index/packages/hik_camera
[0.785s] -- Up-to-date symlink: /home/wjrgfdy/rm_ws/install/hik_camera/share/ament_index/resource_index/rclcpp_components/hik_camera
[0.786s] -- Up-to-date symlink: /home/wjrgfdy/rm_ws/install/hik_camera/share/hik_camera/cmake/ament_cmake_export_dependencies-extras.cmake
[0.786s] -- Up-to-date symlink: /home/wjrgfdy/rm_ws/install/hik_camera/share/hik_camera/cmake/ament_cmake_export_libraries-extras.cmake
[0.786s] -- Up-to-date symlink: /home/wjrgfdy/rm_ws/install/hik_camera/share/hik_camera/cmake/hik_cameraConfig.cmake
[0.786s] -- Up-to-date symlink: /home/wjrgfdy/rm_ws/install/hik_camera/share/hik_camera/cmake/hik_cameraConfig-version.cmake
[0.786s] -- Up-to-date symlink: /home/wjrgfdy/rm_ws/install/hik_camera/share/hik_camera/package.xml
[0.787s] Invoked command in '/home/wjrgfdy/rm_ws/build/hik_camera' returned '0': AMENT_PREFIX_PATH=/home/wjrgfdy/rm_ws/install/camera_calibration:/home/wjrgfdy/rm_ws/install/image_pipeline:/home/wjrgfdy/rm_ws/install/stereo_image_proc:/home/wjrgfdy/rm_ws/install/image_proc:/home/wjrgfdy/rm_ws/install/tracetools_image_pipeline:/home/wjrgfdy/rm_ws/install/rm_vision_bringup:/home/wjrgfdy/rm_ws/install/rm_serial_driver:/home/wjrgfdy/rm_ws/install/rm_gimbal_description:/home/wjrgfdy/rm_ws/install/rm_auto_aim:/home/wjrgfdy/rm_ws/install/mindvision_camera:/home/wjrgfdy/rm_ws/install/image_view:/home/wjrgfdy/rm_ws/install/image_rotate:/home/wjrgfdy/rm_ws/install/image_publisher:/home/wjrgfdy/rm_ws/install/hik_camera:/home/wjrgfdy/rm_ws/install/depth_image_proc:/home/wjrgfdy/rm_ws/install/armor_tracker:/home/wjrgfdy/rm_ws/install/armor_detector:/home/wjrgfdy/rm_ws/install/auto_aim_interfaces:/opt/ros/humble CMAKE_PREFIX_PATH=${CMAKE_PREFIX_PATH}:/home/wjrgfdy/rm_ws/install/camera_calibration:/opt/ros/humble _=/usr/bin/env /usr/local/bin/cmake --install /home/wjrgfdy/rm_ws/build/hik_camera
