[0.074s] Invoking command in '/home/wjrgfdy/rm_ws/build/armor_detector': AMENT_PREFIX_PATH=/home/wjrgfdy/rm_ws/install/auto_aim_interfaces:${AMENT_PREFIX_PATH} CMAKE_PREFIX_PATH=/home/wjrgfdy/rm_ws/install/auto_aim_interfaces:/opt/ros/humble LD_LIBRARY_PATH=/home/wjrgfdy/rm_ws/install/auto_aim_interfaces/lib:/opt/ros/humble/opt/rviz_ogre_vendor/lib:/opt/ros/humble/lib/x86_64-linux-gnu:/opt/ros/humble/lib:/opt/MVS/lib/64:/opt/MVS/lib/32:/opt/MVS/lib/64:/opt/MVS/lib/32:/opt/MVS/lib/64:/opt/MVS/lib/32 PYTHONPATH=/home/wjrgfdy/rm_ws/install/auto_aim_interfaces/local/lib/python3.10/dist-packages:${PYTHONPATH} _=/usr/bin/env /usr/local/bin/cmake --build /home/wjrgfdy/rm_ws/build/armor_detector -- -j12 -l12
[0.096s] [ 13%] Built target armor_detector_node
[0.097s] [ 40%] Built target gtest_main
[0.097s] [ 40%] Built target gtest
[0.114s] [ 73%] Built target armor_detector
[0.128s] [ 86%] Built target test_node_startup
[0.128s] [100%] Built target test_number_cls
[0.134s] Invoked command in '/home/wjrgfdy/rm_ws/build/armor_detector' returned '0': AMENT_PREFIX_PATH=/home/wjrgfdy/rm_ws/install/auto_aim_interfaces:${AMENT_PREFIX_PATH} CMAKE_PREFIX_PATH=/home/wjrgfdy/rm_ws/install/auto_aim_interfaces:/opt/ros/humble LD_LIBRARY_PATH=/home/wjrgfdy/rm_ws/install/auto_aim_interfaces/lib:/opt/ros/humble/opt/rviz_ogre_vendor/lib:/opt/ros/humble/lib/x86_64-linux-gnu:/opt/ros/humble/lib:/opt/MVS/lib/64:/opt/MVS/lib/32:/opt/MVS/lib/64:/opt/MVS/lib/32:/opt/MVS/lib/64:/opt/MVS/lib/32 PYTHONPATH=/home/wjrgfdy/rm_ws/install/auto_aim_interfaces/local/lib/python3.10/dist-packages:${PYTHONPATH} _=/usr/bin/env /usr/local/bin/cmake --build /home/wjrgfdy/rm_ws/build/armor_detector -- -j12 -l12
[0.181s] Invoking command in '/home/wjrgfdy/rm_ws/build/armor_detector': AMENT_PREFIX_PATH=/home/wjrgfdy/rm_ws/install/auto_aim_interfaces:${AMENT_PREFIX_PATH} CMAKE_PREFIX_PATH=/home/wjrgfdy/rm_ws/install/auto_aim_interfaces:/opt/ros/humble LD_LIBRARY_PATH=/home/wjrgfdy/rm_ws/install/auto_aim_interfaces/lib:/opt/ros/humble/opt/rviz_ogre_vendor/lib:/opt/ros/humble/lib/x86_64-linux-gnu:/opt/ros/humble/lib:/opt/MVS/lib/64:/opt/MVS/lib/32:/opt/MVS/lib/64:/opt/MVS/lib/32:/opt/MVS/lib/64:/opt/MVS/lib/32 PYTHONPATH=/home/wjrgfdy/rm_ws/install/auto_aim_interfaces/local/lib/python3.10/dist-packages:${PYTHONPATH} _=/usr/bin/env /usr/local/bin/cmake --install /home/wjrgfdy/rm_ws/build/armor_detector
[0.184s] -- Install configuration: ""
[0.184s] -- Execute custom install script
[0.185s] -- Up-to-date symlink: /home/wjrgfdy/rm_ws/install/armor_detector/lib/armor_detector/armor_detector_node
[0.185s] -- Up-to-date symlink: /home/wjrgfdy/rm_ws/install/armor_detector/include/armor_detector/armor.hpp
[0.185s] -- Up-to-date symlink: /home/wjrgfdy/rm_ws/install/armor_detector/include/armor_detector/detector.hpp
[0.185s] -- Up-to-date symlink: /home/wjrgfdy/rm_ws/install/armor_detector/include/armor_detector/detector_node.hpp
[0.185s] -- Up-to-date symlink: /home/wjrgfdy/rm_ws/install/armor_detector/include/armor_detector/number_classifier.hpp
[0.185s] -- Up-to-date symlink: /home/wjrgfdy/rm_ws/install/armor_detector/include/armor_detector/pnp_solver.hpp
[0.185s] -- Up-to-date symlink: /home/wjrgfdy/rm_ws/install/armor_detector/share/armor_detector/environment/library_path.sh
[0.186s] -- Up-to-date symlink: /home/wjrgfdy/rm_ws/install/armor_detector/share/armor_detector/environment/library_path.dsv
[0.186s] -- Up-to-date symlink: /home/wjrgfdy/rm_ws/install/armor_detector/lib/libarmor_detector.so
[0.186s] -- Up-to-date symlink: /home/wjrgfdy/rm_ws/install/armor_detector/share/armor_detector/model/label.txt
[0.186s] -- Up-to-date symlink: /home/wjrgfdy/rm_ws/install/armor_detector/share/armor_detector/model/mlp.onnx
[0.186s] -- Up-to-date symlink: /home/wjrgfdy/rm_ws/install/armor_detector/share/ament_index/resource_index/package_run_dependencies/armor_detector
[0.186s] -- Up-to-date symlink: /home/wjrgfdy/rm_ws/install/armor_detector/share/ament_index/resource_index/parent_prefix_path/armor_detector
[0.186s] -- Up-to-date symlink: /home/wjrgfdy/rm_ws/install/armor_detector/share/armor_detector/environment/ament_prefix_path.sh
[0.186s] -- Up-to-date symlink: /home/wjrgfdy/rm_ws/install/armor_detector/share/armor_detector/environment/ament_prefix_path.dsv
[0.187s] -- Up-to-date symlink: /home/wjrgfdy/rm_ws/install/armor_detector/share/armor_detector/environment/path.sh
[0.187s] -- Up-to-date symlink: /home/wjrgfdy/rm_ws/install/armor_detector/share/armor_detector/environment/path.dsv
[0.187s] -- Up-to-date symlink: /home/wjrgfdy/rm_ws/install/armor_detector/share/armor_detector/local_setup.bash
[0.187s] -- Up-to-date symlink: /home/wjrgfdy/rm_ws/install/armor_detector/share/armor_detector/local_setup.sh
[0.187s] -- Up-to-date symlink: /home/wjrgfdy/rm_ws/install/armor_detector/share/armor_detector/local_setup.zsh
[0.187s] -- Up-to-date symlink: /home/wjrgfdy/rm_ws/install/armor_detector/share/armor_detector/local_setup.dsv
[0.187s] -- Symlinking: /home/wjrgfdy/rm_ws/install/armor_detector/share/armor_detector/package.dsv
[0.189s] -- Up-to-date symlink: /home/wjrgfdy/rm_ws/install/armor_detector/share/ament_index/resource_index/packages/armor_detector
[0.189s] -- Up-to-date symlink: /home/wjrgfdy/rm_ws/install/armor_detector/share/ament_index/resource_index/rclcpp_components/armor_detector
[0.189s] -- Up-to-date symlink: /home/wjrgfdy/rm_ws/install/armor_detector/share/armor_detector/cmake/ament_cmake_export_dependencies-extras.cmake
[0.189s] -- Up-to-date symlink: /home/wjrgfdy/rm_ws/install/armor_detector/share/armor_detector/cmake/ament_cmake_export_include_directories-extras.cmake
[0.190s] -- Up-to-date symlink: /home/wjrgfdy/rm_ws/install/armor_detector/share/armor_detector/cmake/ament_cmake_export_libraries-extras.cmake
[0.190s] -- Up-to-date symlink: /home/wjrgfdy/rm_ws/install/armor_detector/share/armor_detector/cmake/armor_detectorConfig.cmake
[0.190s] -- Up-to-date symlink: /home/wjrgfdy/rm_ws/install/armor_detector/share/armor_detector/cmake/armor_detectorConfig-version.cmake
[0.190s] -- Up-to-date symlink: /home/wjrgfdy/rm_ws/install/armor_detector/share/armor_detector/package.xml
[0.191s] Invoked command in '/home/wjrgfdy/rm_ws/build/armor_detector' returned '0': AMENT_PREFIX_PATH=/home/wjrgfdy/rm_ws/install/auto_aim_interfaces:${AMENT_PREFIX_PATH} CMAKE_PREFIX_PATH=/home/wjrgfdy/rm_ws/install/auto_aim_interfaces:/opt/ros/humble LD_LIBRARY_PATH=/home/wjrgfdy/rm_ws/install/auto_aim_interfaces/lib:/opt/ros/humble/opt/rviz_ogre_vendor/lib:/opt/ros/humble/lib/x86_64-linux-gnu:/opt/ros/humble/lib:/opt/MVS/lib/64:/opt/MVS/lib/32:/opt/MVS/lib/64:/opt/MVS/lib/32:/opt/MVS/lib/64:/opt/MVS/lib/32 PYTHONPATH=/home/wjrgfdy/rm_ws/install/auto_aim_interfaces/local/lib/python3.10/dist-packages:${PYTHONPATH} _=/usr/bin/env /usr/local/bin/cmake --install /home/wjrgfdy/rm_ws/build/armor_detector
