[0.030s] Invoking command in '/home/wjrgfdy/rm_ws/build/rm_serial_driver': AMENT_PREFIX_PATH=/home/wjrgfdy/rm_ws/install/auto_aim_interfaces:${AMENT_PREFIX_PATH} CMAKE_PREFIX_PATH=/home/wjrgfdy/rm_ws/install/auto_aim_interfaces:/opt/ros/humble LD_LIBRARY_PATH=/home/wjrgfdy/rm_ws/install/auto_aim_interfaces/lib:/opt/ros/humble/opt/rviz_ogre_vendor/lib:/opt/ros/humble/lib/x86_64-linux-gnu:/opt/ros/humble/lib:/opt/MVS/lib/64:/opt/MVS/lib/32:/opt/MVS/lib/64:/opt/MVS/lib/32:/opt/MVS/lib/64:/opt/MVS/lib/32 PYTHONPATH=/home/wjrgfdy/rm_ws/install/auto_aim_interfaces/local/lib/python3.10/dist-packages:${PYTHONPATH} _=/usr/bin/env /usr/local/bin/cmake --build /home/wjrgfdy/rm_ws/build/rm_serial_driver -- -j12 -l12
[0.053s] [ 40%] Built target rm_serial_driver_node
[0.063s] [100%] Built target rm_serial_driver
[0.066s] Invoked command in '/home/wjrgfdy/rm_ws/build/rm_serial_driver' returned '0': AMENT_PREFIX_PATH=/home/wjrgfdy/rm_ws/install/auto_aim_interfaces:${AMENT_PREFIX_PATH} CMAKE_PREFIX_PATH=/home/wjrgfdy/rm_ws/install/auto_aim_interfaces:/opt/ros/humble LD_LIBRARY_PATH=/home/wjrgfdy/rm_ws/install/auto_aim_interfaces/lib:/opt/ros/humble/opt/rviz_ogre_vendor/lib:/opt/ros/humble/lib/x86_64-linux-gnu:/opt/ros/humble/lib:/opt/MVS/lib/64:/opt/MVS/lib/32:/opt/MVS/lib/64:/opt/MVS/lib/32:/opt/MVS/lib/64:/opt/MVS/lib/32 PYTHONPATH=/home/wjrgfdy/rm_ws/install/auto_aim_interfaces/local/lib/python3.10/dist-packages:${PYTHONPATH} _=/usr/bin/env /usr/local/bin/cmake --build /home/wjrgfdy/rm_ws/build/rm_serial_driver -- -j12 -l12
[0.093s] Invoking command in '/home/wjrgfdy/rm_ws/build/rm_serial_driver': AMENT_PREFIX_PATH=/home/wjrgfdy/rm_ws/install/auto_aim_interfaces:${AMENT_PREFIX_PATH} CMAKE_PREFIX_PATH=/home/wjrgfdy/rm_ws/install/auto_aim_interfaces:/opt/ros/humble LD_LIBRARY_PATH=/home/wjrgfdy/rm_ws/install/auto_aim_interfaces/lib:/opt/ros/humble/opt/rviz_ogre_vendor/lib:/opt/ros/humble/lib/x86_64-linux-gnu:/opt/ros/humble/lib:/opt/MVS/lib/64:/opt/MVS/lib/32:/opt/MVS/lib/64:/opt/MVS/lib/32:/opt/MVS/lib/64:/opt/MVS/lib/32 PYTHONPATH=/home/wjrgfdy/rm_ws/install/auto_aim_interfaces/local/lib/python3.10/dist-packages:${PYTHONPATH} _=/usr/bin/env /usr/local/bin/cmake --install /home/wjrgfdy/rm_ws/build/rm_serial_driver
[0.096s] -- Install configuration: ""
[0.096s] -- Execute custom install script
[0.097s] -- Up-to-date symlink: /home/wjrgfdy/rm_ws/install/rm_serial_driver/lib/rm_serial_driver/rm_serial_driver_node
[0.097s] -- Up-to-date symlink: /home/wjrgfdy/rm_ws/install/rm_serial_driver/include/rm_serial_driver/crc.hpp
[0.097s] -- Up-to-date symlink: /home/wjrgfdy/rm_ws/install/rm_serial_driver/include/rm_serial_driver/packet.hpp
[0.097s] -- Up-to-date symlink: /home/wjrgfdy/rm_ws/install/rm_serial_driver/include/rm_serial_driver/rm_serial_driver.hpp
[0.097s] -- Up-to-date symlink: /home/wjrgfdy/rm_ws/install/rm_serial_driver/share/rm_serial_driver/environment/library_path.sh
[0.098s] -- Up-to-date symlink: /home/wjrgfdy/rm_ws/install/rm_serial_driver/share/rm_serial_driver/environment/library_path.dsv
[0.098s] -- Up-to-date symlink: /home/wjrgfdy/rm_ws/install/rm_serial_driver/lib/librm_serial_driver.so
[0.098s] -- Up-to-date symlink: /home/wjrgfdy/rm_ws/install/rm_serial_driver/share/rm_serial_driver/config/serial_driver.yaml
[0.098s] -- Up-to-date symlink: /home/wjrgfdy/rm_ws/install/rm_serial_driver/share/rm_serial_driver/launch/serial_driver.launch.py
[0.098s] -- Up-to-date symlink: /home/wjrgfdy/rm_ws/install/rm_serial_driver/share/ament_index/resource_index/package_run_dependencies/rm_serial_driver
[0.098s] -- Up-to-date symlink: /home/wjrgfdy/rm_ws/install/rm_serial_driver/share/ament_index/resource_index/parent_prefix_path/rm_serial_driver
[0.098s] -- Up-to-date symlink: /home/wjrgfdy/rm_ws/install/rm_serial_driver/share/rm_serial_driver/environment/ament_prefix_path.sh
[0.098s] -- Up-to-date symlink: /home/wjrgfdy/rm_ws/install/rm_serial_driver/share/rm_serial_driver/environment/ament_prefix_path.dsv
[0.098s] -- Up-to-date symlink: /home/wjrgfdy/rm_ws/install/rm_serial_driver/share/rm_serial_driver/environment/path.sh
[0.099s] -- Up-to-date symlink: /home/wjrgfdy/rm_ws/install/rm_serial_driver/share/rm_serial_driver/environment/path.dsv
[0.099s] -- Up-to-date symlink: /home/wjrgfdy/rm_ws/install/rm_serial_driver/share/rm_serial_driver/local_setup.bash
[0.099s] -- Up-to-date symlink: /home/wjrgfdy/rm_ws/install/rm_serial_driver/share/rm_serial_driver/local_setup.sh
[0.099s] -- Up-to-date symlink: /home/wjrgfdy/rm_ws/install/rm_serial_driver/share/rm_serial_driver/local_setup.zsh
[0.099s] -- Up-to-date symlink: /home/wjrgfdy/rm_ws/install/rm_serial_driver/share/rm_serial_driver/local_setup.dsv
[0.099s] -- Symlinking: /home/wjrgfdy/rm_ws/install/rm_serial_driver/share/rm_serial_driver/package.dsv
[0.101s] -- Up-to-date symlink: /home/wjrgfdy/rm_ws/install/rm_serial_driver/share/ament_index/resource_index/packages/rm_serial_driver
[0.101s] -- Up-to-date symlink: /home/wjrgfdy/rm_ws/install/rm_serial_driver/share/ament_index/resource_index/rclcpp_components/rm_serial_driver
[0.102s] -- Up-to-date symlink: /home/wjrgfdy/rm_ws/install/rm_serial_driver/share/rm_serial_driver/cmake/ament_cmake_export_dependencies-extras.cmake
[0.102s] -- Up-to-date symlink: /home/wjrgfdy/rm_ws/install/rm_serial_driver/share/rm_serial_driver/cmake/ament_cmake_export_include_directories-extras.cmake
[0.102s] -- Up-to-date symlink: /home/wjrgfdy/rm_ws/install/rm_serial_driver/share/rm_serial_driver/cmake/ament_cmake_export_libraries-extras.cmake
[0.102s] -- Up-to-date symlink: /home/wjrgfdy/rm_ws/install/rm_serial_driver/share/rm_serial_driver/cmake/rm_serial_driverConfig.cmake
[0.102s] -- Up-to-date symlink: /home/wjrgfdy/rm_ws/install/rm_serial_driver/share/rm_serial_driver/cmake/rm_serial_driverConfig-version.cmake
[0.102s] -- Up-to-date symlink: /home/wjrgfdy/rm_ws/install/rm_serial_driver/share/rm_serial_driver/package.xml
[0.103s] Invoked command in '/home/wjrgfdy/rm_ws/build/rm_serial_driver' returned '0': AMENT_PREFIX_PATH=/home/wjrgfdy/rm_ws/install/auto_aim_interfaces:${AMENT_PREFIX_PATH} CMAKE_PREFIX_PATH=/home/wjrgfdy/rm_ws/install/auto_aim_interfaces:/opt/ros/humble LD_LIBRARY_PATH=/home/wjrgfdy/rm_ws/install/auto_aim_interfaces/lib:/opt/ros/humble/opt/rviz_ogre_vendor/lib:/opt/ros/humble/lib/x86_64-linux-gnu:/opt/ros/humble/lib:/opt/MVS/lib/64:/opt/MVS/lib/32:/opt/MVS/lib/64:/opt/MVS/lib/32:/opt/MVS/lib/64:/opt/MVS/lib/32 PYTHONPATH=/home/wjrgfdy/rm_ws/install/auto_aim_interfaces/local/lib/python3.10/dist-packages:${PYTHONPATH} _=/usr/bin/env /usr/local/bin/cmake --install /home/wjrgfdy/rm_ws/build/rm_serial_driver
