-- Found ament_cmake_auto: 1.3.6 (/opt/ros/humble/share/ament_cmake_auto/cmake)
-- Override CMake install command with custom implementation using symlinks instead of copying resources
-- Found rosidl_generator_c: 3.1.5 (/opt/ros/humble/share/rosidl_generator_c/cmake)
-- Found rosidl_adapter: 3.1.5 (/opt/ros/humble/share/rosidl_adapter/cmake)
-- Found rosidl_generator_cpp: 3.1.5 (/opt/ros/humble/share/rosidl_generator_cpp/cmake)
-- Using all available rosidl_typesupport_c: rosidl_typesupport_fastrtps_c;rosidl_typesupport_introspection_c
-- Using all available rosidl_typesupport_cpp: rosidl_typesupport_fastrtps_cpp;rosidl_typesupport_introspection_cpp
-- Found rmw_implementation_cmake: 6.1.1 (/opt/ros/humble/share/rmw_implementation_cmake/cmake)
-- Found rmw_fastrtps_cpp: 6.2.5 (/opt/ros/humble/share/rmw_fastrtps_cpp/cmake)
-- Using RMW implementation 'rmw_fastrtps_cpp' as default
-- Found ament_lint_auto: 0.12.9 (/opt/ros/humble/share/ament_lint_auto/cmake)
-- Found python_cmake_module: 0.10.0 (/opt/ros/humble/share/python_cmake_module/cmake)
-- Using PYTHON_EXECUTABLE: /usr/bin/python3
-- Using PYTHON_INCLUDE_DIRS: /usr/include/python3.10
-- Using PYTHON_LIBRARIES: /usr/lib/x86_64-linux-gnu/libpython3.10.so
-- Added test 'copyright' to check source files copyright and LICENSE
-- Added test 'cppcheck' to perform static code analysis on C / C++ code
-- Configured cppcheck include dirs: /home/wjrgfdy/rm_ws/src/image_pipeline/stereo_image_proc/include
-- Configured cppcheck exclude dirs and/or files: 
-- Added test 'cpplint' to check C / C++ code against the Google style
-- Configured cpplint exclude dirs and/or files: 
-- Added test 'flake8' to check Python code syntax and style conventions
-- Added test 'lint_cmake' to check CMake code style
-- Added test 'pep257' to check Python code against some of the docstring style conventions in PEP 257
-- Added test 'uncrustify' to check C / C++ code style
-- Configured uncrustify additional arguments: 
-- Added test 'xmllint' to check XML markup files
-- Configuring done (1.9s)
-- Generating done (0.0s)
-- Build files have been written to: /home/wjrgfdy/rm_ws/build/stereo_image_proc
[ 25%] Built target point_cloud_node
[ 50%] Built target disparity_node
[100%] Built target stereo_image_proc
-- Install configuration: ""
-- Execute custom install script
-- Up-to-date symlink: /home/wjrgfdy/rm_ws/install/stereo_image_proc/lib/stereo_image_proc/disparity_node
-- Up-to-date symlink: /home/wjrgfdy/rm_ws/install/stereo_image_proc/lib/stereo_image_proc/point_cloud_node
-- Up-to-date symlink: /home/wjrgfdy/rm_ws/install/stereo_image_proc/include/stereo_image_proc/stereo_processor.hpp
-- Up-to-date symlink: /home/wjrgfdy/rm_ws/install/stereo_image_proc/share/stereo_image_proc/environment/library_path.sh
-- Up-to-date symlink: /home/wjrgfdy/rm_ws/install/stereo_image_proc/share/stereo_image_proc/environment/library_path.dsv
-- Up-to-date symlink: /home/wjrgfdy/rm_ws/install/stereo_image_proc/lib/libstereo_image_proc.so
-- Up-to-date symlink: /home/wjrgfdy/rm_ws/install/stereo_image_proc/share/stereo_image_proc/launch/stereo_image_proc.launch.py
-- Up-to-date symlink: /home/wjrgfdy/rm_ws/install/stereo_image_proc/share/ament_index/resource_index/package_run_dependencies/stereo_image_proc
-- Up-to-date symlink: /home/wjrgfdy/rm_ws/install/stereo_image_proc/share/ament_index/resource_index/parent_prefix_path/stereo_image_proc
-- Up-to-date symlink: /home/wjrgfdy/rm_ws/install/stereo_image_proc/share/stereo_image_proc/environment/ament_prefix_path.sh
-- Up-to-date symlink: /home/wjrgfdy/rm_ws/install/stereo_image_proc/share/stereo_image_proc/environment/ament_prefix_path.dsv
-- Up-to-date symlink: /home/wjrgfdy/rm_ws/install/stereo_image_proc/share/stereo_image_proc/environment/path.sh
-- Up-to-date symlink: /home/wjrgfdy/rm_ws/install/stereo_image_proc/share/stereo_image_proc/environment/path.dsv
-- Up-to-date symlink: /home/wjrgfdy/rm_ws/install/stereo_image_proc/share/stereo_image_proc/local_setup.bash
-- Up-to-date symlink: /home/wjrgfdy/rm_ws/install/stereo_image_proc/share/stereo_image_proc/local_setup.sh
-- Up-to-date symlink: /home/wjrgfdy/rm_ws/install/stereo_image_proc/share/stereo_image_proc/local_setup.zsh
-- Up-to-date symlink: /home/wjrgfdy/rm_ws/install/stereo_image_proc/share/stereo_image_proc/local_setup.dsv
-- Symlinking: /home/wjrgfdy/rm_ws/install/stereo_image_proc/share/stereo_image_proc/package.dsv
-- Up-to-date symlink: /home/wjrgfdy/rm_ws/install/stereo_image_proc/share/ament_index/resource_index/packages/stereo_image_proc
-- Up-to-date symlink: /home/wjrgfdy/rm_ws/install/stereo_image_proc/share/ament_index/resource_index/rclcpp_components/stereo_image_proc
-- Up-to-date symlink: /home/wjrgfdy/rm_ws/install/stereo_image_proc/share/stereo_image_proc/cmake/ament_cmake_export_dependencies-extras.cmake
-- Up-to-date symlink: /home/wjrgfdy/rm_ws/install/stereo_image_proc/share/stereo_image_proc/cmake/ament_cmake_export_include_directories-extras.cmake
-- Up-to-date symlink: /home/wjrgfdy/rm_ws/install/stereo_image_proc/share/stereo_image_proc/cmake/ament_cmake_export_libraries-extras.cmake
-- Up-to-date symlink: /home/wjrgfdy/rm_ws/install/stereo_image_proc/share/stereo_image_proc/cmake/stereo_image_procConfig.cmake
-- Up-to-date symlink: /home/wjrgfdy/rm_ws/install/stereo_image_proc/share/stereo_image_proc/cmake/stereo_image_procConfig-version.cmake
-- Up-to-date symlink: /home/wjrgfdy/rm_ws/install/stereo_image_proc/share/stereo_image_proc/package.xml
