[0.299s] Invoking command in '/home/wjrgfdy/rm_ws/build/image_rotate': CMAKE_PREFIX_PATH=${CMAKE_PREFIX_PATH}:/home/wjrgfdy/rm_ws/install/camera_calibration:/opt/ros/humble _=/usr/bin/env /usr/local/bin/cmake /home/wjrgfdy/rm_ws/src/image_pipeline/image_rotate -DCMAKE_INSTALL_PREFIX=/home/wjrgfdy/rm_ws/install/image_rotate
[0.351s] -- The C compiler identification is GNU 12.3.0
[0.422s] -- The CXX compiler identification is GNU 12.3.0
[0.445s] -- Detecting C compiler ABI info
[0.519s] -- Detecting C compiler ABI info - done
[0.529s] -- Check for working C compiler: /usr/bin/cc - skipped
[0.529s] -- Detecting C compile features
[0.529s] -- Detecting C compile features - done
[0.538s] -- Detecting CXX compiler ABI info
[0.613s] -- Detecting CXX compiler ABI info - done
[0.621s] -- Check for working CXX compiler: /usr/bin/c++ - skipped
[0.621s] -- Detecting CXX compile features
[0.621s] -- Detecting CXX compile features - done
[0.625s] -- Found ament_cmake_auto: 1.3.6 (/opt/ros/humble/share/ament_cmake_auto/cmake)
[1.002s] -- Found Python3: /usr/bin/python3.10 (found version "3.10.12") found components: Interpreter 
[1.267s] -- Found rosidl_generator_c: 3.1.5 (/opt/ros/humble/share/rosidl_generator_c/cmake)
[1.274s] -- Found rosidl_adapter: 3.1.5 (/opt/ros/humble/share/rosidl_adapter/cmake)
[1.288s] -- Found rosidl_generator_cpp: 3.1.5 (/opt/ros/humble/share/rosidl_generator_cpp/cmake)
[1.309s] -- Using all available rosidl_typesupport_c: rosidl_typesupport_fastrtps_c;rosidl_typesupport_introspection_c
[1.335s] -- Using all available rosidl_typesupport_cpp: rosidl_typesupport_fastrtps_cpp;rosidl_typesupport_introspection_cpp
[1.746s] -- Found rmw_implementation_cmake: 6.1.1 (/opt/ros/humble/share/rmw_implementation_cmake/cmake)
[1.750s] -- Found rmw_fastrtps_cpp: 6.2.5 (/opt/ros/humble/share/rmw_fastrtps_cpp/cmake)
[1.880s] -- Found OpenSSL: /usr/lib/x86_64-linux-gnu/libcrypto.so (found version "3.0.2")  
[1.918s] -- Found FastRTPS: /opt/ros/humble/include  
[1.978s] -- Using RMW implementation 'rmw_fastrtps_cpp' as default
[1.995s] -- Performing Test CMAKE_HAVE_LIBC_PTHREAD
[2.074s] -- Performing Test CMAKE_HAVE_LIBC_PTHREAD - Success
[2.076s] -- Found Threads: TRUE  
[2.461s] -- Found eigen3_cmake_module: 0.1.1 (/opt/ros/humble/share/eigen3_cmake_module/cmake)
[2.463s] -- Found Eigen3: TRUE (found version "3.4.0") 
[2.463s] -- Ensuring Eigen3 include directory is part of orocos-kdl CMake target
[2.980s] -- Found OpenCV: /usr/local (found version "4.9.0") found components: core imgproc 
[3.006s] -- Found ament_lint_auto: 0.12.9 (/opt/ros/humble/share/ament_lint_auto/cmake)
[3.092s] -- Added test 'copyright' to check source files copyright and LICENSE
[3.094s] -- Added test 'cppcheck' to perform static code analysis on C / C++ code
[3.094s] -- Configured cppcheck include dirs: /home/wjrgfdy/rm_ws/src/image_pipeline/image_rotate/include
[3.094s] -- Configured cppcheck exclude dirs and/or files: 
[3.096s] -- Added test 'cpplint' to check C / C++ code against the Google style
[3.096s] -- Configured cpplint exclude dirs and/or files: 
[3.097s] -- Added test 'flake8' to check Python code syntax and style conventions
[3.098s] -- Added test 'lint_cmake' to check CMake code style
[3.100s] -- Added test 'pep257' to check Python code against some of the docstring style conventions in PEP 257
[3.108s] -- Added test 'uncrustify' to check C / C++ code style
[3.108s] -- Configured uncrustify additional arguments: 
[3.109s] -- Added test 'xmllint' to check XML markup files
[3.113s] -- Configuring done (2.8s)
[3.171s] -- Generating done (0.0s)
[3.186s] -- Build files have been written to: /home/wjrgfdy/rm_ws/build/image_rotate
[3.210s] Invoked command in '/home/wjrgfdy/rm_ws/build/image_rotate' returned '0': CMAKE_PREFIX_PATH=${CMAKE_PREFIX_PATH}:/home/wjrgfdy/rm_ws/install/camera_calibration:/opt/ros/humble _=/usr/bin/env /usr/local/bin/cmake /home/wjrgfdy/rm_ws/src/image_pipeline/image_rotate -DCMAKE_INSTALL_PREFIX=/home/wjrgfdy/rm_ws/install/image_rotate
[3.222s] Invoking command in '/home/wjrgfdy/rm_ws/build/image_rotate': CMAKE_PREFIX_PATH=${CMAKE_PREFIX_PATH}:/home/wjrgfdy/rm_ws/install/camera_calibration:/opt/ros/humble _=/usr/bin/env /usr/local/bin/cmake --build /home/wjrgfdy/rm_ws/build/image_rotate -- -j12 -l12
[3.382s] [ 25%] [32mBuilding CXX object CMakeFiles/image_rotate.dir/src/image_rotate_node.cpp.o[0m
[23.978s] [ 50%] [32m[1mLinking CXX shared library libimage_rotate.so[0m
[24.607s] [ 50%] Built target image_rotate
[24.630s] [ 75%] [32mBuilding CXX object CMakeFiles/image_rotate_bin.dir/src/image_rotate.cpp.o[0m
[31.025s] [100%] [32m[1mLinking CXX executable image_rotate[0m
[31.852s] [100%] Built target image_rotate_bin
[31.883s] Invoked command in '/home/wjrgfdy/rm_ws/build/image_rotate' returned '0': CMAKE_PREFIX_PATH=${CMAKE_PREFIX_PATH}:/home/wjrgfdy/rm_ws/install/camera_calibration:/opt/ros/humble _=/usr/bin/env /usr/local/bin/cmake --build /home/wjrgfdy/rm_ws/build/image_rotate -- -j12 -l12
[31.971s] Invoking command in '/home/wjrgfdy/rm_ws/build/image_rotate': CMAKE_PREFIX_PATH=${CMAKE_PREFIX_PATH}:/home/wjrgfdy/rm_ws/install/camera_calibration:/opt/ros/humble _=/usr/bin/env /usr/local/bin/cmake --install /home/wjrgfdy/rm_ws/build/image_rotate
[31.980s] -- Install configuration: ""
[31.980s] -- Up-to-date: /home/wjrgfdy/rm_ws/install/image_rotate/include
[31.980s] -- Up-to-date: /home/wjrgfdy/rm_ws/install/image_rotate/include/image_rotate
[31.980s] -- Up-to-date: /home/wjrgfdy/rm_ws/install/image_rotate/share/image_rotate/launch
[31.980s] -- Installing: /home/wjrgfdy/rm_ws/install/image_rotate/share/image_rotate/package.dsv
[31.987s] Invoked command in '/home/wjrgfdy/rm_ws/build/image_rotate' returned '0': CMAKE_PREFIX_PATH=${CMAKE_PREFIX_PATH}:/home/wjrgfdy/rm_ws/install/camera_calibration:/opt/ros/humble _=/usr/bin/env /usr/local/bin/cmake --install /home/wjrgfdy/rm_ws/build/image_rotate
