[1.017s] Invoking command in '/home/wjrgfdy/rm_ws/build/camera_calibration': PYTHONPATH=/home/wjrgfdy/rm_ws/build/camera_calibration/prefix_override:/home/wjrgfdy/rm_ws/install/camera_calibration/lib/python3.10/site-packages:${PYTHONPATH} _=/usr/bin/env /usr/bin/python3 setup.py develop --editable --build-directory /home/wjrgfdy/rm_ws/build/camera_calibration/build --no-deps install_data
[1.215s] running develop
[1.215s] /usr/lib/python3/dist-packages/setuptools/command/easy_install.py:158: EasyInstallDeprecationWarning: easy_install command is deprecated. Use build and pip and other standards-based tools.
[1.215s]   warnings.warn(
[1.216s] /usr/lib/python3/dist-packages/setuptools/command/install.py:34: SetuptoolsDeprecationWarning: setup.py install is deprecated. Use build and pip and other standards-based tools.
[1.216s]   warnings.warn(
[1.301s] running egg_info
[1.301s] writing src/camera_calibration.egg-info/PKG-INFO
[1.301s] writing dependency_links to src/camera_calibration.egg-info/dependency_links.txt
[1.301s] writing entry points to src/camera_calibration.egg-info/entry_points.txt
[1.301s] writing requirements to src/camera_calibration.egg-info/requires.txt
[1.301s] writing top-level names to src/camera_calibration.egg-info/top_level.txt
[1.302s] reading manifest file 'src/camera_calibration.egg-info/SOURCES.txt'
[1.303s] writing manifest file 'src/camera_calibration.egg-info/SOURCES.txt'
[1.304s] running build_ext
[1.304s] Creating /home/wjrgfdy/rm_ws/install/camera_calibration/lib/python3.10/site-packages/camera-calibration.egg-link (link to src)
[1.304s] Installing cameracalibrator script to /home/wjrgfdy/rm_ws/install/camera_calibration/lib/camera_calibration
[1.305s] Installing cameracheck script to /home/wjrgfdy/rm_ws/install/camera_calibration/lib/camera_calibration
[1.305s] 
[1.305s] Installed /home/wjrgfdy/rm_ws/build/camera_calibration/src
[1.305s] running install_data
[1.326s] Invoked command in '/home/wjrgfdy/rm_ws/build/camera_calibration' returned '0': PYTHONPATH=/home/wjrgfdy/rm_ws/build/camera_calibration/prefix_override:/home/wjrgfdy/rm_ws/install/camera_calibration/lib/python3.10/site-packages:${PYTHONPATH} _=/usr/bin/env /usr/bin/python3 setup.py develop --editable --build-directory /home/wjrgfdy/rm_ws/build/camera_calibration/build --no-deps install_data
