[0.874s] Invoking command in '/home/wjrgfdy/rm_ws/src/image_pipeline/camera_calibration': PYTHONPATH=/home/wjrgfdy/rm_ws/build/camera_calibration/prefix_override:/home/wjrgfdy/rm_ws/install/camera_calibration/lib/python3.10/site-packages:${PYTHONPATH} _=/usr/bin/env /usr/bin/python3 setup.py egg_info --egg-base ../../../build/camera_calibration build --build-base /home/wjrgfdy/rm_ws/build/camera_calibration/build install --record /home/wjrgfdy/rm_ws/build/camera_calibration/install.log --single-version-externally-managed
[1.056s] running egg_info
[1.057s] creating ../../../build/camera_calibration/camera_calibration.egg-info
[1.057s] writing ../../../build/camera_calibration/camera_calibration.egg-info/PKG-INFO
[1.058s] writing dependency_links to ../../../build/camera_calibration/camera_calibration.egg-info/dependency_links.txt
[1.058s] writing entry points to ../../../build/camera_calibration/camera_calibration.egg-info/entry_points.txt
[1.058s] writing requirements to ../../../build/camera_calibration/camera_calibration.egg-info/requires.txt
[1.058s] writing top-level names to ../../../build/camera_calibration/camera_calibration.egg-info/top_level.txt
[1.058s] writing manifest file '../../../build/camera_calibration/camera_calibration.egg-info/SOURCES.txt'
[1.059s] reading manifest file '../../../build/camera_calibration/camera_calibration.egg-info/SOURCES.txt'
[1.060s] writing manifest file '../../../build/camera_calibration/camera_calibration.egg-info/SOURCES.txt'
[1.060s] running build
[1.060s] running build_py
[1.060s] creating /home/wjrgfdy/rm_ws/build/camera_calibration/build
[1.060s] creating /home/wjrgfdy/rm_ws/build/camera_calibration/build/lib
[1.060s] creating /home/wjrgfdy/rm_ws/build/camera_calibration/build/lib/camera_calibration
[1.060s] copying src/camera_calibration/camera_checker.py -> /home/wjrgfdy/rm_ws/build/camera_calibration/build/lib/camera_calibration
[1.061s] copying src/camera_calibration/camera_calibrator.py -> /home/wjrgfdy/rm_ws/build/camera_calibration/build/lib/camera_calibration
[1.061s] copying src/camera_calibration/__init__.py -> /home/wjrgfdy/rm_ws/build/camera_calibration/build/lib/camera_calibration
[1.061s] copying src/camera_calibration/calibrator.py -> /home/wjrgfdy/rm_ws/build/camera_calibration/build/lib/camera_calibration
[1.061s] creating /home/wjrgfdy/rm_ws/build/camera_calibration/build/lib/camera_calibration/nodes
[1.061s] copying src/camera_calibration/nodes/cameracalibrator.py -> /home/wjrgfdy/rm_ws/build/camera_calibration/build/lib/camera_calibration/nodes
[1.061s] copying src/camera_calibration/nodes/__init__.py -> /home/wjrgfdy/rm_ws/build/camera_calibration/build/lib/camera_calibration/nodes
[1.061s] copying src/camera_calibration/nodes/cameracheck.py -> /home/wjrgfdy/rm_ws/build/camera_calibration/build/lib/camera_calibration/nodes
[1.061s] running install
[1.061s] /usr/lib/python3/dist-packages/setuptools/command/install.py:34: SetuptoolsDeprecationWarning: setup.py install is deprecated. Use build and pip and other standards-based tools.
[1.061s]   warnings.warn(
[1.061s] running install_lib
[1.062s] running install_data
[1.063s] running install_egg_info
[1.064s] removing '/home/wjrgfdy/rm_ws/install/camera_calibration/lib/python3.10/site-packages/camera_calibration-3.0.3-py3.10.egg-info' (and everything under it)
[1.064s] Copying ../../../build/camera_calibration/camera_calibration.egg-info to /home/wjrgfdy/rm_ws/install/camera_calibration/lib/python3.10/site-packages/camera_calibration-3.0.3-py3.10.egg-info
[1.065s] running install_scripts
[1.081s] Installing cameracalibrator script to /home/wjrgfdy/rm_ws/install/camera_calibration/lib/camera_calibration
[1.081s] Installing cameracheck script to /home/wjrgfdy/rm_ws/install/camera_calibration/lib/camera_calibration
[1.081s] writing list of installed files to '/home/wjrgfdy/rm_ws/build/camera_calibration/install.log'
[1.109s] Invoked command in '/home/wjrgfdy/rm_ws/src/image_pipeline/camera_calibration' returned '0': PYTHONPATH=/home/wjrgfdy/rm_ws/build/camera_calibration/prefix_override:/home/wjrgfdy/rm_ws/install/camera_calibration/lib/python3.10/site-packages:${PYTHONPATH} _=/usr/bin/env /usr/bin/python3 setup.py egg_info --egg-base ../../../build/camera_calibration build --build-base /home/wjrgfdy/rm_ws/build/camera_calibration/build install --record /home/wjrgfdy/rm_ws/build/camera_calibration/install.log --single-version-externally-managed
