[0.496s] Invoking command in '/home/wjrgfdy/rm_ws/build/image_view': CMAKE_PREFIX_PATH=${CMAKE_PREFIX_PATH}:/home/wjrgfdy/rm_ws/install/camera_calibration:/opt/ros/humble _=/usr/bin/env /usr/local/bin/cmake --build /home/wjrgfdy/rm_ws/build/image_view -- -j12 -l12
[0.669s] [  5%] [32mBuilding CXX object CMakeFiles/image_view_nodes.dir/src/disparity_view_node.cpp.o[0m
[0.691s] [ 10%] [32mBuilding CXX object CMakeFiles/image_view_nodes.dir/src/extract_images_node.cpp.o[0m
[0.692s] [ 15%] [32mBuilding CXX object CMakeFiles/image_view_nodes.dir/src/image_saver_node.cpp.o[0m
[0.698s] [ 21%] [32mBuilding CXX object CMakeFiles/image_view_nodes.dir/src/image_view_node.cpp.o[0m
[0.747s] [ 26%] [32mBuilding CXX object CMakeFiles/image_view_nodes.dir/src/stereo_view_node.cpp.o[0m
[0.767s] [ 31%] [32mBuilding CXX object CMakeFiles/image_view_nodes.dir/src/video_recorder_node.cpp.o[0m
[40.011s] [ 36%] [32m[1mLinking CXX shared library libimage_view_nodes.so[0m
[41.732s] [ 36%] Built target image_view_nodes
[41.761s] [ 42%] [32mBuilding CXX object CMakeFiles/disparity_view.dir/src/disparity_view.cpp.o[0m
[47.171s] [ 47%] [32m[1mLinking CXX executable disparity_view[0m
[48.109s] [ 47%] Built target disparity_view
[48.123s] [ 52%] [32mBuilding CXX object CMakeFiles/video_recorder.dir/src/video_recorder.cpp.o[0m
[50.440s] [ 57%] [32m[1mLinking CXX executable video_recorder[0m
[51.202s] [ 57%] Built target video_recorder
[51.223s] [ 68%] [32mBuilding CXX object CMakeFiles/extract_images.dir/src/extract_images.cpp.o[0m
[51.224s] [ 68%] [32mBuilding CXX object CMakeFiles/image_saver.dir/src/image_saver.cpp.o[0m
[55.288s] [ 73%] [32m[1mLinking CXX executable extract_images[0m
[55.347s] [ 78%] [32m[1mLinking CXX executable image_saver[0m
[56.461s] [ 78%] Built target extract_images
[56.488s] [ 89%] [32mBuilding CXX object CMakeFiles/stereo_view.dir/src/stereo_view.cpp.o[0m
[56.488s] [ 89%] [32mBuilding CXX object CMakeFiles/image_view.dir/src/image_view.cpp.o[0m
[56.621s] [ 89%] Built target image_saver
[59.424s] [ 94%] [32m[1mLinking CXX executable stereo_view[0m
[60.087s] [ 94%] Built target stereo_view
[61.283s] [100%] [32m[1mLinking CXX executable image_view[0m
[62.105s] [100%] Built target image_view
[62.112s] Invoked command in '/home/wjrgfdy/rm_ws/build/image_view' returned '0': CMAKE_PREFIX_PATH=${CMAKE_PREFIX_PATH}:/home/wjrgfdy/rm_ws/install/camera_calibration:/opt/ros/humble _=/usr/bin/env /usr/local/bin/cmake --build /home/wjrgfdy/rm_ws/build/image_view -- -j12 -l12
[62.196s] Invoking command in '/home/wjrgfdy/rm_ws/build/image_view': CMAKE_PREFIX_PATH=${CMAKE_PREFIX_PATH}:/home/wjrgfdy/rm_ws/install/camera_calibration:/opt/ros/humble _=/usr/bin/env /usr/local/bin/cmake --install /home/wjrgfdy/rm_ws/build/image_view
[62.201s] -- Install configuration: ""
[62.202s] -- Execute custom install script
[62.202s] -- Up-to-date symlink: /home/wjrgfdy/rm_ws/install/image_view/include/image_view/disparity_view_node.hpp
[62.202s] -- Up-to-date symlink: /home/wjrgfdy/rm_ws/install/image_view/include/image_view/extract_images_node.hpp
[62.202s] -- Up-to-date symlink: /home/wjrgfdy/rm_ws/install/image_view/include/image_view/image_saver_node.hpp
[62.202s] -- Up-to-date symlink: /home/wjrgfdy/rm_ws/install/image_view/include/image_view/image_view_node.hpp
[62.202s] -- Up-to-date symlink: /home/wjrgfdy/rm_ws/install/image_view/include/image_view/stereo_view_node.hpp
[62.202s] -- Up-to-date symlink: /home/wjrgfdy/rm_ws/install/image_view/include/image_view/video_recorder_node.hpp
[62.203s] -- Up-to-date symlink: /home/wjrgfdy/rm_ws/install/image_view/share/image_view/environment/library_path.sh
[62.203s] -- Up-to-date symlink: /home/wjrgfdy/rm_ws/install/image_view/share/image_view/environment/library_path.dsv
[62.203s] -- Up-to-date symlink: /home/wjrgfdy/rm_ws/install/image_view/lib/libimage_view_nodes.so
[62.204s] -- Up-to-date symlink: /home/wjrgfdy/rm_ws/install/image_view/lib/image_view/disparity_view
[62.204s] -- Up-to-date symlink: /home/wjrgfdy/rm_ws/install/image_view/lib/image_view/image_view
[62.204s] -- Up-to-date symlink: /home/wjrgfdy/rm_ws/install/image_view/lib/image_view/stereo_view
[62.204s] -- Up-to-date symlink: /home/wjrgfdy/rm_ws/install/image_view/lib/image_view/extract_images
[62.204s] -- Up-to-date symlink: /home/wjrgfdy/rm_ws/install/image_view/lib/image_view/image_saver
[62.204s] -- Up-to-date symlink: /home/wjrgfdy/rm_ws/install/image_view/lib/image_view/video_recorder
[62.205s] -- Up-to-date symlink: /home/wjrgfdy/rm_ws/install/image_view/share/ament_index/resource_index/package_run_dependencies/image_view
[62.205s] -- Up-to-date symlink: /home/wjrgfdy/rm_ws/install/image_view/share/ament_index/resource_index/parent_prefix_path/image_view
[62.205s] -- Up-to-date symlink: /home/wjrgfdy/rm_ws/install/image_view/share/image_view/environment/ament_prefix_path.sh
[62.205s] -- Up-to-date symlink: /home/wjrgfdy/rm_ws/install/image_view/share/image_view/environment/ament_prefix_path.dsv
[62.205s] -- Up-to-date symlink: /home/wjrgfdy/rm_ws/install/image_view/share/image_view/environment/path.sh
[62.205s] -- Up-to-date symlink: /home/wjrgfdy/rm_ws/install/image_view/share/image_view/environment/path.dsv
[62.206s] -- Up-to-date symlink: /home/wjrgfdy/rm_ws/install/image_view/share/image_view/local_setup.bash
[62.206s] -- Up-to-date symlink: /home/wjrgfdy/rm_ws/install/image_view/share/image_view/local_setup.sh
[62.206s] -- Up-to-date symlink: /home/wjrgfdy/rm_ws/install/image_view/share/image_view/local_setup.zsh
[62.206s] -- Up-to-date symlink: /home/wjrgfdy/rm_ws/install/image_view/share/image_view/local_setup.dsv
[62.206s] -- Symlinking: /home/wjrgfdy/rm_ws/install/image_view/share/image_view/package.dsv
[62.211s] -- Up-to-date symlink: /home/wjrgfdy/rm_ws/install/image_view/share/ament_index/resource_index/packages/image_view
[62.211s] -- Up-to-date symlink: /home/wjrgfdy/rm_ws/install/image_view/share/ament_index/resource_index/rclcpp_components/image_view
[62.211s] -- Up-to-date symlink: /home/wjrgfdy/rm_ws/install/image_view/share/image_view/cmake/ament_cmake_export_dependencies-extras.cmake
[62.211s] -- Up-to-date symlink: /home/wjrgfdy/rm_ws/install/image_view/share/image_view/cmake/ament_cmake_export_include_directories-extras.cmake
[62.211s] -- Up-to-date symlink: /home/wjrgfdy/rm_ws/install/image_view/share/image_view/cmake/ament_cmake_export_libraries-extras.cmake
[62.211s] -- Up-to-date symlink: /home/wjrgfdy/rm_ws/install/image_view/share/image_view/cmake/image_viewConfig.cmake
[62.211s] -- Up-to-date symlink: /home/wjrgfdy/rm_ws/install/image_view/share/image_view/cmake/image_viewConfig-version.cmake
[62.211s] -- Up-to-date symlink: /home/wjrgfdy/rm_ws/install/image_view/share/image_view/package.xml
[62.213s] Invoked command in '/home/wjrgfdy/rm_ws/build/image_view' returned '0': CMAKE_PREFIX_PATH=${CMAKE_PREFIX_PATH}:/home/wjrgfdy/rm_ws/install/camera_calibration:/opt/ros/humble _=/usr/bin/env /usr/local/bin/cmake --install /home/wjrgfdy/rm_ws/build/image_view
