[0.108s] Invoking command in '/home/wjrgfdy/rm_ws/build/rm_serial_driver': CMAKE_PREFIX_PATH=/home/wjrgfdy/rm_ws/install/auto_aim_interfaces:/home/wjrgfdy/rm_ws/install/rm_vision_bringup:/home/wjrgfdy/rm_ws/install/rm_serial_driver:/home/wjrgfdy/rm_ws/install/rm_gimbal_description:/home/wjrgfdy/rm_ws/install/rm_auto_aim:/home/wjrgfdy/rm_ws/install/mindvision_camera:/home/wjrgfdy/rm_ws/install/hik_camera:/home/wjrgfdy/rm_ws/install/armor_tracker:/home/wjrgfdy/rm_ws/install/armor_detector:/opt/ros/humble LD_LIBRARY_PATH=/home/wjrgfdy/rm_ws/install/auto_aim_interfaces/lib:/home/wjrgfdy/rm_ws/install/rm_serial_driver/lib:/home/wjrgfdy/rm_ws/install/mindvision_camera/lib:/home/wjrgfdy/rm_ws/install/hik_camera/lib:/home/wjrgfdy/rm_ws/install/armor_tracker/lib:/home/wjrgfdy/rm_ws/install/armor_detector/lib:/opt/ros/humble/opt/rviz_ogre_vendor/lib:/opt/ros/humble/lib/x86_64-linux-gnu:/opt/ros/humble/lib:/opt/MVS/lib/64:/opt/MVS/lib/32:/opt/MVS/lib/64:/opt/MVS/lib/32:/opt/MVS/lib/64:/opt/MVS/lib/32 _=/usr/bin/env /usr/local/bin/cmake --build /home/wjrgfdy/rm_ws/build/rm_serial_driver -- -j12 -l12
[0.141s] [ 40%] Built target rm_serial_driver_node
[0.145s] [100%] Built target rm_serial_driver
[0.291s] Invoked command in '/home/wjrgfdy/rm_ws/build/rm_serial_driver' returned '0': CMAKE_PREFIX_PATH=/home/wjrgfdy/rm_ws/install/auto_aim_interfaces:/home/wjrgfdy/rm_ws/install/rm_vision_bringup:/home/wjrgfdy/rm_ws/install/rm_serial_driver:/home/wjrgfdy/rm_ws/install/rm_gimbal_description:/home/wjrgfdy/rm_ws/install/rm_auto_aim:/home/wjrgfdy/rm_ws/install/mindvision_camera:/home/wjrgfdy/rm_ws/install/hik_camera:/home/wjrgfdy/rm_ws/install/armor_tracker:/home/wjrgfdy/rm_ws/install/armor_detector:/opt/ros/humble LD_LIBRARY_PATH=/home/wjrgfdy/rm_ws/install/auto_aim_interfaces/lib:/home/wjrgfdy/rm_ws/install/rm_serial_driver/lib:/home/wjrgfdy/rm_ws/install/mindvision_camera/lib:/home/wjrgfdy/rm_ws/install/hik_camera/lib:/home/wjrgfdy/rm_ws/install/armor_tracker/lib:/home/wjrgfdy/rm_ws/install/armor_detector/lib:/opt/ros/humble/opt/rviz_ogre_vendor/lib:/opt/ros/humble/lib/x86_64-linux-gnu:/opt/ros/humble/lib:/opt/MVS/lib/64:/opt/MVS/lib/32:/opt/MVS/lib/64:/opt/MVS/lib/32:/opt/MVS/lib/64:/opt/MVS/lib/32 _=/usr/bin/env /usr/local/bin/cmake --build /home/wjrgfdy/rm_ws/build/rm_serial_driver -- -j12 -l12
[0.423s] Invoking command in '/home/wjrgfdy/rm_ws/build/rm_serial_driver': CMAKE_PREFIX_PATH=/home/wjrgfdy/rm_ws/install/auto_aim_interfaces:/home/wjrgfdy/rm_ws/install/rm_vision_bringup:/home/wjrgfdy/rm_ws/install/rm_serial_driver:/home/wjrgfdy/rm_ws/install/rm_gimbal_description:/home/wjrgfdy/rm_ws/install/rm_auto_aim:/home/wjrgfdy/rm_ws/install/mindvision_camera:/home/wjrgfdy/rm_ws/install/hik_camera:/home/wjrgfdy/rm_ws/install/armor_tracker:/home/wjrgfdy/rm_ws/install/armor_detector:/opt/ros/humble LD_LIBRARY_PATH=/home/wjrgfdy/rm_ws/install/auto_aim_interfaces/lib:/home/wjrgfdy/rm_ws/install/rm_serial_driver/lib:/home/wjrgfdy/rm_ws/install/mindvision_camera/lib:/home/wjrgfdy/rm_ws/install/hik_camera/lib:/home/wjrgfdy/rm_ws/install/armor_tracker/lib:/home/wjrgfdy/rm_ws/install/armor_detector/lib:/opt/ros/humble/opt/rviz_ogre_vendor/lib:/opt/ros/humble/lib/x86_64-linux-gnu:/opt/ros/humble/lib:/opt/MVS/lib/64:/opt/MVS/lib/32:/opt/MVS/lib/64:/opt/MVS/lib/32:/opt/MVS/lib/64:/opt/MVS/lib/32 _=/usr/bin/env /usr/local/bin/cmake --install /home/wjrgfdy/rm_ws/build/rm_serial_driver
[0.425s] -- Install configuration: ""
[0.426s] -- Execute custom install script
[0.426s] -- Up-to-date symlink: /home/wjrgfdy/rm_ws/install/rm_serial_driver/lib/rm_serial_driver/rm_serial_driver_node
[0.426s] -- Up-to-date symlink: /home/wjrgfdy/rm_ws/install/rm_serial_driver/include/rm_serial_driver/crc.hpp
[0.426s] -- Up-to-date symlink: /home/wjrgfdy/rm_ws/install/rm_serial_driver/include/rm_serial_driver/packet.hpp
[0.427s] -- Up-to-date symlink: /home/wjrgfdy/rm_ws/install/rm_serial_driver/include/rm_serial_driver/rm_serial_driver.hpp
[0.427s] -- Up-to-date symlink: /home/wjrgfdy/rm_ws/install/rm_serial_driver/share/rm_serial_driver/environment/library_path.sh
[0.427s] -- Up-to-date symlink: /home/wjrgfdy/rm_ws/install/rm_serial_driver/share/rm_serial_driver/environment/library_path.dsv
[0.429s] -- Up-to-date symlink: /home/wjrgfdy/rm_ws/install/rm_serial_driver/lib/librm_serial_driver.so
[0.429s] -- Up-to-date symlink: /home/wjrgfdy/rm_ws/install/rm_serial_driver/share/rm_serial_driver/config/serial_driver.yaml
[0.429s] -- Up-to-date symlink: /home/wjrgfdy/rm_ws/install/rm_serial_driver/share/rm_serial_driver/launch/serial_driver.launch.py
[0.429s] -- Up-to-date symlink: /home/wjrgfdy/rm_ws/install/rm_serial_driver/share/ament_index/resource_index/package_run_dependencies/rm_serial_driver
[0.429s] -- Up-to-date symlink: /home/wjrgfdy/rm_ws/install/rm_serial_driver/share/ament_index/resource_index/parent_prefix_path/rm_serial_driver
[0.430s] -- Up-to-date symlink: /home/wjrgfdy/rm_ws/install/rm_serial_driver/share/rm_serial_driver/environment/ament_prefix_path.sh
[0.430s] -- Up-to-date symlink: /home/wjrgfdy/rm_ws/install/rm_serial_driver/share/rm_serial_driver/environment/ament_prefix_path.dsv
[0.430s] -- Up-to-date symlink: /home/wjrgfdy/rm_ws/install/rm_serial_driver/share/rm_serial_driver/environment/path.sh
[0.430s] -- Up-to-date symlink: /home/wjrgfdy/rm_ws/install/rm_serial_driver/share/rm_serial_driver/environment/path.dsv
[0.430s] -- Up-to-date symlink: /home/wjrgfdy/rm_ws/install/rm_serial_driver/share/rm_serial_driver/local_setup.bash
[0.430s] -- Up-to-date symlink: /home/wjrgfdy/rm_ws/install/rm_serial_driver/share/rm_serial_driver/local_setup.sh
[0.430s] -- Up-to-date symlink: /home/wjrgfdy/rm_ws/install/rm_serial_driver/share/rm_serial_driver/local_setup.zsh
[0.430s] -- Up-to-date symlink: /home/wjrgfdy/rm_ws/install/rm_serial_driver/share/rm_serial_driver/local_setup.dsv
[0.430s] -- Symlinking: /home/wjrgfdy/rm_ws/install/rm_serial_driver/share/rm_serial_driver/package.dsv
[0.431s] -- Up-to-date symlink: /home/wjrgfdy/rm_ws/install/rm_serial_driver/share/ament_index/resource_index/packages/rm_serial_driver
[0.431s] -- Up-to-date symlink: /home/wjrgfdy/rm_ws/install/rm_serial_driver/share/ament_index/resource_index/rclcpp_components/rm_serial_driver
[0.432s] -- Up-to-date symlink: /home/wjrgfdy/rm_ws/install/rm_serial_driver/share/rm_serial_driver/cmake/ament_cmake_export_dependencies-extras.cmake
[0.432s] -- Up-to-date symlink: /home/wjrgfdy/rm_ws/install/rm_serial_driver/share/rm_serial_driver/cmake/ament_cmake_export_include_directories-extras.cmake
[0.432s] -- Up-to-date symlink: /home/wjrgfdy/rm_ws/install/rm_serial_driver/share/rm_serial_driver/cmake/ament_cmake_export_libraries-extras.cmake
[0.432s] -- Up-to-date symlink: /home/wjrgfdy/rm_ws/install/rm_serial_driver/share/rm_serial_driver/cmake/rm_serial_driverConfig.cmake
[0.432s] -- Up-to-date symlink: /home/wjrgfdy/rm_ws/install/rm_serial_driver/share/rm_serial_driver/cmake/rm_serial_driverConfig-version.cmake
[0.432s] -- Up-to-date symlink: /home/wjrgfdy/rm_ws/install/rm_serial_driver/share/rm_serial_driver/package.xml
[0.484s] Invoked command in '/home/wjrgfdy/rm_ws/build/rm_serial_driver' returned '0': CMAKE_PREFIX_PATH=/home/wjrgfdy/rm_ws/install/auto_aim_interfaces:/home/wjrgfdy/rm_ws/install/rm_vision_bringup:/home/wjrgfdy/rm_ws/install/rm_serial_driver:/home/wjrgfdy/rm_ws/install/rm_gimbal_description:/home/wjrgfdy/rm_ws/install/rm_auto_aim:/home/wjrgfdy/rm_ws/install/mindvision_camera:/home/wjrgfdy/rm_ws/install/hik_camera:/home/wjrgfdy/rm_ws/install/armor_tracker:/home/wjrgfdy/rm_ws/install/armor_detector:/opt/ros/humble LD_LIBRARY_PATH=/home/wjrgfdy/rm_ws/install/auto_aim_interfaces/lib:/home/wjrgfdy/rm_ws/install/rm_serial_driver/lib:/home/wjrgfdy/rm_ws/install/mindvision_camera/lib:/home/wjrgfdy/rm_ws/install/hik_camera/lib:/home/wjrgfdy/rm_ws/install/armor_tracker/lib:/home/wjrgfdy/rm_ws/install/armor_detector/lib:/opt/ros/humble/opt/rviz_ogre_vendor/lib:/opt/ros/humble/lib/x86_64-linux-gnu:/opt/ros/humble/lib:/opt/MVS/lib/64:/opt/MVS/lib/32:/opt/MVS/lib/64:/opt/MVS/lib/32:/opt/MVS/lib/64:/opt/MVS/lib/32 _=/usr/bin/env /usr/local/bin/cmake --install /home/wjrgfdy/rm_ws/build/rm_serial_driver
