[0.074s] Invoking command in '/home/wjrgfdy/rm_ws/build/mindvision_camera': CMAKE_PREFIX_PATH=${CMAKE_PREFIX_PATH}:/home/wjrgfdy/rm_ws/install/camera_calibration:/opt/ros/humble _=/usr/bin/env /usr/local/bin/cmake /home/wjrgfdy/rm_ws/src/ros2-mindvision-camera -DCMAKE_INSTALL_PREFIX=/home/wjrgfdy/rm_ws/install/mindvision_camera
[0.165s] -- The C compiler identification is GNU 12.3.0
[0.204s] -- The CXX compiler identification is GNU 12.3.0
[0.225s] -- Detecting C compiler ABI info
[0.301s] -- Detecting C compiler ABI info - done
[0.314s] -- Check for working C compiler: /usr/bin/cc - skipped
[0.314s] -- Detecting C compile features
[0.314s] -- Detecting C compile features - done
[0.324s] -- Detecting CXX compiler ABI info
[0.400s] -- Detecting CXX compiler ABI info - done
[0.408s] -- Check for working CXX compiler: /usr/bin/c++ - skipped
[0.408s] -- Detecting CXX compile features
[0.408s] -- Detecting CXX compile features - done
[0.412s] -- Found ament_cmake_auto: 1.3.6 (/opt/ros/humble/share/ament_cmake_auto/cmake)
[0.758s] -- Found Python3: /usr/bin/python3.10 (found version "3.10.12") found components: Interpreter 
[1.016s] -- Found rosidl_generator_c: 3.1.5 (/opt/ros/humble/share/rosidl_generator_c/cmake)
[1.024s] -- Found rosidl_adapter: 3.1.5 (/opt/ros/humble/share/rosidl_adapter/cmake)
[1.038s] -- Found rosidl_generator_cpp: 3.1.5 (/opt/ros/humble/share/rosidl_generator_cpp/cmake)
[1.058s] -- Using all available rosidl_typesupport_c: rosidl_typesupport_fastrtps_c;rosidl_typesupport_introspection_c
[1.087s] -- Using all available rosidl_typesupport_cpp: rosidl_typesupport_fastrtps_cpp;rosidl_typesupport_introspection_cpp
[1.192s] -- Found rmw_implementation_cmake: 6.1.1 (/opt/ros/humble/share/rmw_implementation_cmake/cmake)
[1.197s] -- Found rmw_fastrtps_cpp: 6.2.5 (/opt/ros/humble/share/rmw_fastrtps_cpp/cmake)
[1.393s] -- Found OpenSSL: /usr/lib/x86_64-linux-gnu/libcrypto.so (found version "3.0.2")  
[1.455s] -- Found FastRTPS: /opt/ros/humble/include  
[1.552s] -- Using RMW implementation 'rmw_fastrtps_cpp' as default
[1.581s] -- Performing Test CMAKE_HAVE_LIBC_PTHREAD
[1.825s] -- Performing Test CMAKE_HAVE_LIBC_PTHREAD - Success
[1.826s] -- Found Threads: TRUE  
[2.975s] -- Found ament_lint_auto: 0.12.9 (/opt/ros/humble/share/ament_lint_auto/cmake)
[3.084s] -- Added test 'cppcheck' to perform static code analysis on C / C++ code
[3.087s] -- Configured cppcheck include dirs: /home/wjrgfdy/rm_ws/src/ros2-mindvision-camera/mvsdk/include
[3.087s] -- Configured cppcheck exclude dirs and/or files: 
[3.099s] -- Added test 'flake8' to check Python code syntax and style conventions
[3.101s] -- Added test 'lint_cmake' to check CMake code style
[3.102s] -- Added test 'pep257' to check Python code against some of the docstring style conventions in PEP 257
[3.103s] -- Added test 'xmllint' to check XML markup files
[3.107s] -- Configuring done (3.0s)
[3.190s] -- Generating done (0.1s)
[3.204s] -- Build files have been written to: /home/wjrgfdy/rm_ws/build/mindvision_camera
[3.260s] Invoked command in '/home/wjrgfdy/rm_ws/build/mindvision_camera' returned '0': CMAKE_PREFIX_PATH=${CMAKE_PREFIX_PATH}:/home/wjrgfdy/rm_ws/install/camera_calibration:/opt/ros/humble _=/usr/bin/env /usr/local/bin/cmake /home/wjrgfdy/rm_ws/src/ros2-mindvision-camera -DCMAKE_INSTALL_PREFIX=/home/wjrgfdy/rm_ws/install/mindvision_camera
[3.283s] Invoking command in '/home/wjrgfdy/rm_ws/build/mindvision_camera': CMAKE_PREFIX_PATH=${CMAKE_PREFIX_PATH}:/home/wjrgfdy/rm_ws/install/camera_calibration:/opt/ros/humble _=/usr/bin/env /usr/local/bin/cmake --build /home/wjrgfdy/rm_ws/build/mindvision_camera -- -j12 -l12
[3.505s] [ 25%] [32mBuilding CXX object CMakeFiles/mindvision_camera.dir/src/mv_camera_node.cpp.o[0m
[3.546s] [ 50%] [32mBuilding CXX object CMakeFiles/mindvision_camera_node.dir/rclcpp_components/node_main_mindvision_camera_node.cpp.o[0m
[17.285s] [ 75%] [32m[1mLinking CXX executable mindvision_camera_node[0m
[17.676s] [ 75%] Built target mindvision_camera_node
[17.810s] [100%] [32m[1mLinking CXX shared library libmindvision_camera.so[0m
[18.239s] [100%] Built target mindvision_camera
[18.271s] Invoked command in '/home/wjrgfdy/rm_ws/build/mindvision_camera' returned '0': CMAKE_PREFIX_PATH=${CMAKE_PREFIX_PATH}:/home/wjrgfdy/rm_ws/install/camera_calibration:/opt/ros/humble _=/usr/bin/env /usr/local/bin/cmake --build /home/wjrgfdy/rm_ws/build/mindvision_camera -- -j12 -l12
[18.719s] Invoking command in '/home/wjrgfdy/rm_ws/build/mindvision_camera': CMAKE_PREFIX_PATH=${CMAKE_PREFIX_PATH}:/home/wjrgfdy/rm_ws/install/camera_calibration:/opt/ros/humble _=/usr/bin/env /usr/local/bin/cmake --install /home/wjrgfdy/rm_ws/build/mindvision_camera
[18.736s] -- Install configuration: ""
[18.736s] -- Up-to-date: /home/wjrgfdy/rm_ws/install/mindvision_camera/share/mindvision_camera/config
[18.736s] -- Up-to-date: /home/wjrgfdy/rm_ws/install/mindvision_camera/share/mindvision_camera/launch
[18.736s] -- Installing: /home/wjrgfdy/rm_ws/install/mindvision_camera/share/mindvision_camera/package.dsv
[18.743s] Invoked command in '/home/wjrgfdy/rm_ws/build/mindvision_camera' returned '0': CMAKE_PREFIX_PATH=${CMAKE_PREFIX_PATH}:/home/wjrgfdy/rm_ws/install/camera_calibration:/opt/ros/humble _=/usr/bin/env /usr/local/bin/cmake --install /home/wjrgfdy/rm_ws/build/mindvision_camera
