[0.359s] Invoking command in '/home/wjrgfdy/rm_ws/build/image_rotate': CMAKE_PREFIX_PATH=${CMAKE_PREFIX_PATH}:/home/wjrgfdy/rm_ws/install/camera_calibration:/opt/ros/humble _=/usr/bin/env /usr/local/bin/cmake --build /home/wjrgfdy/rm_ws/build/image_rotate -- -j12 -l12
[0.403s] [ 50%] Built target image_rotate
[0.421s] [100%] Built target image_rotate_bin
[0.429s] Invoked command in '/home/wjrgfdy/rm_ws/build/image_rotate' returned '0': CMAKE_PREFIX_PATH=${CMAKE_PREFIX_PATH}:/home/wjrgfdy/rm_ws/install/camera_calibration:/opt/ros/humble _=/usr/bin/env /usr/local/bin/cmake --build /home/wjrgfdy/rm_ws/build/image_rotate -- -j12 -l12
[0.515s] Invoking command in '/home/wjrgfdy/rm_ws/build/image_rotate': CMAKE_PREFIX_PATH=${CMAKE_PREFIX_PATH}:/home/wjrgfdy/rm_ws/install/camera_calibration:/opt/ros/humble _=/usr/bin/env /usr/local/bin/cmake --install /home/wjrgfdy/rm_ws/build/image_rotate
[0.523s] -- Install configuration: ""
[0.523s] -- Execute custom install script
[0.525s] -- Up-to-date symlink: /home/wjrgfdy/rm_ws/install/image_rotate/include/image_rotate/image_rotate_node.hpp
[0.525s] -- Up-to-date symlink: /home/wjrgfdy/rm_ws/install/image_rotate/include/image_rotate/visibility.h
[0.525s] -- Up-to-date symlink: /home/wjrgfdy/rm_ws/install/image_rotate/share/image_rotate/environment/library_path.sh
[0.526s] -- Up-to-date symlink: /home/wjrgfdy/rm_ws/install/image_rotate/share/image_rotate/environment/library_path.dsv
[0.526s] -- Up-to-date symlink: /home/wjrgfdy/rm_ws/install/image_rotate/lib/libimage_rotate.so
[0.526s] -- Up-to-date symlink: /home/wjrgfdy/rm_ws/install/image_rotate/lib/image_rotate/image_rotate
[0.527s] -- Up-to-date symlink: /home/wjrgfdy/rm_ws/install/image_rotate/share/image_rotate/launch/image_rotate.launch.py
[0.527s] -- Up-to-date symlink: /home/wjrgfdy/rm_ws/install/image_rotate/share/ament_index/resource_index/package_run_dependencies/image_rotate
[0.527s] -- Up-to-date symlink: /home/wjrgfdy/rm_ws/install/image_rotate/share/ament_index/resource_index/parent_prefix_path/image_rotate
[0.528s] -- Up-to-date symlink: /home/wjrgfdy/rm_ws/install/image_rotate/share/image_rotate/environment/ament_prefix_path.sh
[0.528s] -- Up-to-date symlink: /home/wjrgfdy/rm_ws/install/image_rotate/share/image_rotate/environment/ament_prefix_path.dsv
[0.528s] -- Up-to-date symlink: /home/wjrgfdy/rm_ws/install/image_rotate/share/image_rotate/environment/path.sh
[0.529s] -- Up-to-date symlink: /home/wjrgfdy/rm_ws/install/image_rotate/share/image_rotate/environment/path.dsv
[0.529s] -- Up-to-date symlink: /home/wjrgfdy/rm_ws/install/image_rotate/share/image_rotate/local_setup.bash
[0.529s] -- Up-to-date symlink: /home/wjrgfdy/rm_ws/install/image_rotate/share/image_rotate/local_setup.sh
[0.529s] -- Up-to-date symlink: /home/wjrgfdy/rm_ws/install/image_rotate/share/image_rotate/local_setup.zsh
[0.529s] -- Up-to-date symlink: /home/wjrgfdy/rm_ws/install/image_rotate/share/image_rotate/local_setup.dsv
[0.529s] -- Symlinking: /home/wjrgfdy/rm_ws/install/image_rotate/share/image_rotate/package.dsv
[0.530s] -- Up-to-date symlink: /home/wjrgfdy/rm_ws/install/image_rotate/share/ament_index/resource_index/packages/image_rotate
[0.530s] -- Up-to-date symlink: /home/wjrgfdy/rm_ws/install/image_rotate/share/ament_index/resource_index/rclcpp_components/image_rotate
[0.530s] -- Up-to-date symlink: /home/wjrgfdy/rm_ws/install/image_rotate/share/image_rotate/cmake/ament_cmake_export_dependencies-extras.cmake
[0.531s] -- Up-to-date symlink: /home/wjrgfdy/rm_ws/install/image_rotate/share/image_rotate/cmake/ament_cmake_export_include_directories-extras.cmake
[0.531s] -- Up-to-date symlink: /home/wjrgfdy/rm_ws/install/image_rotate/share/image_rotate/cmake/ament_cmake_export_libraries-extras.cmake
[0.531s] -- Up-to-date symlink: /home/wjrgfdy/rm_ws/install/image_rotate/share/image_rotate/cmake/image_rotateConfig.cmake
[0.531s] -- Up-to-date symlink: /home/wjrgfdy/rm_ws/install/image_rotate/share/image_rotate/cmake/image_rotateConfig-version.cmake
[0.531s] -- Up-to-date symlink: /home/wjrgfdy/rm_ws/install/image_rotate/share/image_rotate/package.xml
[0.692s] Invoked command in '/home/wjrgfdy/rm_ws/build/image_rotate' returned '0': CMAKE_PREFIX_PATH=${CMAKE_PREFIX_PATH}:/home/wjrgfdy/rm_ws/install/camera_calibration:/opt/ros/humble _=/usr/bin/env /usr/local/bin/cmake --install /home/wjrgfdy/rm_ws/build/image_rotate
