[0.701s] Invoking command in '/home/wjrgfdy/rm_ws/build/armor_detector': CMAKE_PREFIX_PATH=/home/wjrgfdy/rm_ws/install/auto_aim_interfaces:/home/wjrgfdy/rm_ws/install/image_pipeline:/home/wjrgfdy/rm_ws/install/stereo_image_proc:/home/wjrgfdy/rm_ws/install/image_proc:/home/wjrgfdy/rm_ws/install/tracetools_image_pipeline:/home/wjrgfdy/rm_ws/install/rm_vision_bringup:/home/wjrgfdy/rm_ws/install/rm_serial_driver:/home/wjrgfdy/rm_ws/install/rm_gimbal_description:/home/wjrgfdy/rm_ws/install/rm_auto_aim:/home/wjrgfdy/rm_ws/install/mindvision_camera:/home/wjrgfdy/rm_ws/install/image_view:/home/wjrgfdy/rm_ws/install/image_rotate:/home/wjrgfdy/rm_ws/install/image_publisher:/home/wjrgfdy/rm_ws/install/hik_camera:/home/wjrgfdy/rm_ws/install/depth_image_proc:/home/wjrgfdy/rm_ws/install/armor_tracker:/home/wjrgfdy/rm_ws/install/armor_detector:/home/wjrgfdy/rm_ws/install/camera_calibration:/opt/ros/humble LD_LIBRARY_PATH=/home/wjrgfdy/rm_ws/install/auto_aim_interfaces/lib:/home/wjrgfdy/rm_ws/install/stereo_image_proc/lib:/home/wjrgfdy/rm_ws/install/image_proc/lib:/home/wjrgfdy/rm_ws/install/tracetools_image_pipeline/lib:/home/wjrgfdy/rm_ws/install/rm_serial_driver/lib:/home/wjrgfdy/rm_ws/install/mindvision_camera/lib:/home/wjrgfdy/rm_ws/install/image_view/lib:/home/wjrgfdy/rm_ws/install/image_rotate/lib:/home/wjrgfdy/rm_ws/install/image_publisher/lib:/home/wjrgfdy/rm_ws/install/hik_camera/lib:/home/wjrgfdy/rm_ws/install/depth_image_proc/lib:/home/wjrgfdy/rm_ws/install/armor_tracker/lib:/home/wjrgfdy/rm_ws/install/armor_detector/lib:/opt/ros/humble/opt/rviz_ogre_vendor/lib:/opt/ros/humble/lib/x86_64-linux-gnu:/opt/ros/humble/lib:/opt/MVS/lib/64:/opt/MVS/lib/32:/opt/MVS/lib/64:/opt/MVS/lib/32:/opt/MVS/lib/64:/opt/MVS/lib/32 _=/usr/bin/env /usr/local/bin/cmake --build /home/wjrgfdy/rm_ws/build/armor_detector -- -j12 -l12
[1.025s] [  6%] [32mBuilding CXX object CMakeFiles/armor_detector.dir/src/detector.cpp.o[0m
[1.040s] [ 13%] [32mBuilding CXX object CMakeFiles/armor_detector_node.dir/rclcpp_components/node_main_armor_detector_node.cpp.o[0m
[1.044s] [ 20%] [32mBuilding CXX object gtest/CMakeFiles/gtest_main.dir/src/gtest_main.cc.o[0m
[1.053s] [ 26%] [32mBuilding CXX object CMakeFiles/armor_detector.dir/src/detector_node.cpp.o[0m
[1.066s] [ 33%] [32mBuilding CXX object gtest/CMakeFiles/gtest.dir/src/gtest-all.cc.o[0m
[1.084s] [ 40%] [32mBuilding CXX object CMakeFiles/armor_detector.dir/src/number_classifier.cpp.o[0m
[1.138s] [ 46%] [32mBuilding CXX object CMakeFiles/armor_detector.dir/src/pnp_solver.cpp.o[0m
[6.036s] [ 53%] [32m[1mLinking CXX static library libgtest_main.a[0m
[6.210s] [ 53%] Built target gtest_main
[16.074s] [ 60%] [32m[1mLinking CXX static library libgtest.a[0m
[16.096s] [ 66%] [32m[1mLinking CXX executable armor_detector_node[0m
[16.247s] [ 66%] Built target gtest
[16.408s] [ 66%] Built target armor_detector_node
[39.337s] [ 73%] [32m[1mLinking CXX shared library libarmor_detector.so[0m
[40.533s] [ 73%] Built target armor_detector
[40.548s] [ 80%] [32mBuilding CXX object CMakeFiles/test_node_startup.dir/test/test_node_startup.cpp.o[0m
[40.550s] [ 86%] [32mBuilding CXX object CMakeFiles/test_number_cls.dir/test/test_number_cls.cpp.o[0m
[43.786s] [ 93%] [32m[1mLinking CXX executable test_number_cls[0m
[44.409s] /usr/bin/ld: warning: libopencv_core.so.4.5d, needed by /opt/ros/humble/lib/libcv_bridge.so, may conflict with libopencv_core.so.409
[44.885s] [100%] [32m[1mLinking CXX executable test_node_startup[0m
[44.968s] [100%] Built target test_number_cls
[45.704s] [100%] Built target test_node_startup
[45.709s] Invoked command in '/home/wjrgfdy/rm_ws/build/armor_detector' returned '0': CMAKE_PREFIX_PATH=/home/wjrgfdy/rm_ws/install/auto_aim_interfaces:/home/wjrgfdy/rm_ws/install/image_pipeline:/home/wjrgfdy/rm_ws/install/stereo_image_proc:/home/wjrgfdy/rm_ws/install/image_proc:/home/wjrgfdy/rm_ws/install/tracetools_image_pipeline:/home/wjrgfdy/rm_ws/install/rm_vision_bringup:/home/wjrgfdy/rm_ws/install/rm_serial_driver:/home/wjrgfdy/rm_ws/install/rm_gimbal_description:/home/wjrgfdy/rm_ws/install/rm_auto_aim:/home/wjrgfdy/rm_ws/install/mindvision_camera:/home/wjrgfdy/rm_ws/install/image_view:/home/wjrgfdy/rm_ws/install/image_rotate:/home/wjrgfdy/rm_ws/install/image_publisher:/home/wjrgfdy/rm_ws/install/hik_camera:/home/wjrgfdy/rm_ws/install/depth_image_proc:/home/wjrgfdy/rm_ws/install/armor_tracker:/home/wjrgfdy/rm_ws/install/armor_detector:/home/wjrgfdy/rm_ws/install/camera_calibration:/opt/ros/humble LD_LIBRARY_PATH=/home/wjrgfdy/rm_ws/install/auto_aim_interfaces/lib:/home/wjrgfdy/rm_ws/install/stereo_image_proc/lib:/home/wjrgfdy/rm_ws/install/image_proc/lib:/home/wjrgfdy/rm_ws/install/tracetools_image_pipeline/lib:/home/wjrgfdy/rm_ws/install/rm_serial_driver/lib:/home/wjrgfdy/rm_ws/install/mindvision_camera/lib:/home/wjrgfdy/rm_ws/install/image_view/lib:/home/wjrgfdy/rm_ws/install/image_rotate/lib:/home/wjrgfdy/rm_ws/install/image_publisher/lib:/home/wjrgfdy/rm_ws/install/hik_camera/lib:/home/wjrgfdy/rm_ws/install/depth_image_proc/lib:/home/wjrgfdy/rm_ws/install/armor_tracker/lib:/home/wjrgfdy/rm_ws/install/armor_detector/lib:/opt/ros/humble/opt/rviz_ogre_vendor/lib:/opt/ros/humble/lib/x86_64-linux-gnu:/opt/ros/humble/lib:/opt/MVS/lib/64:/opt/MVS/lib/32:/opt/MVS/lib/64:/opt/MVS/lib/32:/opt/MVS/lib/64:/opt/MVS/lib/32 _=/usr/bin/env /usr/local/bin/cmake --build /home/wjrgfdy/rm_ws/build/armor_detector -- -j12 -l12
[45.786s] Invoking command in '/home/wjrgfdy/rm_ws/build/armor_detector': CMAKE_PREFIX_PATH=/home/wjrgfdy/rm_ws/install/auto_aim_interfaces:/home/wjrgfdy/rm_ws/install/image_pipeline:/home/wjrgfdy/rm_ws/install/stereo_image_proc:/home/wjrgfdy/rm_ws/install/image_proc:/home/wjrgfdy/rm_ws/install/tracetools_image_pipeline:/home/wjrgfdy/rm_ws/install/rm_vision_bringup:/home/wjrgfdy/rm_ws/install/rm_serial_driver:/home/wjrgfdy/rm_ws/install/rm_gimbal_description:/home/wjrgfdy/rm_ws/install/rm_auto_aim:/home/wjrgfdy/rm_ws/install/mindvision_camera:/home/wjrgfdy/rm_ws/install/image_view:/home/wjrgfdy/rm_ws/install/image_rotate:/home/wjrgfdy/rm_ws/install/image_publisher:/home/wjrgfdy/rm_ws/install/hik_camera:/home/wjrgfdy/rm_ws/install/depth_image_proc:/home/wjrgfdy/rm_ws/install/armor_tracker:/home/wjrgfdy/rm_ws/install/armor_detector:/home/wjrgfdy/rm_ws/install/camera_calibration:/opt/ros/humble LD_LIBRARY_PATH=/home/wjrgfdy/rm_ws/install/auto_aim_interfaces/lib:/home/wjrgfdy/rm_ws/install/stereo_image_proc/lib:/home/wjrgfdy/rm_ws/install/image_proc/lib:/home/wjrgfdy/rm_ws/install/tracetools_image_pipeline/lib:/home/wjrgfdy/rm_ws/install/rm_serial_driver/lib:/home/wjrgfdy/rm_ws/install/mindvision_camera/lib:/home/wjrgfdy/rm_ws/install/image_view/lib:/home/wjrgfdy/rm_ws/install/image_rotate/lib:/home/wjrgfdy/rm_ws/install/image_publisher/lib:/home/wjrgfdy/rm_ws/install/hik_camera/lib:/home/wjrgfdy/rm_ws/install/depth_image_proc/lib:/home/wjrgfdy/rm_ws/install/armor_tracker/lib:/home/wjrgfdy/rm_ws/install/armor_detector/lib:/opt/ros/humble/opt/rviz_ogre_vendor/lib:/opt/ros/humble/lib/x86_64-linux-gnu:/opt/ros/humble/lib:/opt/MVS/lib/64:/opt/MVS/lib/32:/opt/MVS/lib/64:/opt/MVS/lib/32:/opt/MVS/lib/64:/opt/MVS/lib/32 _=/usr/bin/env /usr/local/bin/cmake --install /home/wjrgfdy/rm_ws/build/armor_detector
[45.791s] -- Install configuration: ""
[45.791s] -- Execute custom install script
[45.792s] -- Up-to-date symlink: /home/wjrgfdy/rm_ws/install/armor_detector/lib/armor_detector/armor_detector_node
[45.792s] -- Up-to-date symlink: /home/wjrgfdy/rm_ws/install/armor_detector/include/armor_detector/armor.hpp
[45.792s] -- Up-to-date symlink: /home/wjrgfdy/rm_ws/install/armor_detector/include/armor_detector/detector.hpp
[45.793s] -- Up-to-date symlink: /home/wjrgfdy/rm_ws/install/armor_detector/include/armor_detector/detector_node.hpp
[45.793s] -- Up-to-date symlink: /home/wjrgfdy/rm_ws/install/armor_detector/include/armor_detector/number_classifier.hpp
[45.793s] -- Up-to-date symlink: /home/wjrgfdy/rm_ws/install/armor_detector/include/armor_detector/pnp_solver.hpp
[45.793s] -- Up-to-date symlink: /home/wjrgfdy/rm_ws/install/armor_detector/share/armor_detector/environment/library_path.sh
[45.793s] -- Up-to-date symlink: /home/wjrgfdy/rm_ws/install/armor_detector/share/armor_detector/environment/library_path.dsv
[45.794s] -- Up-to-date symlink: /home/wjrgfdy/rm_ws/install/armor_detector/lib/libarmor_detector.so
[45.795s] -- Up-to-date symlink: /home/wjrgfdy/rm_ws/install/armor_detector/share/armor_detector/model/label.txt
[45.795s] -- Up-to-date symlink: /home/wjrgfdy/rm_ws/install/armor_detector/share/armor_detector/model/mlp.onnx
[45.795s] -- Up-to-date symlink: /home/wjrgfdy/rm_ws/install/armor_detector/share/ament_index/resource_index/package_run_dependencies/armor_detector
[45.795s] -- Up-to-date symlink: /home/wjrgfdy/rm_ws/install/armor_detector/share/ament_index/resource_index/parent_prefix_path/armor_detector
[45.795s] -- Up-to-date symlink: /home/wjrgfdy/rm_ws/install/armor_detector/share/armor_detector/environment/ament_prefix_path.sh
[45.795s] -- Up-to-date symlink: /home/wjrgfdy/rm_ws/install/armor_detector/share/armor_detector/environment/ament_prefix_path.dsv
[45.796s] -- Up-to-date symlink: /home/wjrgfdy/rm_ws/install/armor_detector/share/armor_detector/environment/path.sh
[45.796s] -- Up-to-date symlink: /home/wjrgfdy/rm_ws/install/armor_detector/share/armor_detector/environment/path.dsv
[45.796s] -- Up-to-date symlink: /home/wjrgfdy/rm_ws/install/armor_detector/share/armor_detector/local_setup.bash
[45.796s] -- Up-to-date symlink: /home/wjrgfdy/rm_ws/install/armor_detector/share/armor_detector/local_setup.sh
[45.796s] -- Up-to-date symlink: /home/wjrgfdy/rm_ws/install/armor_detector/share/armor_detector/local_setup.zsh
[45.796s] -- Up-to-date symlink: /home/wjrgfdy/rm_ws/install/armor_detector/share/armor_detector/local_setup.dsv
[45.797s] -- Symlinking: /home/wjrgfdy/rm_ws/install/armor_detector/share/armor_detector/package.dsv
[45.802s] -- Up-to-date symlink: /home/wjrgfdy/rm_ws/install/armor_detector/share/ament_index/resource_index/packages/armor_detector
[45.802s] -- Up-to-date symlink: /home/wjrgfdy/rm_ws/install/armor_detector/share/ament_index/resource_index/rclcpp_components/armor_detector
[45.802s] -- Up-to-date symlink: /home/wjrgfdy/rm_ws/install/armor_detector/share/armor_detector/cmake/ament_cmake_export_dependencies-extras.cmake
[45.802s] -- Up-to-date symlink: /home/wjrgfdy/rm_ws/install/armor_detector/share/armor_detector/cmake/ament_cmake_export_include_directories-extras.cmake
[45.802s] -- Up-to-date symlink: /home/wjrgfdy/rm_ws/install/armor_detector/share/armor_detector/cmake/ament_cmake_export_libraries-extras.cmake
[45.803s] -- Up-to-date symlink: /home/wjrgfdy/rm_ws/install/armor_detector/share/armor_detector/cmake/armor_detectorConfig.cmake
[45.803s] -- Up-to-date symlink: /home/wjrgfdy/rm_ws/install/armor_detector/share/armor_detector/cmake/armor_detectorConfig-version.cmake
[45.803s] -- Up-to-date symlink: /home/wjrgfdy/rm_ws/install/armor_detector/share/armor_detector/package.xml
[45.805s] Invoked command in '/home/wjrgfdy/rm_ws/build/armor_detector' returned '0': CMAKE_PREFIX_PATH=/home/wjrgfdy/rm_ws/install/auto_aim_interfaces:/home/wjrgfdy/rm_ws/install/image_pipeline:/home/wjrgfdy/rm_ws/install/stereo_image_proc:/home/wjrgfdy/rm_ws/install/image_proc:/home/wjrgfdy/rm_ws/install/tracetools_image_pipeline:/home/wjrgfdy/rm_ws/install/rm_vision_bringup:/home/wjrgfdy/rm_ws/install/rm_serial_driver:/home/wjrgfdy/rm_ws/install/rm_gimbal_description:/home/wjrgfdy/rm_ws/install/rm_auto_aim:/home/wjrgfdy/rm_ws/install/mindvision_camera:/home/wjrgfdy/rm_ws/install/image_view:/home/wjrgfdy/rm_ws/install/image_rotate:/home/wjrgfdy/rm_ws/install/image_publisher:/home/wjrgfdy/rm_ws/install/hik_camera:/home/wjrgfdy/rm_ws/install/depth_image_proc:/home/wjrgfdy/rm_ws/install/armor_tracker:/home/wjrgfdy/rm_ws/install/armor_detector:/home/wjrgfdy/rm_ws/install/camera_calibration:/opt/ros/humble LD_LIBRARY_PATH=/home/wjrgfdy/rm_ws/install/auto_aim_interfaces/lib:/home/wjrgfdy/rm_ws/install/stereo_image_proc/lib:/home/wjrgfdy/rm_ws/install/image_proc/lib:/home/wjrgfdy/rm_ws/install/tracetools_image_pipeline/lib:/home/wjrgfdy/rm_ws/install/rm_serial_driver/lib:/home/wjrgfdy/rm_ws/install/mindvision_camera/lib:/home/wjrgfdy/rm_ws/install/image_view/lib:/home/wjrgfdy/rm_ws/install/image_rotate/lib:/home/wjrgfdy/rm_ws/install/image_publisher/lib:/home/wjrgfdy/rm_ws/install/hik_camera/lib:/home/wjrgfdy/rm_ws/install/depth_image_proc/lib:/home/wjrgfdy/rm_ws/install/armor_tracker/lib:/home/wjrgfdy/rm_ws/install/armor_detector/lib:/opt/ros/humble/opt/rviz_ogre_vendor/lib:/opt/ros/humble/lib/x86_64-linux-gnu:/opt/ros/humble/lib:/opt/MVS/lib/64:/opt/MVS/lib/32:/opt/MVS/lib/64:/opt/MVS/lib/32:/opt/MVS/lib/64:/opt/MVS/lib/32 _=/usr/bin/env /usr/local/bin/cmake --install /home/wjrgfdy/rm_ws/build/armor_detector
