[0.319s] Invoking command in '/home/wjrgfdy/rm_ws/build/image_proc': CMAKE_PREFIX_PATH=/home/wjrgfdy/rm_ws/install/tracetools_image_pipeline:/home/wjrgfdy/rm_ws/install/image_pipeline:/home/wjrgfdy/rm_ws/install/stereo_image_proc:/home/wjrgfdy/rm_ws/install/image_proc:/home/wjrgfdy/rm_ws/install/rm_vision_bringup:/home/wjrgfdy/rm_ws/install/rm_serial_driver:/home/wjrgfdy/rm_ws/install/rm_gimbal_description:/home/wjrgfdy/rm_ws/install/rm_auto_aim:/home/wjrgfdy/rm_ws/install/mindvision_camera:/home/wjrgfdy/rm_ws/install/image_view:/home/wjrgfdy/rm_ws/install/image_rotate:/home/wjrgfdy/rm_ws/install/image_publisher:/home/wjrgfdy/rm_ws/install/hik_camera:/home/wjrgfdy/rm_ws/install/depth_image_proc:/home/wjrgfdy/rm_ws/install/armor_tracker:/home/wjrgfdy/rm_ws/install/armor_detector:/home/wjrgfdy/rm_ws/install/auto_aim_interfaces:/home/wjrgfdy/rm_ws/install/camera_calibration:/opt/ros/humble LD_LIBRARY_PATH=/home/wjrgfdy/rm_ws/install/tracetools_image_pipeline/lib:/home/wjrgfdy/rm_ws/install/stereo_image_proc/lib:/home/wjrgfdy/rm_ws/install/image_proc/lib:/home/wjrgfdy/rm_ws/install/rm_serial_driver/lib:/home/wjrgfdy/rm_ws/install/mindvision_camera/lib:/home/wjrgfdy/rm_ws/install/image_view/lib:/home/wjrgfdy/rm_ws/install/image_rotate/lib:/home/wjrgfdy/rm_ws/install/image_publisher/lib:/home/wjrgfdy/rm_ws/install/hik_camera/lib:/home/wjrgfdy/rm_ws/install/depth_image_proc/lib:/home/wjrgfdy/rm_ws/install/armor_tracker/lib:/home/wjrgfdy/rm_ws/install/armor_detector/lib:/home/wjrgfdy/rm_ws/install/auto_aim_interfaces/lib:/opt/ros/humble/opt/rviz_ogre_vendor/lib:/opt/ros/humble/lib/x86_64-linux-gnu:/opt/ros/humble/lib:/opt/MVS/lib/64:/opt/MVS/lib/32:/opt/MVS/lib/64:/opt/MVS/lib/32:/opt/MVS/lib/64:/opt/MVS/lib/32 _=/usr/bin/env /usr/local/bin/cmake --build /home/wjrgfdy/rm_ws/build/image_proc -- -j12 -l12
[0.559s] [  4%] [32mBuilding CXX object CMakeFiles/image_proc.dir/src/image_proc/processor.cpp.o[0m
[0.628s] [  8%] [32mBuilding CXX object CMakeFiles/rectify_node.dir/rclcpp_components/node_main_rectify_node.cpp.o[0m
[0.633s] [ 12%] [32mBuilding CXX object CMakeFiles/debayer_node.dir/rclcpp_components/node_main_debayer_node.cpp.o[0m
[0.652s] [ 16%] [32mBuilding CXX object CMakeFiles/resize_node.dir/rclcpp_components/node_main_resize_node.cpp.o[0m
[0.685s] [ 20%] [32mBuilding CXX object CMakeFiles/crop_decimate_node.dir/rclcpp_components/node_main_crop_decimate_node.cpp.o[0m
[0.714s] [ 24%] [32mBuilding CXX object CMakeFiles/crop_non_zero_node.dir/rclcpp_components/node_main_crop_non_zero_node.cpp.o[0m
[5.696s] [ 28%] [32m[1mLinking CXX shared library libimage_proc.so[0m
[6.194s] [ 28%] Built target image_proc
[6.288s] [ 32%] [32mBuilding CXX object CMakeFiles/rectify.dir/src/rectify.cpp.o[0m
[11.624s] [ 36%] [32m[1mLinking CXX executable rectify_node[0m
[12.480s] [ 36%] Built target rectify_node
[14.487s] [ 40%] [32m[1mLinking CXX executable debayer_node[0m
[15.455s] [ 40%] Built target debayer_node
[16.006s] [ 44%] [32m[1mLinking CXX executable resize_node[0m
[16.888s] [ 44%] Built target resize_node
[17.557s] [ 48%] [32m[1mLinking CXX executable crop_non_zero_node[0m
[17.599s] [ 52%] [32m[1mLinking CXX executable crop_decimate_node[0m
[18.190s] [ 52%] Built target crop_non_zero_node
[18.377s] [ 52%] Built target crop_decimate_node
[23.436s] [ 56%] [32m[1mLinking CXX shared library librectify.so[0m
[23.883s] [ 56%] Built target rectify
[24.015s] [ 60%] [32mBuilding CXX object CMakeFiles/debayer.dir/src/debayer.cpp.o[0m
[32.154s] [ 64%] [32mBuilding CXX object CMakeFiles/debayer.dir/src/edge_aware.cpp.o[0m
[34.015s] [ 68%] [32m[1mLinking CXX shared library libdebayer.so[0m
[34.322s] [ 68%] Built target debayer
[34.356s] [ 72%] [32mBuilding CXX object CMakeFiles/resize.dir/src/resize.cpp.o[0m
[40.924s] [ 76%] [32m[1mLinking CXX shared library libresize.so[0m
[41.202s] [ 76%] Built target resize
[41.232s] [ 80%] [32mBuilding CXX object CMakeFiles/crop_decimate.dir/src/crop_decimate.cpp.o[0m
[46.813s] [ 84%] [32m[1mLinking CXX shared library libcrop_decimate.so[0m
[46.997s] [ 84%] Built target crop_decimate
[47.020s] [ 88%] [32mBuilding CXX object CMakeFiles/crop_non_zero.dir/src/crop_non_zero.cpp.o[0m
[50.529s] [ 92%] [32m[1mLinking CXX shared library libcrop_non_zero.so[0m
[50.658s] [ 92%] Built target crop_non_zero
[50.676s] [ 96%] [32mBuilding CXX object CMakeFiles/image_proc_exe.dir/src/image_proc.cpp.o[0m
[53.145s] [100%] [32m[1mLinking CXX executable image_proc[0m
[53.628s] [100%] Built target image_proc_exe
[53.635s] Invoked command in '/home/wjrgfdy/rm_ws/build/image_proc' returned '0': CMAKE_PREFIX_PATH=/home/wjrgfdy/rm_ws/install/tracetools_image_pipeline:/home/wjrgfdy/rm_ws/install/image_pipeline:/home/wjrgfdy/rm_ws/install/stereo_image_proc:/home/wjrgfdy/rm_ws/install/image_proc:/home/wjrgfdy/rm_ws/install/rm_vision_bringup:/home/wjrgfdy/rm_ws/install/rm_serial_driver:/home/wjrgfdy/rm_ws/install/rm_gimbal_description:/home/wjrgfdy/rm_ws/install/rm_auto_aim:/home/wjrgfdy/rm_ws/install/mindvision_camera:/home/wjrgfdy/rm_ws/install/image_view:/home/wjrgfdy/rm_ws/install/image_rotate:/home/wjrgfdy/rm_ws/install/image_publisher:/home/wjrgfdy/rm_ws/install/hik_camera:/home/wjrgfdy/rm_ws/install/depth_image_proc:/home/wjrgfdy/rm_ws/install/armor_tracker:/home/wjrgfdy/rm_ws/install/armor_detector:/home/wjrgfdy/rm_ws/install/auto_aim_interfaces:/home/wjrgfdy/rm_ws/install/camera_calibration:/opt/ros/humble LD_LIBRARY_PATH=/home/wjrgfdy/rm_ws/install/tracetools_image_pipeline/lib:/home/wjrgfdy/rm_ws/install/stereo_image_proc/lib:/home/wjrgfdy/rm_ws/install/image_proc/lib:/home/wjrgfdy/rm_ws/install/rm_serial_driver/lib:/home/wjrgfdy/rm_ws/install/mindvision_camera/lib:/home/wjrgfdy/rm_ws/install/image_view/lib:/home/wjrgfdy/rm_ws/install/image_rotate/lib:/home/wjrgfdy/rm_ws/install/image_publisher/lib:/home/wjrgfdy/rm_ws/install/hik_camera/lib:/home/wjrgfdy/rm_ws/install/depth_image_proc/lib:/home/wjrgfdy/rm_ws/install/armor_tracker/lib:/home/wjrgfdy/rm_ws/install/armor_detector/lib:/home/wjrgfdy/rm_ws/install/auto_aim_interfaces/lib:/opt/ros/humble/opt/rviz_ogre_vendor/lib:/opt/ros/humble/lib/x86_64-linux-gnu:/opt/ros/humble/lib:/opt/MVS/lib/64:/opt/MVS/lib/32:/opt/MVS/lib/64:/opt/MVS/lib/32:/opt/MVS/lib/64:/opt/MVS/lib/32 _=/usr/bin/env /usr/local/bin/cmake --build /home/wjrgfdy/rm_ws/build/image_proc -- -j12 -l12
[53.718s] Invoking command in '/home/wjrgfdy/rm_ws/build/image_proc': CMAKE_PREFIX_PATH=/home/wjrgfdy/rm_ws/install/tracetools_image_pipeline:/home/wjrgfdy/rm_ws/install/image_pipeline:/home/wjrgfdy/rm_ws/install/stereo_image_proc:/home/wjrgfdy/rm_ws/install/image_proc:/home/wjrgfdy/rm_ws/install/rm_vision_bringup:/home/wjrgfdy/rm_ws/install/rm_serial_driver:/home/wjrgfdy/rm_ws/install/rm_gimbal_description:/home/wjrgfdy/rm_ws/install/rm_auto_aim:/home/wjrgfdy/rm_ws/install/mindvision_camera:/home/wjrgfdy/rm_ws/install/image_view:/home/wjrgfdy/rm_ws/install/image_rotate:/home/wjrgfdy/rm_ws/install/image_publisher:/home/wjrgfdy/rm_ws/install/hik_camera:/home/wjrgfdy/rm_ws/install/depth_image_proc:/home/wjrgfdy/rm_ws/install/armor_tracker:/home/wjrgfdy/rm_ws/install/armor_detector:/home/wjrgfdy/rm_ws/install/auto_aim_interfaces:/home/wjrgfdy/rm_ws/install/camera_calibration:/opt/ros/humble LD_LIBRARY_PATH=/home/wjrgfdy/rm_ws/install/tracetools_image_pipeline/lib:/home/wjrgfdy/rm_ws/install/stereo_image_proc/lib:/home/wjrgfdy/rm_ws/install/image_proc/lib:/home/wjrgfdy/rm_ws/install/rm_serial_driver/lib:/home/wjrgfdy/rm_ws/install/mindvision_camera/lib:/home/wjrgfdy/rm_ws/install/image_view/lib:/home/wjrgfdy/rm_ws/install/image_rotate/lib:/home/wjrgfdy/rm_ws/install/image_publisher/lib:/home/wjrgfdy/rm_ws/install/hik_camera/lib:/home/wjrgfdy/rm_ws/install/depth_image_proc/lib:/home/wjrgfdy/rm_ws/install/armor_tracker/lib:/home/wjrgfdy/rm_ws/install/armor_detector/lib:/home/wjrgfdy/rm_ws/install/auto_aim_interfaces/lib:/opt/ros/humble/opt/rviz_ogre_vendor/lib:/opt/ros/humble/lib/x86_64-linux-gnu:/opt/ros/humble/lib:/opt/MVS/lib/64:/opt/MVS/lib/32:/opt/MVS/lib/64:/opt/MVS/lib/32:/opt/MVS/lib/64:/opt/MVS/lib/32 _=/usr/bin/env /usr/local/bin/cmake --install /home/wjrgfdy/rm_ws/build/image_proc
[53.722s] -- Install configuration: ""
[53.722s] -- Execute custom install script
[53.722s] -- Up-to-date symlink: /home/wjrgfdy/rm_ws/install/image_proc/lib/image_proc/rectify_node
[53.723s] -- Up-to-date symlink: /home/wjrgfdy/rm_ws/install/image_proc/lib/image_proc/debayer_node
[53.723s] -- Up-to-date symlink: /home/wjrgfdy/rm_ws/install/image_proc/lib/image_proc/resize_node
[53.723s] -- Up-to-date symlink: /home/wjrgfdy/rm_ws/install/image_proc/lib/image_proc/crop_decimate_node
[53.724s] -- Up-to-date symlink: /home/wjrgfdy/rm_ws/install/image_proc/lib/image_proc/crop_non_zero_node
[53.724s] -- Up-to-date symlink: /home/wjrgfdy/rm_ws/install/image_proc/bin/image_proc
[53.724s] -- Up-to-date symlink: /home/wjrgfdy/rm_ws/install/image_proc/include/image_proc/crop_decimate.hpp
[53.724s] -- Up-to-date symlink: /home/wjrgfdy/rm_ws/install/image_proc/include/image_proc/crop_non_zero.hpp
[53.725s] -- Up-to-date symlink: /home/wjrgfdy/rm_ws/install/image_proc/include/image_proc/debayer.hpp
[53.725s] -- Up-to-date symlink: /home/wjrgfdy/rm_ws/install/image_proc/include/image_proc/edge_aware.hpp
[53.725s] -- Up-to-date symlink: /home/wjrgfdy/rm_ws/install/image_proc/include/image_proc/processor.hpp
[53.725s] -- Up-to-date symlink: /home/wjrgfdy/rm_ws/install/image_proc/include/image_proc/rectify.hpp
[53.725s] -- Up-to-date symlink: /home/wjrgfdy/rm_ws/install/image_proc/include/image_proc/resize.hpp
[53.725s] -- Up-to-date symlink: /home/wjrgfdy/rm_ws/install/image_proc/include/image_proc/utils.hpp
[53.725s] -- Up-to-date symlink: /home/wjrgfdy/rm_ws/install/image_proc/share/image_proc/environment/library_path.sh
[53.725s] -- Up-to-date symlink: /home/wjrgfdy/rm_ws/install/image_proc/share/image_proc/environment/library_path.dsv
[53.725s] -- Up-to-date symlink: /home/wjrgfdy/rm_ws/install/image_proc/lib/libimage_proc.so
[53.726s] -- Up-to-date symlink: /home/wjrgfdy/rm_ws/install/image_proc/lib/librectify.so
[53.726s] -- Up-to-date symlink: /home/wjrgfdy/rm_ws/install/image_proc/lib/libdebayer.so
[53.726s] -- Up-to-date symlink: /home/wjrgfdy/rm_ws/install/image_proc/lib/libresize.so
[53.726s] -- Up-to-date symlink: /home/wjrgfdy/rm_ws/install/image_proc/lib/libcrop_decimate.so
[53.726s] -- Up-to-date symlink: /home/wjrgfdy/rm_ws/install/image_proc/lib/libcrop_non_zero.so
[53.726s] -- Up-to-date symlink: /home/wjrgfdy/rm_ws/install/image_proc/lib/image_proc/image_proc
[53.726s] -- Up-to-date symlink: /home/wjrgfdy/rm_ws/install/image_proc/share/image_proc/launch/image_proc.launch.py
[53.726s] -- Up-to-date symlink: /home/wjrgfdy/rm_ws/install/image_proc/share/ament_index/resource_index/package_run_dependencies/image_proc
[53.726s] -- Up-to-date symlink: /home/wjrgfdy/rm_ws/install/image_proc/share/ament_index/resource_index/parent_prefix_path/image_proc
[53.726s] -- Up-to-date symlink: /home/wjrgfdy/rm_ws/install/image_proc/share/image_proc/environment/ament_prefix_path.sh
[53.727s] -- Up-to-date symlink: /home/wjrgfdy/rm_ws/install/image_proc/share/image_proc/environment/ament_prefix_path.dsv
[53.727s] -- Up-to-date symlink: /home/wjrgfdy/rm_ws/install/image_proc/share/image_proc/environment/path.sh
[53.727s] -- Up-to-date symlink: /home/wjrgfdy/rm_ws/install/image_proc/share/image_proc/environment/path.dsv
[53.727s] -- Up-to-date symlink: /home/wjrgfdy/rm_ws/install/image_proc/share/image_proc/local_setup.bash
[53.727s] -- Up-to-date symlink: /home/wjrgfdy/rm_ws/install/image_proc/share/image_proc/local_setup.sh
[53.727s] -- Up-to-date symlink: /home/wjrgfdy/rm_ws/install/image_proc/share/image_proc/local_setup.zsh
[53.727s] -- Up-to-date symlink: /home/wjrgfdy/rm_ws/install/image_proc/share/image_proc/local_setup.dsv
[53.727s] -- Symlinking: /home/wjrgfdy/rm_ws/install/image_proc/share/image_proc/package.dsv
[53.730s] -- Up-to-date symlink: /home/wjrgfdy/rm_ws/install/image_proc/share/ament_index/resource_index/packages/image_proc
[53.730s] -- Up-to-date symlink: /home/wjrgfdy/rm_ws/install/image_proc/share/ament_index/resource_index/rclcpp_components/image_proc
[53.730s] -- Up-to-date symlink: /home/wjrgfdy/rm_ws/install/image_proc/share/image_proc/cmake/ament_cmake_export_dependencies-extras.cmake
[53.731s] -- Up-to-date symlink: /home/wjrgfdy/rm_ws/install/image_proc/share/image_proc/cmake/ament_cmake_export_include_directories-extras.cmake
[53.731s] -- Up-to-date symlink: /home/wjrgfdy/rm_ws/install/image_proc/share/image_proc/cmake/ament_cmake_export_libraries-extras.cmake
[53.731s] -- Up-to-date symlink: /home/wjrgfdy/rm_ws/install/image_proc/share/image_proc/cmake/image_procConfig.cmake
[53.731s] -- Up-to-date symlink: /home/wjrgfdy/rm_ws/install/image_proc/share/image_proc/cmake/image_procConfig-version.cmake
[53.731s] -- Up-to-date symlink: /home/wjrgfdy/rm_ws/install/image_proc/share/image_proc/package.xml
[53.732s] Invoked command in '/home/wjrgfdy/rm_ws/build/image_proc' returned '0': CMAKE_PREFIX_PATH=/home/wjrgfdy/rm_ws/install/tracetools_image_pipeline:/home/wjrgfdy/rm_ws/install/image_pipeline:/home/wjrgfdy/rm_ws/install/stereo_image_proc:/home/wjrgfdy/rm_ws/install/image_proc:/home/wjrgfdy/rm_ws/install/rm_vision_bringup:/home/wjrgfdy/rm_ws/install/rm_serial_driver:/home/wjrgfdy/rm_ws/install/rm_gimbal_description:/home/wjrgfdy/rm_ws/install/rm_auto_aim:/home/wjrgfdy/rm_ws/install/mindvision_camera:/home/wjrgfdy/rm_ws/install/image_view:/home/wjrgfdy/rm_ws/install/image_rotate:/home/wjrgfdy/rm_ws/install/image_publisher:/home/wjrgfdy/rm_ws/install/hik_camera:/home/wjrgfdy/rm_ws/install/depth_image_proc:/home/wjrgfdy/rm_ws/install/armor_tracker:/home/wjrgfdy/rm_ws/install/armor_detector:/home/wjrgfdy/rm_ws/install/auto_aim_interfaces:/home/wjrgfdy/rm_ws/install/camera_calibration:/opt/ros/humble LD_LIBRARY_PATH=/home/wjrgfdy/rm_ws/install/tracetools_image_pipeline/lib:/home/wjrgfdy/rm_ws/install/stereo_image_proc/lib:/home/wjrgfdy/rm_ws/install/image_proc/lib:/home/wjrgfdy/rm_ws/install/rm_serial_driver/lib:/home/wjrgfdy/rm_ws/install/mindvision_camera/lib:/home/wjrgfdy/rm_ws/install/image_view/lib:/home/wjrgfdy/rm_ws/install/image_rotate/lib:/home/wjrgfdy/rm_ws/install/image_publisher/lib:/home/wjrgfdy/rm_ws/install/hik_camera/lib:/home/wjrgfdy/rm_ws/install/depth_image_proc/lib:/home/wjrgfdy/rm_ws/install/armor_tracker/lib:/home/wjrgfdy/rm_ws/install/armor_detector/lib:/home/wjrgfdy/rm_ws/install/auto_aim_interfaces/lib:/opt/ros/humble/opt/rviz_ogre_vendor/lib:/opt/ros/humble/lib/x86_64-linux-gnu:/opt/ros/humble/lib:/opt/MVS/lib/64:/opt/MVS/lib/32:/opt/MVS/lib/64:/opt/MVS/lib/32:/opt/MVS/lib/64:/opt/MVS/lib/32 _=/usr/bin/env /usr/local/bin/cmake --install /home/wjrgfdy/rm_ws/build/image_proc
