[0.074s] Invoking command in '/home/wjrgfdy/rm_ws/build/hik_camera': AMENT_PREFIX_PATH=/home/wjrgfdy/rm_ws/install/camera_calibration:/home/wjrgfdy/rm_ws/install/image_pipeline:/home/wjrgfdy/rm_ws/install/stereo_image_proc:/home/wjrgfdy/rm_ws/install/image_proc:/home/wjrgfdy/rm_ws/install/tracetools_image_pipeline:/home/wjrgfdy/rm_ws/install/rm_vision_bringup:/home/wjrgfdy/rm_ws/install/rm_serial_driver:/home/wjrgfdy/rm_ws/install/rm_gimbal_description:/home/wjrgfdy/rm_ws/install/rm_auto_aim:/home/wjrgfdy/rm_ws/install/mindvision_camera:/home/wjrgfdy/rm_ws/install/image_view:/home/wjrgfdy/rm_ws/install/image_rotate:/home/wjrgfdy/rm_ws/install/image_publisher:/home/wjrgfdy/rm_ws/install/hik_camera:/home/wjrgfdy/rm_ws/install/depth_image_proc:/home/wjrgfdy/rm_ws/install/armor_tracker:/home/wjrgfdy/rm_ws/install/armor_detector:/home/wjrgfdy/rm_ws/install/auto_aim_interfaces:/opt/ros/humble CMAKE_PREFIX_PATH=${CMAKE_PREFIX_PATH}:/home/wjrgfdy/rm_ws/install/camera_calibration:/opt/ros/humble _=/usr/bin/env /usr/local/bin/cmake /home/wjrgfdy/rm_ws/src/ros2-hik-camera -DCMAKE_INSTALL_PREFIX=/home/wjrgfdy/rm_ws/install/hik_camera
[0.110s] -- The C compiler identification is GNU 12.3.0
[0.168s] -- The CXX compiler identification is GNU 12.3.0
[0.190s] -- Detecting C compiler ABI info
[0.262s] -- Detecting C compiler ABI info - done
[0.275s] -- Check for working C compiler: /usr/bin/cc - skipped
[0.275s] -- Detecting C compile features
[0.276s] -- Detecting C compile features - done
[0.285s] -- Detecting CXX compiler ABI info
[0.359s] -- Detecting CXX compiler ABI info - done
[0.373s] -- Check for working CXX compiler: /usr/bin/c++ - skipped
[0.374s] -- Detecting CXX compile features
[0.374s] -- Detecting CXX compile features - done
[0.375s] -- Found ament_cmake_auto: 1.3.6 (/opt/ros/humble/share/ament_cmake_auto/cmake)
[0.714s] -- Found Python3: /usr/bin/python3.10 (found version "3.10.12") found components: Interpreter 
[0.969s] -- Found rosidl_generator_c: 3.1.5 (/opt/ros/humble/share/rosidl_generator_c/cmake)
[0.978s] -- Found rosidl_adapter: 3.1.5 (/opt/ros/humble/share/rosidl_adapter/cmake)
[0.992s] -- Found rosidl_generator_cpp: 3.1.5 (/opt/ros/humble/share/rosidl_generator_cpp/cmake)
[1.013s] -- Using all available rosidl_typesupport_c: rosidl_typesupport_fastrtps_c;rosidl_typesupport_introspection_c
[1.043s] -- Using all available rosidl_typesupport_cpp: rosidl_typesupport_fastrtps_cpp;rosidl_typesupport_introspection_cpp
[1.146s] -- Found rmw_implementation_cmake: 6.1.1 (/opt/ros/humble/share/rmw_implementation_cmake/cmake)
[1.151s] -- Found rmw_fastrtps_cpp: 6.2.5 (/opt/ros/humble/share/rmw_fastrtps_cpp/cmake)
[1.272s] -- Found OpenSSL: /usr/lib/x86_64-linux-gnu/libcrypto.so (found version "3.0.2")  
[1.310s] -- Found FastRTPS: /opt/ros/humble/include  
[1.370s] -- Using RMW implementation 'rmw_fastrtps_cpp' as default
[1.384s] -- Performing Test CMAKE_HAVE_LIBC_PTHREAD
[1.447s] -- Performing Test CMAKE_HAVE_LIBC_PTHREAD - Success
[1.448s] -- Found Threads: TRUE  
[3.207s] -- Found ament_lint_auto: 0.12.9 (/opt/ros/humble/share/ament_lint_auto/cmake)
[3.285s] -- Added test 'cppcheck' to perform static code analysis on C / C++ code
[3.286s] -- Configured cppcheck include dirs: /home/wjrgfdy/rm_ws/src/ros2-hik-camera/hikSDK/include
[3.287s] -- Configured cppcheck exclude dirs and/or files: 
[3.292s] -- Added test 'flake8' to check Python code syntax and style conventions
[3.293s] -- Added test 'lint_cmake' to check CMake code style
[3.295s] -- Added test 'pep257' to check Python code against some of the docstring style conventions in PEP 257
[3.302s] -- Added test 'xmllint' to check XML markup files
[3.306s] -- Configuring done (3.2s)
[3.351s] -- Generating done (0.0s)
[3.354s] -- Build files have been written to: /home/wjrgfdy/rm_ws/build/hik_camera
[3.370s] Invoked command in '/home/wjrgfdy/rm_ws/build/hik_camera' returned '0': AMENT_PREFIX_PATH=/home/wjrgfdy/rm_ws/install/camera_calibration:/home/wjrgfdy/rm_ws/install/image_pipeline:/home/wjrgfdy/rm_ws/install/stereo_image_proc:/home/wjrgfdy/rm_ws/install/image_proc:/home/wjrgfdy/rm_ws/install/tracetools_image_pipeline:/home/wjrgfdy/rm_ws/install/rm_vision_bringup:/home/wjrgfdy/rm_ws/install/rm_serial_driver:/home/wjrgfdy/rm_ws/install/rm_gimbal_description:/home/wjrgfdy/rm_ws/install/rm_auto_aim:/home/wjrgfdy/rm_ws/install/mindvision_camera:/home/wjrgfdy/rm_ws/install/image_view:/home/wjrgfdy/rm_ws/install/image_rotate:/home/wjrgfdy/rm_ws/install/image_publisher:/home/wjrgfdy/rm_ws/install/hik_camera:/home/wjrgfdy/rm_ws/install/depth_image_proc:/home/wjrgfdy/rm_ws/install/armor_tracker:/home/wjrgfdy/rm_ws/install/armor_detector:/home/wjrgfdy/rm_ws/install/auto_aim_interfaces:/opt/ros/humble CMAKE_PREFIX_PATH=${CMAKE_PREFIX_PATH}:/home/wjrgfdy/rm_ws/install/camera_calibration:/opt/ros/humble _=/usr/bin/env /usr/local/bin/cmake /home/wjrgfdy/rm_ws/src/ros2-hik-camera -DCMAKE_INSTALL_PREFIX=/home/wjrgfdy/rm_ws/install/hik_camera
[3.392s] Invoking command in '/home/wjrgfdy/rm_ws/build/hik_camera': AMENT_PREFIX_PATH=/home/wjrgfdy/rm_ws/install/camera_calibration:/home/wjrgfdy/rm_ws/install/image_pipeline:/home/wjrgfdy/rm_ws/install/stereo_image_proc:/home/wjrgfdy/rm_ws/install/image_proc:/home/wjrgfdy/rm_ws/install/tracetools_image_pipeline:/home/wjrgfdy/rm_ws/install/rm_vision_bringup:/home/wjrgfdy/rm_ws/install/rm_serial_driver:/home/wjrgfdy/rm_ws/install/rm_gimbal_description:/home/wjrgfdy/rm_ws/install/rm_auto_aim:/home/wjrgfdy/rm_ws/install/mindvision_camera:/home/wjrgfdy/rm_ws/install/image_view:/home/wjrgfdy/rm_ws/install/image_rotate:/home/wjrgfdy/rm_ws/install/image_publisher:/home/wjrgfdy/rm_ws/install/hik_camera:/home/wjrgfdy/rm_ws/install/depth_image_proc:/home/wjrgfdy/rm_ws/install/armor_tracker:/home/wjrgfdy/rm_ws/install/armor_detector:/home/wjrgfdy/rm_ws/install/auto_aim_interfaces:/opt/ros/humble CMAKE_PREFIX_PATH=${CMAKE_PREFIX_PATH}:/home/wjrgfdy/rm_ws/install/camera_calibration:/opt/ros/humble _=/usr/bin/env /usr/local/bin/cmake --build /home/wjrgfdy/rm_ws/build/hik_camera -- -j12 -l12
[3.570s] [ 25%] [32mBuilding CXX object CMakeFiles/hik_camera.dir/src/hik_camera_node.cpp.o[0m
[3.578s] [ 50%] [32mBuilding CXX object CMakeFiles/hik_camera_node.dir/rclcpp_components/node_main_hik_camera_node.cpp.o[0m
[18.487s] [ 75%] [32m[1mLinking CXX executable hik_camera_node[0m
[18.797s] [ 75%] Built target hik_camera_node
[19.880s] [100%] [32m[1mLinking CXX shared library libhik_camera.so[0m
[20.444s] [100%] Built target hik_camera
[20.476s] Invoked command in '/home/wjrgfdy/rm_ws/build/hik_camera' returned '0': AMENT_PREFIX_PATH=/home/wjrgfdy/rm_ws/install/camera_calibration:/home/wjrgfdy/rm_ws/install/image_pipeline:/home/wjrgfdy/rm_ws/install/stereo_image_proc:/home/wjrgfdy/rm_ws/install/image_proc:/home/wjrgfdy/rm_ws/install/tracetools_image_pipeline:/home/wjrgfdy/rm_ws/install/rm_vision_bringup:/home/wjrgfdy/rm_ws/install/rm_serial_driver:/home/wjrgfdy/rm_ws/install/rm_gimbal_description:/home/wjrgfdy/rm_ws/install/rm_auto_aim:/home/wjrgfdy/rm_ws/install/mindvision_camera:/home/wjrgfdy/rm_ws/install/image_view:/home/wjrgfdy/rm_ws/install/image_rotate:/home/wjrgfdy/rm_ws/install/image_publisher:/home/wjrgfdy/rm_ws/install/hik_camera:/home/wjrgfdy/rm_ws/install/depth_image_proc:/home/wjrgfdy/rm_ws/install/armor_tracker:/home/wjrgfdy/rm_ws/install/armor_detector:/home/wjrgfdy/rm_ws/install/auto_aim_interfaces:/opt/ros/humble CMAKE_PREFIX_PATH=${CMAKE_PREFIX_PATH}:/home/wjrgfdy/rm_ws/install/camera_calibration:/opt/ros/humble _=/usr/bin/env /usr/local/bin/cmake --build /home/wjrgfdy/rm_ws/build/hik_camera -- -j12 -l12
[20.764s] Invoking command in '/home/wjrgfdy/rm_ws/build/hik_camera': AMENT_PREFIX_PATH=/home/wjrgfdy/rm_ws/install/camera_calibration:/home/wjrgfdy/rm_ws/install/image_pipeline:/home/wjrgfdy/rm_ws/install/stereo_image_proc:/home/wjrgfdy/rm_ws/install/image_proc:/home/wjrgfdy/rm_ws/install/tracetools_image_pipeline:/home/wjrgfdy/rm_ws/install/rm_vision_bringup:/home/wjrgfdy/rm_ws/install/rm_serial_driver:/home/wjrgfdy/rm_ws/install/rm_gimbal_description:/home/wjrgfdy/rm_ws/install/rm_auto_aim:/home/wjrgfdy/rm_ws/install/mindvision_camera:/home/wjrgfdy/rm_ws/install/image_view:/home/wjrgfdy/rm_ws/install/image_rotate:/home/wjrgfdy/rm_ws/install/image_publisher:/home/wjrgfdy/rm_ws/install/hik_camera:/home/wjrgfdy/rm_ws/install/depth_image_proc:/home/wjrgfdy/rm_ws/install/armor_tracker:/home/wjrgfdy/rm_ws/install/armor_detector:/home/wjrgfdy/rm_ws/install/auto_aim_interfaces:/opt/ros/humble CMAKE_PREFIX_PATH=${CMAKE_PREFIX_PATH}:/home/wjrgfdy/rm_ws/install/camera_calibration:/opt/ros/humble _=/usr/bin/env /usr/local/bin/cmake --install /home/wjrgfdy/rm_ws/build/hik_camera
[20.784s] -- Install configuration: ""
[20.784s] -- Up-to-date: /home/wjrgfdy/rm_ws/install/hik_camera/lib
[20.784s] -- Up-to-date: /home/wjrgfdy/rm_ws/install/hik_camera/share/hik_camera/config
[20.785s] -- Up-to-date: /home/wjrgfdy/rm_ws/install/hik_camera/share/hik_camera/launch
[20.785s] -- Installing: /home/wjrgfdy/rm_ws/install/hik_camera/share/hik_camera/package.dsv
[20.794s] Invoked command in '/home/wjrgfdy/rm_ws/build/hik_camera' returned '0': AMENT_PREFIX_PATH=/home/wjrgfdy/rm_ws/install/camera_calibration:/home/wjrgfdy/rm_ws/install/image_pipeline:/home/wjrgfdy/rm_ws/install/stereo_image_proc:/home/wjrgfdy/rm_ws/install/image_proc:/home/wjrgfdy/rm_ws/install/tracetools_image_pipeline:/home/wjrgfdy/rm_ws/install/rm_vision_bringup:/home/wjrgfdy/rm_ws/install/rm_serial_driver:/home/wjrgfdy/rm_ws/install/rm_gimbal_description:/home/wjrgfdy/rm_ws/install/rm_auto_aim:/home/wjrgfdy/rm_ws/install/mindvision_camera:/home/wjrgfdy/rm_ws/install/image_view:/home/wjrgfdy/rm_ws/install/image_rotate:/home/wjrgfdy/rm_ws/install/image_publisher:/home/wjrgfdy/rm_ws/install/hik_camera:/home/wjrgfdy/rm_ws/install/depth_image_proc:/home/wjrgfdy/rm_ws/install/armor_tracker:/home/wjrgfdy/rm_ws/install/armor_detector:/home/wjrgfdy/rm_ws/install/auto_aim_interfaces:/opt/ros/humble CMAKE_PREFIX_PATH=${CMAKE_PREFIX_PATH}:/home/wjrgfdy/rm_ws/install/camera_calibration:/opt/ros/humble _=/usr/bin/env /usr/local/bin/cmake --install /home/wjrgfdy/rm_ws/build/hik_camera
