[0.134s] Invoking command in '/home/wjrgfdy/rm_ws/build/hik_camera': CMAKE_PREFIX_PATH=${CMAKE_PREFIX_PATH}:/home/wjrgfdy/rm_ws/install/camera_calibration:/opt/ros/humble _=/usr/bin/env /usr/local/bin/cmake /home/wjrgfdy/rm_ws/src/ros2-hik-camera -DCMAKE_INSTALL_PREFIX=/home/wjrgfdy/rm_ws/install/hik_camera
[0.191s] -- The C compiler identification is GNU 12.3.0
[0.262s] -- The CXX compiler identification is GNU 12.3.0
[0.283s] -- Detecting C compiler ABI info
[0.358s] -- Detecting C compiler ABI info - done
[0.371s] -- Check for working C compiler: /usr/bin/cc - skipped
[0.371s] -- Detecting C compile features
[0.371s] -- Detecting C compile features - done
[0.381s] -- Detecting CXX compiler ABI info
[0.465s] -- Detecting CXX compiler ABI info - done
[0.478s] -- Check for working CXX compiler: /usr/bin/c++ - skipped
[0.479s] -- Detecting CXX compile features
[0.479s] -- Detecting CXX compile features - done
[0.483s] -- Found ament_cmake_auto: 1.3.6 (/opt/ros/humble/share/ament_cmake_auto/cmake)
[0.881s] -- Found Python3: /usr/bin/python3.10 (found version "3.10.12") found components: Interpreter 
[1.101s] -- Found rosidl_generator_c: 3.1.5 (/opt/ros/humble/share/rosidl_generator_c/cmake)
[1.109s] -- Found rosidl_adapter: 3.1.5 (/opt/ros/humble/share/rosidl_adapter/cmake)
[1.122s] -- Found rosidl_generator_cpp: 3.1.5 (/opt/ros/humble/share/rosidl_generator_cpp/cmake)
[1.142s] -- Using all available rosidl_typesupport_c: rosidl_typesupport_fastrtps_c;rosidl_typesupport_introspection_c
[1.172s] -- Using all available rosidl_typesupport_cpp: rosidl_typesupport_fastrtps_cpp;rosidl_typesupport_introspection_cpp
[1.278s] -- Found rmw_implementation_cmake: 6.1.1 (/opt/ros/humble/share/rmw_implementation_cmake/cmake)
[1.282s] -- Found rmw_fastrtps_cpp: 6.2.5 (/opt/ros/humble/share/rmw_fastrtps_cpp/cmake)
[1.477s] -- Found OpenSSL: /usr/lib/x86_64-linux-gnu/libcrypto.so (found version "3.0.2")  
[1.545s] -- Found FastRTPS: /opt/ros/humble/include  
[1.622s] -- Using RMW implementation 'rmw_fastrtps_cpp' as default
[1.639s] -- Performing Test CMAKE_HAVE_LIBC_PTHREAD
[1.820s] -- Performing Test CMAKE_HAVE_LIBC_PTHREAD - Success
[1.822s] -- Found Threads: TRUE  
[2.606s] -- Found ament_lint_auto: 0.12.9 (/opt/ros/humble/share/ament_lint_auto/cmake)
[2.683s] -- Added test 'cppcheck' to perform static code analysis on C / C++ code
[2.683s] -- Configured cppcheck include dirs: /home/wjrgfdy/rm_ws/src/ros2-hik-camera/hikSDK/include
[2.683s] -- Configured cppcheck exclude dirs and/or files: 
[2.685s] -- Added test 'flake8' to check Python code syntax and style conventions
[2.686s] -- Added test 'lint_cmake' to check CMake code style
[2.692s] -- Added test 'pep257' to check Python code against some of the docstring style conventions in PEP 257
[2.695s] -- Added test 'xmllint' to check XML markup files
[2.714s] -- Configuring done (2.6s)
[2.736s] -- Generating done (0.0s)
[2.739s] -- Build files have been written to: /home/wjrgfdy/rm_ws/build/hik_camera
[2.764s] Invoked command in '/home/wjrgfdy/rm_ws/build/hik_camera' returned '0': CMAKE_PREFIX_PATH=${CMAKE_PREFIX_PATH}:/home/wjrgfdy/rm_ws/install/camera_calibration:/opt/ros/humble _=/usr/bin/env /usr/local/bin/cmake /home/wjrgfdy/rm_ws/src/ros2-hik-camera -DCMAKE_INSTALL_PREFIX=/home/wjrgfdy/rm_ws/install/hik_camera
[2.764s] Invoking command in '/home/wjrgfdy/rm_ws/build/hik_camera': CMAKE_PREFIX_PATH=${CMAKE_PREFIX_PATH}:/home/wjrgfdy/rm_ws/install/camera_calibration:/opt/ros/humble _=/usr/bin/env /usr/local/bin/cmake --build /home/wjrgfdy/rm_ws/build/hik_camera -- -j12 -l12
[2.927s] [ 25%] [32mBuilding CXX object CMakeFiles/hik_camera.dir/src/hik_camera_node.cpp.o[0m
[2.933s] [ 50%] [32mBuilding CXX object CMakeFiles/hik_camera_node.dir/rclcpp_components/node_main_hik_camera_node.cpp.o[0m
[18.456s] [ 75%] [32m[1mLinking CXX shared library libhik_camera.so[0m
[19.104s] [ 75%] Built target hik_camera
[19.854s] [100%] [32m[1mLinking CXX executable hik_camera_node[0m
[20.276s] [100%] Built target hik_camera_node
[20.299s] Invoked command in '/home/wjrgfdy/rm_ws/build/hik_camera' returned '0': CMAKE_PREFIX_PATH=${CMAKE_PREFIX_PATH}:/home/wjrgfdy/rm_ws/install/camera_calibration:/opt/ros/humble _=/usr/bin/env /usr/local/bin/cmake --build /home/wjrgfdy/rm_ws/build/hik_camera -- -j12 -l12
[20.510s] Invoking command in '/home/wjrgfdy/rm_ws/build/hik_camera': CMAKE_PREFIX_PATH=${CMAKE_PREFIX_PATH}:/home/wjrgfdy/rm_ws/install/camera_calibration:/opt/ros/humble _=/usr/bin/env /usr/local/bin/cmake --install /home/wjrgfdy/rm_ws/build/hik_camera
[20.520s] -- Install configuration: ""
[20.520s] -- Up-to-date: /home/wjrgfdy/rm_ws/install/hik_camera/lib
[20.520s] -- Up-to-date: /home/wjrgfdy/rm_ws/install/hik_camera/share/hik_camera/config
[20.521s] -- Up-to-date: /home/wjrgfdy/rm_ws/install/hik_camera/share/hik_camera/launch
[20.521s] -- Installing: /home/wjrgfdy/rm_ws/install/hik_camera/share/hik_camera/package.dsv
[20.533s] Invoked command in '/home/wjrgfdy/rm_ws/build/hik_camera' returned '0': CMAKE_PREFIX_PATH=${CMAKE_PREFIX_PATH}:/home/wjrgfdy/rm_ws/install/camera_calibration:/opt/ros/humble _=/usr/bin/env /usr/local/bin/cmake --install /home/wjrgfdy/rm_ws/build/hik_camera
