[0.145s] Invoking command in '/home/wjrgfdy/rm_ws/build/hik_camera': AMENT_PREFIX_PATH=/home/wjrgfdy/rm_ws/install/camera_calibration:/home/wjrgfdy/rm_ws/install/image_pipeline:/home/wjrgfdy/rm_ws/install/stereo_image_proc:/home/wjrgfdy/rm_ws/install/image_proc:/home/wjrgfdy/rm_ws/install/tracetools_image_pipeline:/home/wjrgfdy/rm_ws/install/rm_vision_bringup:/home/wjrgfdy/rm_ws/install/rm_serial_driver:/home/wjrgfdy/rm_ws/install/rm_gimbal_description:/home/wjrgfdy/rm_ws/install/rm_auto_aim:/home/wjrgfdy/rm_ws/install/mindvision_camera:/home/wjrgfdy/rm_ws/install/image_view:/home/wjrgfdy/rm_ws/install/image_rotate:/home/wjrgfdy/rm_ws/install/image_publisher:/home/wjrgfdy/rm_ws/install/hik_camera:/home/wjrgfdy/rm_ws/install/depth_image_proc:/home/wjrgfdy/rm_ws/install/armor_tracker:/home/wjrgfdy/rm_ws/install/armor_detector:/home/wjrgfdy/rm_ws/install/auto_aim_interfaces:/opt/ros/humble CMAKE_PREFIX_PATH=${CMAKE_PREFIX_PATH}:/home/wjrgfdy/rm_ws/install/camera_calibration:/opt/ros/humble PYTHONPATH=/home/wjrgfdy/rm_ws/install/camera_calibration/lib/python3.10/site-packages:/home/wjrgfdy/rm_ws/build/camera_calibration/src:/home/wjrgfdy/rm_ws/install/auto_aim_interfaces/local/lib/python3.10/dist-packages:/opt/ros/humble/lib/python3.10/site-packages:/opt/ros/humble/local/lib/python3.10/dist-packages _=/usr/bin/env /usr/local/bin/cmake /home/wjrgfdy/rm_ws/src/ros2-hik-camera -DCMAKE_INSTALL_PREFIX=/home/wjrgfdy/rm_ws/install/hik_camera
[0.154s] -- Found ament_cmake_auto: 1.3.6 (/opt/ros/humble/share/ament_cmake_auto/cmake)
[0.338s] -- Override CMake install command with custom implementation using symlinks instead of copying resources
[0.454s] -- Found rosidl_generator_c: 3.1.5 (/opt/ros/humble/share/rosidl_generator_c/cmake)
[0.457s] -- Found rosidl_adapter: 3.1.5 (/opt/ros/humble/share/rosidl_adapter/cmake)
[0.465s] -- Found rosidl_generator_cpp: 3.1.5 (/opt/ros/humble/share/rosidl_generator_cpp/cmake)
[0.479s] -- Using all available rosidl_typesupport_c: rosidl_typesupport_fastrtps_c;rosidl_typesupport_introspection_c
[0.501s] -- Using all available rosidl_typesupport_cpp: rosidl_typesupport_fastrtps_cpp;rosidl_typesupport_introspection_cpp
[0.579s] -- Found rmw_implementation_cmake: 6.1.1 (/opt/ros/humble/share/rmw_implementation_cmake/cmake)
[0.582s] -- Found rmw_fastrtps_cpp: 6.2.5 (/opt/ros/humble/share/rmw_fastrtps_cpp/cmake)
[0.746s] -- Using RMW implementation 'rmw_fastrtps_cpp' as default
[1.234s] -- Found ament_lint_auto: 0.12.9 (/opt/ros/humble/share/ament_lint_auto/cmake)
[1.249s] -- Added test 'cppcheck' to perform static code analysis on C / C++ code
[1.249s] -- Configured cppcheck include dirs: /home/wjrgfdy/rm_ws/src/ros2-hik-camera/hikSDK/include
[1.249s] -- Configured cppcheck exclude dirs and/or files: 
[1.249s] -- Added test 'flake8' to check Python code syntax and style conventions
[1.249s] -- Added test 'lint_cmake' to check CMake code style
[1.249s] -- Added test 'pep257' to check Python code against some of the docstring style conventions in PEP 257
[1.250s] -- Added test 'xmllint' to check XML markup files
[1.254s] -- Configuring done (1.1s)
[1.272s] -- Generating done (0.0s)
[1.274s] -- Build files have been written to: /home/wjrgfdy/rm_ws/build/hik_camera
[1.285s] Invoked command in '/home/wjrgfdy/rm_ws/build/hik_camera' returned '0': AMENT_PREFIX_PATH=/home/wjrgfdy/rm_ws/install/camera_calibration:/home/wjrgfdy/rm_ws/install/image_pipeline:/home/wjrgfdy/rm_ws/install/stereo_image_proc:/home/wjrgfdy/rm_ws/install/image_proc:/home/wjrgfdy/rm_ws/install/tracetools_image_pipeline:/home/wjrgfdy/rm_ws/install/rm_vision_bringup:/home/wjrgfdy/rm_ws/install/rm_serial_driver:/home/wjrgfdy/rm_ws/install/rm_gimbal_description:/home/wjrgfdy/rm_ws/install/rm_auto_aim:/home/wjrgfdy/rm_ws/install/mindvision_camera:/home/wjrgfdy/rm_ws/install/image_view:/home/wjrgfdy/rm_ws/install/image_rotate:/home/wjrgfdy/rm_ws/install/image_publisher:/home/wjrgfdy/rm_ws/install/hik_camera:/home/wjrgfdy/rm_ws/install/depth_image_proc:/home/wjrgfdy/rm_ws/install/armor_tracker:/home/wjrgfdy/rm_ws/install/armor_detector:/home/wjrgfdy/rm_ws/install/auto_aim_interfaces:/opt/ros/humble CMAKE_PREFIX_PATH=${CMAKE_PREFIX_PATH}:/home/wjrgfdy/rm_ws/install/camera_calibration:/opt/ros/humble PYTHONPATH=/home/wjrgfdy/rm_ws/install/camera_calibration/lib/python3.10/site-packages:/home/wjrgfdy/rm_ws/build/camera_calibration/src:/home/wjrgfdy/rm_ws/install/auto_aim_interfaces/local/lib/python3.10/dist-packages:/opt/ros/humble/lib/python3.10/site-packages:/opt/ros/humble/local/lib/python3.10/dist-packages _=/usr/bin/env /usr/local/bin/cmake /home/wjrgfdy/rm_ws/src/ros2-hik-camera -DCMAKE_INSTALL_PREFIX=/home/wjrgfdy/rm_ws/install/hik_camera
[1.287s] Invoking command in '/home/wjrgfdy/rm_ws/build/hik_camera': AMENT_PREFIX_PATH=/home/wjrgfdy/rm_ws/install/camera_calibration:/home/wjrgfdy/rm_ws/install/image_pipeline:/home/wjrgfdy/rm_ws/install/stereo_image_proc:/home/wjrgfdy/rm_ws/install/image_proc:/home/wjrgfdy/rm_ws/install/tracetools_image_pipeline:/home/wjrgfdy/rm_ws/install/rm_vision_bringup:/home/wjrgfdy/rm_ws/install/rm_serial_driver:/home/wjrgfdy/rm_ws/install/rm_gimbal_description:/home/wjrgfdy/rm_ws/install/rm_auto_aim:/home/wjrgfdy/rm_ws/install/mindvision_camera:/home/wjrgfdy/rm_ws/install/image_view:/home/wjrgfdy/rm_ws/install/image_rotate:/home/wjrgfdy/rm_ws/install/image_publisher:/home/wjrgfdy/rm_ws/install/hik_camera:/home/wjrgfdy/rm_ws/install/depth_image_proc:/home/wjrgfdy/rm_ws/install/armor_tracker:/home/wjrgfdy/rm_ws/install/armor_detector:/home/wjrgfdy/rm_ws/install/auto_aim_interfaces:/opt/ros/humble CMAKE_PREFIX_PATH=${CMAKE_PREFIX_PATH}:/home/wjrgfdy/rm_ws/install/camera_calibration:/opt/ros/humble PYTHONPATH=/home/wjrgfdy/rm_ws/install/camera_calibration/lib/python3.10/site-packages:/home/wjrgfdy/rm_ws/build/camera_calibration/src:/home/wjrgfdy/rm_ws/install/auto_aim_interfaces/local/lib/python3.10/dist-packages:/opt/ros/humble/lib/python3.10/site-packages:/opt/ros/humble/local/lib/python3.10/dist-packages _=/usr/bin/env /usr/local/bin/cmake --build /home/wjrgfdy/rm_ws/build/hik_camera -- -j12 -l12
[1.317s] [ 50%] Built target hik_camera
[1.317s] [100%] Built target hik_camera_node
[1.348s] Invoked command in '/home/wjrgfdy/rm_ws/build/hik_camera' returned '0': AMENT_PREFIX_PATH=/home/wjrgfdy/rm_ws/install/camera_calibration:/home/wjrgfdy/rm_ws/install/image_pipeline:/home/wjrgfdy/rm_ws/install/stereo_image_proc:/home/wjrgfdy/rm_ws/install/image_proc:/home/wjrgfdy/rm_ws/install/tracetools_image_pipeline:/home/wjrgfdy/rm_ws/install/rm_vision_bringup:/home/wjrgfdy/rm_ws/install/rm_serial_driver:/home/wjrgfdy/rm_ws/install/rm_gimbal_description:/home/wjrgfdy/rm_ws/install/rm_auto_aim:/home/wjrgfdy/rm_ws/install/mindvision_camera:/home/wjrgfdy/rm_ws/install/image_view:/home/wjrgfdy/rm_ws/install/image_rotate:/home/wjrgfdy/rm_ws/install/image_publisher:/home/wjrgfdy/rm_ws/install/hik_camera:/home/wjrgfdy/rm_ws/install/depth_image_proc:/home/wjrgfdy/rm_ws/install/armor_tracker:/home/wjrgfdy/rm_ws/install/armor_detector:/home/wjrgfdy/rm_ws/install/auto_aim_interfaces:/opt/ros/humble CMAKE_PREFIX_PATH=${CMAKE_PREFIX_PATH}:/home/wjrgfdy/rm_ws/install/camera_calibration:/opt/ros/humble PYTHONPATH=/home/wjrgfdy/rm_ws/install/camera_calibration/lib/python3.10/site-packages:/home/wjrgfdy/rm_ws/build/camera_calibration/src:/home/wjrgfdy/rm_ws/install/auto_aim_interfaces/local/lib/python3.10/dist-packages:/opt/ros/humble/lib/python3.10/site-packages:/opt/ros/humble/local/lib/python3.10/dist-packages _=/usr/bin/env /usr/local/bin/cmake --build /home/wjrgfdy/rm_ws/build/hik_camera -- -j12 -l12
[1.376s] Invoking command in '/home/wjrgfdy/rm_ws/build/hik_camera': AMENT_PREFIX_PATH=/home/wjrgfdy/rm_ws/install/camera_calibration:/home/wjrgfdy/rm_ws/install/image_pipeline:/home/wjrgfdy/rm_ws/install/stereo_image_proc:/home/wjrgfdy/rm_ws/install/image_proc:/home/wjrgfdy/rm_ws/install/tracetools_image_pipeline:/home/wjrgfdy/rm_ws/install/rm_vision_bringup:/home/wjrgfdy/rm_ws/install/rm_serial_driver:/home/wjrgfdy/rm_ws/install/rm_gimbal_description:/home/wjrgfdy/rm_ws/install/rm_auto_aim:/home/wjrgfdy/rm_ws/install/mindvision_camera:/home/wjrgfdy/rm_ws/install/image_view:/home/wjrgfdy/rm_ws/install/image_rotate:/home/wjrgfdy/rm_ws/install/image_publisher:/home/wjrgfdy/rm_ws/install/hik_camera:/home/wjrgfdy/rm_ws/install/depth_image_proc:/home/wjrgfdy/rm_ws/install/armor_tracker:/home/wjrgfdy/rm_ws/install/armor_detector:/home/wjrgfdy/rm_ws/install/auto_aim_interfaces:/opt/ros/humble CMAKE_PREFIX_PATH=${CMAKE_PREFIX_PATH}:/home/wjrgfdy/rm_ws/install/camera_calibration:/opt/ros/humble PYTHONPATH=/home/wjrgfdy/rm_ws/install/camera_calibration/lib/python3.10/site-packages:/home/wjrgfdy/rm_ws/build/camera_calibration/src:/home/wjrgfdy/rm_ws/install/auto_aim_interfaces/local/lib/python3.10/dist-packages:/opt/ros/humble/lib/python3.10/site-packages:/opt/ros/humble/local/lib/python3.10/dist-packages _=/usr/bin/env /usr/local/bin/cmake --install /home/wjrgfdy/rm_ws/build/hik_camera
[1.380s] -- Install configuration: ""
[1.381s] -- Execute custom install script
[1.381s] -- Up-to-date symlink: /home/wjrgfdy/rm_ws/install/hik_camera/lib/libFormatConversion.so
[1.382s] -- Up-to-date symlink: /home/wjrgfdy/rm_ws/install/hik_camera/lib/libMVRender.so
[1.382s] -- Up-to-date symlink: /home/wjrgfdy/rm_ws/install/hik_camera/lib/libMediaProcess.so
[1.382s] -- Up-to-date symlink: /home/wjrgfdy/rm_ws/install/hik_camera/lib/libMvCameraControl.so
[1.382s] -- Up-to-date symlink: /home/wjrgfdy/rm_ws/install/hik_camera/lib/libMvUsb3vTL.so
[1.382s] -- Up-to-date symlink: /home/wjrgfdy/rm_ws/install/hik_camera/lib/hik_camera/hik_camera_node
[1.382s] -- Up-to-date symlink: /home/wjrgfdy/rm_ws/install/hik_camera/share/hik_camera/environment/library_path.sh
[1.382s] -- Up-to-date symlink: /home/wjrgfdy/rm_ws/install/hik_camera/share/hik_camera/environment/library_path.dsv
[1.382s] -- Up-to-date symlink: /home/wjrgfdy/rm_ws/install/hik_camera/lib/libhik_camera.so
[1.383s] -- Up-to-date symlink: /home/wjrgfdy/rm_ws/install/hik_camera/share/hik_camera/config/camera_info.yaml
[1.383s] -- Up-to-date symlink: /home/wjrgfdy/rm_ws/install/hik_camera/share/hik_camera/config/camera_params.yaml
[1.383s] -- Up-to-date symlink: /home/wjrgfdy/rm_ws/install/hik_camera/share/hik_camera/launch/hik_camera.launch.py
[1.383s] -- Up-to-date symlink: /home/wjrgfdy/rm_ws/install/hik_camera/share/ament_index/resource_index/package_run_dependencies/hik_camera
[1.384s] -- Up-to-date symlink: /home/wjrgfdy/rm_ws/install/hik_camera/share/ament_index/resource_index/parent_prefix_path/hik_camera
[1.384s] -- Up-to-date symlink: /home/wjrgfdy/rm_ws/install/hik_camera/share/hik_camera/environment/ament_prefix_path.sh
[1.384s] -- Up-to-date symlink: /home/wjrgfdy/rm_ws/install/hik_camera/share/hik_camera/environment/ament_prefix_path.dsv
[1.384s] -- Up-to-date symlink: /home/wjrgfdy/rm_ws/install/hik_camera/share/hik_camera/environment/path.sh
[1.384s] -- Up-to-date symlink: /home/wjrgfdy/rm_ws/install/hik_camera/share/hik_camera/environment/path.dsv
[1.385s] -- Up-to-date symlink: /home/wjrgfdy/rm_ws/install/hik_camera/share/hik_camera/local_setup.bash
[1.385s] -- Up-to-date symlink: /home/wjrgfdy/rm_ws/install/hik_camera/share/hik_camera/local_setup.sh
[1.385s] -- Up-to-date symlink: /home/wjrgfdy/rm_ws/install/hik_camera/share/hik_camera/local_setup.zsh
[1.385s] -- Up-to-date symlink: /home/wjrgfdy/rm_ws/install/hik_camera/share/hik_camera/local_setup.dsv
[1.385s] -- Symlinking: /home/wjrgfdy/rm_ws/install/hik_camera/share/hik_camera/package.dsv
[1.389s] -- Up-to-date symlink: /home/wjrgfdy/rm_ws/install/hik_camera/share/ament_index/resource_index/packages/hik_camera
[1.389s] -- Up-to-date symlink: /home/wjrgfdy/rm_ws/install/hik_camera/share/ament_index/resource_index/rclcpp_components/hik_camera
[1.389s] -- Up-to-date symlink: /home/wjrgfdy/rm_ws/install/hik_camera/share/hik_camera/cmake/ament_cmake_export_dependencies-extras.cmake
[1.390s] -- Up-to-date symlink: /home/wjrgfdy/rm_ws/install/hik_camera/share/hik_camera/cmake/ament_cmake_export_libraries-extras.cmake
[1.390s] -- Up-to-date symlink: /home/wjrgfdy/rm_ws/install/hik_camera/share/hik_camera/cmake/hik_cameraConfig.cmake
[1.390s] -- Up-to-date symlink: /home/wjrgfdy/rm_ws/install/hik_camera/share/hik_camera/cmake/hik_cameraConfig-version.cmake
[1.390s] -- Up-to-date symlink: /home/wjrgfdy/rm_ws/install/hik_camera/share/hik_camera/package.xml
[1.444s] Invoked command in '/home/wjrgfdy/rm_ws/build/hik_camera' returned '0': AMENT_PREFIX_PATH=/home/wjrgfdy/rm_ws/install/camera_calibration:/home/wjrgfdy/rm_ws/install/image_pipeline:/home/wjrgfdy/rm_ws/install/stereo_image_proc:/home/wjrgfdy/rm_ws/install/image_proc:/home/wjrgfdy/rm_ws/install/tracetools_image_pipeline:/home/wjrgfdy/rm_ws/install/rm_vision_bringup:/home/wjrgfdy/rm_ws/install/rm_serial_driver:/home/wjrgfdy/rm_ws/install/rm_gimbal_description:/home/wjrgfdy/rm_ws/install/rm_auto_aim:/home/wjrgfdy/rm_ws/install/mindvision_camera:/home/wjrgfdy/rm_ws/install/image_view:/home/wjrgfdy/rm_ws/install/image_rotate:/home/wjrgfdy/rm_ws/install/image_publisher:/home/wjrgfdy/rm_ws/install/hik_camera:/home/wjrgfdy/rm_ws/install/depth_image_proc:/home/wjrgfdy/rm_ws/install/armor_tracker:/home/wjrgfdy/rm_ws/install/armor_detector:/home/wjrgfdy/rm_ws/install/auto_aim_interfaces:/opt/ros/humble CMAKE_PREFIX_PATH=${CMAKE_PREFIX_PATH}:/home/wjrgfdy/rm_ws/install/camera_calibration:/opt/ros/humble PYTHONPATH=/home/wjrgfdy/rm_ws/install/camera_calibration/lib/python3.10/site-packages:/home/wjrgfdy/rm_ws/build/camera_calibration/src:/home/wjrgfdy/rm_ws/install/auto_aim_interfaces/local/lib/python3.10/dist-packages:/opt/ros/humble/lib/python3.10/site-packages:/opt/ros/humble/local/lib/python3.10/dist-packages _=/usr/bin/env /usr/local/bin/cmake --install /home/wjrgfdy/rm_ws/build/hik_camera
