[1.255s] Invoking command in '/home/wjrgfdy/rm_ws/build/image_publisher': CMAKE_PREFIX_PATH=${CMAKE_PREFIX_PATH}:/home/wjrgfdy/rm_ws/install/camera_calibration:/opt/ros/humble _=/usr/bin/env /usr/local/bin/cmake --build /home/wjrgfdy/rm_ws/build/image_publisher -- -j12 -l12
[1.390s] [ 50%] Built target image_publisher
[1.497s] [100%] Built target image_publisher_node
[1.518s] Invoked command in '/home/wjrgfdy/rm_ws/build/image_publisher' returned '0': CMAKE_PREFIX_PATH=${CMAKE_PREFIX_PATH}:/home/wjrgfdy/rm_ws/install/camera_calibration:/opt/ros/humble _=/usr/bin/env /usr/local/bin/cmake --build /home/wjrgfdy/rm_ws/build/image_publisher -- -j12 -l12
[1.675s] Invoking command in '/home/wjrgfdy/rm_ws/build/image_publisher': CMAKE_PREFIX_PATH=${CMAKE_PREFIX_PATH}:/home/wjrgfdy/rm_ws/install/camera_calibration:/opt/ros/humble _=/usr/bin/env /usr/local/bin/cmake --install /home/wjrgfdy/rm_ws/build/image_publisher
[1.700s] -- Install configuration: ""
[1.701s] -- Execute custom install script
[1.701s] -- Up-to-date symlink: /home/wjrgfdy/rm_ws/install/image_publisher/include/image_publisher/image_publisher.hpp
[1.701s] -- Up-to-date symlink: /home/wjrgfdy/rm_ws/install/image_publisher/include/image_publisher/visibility.h
[1.701s] -- Up-to-date symlink: /home/wjrgfdy/rm_ws/install/image_publisher/share/image_publisher/environment/library_path.sh
[1.701s] -- Up-to-date symlink: /home/wjrgfdy/rm_ws/install/image_publisher/share/image_publisher/environment/library_path.dsv
[1.701s] -- Up-to-date symlink: /home/wjrgfdy/rm_ws/install/image_publisher/lib/libimage_publisher.so
[1.701s] -- Up-to-date symlink: /home/wjrgfdy/rm_ws/install/image_publisher/lib/image_publisher/image_publisher_node
[1.701s] -- Up-to-date symlink: /home/wjrgfdy/rm_ws/install/image_publisher/share/image_publisher/launch/image_publisher_file.launch.py
[1.702s] -- Up-to-date symlink: /home/wjrgfdy/rm_ws/install/image_publisher/share/image_publisher/launch/image_publisher_mono.launch.py
[1.702s] -- Up-to-date symlink: /home/wjrgfdy/rm_ws/install/image_publisher/share/image_publisher/launch/image_publisher_stereo.launch.py
[1.702s] -- Up-to-date symlink: /home/wjrgfdy/rm_ws/install/image_publisher/share/image_publisher/launch/splash.png
[1.702s] -- Up-to-date symlink: /home/wjrgfdy/rm_ws/install/image_publisher/share/ament_index/resource_index/package_run_dependencies/image_publisher
[1.702s] -- Up-to-date symlink: /home/wjrgfdy/rm_ws/install/image_publisher/share/ament_index/resource_index/parent_prefix_path/image_publisher
[1.702s] -- Up-to-date symlink: /home/wjrgfdy/rm_ws/install/image_publisher/share/image_publisher/environment/ament_prefix_path.sh
[1.702s] -- Up-to-date symlink: /home/wjrgfdy/rm_ws/install/image_publisher/share/image_publisher/environment/ament_prefix_path.dsv
[1.702s] -- Up-to-date symlink: /home/wjrgfdy/rm_ws/install/image_publisher/share/image_publisher/environment/path.sh
[1.702s] -- Up-to-date symlink: /home/wjrgfdy/rm_ws/install/image_publisher/share/image_publisher/environment/path.dsv
[1.702s] -- Up-to-date symlink: /home/wjrgfdy/rm_ws/install/image_publisher/share/image_publisher/local_setup.bash
[1.702s] -- Up-to-date symlink: /home/wjrgfdy/rm_ws/install/image_publisher/share/image_publisher/local_setup.sh
[1.708s] -- Up-to-date symlink: /home/wjrgfdy/rm_ws/install/image_publisher/share/image_publisher/local_setup.zsh
[1.708s] -- Up-to-date symlink: /home/wjrgfdy/rm_ws/install/image_publisher/share/image_publisher/local_setup.dsv
[1.710s] -- Symlinking: /home/wjrgfdy/rm_ws/install/image_publisher/share/image_publisher/package.dsv
[1.740s] -- Up-to-date symlink: /home/wjrgfdy/rm_ws/install/image_publisher/share/ament_index/resource_index/packages/image_publisher
[1.740s] -- Up-to-date symlink: /home/wjrgfdy/rm_ws/install/image_publisher/share/ament_index/resource_index/rclcpp_components/image_publisher
[1.741s] -- Up-to-date symlink: /home/wjrgfdy/rm_ws/install/image_publisher/share/image_publisher/cmake/ament_cmake_export_dependencies-extras.cmake
[1.741s] -- Up-to-date symlink: /home/wjrgfdy/rm_ws/install/image_publisher/share/image_publisher/cmake/ament_cmake_export_include_directories-extras.cmake
[1.742s] -- Up-to-date symlink: /home/wjrgfdy/rm_ws/install/image_publisher/share/image_publisher/cmake/ament_cmake_export_libraries-extras.cmake
[1.742s] -- Up-to-date symlink: /home/wjrgfdy/rm_ws/install/image_publisher/share/image_publisher/cmake/image_publisherConfig.cmake
[1.742s] -- Up-to-date symlink: /home/wjrgfdy/rm_ws/install/image_publisher/share/image_publisher/cmake/image_publisherConfig-version.cmake
[1.742s] -- Up-to-date symlink: /home/wjrgfdy/rm_ws/install/image_publisher/share/image_publisher/package.xml
[1.912s] Invoked command in '/home/wjrgfdy/rm_ws/build/image_publisher' returned '0': CMAKE_PREFIX_PATH=${CMAKE_PREFIX_PATH}:/home/wjrgfdy/rm_ws/install/camera_calibration:/opt/ros/humble _=/usr/bin/env /usr/local/bin/cmake --install /home/wjrgfdy/rm_ws/build/image_publisher
