[0.239s] Invoking command in '/home/wjrgfdy/rm_ws/build/rm_gimbal_description': CMAKE_PREFIX_PATH=${CMAKE_PREFIX_PATH}:/home/wjrgfdy/rm_ws/install/camera_calibration:/opt/ros/humble _=/usr/bin/env /usr/local/bin/cmake /home/wjrgfdy/rm_ws/src/rm_gimbal_description -DCMAKE_INSTALL_PREFIX=/home/wjrgfdy/rm_ws/install/rm_gimbal_description
[0.292s] -- The C compiler identification is GNU 12.3.0
[0.363s] -- The CXX compiler identification is GNU 12.3.0
[0.384s] -- Detecting C compiler ABI info
[0.455s] -- Detecting C compiler ABI info - done
[0.467s] -- Check for working C compiler: /usr/bin/cc - skipped
[0.468s] -- Detecting C compile features
[0.468s] -- Detecting C compile features - done
[0.478s] -- Detecting CXX compiler ABI info
[0.566s] -- Detecting CXX compiler ABI info - done
[0.579s] -- Check for working CXX compiler: /usr/bin/c++ - skipped
[0.579s] -- Detecting CXX compile features
[0.580s] -- Detecting CXX compile features - done
[0.584s] -- Found ament_cmake: 1.3.6 (/opt/ros/humble/share/ament_cmake/cmake)
[0.899s] -- Found Python3: /usr/bin/python3.10 (found version "3.10.12") found components: Interpreter 
[1.018s] -- Found ament_lint_auto: 0.12.9 (/opt/ros/humble/share/ament_lint_auto/cmake)
[1.107s] -- Added test 'lint_cmake' to check CMake code style
[1.109s] -- Added test 'xmllint' to check XML markup files
[1.111s] -- Configuring done (0.9s)
[1.114s] -- Generating done (0.0s)
[1.115s] -- Build files have been written to: /home/wjrgfdy/rm_ws/build/rm_gimbal_description
[1.119s] Invoked command in '/home/wjrgfdy/rm_ws/build/rm_gimbal_description' returned '0': CMAKE_PREFIX_PATH=${CMAKE_PREFIX_PATH}:/home/wjrgfdy/rm_ws/install/camera_calibration:/opt/ros/humble _=/usr/bin/env /usr/local/bin/cmake /home/wjrgfdy/rm_ws/src/rm_gimbal_description -DCMAKE_INSTALL_PREFIX=/home/wjrgfdy/rm_ws/install/rm_gimbal_description
[1.122s] Invoking command in '/home/wjrgfdy/rm_ws/build/rm_gimbal_description': CMAKE_PREFIX_PATH=${CMAKE_PREFIX_PATH}:/home/wjrgfdy/rm_ws/install/camera_calibration:/opt/ros/humble _=/usr/bin/env /usr/local/bin/cmake --build /home/wjrgfdy/rm_ws/build/rm_gimbal_description -- -j12 -l12
[1.172s] Invoked command in '/home/wjrgfdy/rm_ws/build/rm_gimbal_description' returned '0': CMAKE_PREFIX_PATH=${CMAKE_PREFIX_PATH}:/home/wjrgfdy/rm_ws/install/camera_calibration:/opt/ros/humble _=/usr/bin/env /usr/local/bin/cmake --build /home/wjrgfdy/rm_ws/build/rm_gimbal_description -- -j12 -l12
[1.196s] Invoking command in '/home/wjrgfdy/rm_ws/build/rm_gimbal_description': CMAKE_PREFIX_PATH=${CMAKE_PREFIX_PATH}:/home/wjrgfdy/rm_ws/install/camera_calibration:/opt/ros/humble _=/usr/bin/env /usr/local/bin/cmake --install /home/wjrgfdy/rm_ws/build/rm_gimbal_description
[1.367s] -- Install configuration: ""
[1.368s] -- Up-to-date: /home/wjrgfdy/rm_ws/install/rm_gimbal_description/share/rm_gimbal_description/urdf
[1.368s] -- Installing: /home/wjrgfdy/rm_ws/install/rm_gimbal_description/share/rm_gimbal_description/package.dsv
[1.368s] Invoked command in '/home/wjrgfdy/rm_ws/build/rm_gimbal_description' returned '0': CMAKE_PREFIX_PATH=${CMAKE_PREFIX_PATH}:/home/wjrgfdy/rm_ws/install/camera_calibration:/opt/ros/humble _=/usr/bin/env /usr/local/bin/cmake --install /home/wjrgfdy/rm_ws/build/rm_gimbal_description
