[0.049s] Invoking command in '/home/wjrgfdy/rm_ws/build/armor_tracker': AMENT_PREFIX_PATH=/home/wjrgfdy/rm_ws/install/auto_aim_interfaces:${AMENT_PREFIX_PATH} CMAKE_PREFIX_PATH=/home/wjrgfdy/rm_ws/install/auto_aim_interfaces:/opt/ros/humble LD_LIBRARY_PATH=/home/wjrgfdy/rm_ws/install/auto_aim_interfaces/lib:/opt/ros/humble/opt/rviz_ogre_vendor/lib:/opt/ros/humble/lib/x86_64-linux-gnu:/opt/ros/humble/lib:/opt/MVS/lib/64:/opt/MVS/lib/32:/opt/MVS/lib/64:/opt/MVS/lib/32:/opt/MVS/lib/64:/opt/MVS/lib/32 PYTHONPATH=/home/wjrgfdy/rm_ws/install/auto_aim_interfaces/local/lib/python3.10/dist-packages:${PYTHONPATH} _=/usr/bin/env /usr/local/bin/cmake --build /home/wjrgfdy/rm_ws/build/armor_tracker -- -j12 -l12
[0.075s] [ 33%] Built target armor_tracker_node
[0.076s] [100%] Built target armor_tracker
[0.082s] Invoked command in '/home/wjrgfdy/rm_ws/build/armor_tracker' returned '0': AMENT_PREFIX_PATH=/home/wjrgfdy/rm_ws/install/auto_aim_interfaces:${AMENT_PREFIX_PATH} CMAKE_PREFIX_PATH=/home/wjrgfdy/rm_ws/install/auto_aim_interfaces:/opt/ros/humble LD_LIBRARY_PATH=/home/wjrgfdy/rm_ws/install/auto_aim_interfaces/lib:/opt/ros/humble/opt/rviz_ogre_vendor/lib:/opt/ros/humble/lib/x86_64-linux-gnu:/opt/ros/humble/lib:/opt/MVS/lib/64:/opt/MVS/lib/32:/opt/MVS/lib/64:/opt/MVS/lib/32:/opt/MVS/lib/64:/opt/MVS/lib/32 PYTHONPATH=/home/wjrgfdy/rm_ws/install/auto_aim_interfaces/local/lib/python3.10/dist-packages:${PYTHONPATH} _=/usr/bin/env /usr/local/bin/cmake --build /home/wjrgfdy/rm_ws/build/armor_tracker -- -j12 -l12
[0.105s] Invoking command in '/home/wjrgfdy/rm_ws/build/armor_tracker': AMENT_PREFIX_PATH=/home/wjrgfdy/rm_ws/install/auto_aim_interfaces:${AMENT_PREFIX_PATH} CMAKE_PREFIX_PATH=/home/wjrgfdy/rm_ws/install/auto_aim_interfaces:/opt/ros/humble LD_LIBRARY_PATH=/home/wjrgfdy/rm_ws/install/auto_aim_interfaces/lib:/opt/ros/humble/opt/rviz_ogre_vendor/lib:/opt/ros/humble/lib/x86_64-linux-gnu:/opt/ros/humble/lib:/opt/MVS/lib/64:/opt/MVS/lib/32:/opt/MVS/lib/64:/opt/MVS/lib/32:/opt/MVS/lib/64:/opt/MVS/lib/32 PYTHONPATH=/home/wjrgfdy/rm_ws/install/auto_aim_interfaces/local/lib/python3.10/dist-packages:${PYTHONPATH} _=/usr/bin/env /usr/local/bin/cmake --install /home/wjrgfdy/rm_ws/build/armor_tracker
[0.108s] -- Install configuration: ""
[0.108s] -- Execute custom install script
[0.108s] -- Up-to-date symlink: /home/wjrgfdy/rm_ws/install/armor_tracker/lib/armor_tracker/armor_tracker_node
[0.109s] -- Up-to-date symlink: /home/wjrgfdy/rm_ws/install/armor_tracker/include/armor_tracker/extended_kalman_filter.hpp
[0.109s] -- Up-to-date symlink: /home/wjrgfdy/rm_ws/install/armor_tracker/include/armor_tracker/tracker.hpp
[0.109s] -- Up-to-date symlink: /home/wjrgfdy/rm_ws/install/armor_tracker/include/armor_tracker/tracker_node.hpp
[0.109s] -- Up-to-date symlink: /home/wjrgfdy/rm_ws/install/armor_tracker/share/armor_tracker/environment/library_path.sh
[0.109s] -- Up-to-date symlink: /home/wjrgfdy/rm_ws/install/armor_tracker/share/armor_tracker/environment/library_path.dsv
[0.110s] -- Up-to-date symlink: /home/wjrgfdy/rm_ws/install/armor_tracker/lib/libarmor_tracker.so
[0.110s] -- Up-to-date symlink: /home/wjrgfdy/rm_ws/install/armor_tracker/share/ament_index/resource_index/package_run_dependencies/armor_tracker
[0.110s] -- Up-to-date symlink: /home/wjrgfdy/rm_ws/install/armor_tracker/share/ament_index/resource_index/parent_prefix_path/armor_tracker
[0.110s] -- Up-to-date symlink: /home/wjrgfdy/rm_ws/install/armor_tracker/share/armor_tracker/environment/ament_prefix_path.sh
[0.110s] -- Up-to-date symlink: /home/wjrgfdy/rm_ws/install/armor_tracker/share/armor_tracker/environment/ament_prefix_path.dsv
[0.111s] -- Up-to-date symlink: /home/wjrgfdy/rm_ws/install/armor_tracker/share/armor_tracker/environment/path.sh
[0.111s] -- Up-to-date symlink: /home/wjrgfdy/rm_ws/install/armor_tracker/share/armor_tracker/environment/path.dsv
[0.111s] -- Up-to-date symlink: /home/wjrgfdy/rm_ws/install/armor_tracker/share/armor_tracker/local_setup.bash
[0.111s] -- Up-to-date symlink: /home/wjrgfdy/rm_ws/install/armor_tracker/share/armor_tracker/local_setup.sh
[0.111s] -- Up-to-date symlink: /home/wjrgfdy/rm_ws/install/armor_tracker/share/armor_tracker/local_setup.zsh
[0.111s] -- Up-to-date symlink: /home/wjrgfdy/rm_ws/install/armor_tracker/share/armor_tracker/local_setup.dsv
[0.111s] -- Symlinking: /home/wjrgfdy/rm_ws/install/armor_tracker/share/armor_tracker/package.dsv
[0.115s] -- Up-to-date symlink: /home/wjrgfdy/rm_ws/install/armor_tracker/share/ament_index/resource_index/packages/armor_tracker
[0.115s] -- Up-to-date symlink: /home/wjrgfdy/rm_ws/install/armor_tracker/share/ament_index/resource_index/rclcpp_components/armor_tracker
[0.115s] -- Up-to-date symlink: /home/wjrgfdy/rm_ws/install/armor_tracker/share/armor_tracker/cmake/ament_cmake_export_dependencies-extras.cmake
[0.116s] -- Up-to-date symlink: /home/wjrgfdy/rm_ws/install/armor_tracker/share/armor_tracker/cmake/ament_cmake_export_include_directories-extras.cmake
[0.116s] -- Up-to-date symlink: /home/wjrgfdy/rm_ws/install/armor_tracker/share/armor_tracker/cmake/ament_cmake_export_libraries-extras.cmake
[0.117s] -- Up-to-date symlink: /home/wjrgfdy/rm_ws/install/armor_tracker/share/armor_tracker/cmake/armor_trackerConfig.cmake
[0.117s] -- Up-to-date symlink: /home/wjrgfdy/rm_ws/install/armor_tracker/share/armor_tracker/cmake/armor_trackerConfig-version.cmake
[0.117s] -- Up-to-date symlink: /home/wjrgfdy/rm_ws/install/armor_tracker/share/armor_tracker/package.xml
[0.118s] Invoked command in '/home/wjrgfdy/rm_ws/build/armor_tracker' returned '0': AMENT_PREFIX_PATH=/home/wjrgfdy/rm_ws/install/auto_aim_interfaces:${AMENT_PREFIX_PATH} CMAKE_PREFIX_PATH=/home/wjrgfdy/rm_ws/install/auto_aim_interfaces:/opt/ros/humble LD_LIBRARY_PATH=/home/wjrgfdy/rm_ws/install/auto_aim_interfaces/lib:/opt/ros/humble/opt/rviz_ogre_vendor/lib:/opt/ros/humble/lib/x86_64-linux-gnu:/opt/ros/humble/lib:/opt/MVS/lib/64:/opt/MVS/lib/32:/opt/MVS/lib/64:/opt/MVS/lib/32:/opt/MVS/lib/64:/opt/MVS/lib/32 PYTHONPATH=/home/wjrgfdy/rm_ws/install/auto_aim_interfaces/local/lib/python3.10/dist-packages:${PYTHONPATH} _=/usr/bin/env /usr/local/bin/cmake --install /home/wjrgfdy/rm_ws/build/armor_tracker
