[0.270s] Invoking command in '/home/wjrgfdy/rm_ws/build/auto_aim_interfaces': CMAKE_PREFIX_PATH=${CMAKE_PREFIX_PATH}:/home/wjrgfdy/rm_ws/install/camera_calibration:/opt/ros/humble _=/usr/bin/env /usr/local/bin/cmake --build /home/wjrgfdy/rm_ws/build/auto_aim_interfaces -- -j12 -l12
[0.740s] [  1%] Built target auto_aim_interfaces__cpp
[0.740s] [  1%] Built target ament_cmake_python_symlink_auto_aim_interfaces
[0.740s] [ 12%] Built target auto_aim_interfaces__rosidl_generator_c
[0.740s] [ 16%] [32mBuilding CXX object CMakeFiles/auto_aim_interfaces__rosidl_typesupport_cpp.dir/rosidl_typesupport_cpp/auto_aim_interfaces/msg/armors__type_support.cpp.o[0m
[0.740s] [ 16%] [32mBuilding CXX object CMakeFiles/auto_aim_interfaces__rosidl_typesupport_fastrtps_cpp.dir/rosidl_typesupport_fastrtps_cpp/auto_aim_interfaces/msg/detail/dds_fastrtps/armor__type_support.cpp.o[0m
[0.740s] [ 16%] [32mBuilding CXX object CMakeFiles/auto_aim_interfaces__rosidl_typesupport_fastrtps_cpp.dir/rosidl_typesupport_fastrtps_cpp/auto_aim_interfaces/msg/detail/dds_fastrtps/armors__type_support.cpp.o[0m
[0.740s] [ 18%] [32mBuilding CXX object CMakeFiles/auto_aim_interfaces__rosidl_typesupport_cpp.dir/rosidl_typesupport_cpp/auto_aim_interfaces/msg/armor__type_support.cpp.o[0m
[0.740s] [ 17%] [32mBuilding CXX object CMakeFiles/auto_aim_interfaces__rosidl_typesupport_introspection_cpp.dir/rosidl_typesupport_introspection_cpp/auto_aim_interfaces/msg/detail/armor__type_support.cpp.o[0m
[0.740s] [ 19%] [32mBuilding CXX object CMakeFiles/auto_aim_interfaces__rosidl_typesupport_fastrtps_cpp.dir/rosidl_typesupport_fastrtps_cpp/auto_aim_interfaces/msg/detail/dds_fastrtps/target__type_support.cpp.o[0m
[0.740s] [ 20%] [32mBuilding CXX object CMakeFiles/auto_aim_interfaces__rosidl_typesupport_introspection_cpp.dir/rosidl_typesupport_introspection_cpp/auto_aim_interfaces/msg/detail/armors__type_support.cpp.o[0m
[0.741s] [ 21%] [32mBuilding CXX object CMakeFiles/auto_aim_interfaces__rosidl_typesupport_cpp.dir/rosidl_typesupport_cpp/auto_aim_interfaces/msg/target__type_support.cpp.o[0m
[0.741s] [ 33%] Built target auto_aim_interfaces__rosidl_typesupport_c
[0.741s] [ 34%] [32mBuilding CXX object CMakeFiles/auto_aim_interfaces__rosidl_typesupport_fastrtps_c.dir/rosidl_typesupport_fastrtps_c/auto_aim_interfaces/msg/detail/armors__type_support_c.cpp.o[0m
[0.741s] [ 37%] [32mBuilding CXX object CMakeFiles/auto_aim_interfaces__rosidl_typesupport_fastrtps_c.dir/rosidl_typesupport_fastrtps_c/auto_aim_interfaces/msg/detail/armor__type_support_c.cpp.o[0m
[0.741s] [ 47%] Built target auto_aim_interfaces__rosidl_typesupport_introspection_c
[0.741s] [ 48%] [32mBuilding CXX object CMakeFiles/auto_aim_interfaces__rosidl_typesupport_fastrtps_c.dir/rosidl_typesupport_fastrtps_c/auto_aim_interfaces/msg/detail/target__type_support_c.cpp.o[0m
[0.741s] running egg_info
[0.741s] writing auto_aim_interfaces.egg-info/PKG-INFO
[0.741s] writing dependency_links to auto_aim_interfaces.egg-info/dependency_links.txt
[0.741s] writing top-level names to auto_aim_interfaces.egg-info/top_level.txt
[0.741s] reading manifest file 'auto_aim_interfaces.egg-info/SOURCES.txt'
[0.741s] writing manifest file 'auto_aim_interfaces.egg-info/SOURCES.txt'
[0.742s] [ 48%] Built target ament_cmake_python_build_auto_aim_interfaces_egg
[0.742s] [ 49%] [32mBuilding CXX object CMakeFiles/auto_aim_interfaces__rosidl_typesupport_fastrtps_c.dir/rosidl_typesupport_fastrtps_c/auto_aim_interfaces/msg/detail/debug_light__type_support_c.cpp.o[0m
[0.776s] [ 50%] [32mBuilding CXX object CMakeFiles/auto_aim_interfaces__rosidl_typesupport_introspection_cpp.dir/rosidl_typesupport_introspection_cpp/auto_aim_interfaces/msg/detail/target__type_support.cpp.o[0m
[0.828s] [ 51%] [32mBuilding CXX object CMakeFiles/auto_aim_interfaces__rosidl_typesupport_introspection_cpp.dir/rosidl_typesupport_introspection_cpp/auto_aim_interfaces/msg/detail/debug_light__type_support.cpp.o[0m
[0.861s] [ 52%] [32mBuilding CXX object CMakeFiles/auto_aim_interfaces__rosidl_typesupport_cpp.dir/rosidl_typesupport_cpp/auto_aim_interfaces/msg/debug_light__type_support.cpp.o[0m
[0.876s] [ 54%] [32mBuilding CXX object CMakeFiles/auto_aim_interfaces__rosidl_typesupport_fastrtps_c.dir/rosidl_typesupport_fastrtps_c/auto_aim_interfaces/msg/detail/debug_lights__type_support_c.cpp.o[0m
[0.880s] [ 55%] [32mBuilding CXX object CMakeFiles/auto_aim_interfaces__rosidl_typesupport_fastrtps_c.dir/rosidl_typesupport_fastrtps_c/auto_aim_interfaces/msg/detail/debug_armor__type_support_c.cpp.o[0m
[0.949s] [ 56%] [32mBuilding CXX object CMakeFiles/auto_aim_interfaces__rosidl_typesupport_fastrtps_cpp.dir/rosidl_typesupport_fastrtps_cpp/auto_aim_interfaces/msg/detail/dds_fastrtps/debug_light__type_support.cpp.o[0m
[1.129s] [ 57%] [32mBuilding CXX object CMakeFiles/auto_aim_interfaces__rosidl_typesupport_fastrtps_c.dir/rosidl_typesupport_fastrtps_c/auto_aim_interfaces/msg/detail/debug_armors__type_support_c.cpp.o[0m
[1.152s] [ 58%] [32mBuilding CXX object CMakeFiles/auto_aim_interfaces__rosidl_typesupport_introspection_cpp.dir/rosidl_typesupport_introspection_cpp/auto_aim_interfaces/msg/detail/debug_lights__type_support.cpp.o[0m
[1.231s] [ 59%] [32mBuilding CXX object CMakeFiles/auto_aim_interfaces__rosidl_typesupport_fastrtps_cpp.dir/rosidl_typesupport_fastrtps_cpp/auto_aim_interfaces/msg/detail/dds_fastrtps/debug_lights__type_support.cpp.o[0m
[1.363s] [ 60%] [32mBuilding CXX object CMakeFiles/auto_aim_interfaces__rosidl_typesupport_fastrtps_cpp.dir/rosidl_typesupport_fastrtps_cpp/auto_aim_interfaces/msg/detail/dds_fastrtps/debug_armor__type_support.cpp.o[0m
[1.410s] [ 62%] [32mBuilding CXX object CMakeFiles/auto_aim_interfaces__rosidl_typesupport_fastrtps_c.dir/rosidl_typesupport_fastrtps_c/auto_aim_interfaces/msg/detail/tracker_info__type_support_c.cpp.o[0m
[1.652s] [ 63%] [32mBuilding CXX object CMakeFiles/auto_aim_interfaces__rosidl_typesupport_fastrtps_cpp.dir/rosidl_typesupport_fastrtps_cpp/auto_aim_interfaces/msg/detail/dds_fastrtps/debug_armors__type_support.cpp.o[0m
[1.851s] [ 64%] [32mBuilding CXX object CMakeFiles/auto_aim_interfaces__rosidl_typesupport_introspection_cpp.dir/rosidl_typesupport_introspection_cpp/auto_aim_interfaces/msg/detail/debug_armor__type_support.cpp.o[0m
[2.073s] [ 65%] [32mBuilding CXX object CMakeFiles/auto_aim_interfaces__rosidl_typesupport_cpp.dir/rosidl_typesupport_cpp/auto_aim_interfaces/msg/debug_lights__type_support.cpp.o[0m
[2.141s] [ 66%] [32mBuilding CXX object CMakeFiles/auto_aim_interfaces__rosidl_typesupport_introspection_cpp.dir/rosidl_typesupport_introspection_cpp/auto_aim_interfaces/msg/detail/debug_armors__type_support.cpp.o[0m
[2.359s] [ 67%] [32mBuilding CXX object CMakeFiles/auto_aim_interfaces__rosidl_typesupport_introspection_cpp.dir/rosidl_typesupport_introspection_cpp/auto_aim_interfaces/msg/detail/tracker_info__type_support.cpp.o[0m
[2.423s] [ 68%] [32mBuilding CXX object CMakeFiles/auto_aim_interfaces__rosidl_typesupport_cpp.dir/rosidl_typesupport_cpp/auto_aim_interfaces/msg/debug_armor__type_support.cpp.o[0m
[2.478s] [ 70%] [32mBuilding CXX object CMakeFiles/auto_aim_interfaces__rosidl_typesupport_cpp.dir/rosidl_typesupport_cpp/auto_aim_interfaces/msg/debug_armors__type_support.cpp.o[0m
[2.497s] [ 71%] [32mBuilding CXX object CMakeFiles/auto_aim_interfaces__rosidl_typesupport_fastrtps_cpp.dir/rosidl_typesupport_fastrtps_cpp/auto_aim_interfaces/msg/detail/dds_fastrtps/tracker_info__type_support.cpp.o[0m
[2.800s] [ 72%] [32mBuilding CXX object CMakeFiles/auto_aim_interfaces__rosidl_typesupport_cpp.dir/rosidl_typesupport_cpp/auto_aim_interfaces/msg/tracker_info__type_support.cpp.o[0m
[3.067s] [ 73%] [32m[1mLinking CXX shared library libauto_aim_interfaces__rosidl_typesupport_fastrtps_c.so[0m
[3.612s] [ 74%] Built target auto_aim_interfaces__rosidl_typesupport_fastrtps_c
[3.813s] [ 75%] [32m[1mLinking CXX shared library libauto_aim_interfaces__rosidl_typesupport_fastrtps_cpp.so[0m
[3.931s] [ 77%] [32m[1mLinking CXX shared library libauto_aim_interfaces__rosidl_typesupport_introspection_cpp.so[0m
[4.034s] [ 78%] Built target auto_aim_interfaces__rosidl_typesupport_fastrtps_cpp
[4.047s] [ 79%] [32m[1mLinking CXX shared library libauto_aim_interfaces__rosidl_typesupport_cpp.so[0m
[4.160s] [ 80%] Built target auto_aim_interfaces__rosidl_typesupport_cpp
[4.167s] [ 81%] Built target auto_aim_interfaces__rosidl_typesupport_introspection_cpp
[4.217s] [ 81%] Built target auto_aim_interfaces
[4.278s] [ 82%] Built target auto_aim_interfaces__py
[4.385s] [ 83%] [32mBuilding C object CMakeFiles/auto_aim_interfaces__rosidl_generator_py.dir/rosidl_generator_py/auto_aim_interfaces/msg/_armor_s.c.o[0m
[4.392s] [ 85%] [32mBuilding C object CMakeFiles/auto_aim_interfaces__rosidl_generator_py.dir/rosidl_generator_py/auto_aim_interfaces/msg/_armors_s.c.o[0m
[4.416s] [ 86%] [32mBuilding C object CMakeFiles/auto_aim_interfaces__rosidl_generator_py.dir/rosidl_generator_py/auto_aim_interfaces/msg/_target_s.c.o[0m
[4.437s] [ 87%] [32mBuilding C object CMakeFiles/auto_aim_interfaces__rosidl_generator_py.dir/rosidl_generator_py/auto_aim_interfaces/msg/_debug_light_s.c.o[0m
[4.509s] [ 88%] [32mBuilding C object CMakeFiles/auto_aim_interfaces__rosidl_generator_py.dir/rosidl_generator_py/auto_aim_interfaces/msg/_debug_lights_s.c.o[0m
[4.531s] [ 89%] [32mBuilding C object CMakeFiles/auto_aim_interfaces__rosidl_generator_py.dir/rosidl_generator_py/auto_aim_interfaces/msg/_debug_armor_s.c.o[0m
[4.533s] [ 90%] [32mBuilding C object CMakeFiles/auto_aim_interfaces__rosidl_generator_py.dir/rosidl_generator_py/auto_aim_interfaces/msg/_debug_armors_s.c.o[0m
[4.562s] [ 91%] [32mBuilding C object CMakeFiles/auto_aim_interfaces__rosidl_generator_py.dir/rosidl_generator_py/auto_aim_interfaces/msg/_tracker_info_s.c.o[0m
[5.066s] [ 93%] [32m[1mLinking C shared library rosidl_generator_py/auto_aim_interfaces/libauto_aim_interfaces__rosidl_generator_py.so[0m
[5.218s] [ 93%] Built target auto_aim_interfaces__rosidl_generator_py
[5.351s] [ 94%] [32mBuilding C object CMakeFiles/auto_aim_interfaces__rosidl_typesupport_fastrtps_c__pyext.dir/rosidl_generator_py/auto_aim_interfaces/_auto_aim_interfaces_s.ep.rosidl_typesupport_fastrtps_c.c.o[0m
[5.369s] [ 95%] [32mBuilding C object CMakeFiles/auto_aim_interfaces__rosidl_typesupport_introspection_c__pyext.dir/rosidl_generator_py/auto_aim_interfaces/_auto_aim_interfaces_s.ep.rosidl_typesupport_introspection_c.c.o[0m
[5.419s] [ 96%] [32mBuilding C object CMakeFiles/auto_aim_interfaces__rosidl_typesupport_c__pyext.dir/rosidl_generator_py/auto_aim_interfaces/_auto_aim_interfaces_s.ep.rosidl_typesupport_c.c.o[0m
[5.731s] [ 97%] [32m[1mLinking C shared library rosidl_generator_py/auto_aim_interfaces/auto_aim_interfaces_s__rosidl_typesupport_c.cpython-310-x86_64-linux-gnu.so[0m
[5.752s] [ 98%] [32m[1mLinking C shared library rosidl_generator_py/auto_aim_interfaces/auto_aim_interfaces_s__rosidl_typesupport_fastrtps_c.cpython-310-x86_64-linux-gnu.so[0m
[5.850s] [100%] [32m[1mLinking C shared library rosidl_generator_py/auto_aim_interfaces/auto_aim_interfaces_s__rosidl_typesupport_introspection_c.cpython-310-x86_64-linux-gnu.so[0m
[5.880s] [100%] Built target auto_aim_interfaces__rosidl_typesupport_c__pyext
[5.903s] [100%] Built target auto_aim_interfaces__rosidl_typesupport_fastrtps_c__pyext
[6.009s] [100%] Built target auto_aim_interfaces__rosidl_typesupport_introspection_c__pyext
[6.030s] Invoked command in '/home/wjrgfdy/rm_ws/build/auto_aim_interfaces' returned '0': CMAKE_PREFIX_PATH=${CMAKE_PREFIX_PATH}:/home/wjrgfdy/rm_ws/install/camera_calibration:/opt/ros/humble _=/usr/bin/env /usr/local/bin/cmake --build /home/wjrgfdy/rm_ws/build/auto_aim_interfaces -- -j12 -l12
[8.047s] Invoking command in '/home/wjrgfdy/rm_ws/build/auto_aim_interfaces': CMAKE_PREFIX_PATH=${CMAKE_PREFIX_PATH}:/home/wjrgfdy/rm_ws/install/camera_calibration:/opt/ros/humble _=/usr/bin/env /usr/local/bin/cmake --install /home/wjrgfdy/rm_ws/build/auto_aim_interfaces
[8.076s] -- Install configuration: ""
[8.076s] -- Execute custom install script
[8.077s] -- Up-to-date symlink: /home/wjrgfdy/rm_ws/install/auto_aim_interfaces/share/ament_index/resource_index/rosidl_interfaces/auto_aim_interfaces
[8.077s] -- Up-to-date symlink: /home/wjrgfdy/rm_ws/install/auto_aim_interfaces/include/auto_aim_interfaces/auto_aim_interfaces/msg/armor.h
[8.077s] -- Up-to-date symlink: /home/wjrgfdy/rm_ws/install/auto_aim_interfaces/include/auto_aim_interfaces/auto_aim_interfaces/msg/armors.h
[8.077s] -- Up-to-date symlink: /home/wjrgfdy/rm_ws/install/auto_aim_interfaces/include/auto_aim_interfaces/auto_aim_interfaces/msg/debug_armor.h
[8.077s] -- Up-to-date symlink: /home/wjrgfdy/rm_ws/install/auto_aim_interfaces/include/auto_aim_interfaces/auto_aim_interfaces/msg/debug_armors.h
[8.077s] -- Up-to-date symlink: /home/wjrgfdy/rm_ws/install/auto_aim_interfaces/include/auto_aim_interfaces/auto_aim_interfaces/msg/debug_light.h
[8.077s] -- Up-to-date symlink: /home/wjrgfdy/rm_ws/install/auto_aim_interfaces/include/auto_aim_interfaces/auto_aim_interfaces/msg/debug_lights.h
[8.077s] -- Up-to-date symlink: /home/wjrgfdy/rm_ws/install/auto_aim_interfaces/include/auto_aim_interfaces/auto_aim_interfaces/msg/detail/armor__functions.h
[8.078s] -- Up-to-date symlink: /home/wjrgfdy/rm_ws/install/auto_aim_interfaces/include/auto_aim_interfaces/auto_aim_interfaces/msg/detail/armor__struct.h
[8.078s] -- Up-to-date symlink: /home/wjrgfdy/rm_ws/install/auto_aim_interfaces/include/auto_aim_interfaces/auto_aim_interfaces/msg/detail/armor__type_support.h
[8.078s] -- Up-to-date symlink: /home/wjrgfdy/rm_ws/install/auto_aim_interfaces/include/auto_aim_interfaces/auto_aim_interfaces/msg/detail/armors__functions.h
[8.078s] -- Up-to-date symlink: /home/wjrgfdy/rm_ws/install/auto_aim_interfaces/include/auto_aim_interfaces/auto_aim_interfaces/msg/detail/armors__struct.h
[8.078s] -- Up-to-date symlink: /home/wjrgfdy/rm_ws/install/auto_aim_interfaces/include/auto_aim_interfaces/auto_aim_interfaces/msg/detail/armors__type_support.h
[8.078s] -- Up-to-date symlink: /home/wjrgfdy/rm_ws/install/auto_aim_interfaces/include/auto_aim_interfaces/auto_aim_interfaces/msg/detail/debug_armor__functions.h
[8.078s] -- Up-to-date symlink: /home/wjrgfdy/rm_ws/install/auto_aim_interfaces/include/auto_aim_interfaces/auto_aim_interfaces/msg/detail/debug_armor__struct.h
[8.078s] -- Up-to-date symlink: /home/wjrgfdy/rm_ws/install/auto_aim_interfaces/include/auto_aim_interfaces/auto_aim_interfaces/msg/detail/debug_armor__type_support.h
[8.078s] -- Up-to-date symlink: /home/wjrgfdy/rm_ws/install/auto_aim_interfaces/include/auto_aim_interfaces/auto_aim_interfaces/msg/detail/debug_armors__functions.h
[8.078s] -- Up-to-date symlink: /home/wjrgfdy/rm_ws/install/auto_aim_interfaces/include/auto_aim_interfaces/auto_aim_interfaces/msg/detail/debug_armors__struct.h
[8.079s] -- Up-to-date symlink: /home/wjrgfdy/rm_ws/install/auto_aim_interfaces/include/auto_aim_interfaces/auto_aim_interfaces/msg/detail/debug_armors__type_support.h
[8.079s] -- Up-to-date symlink: /home/wjrgfdy/rm_ws/install/auto_aim_interfaces/include/auto_aim_interfaces/auto_aim_interfaces/msg/detail/debug_light__functions.h
[8.079s] -- Up-to-date symlink: /home/wjrgfdy/rm_ws/install/auto_aim_interfaces/include/auto_aim_interfaces/auto_aim_interfaces/msg/detail/debug_light__struct.h
[8.079s] -- Up-to-date symlink: /home/wjrgfdy/rm_ws/install/auto_aim_interfaces/include/auto_aim_interfaces/auto_aim_interfaces/msg/detail/debug_light__type_support.h
[8.079s] -- Up-to-date symlink: /home/wjrgfdy/rm_ws/install/auto_aim_interfaces/include/auto_aim_interfaces/auto_aim_interfaces/msg/detail/debug_lights__functions.h
[8.079s] -- Up-to-date symlink: /home/wjrgfdy/rm_ws/install/auto_aim_interfaces/include/auto_aim_interfaces/auto_aim_interfaces/msg/detail/debug_lights__struct.h
[8.079s] -- Up-to-date symlink: /home/wjrgfdy/rm_ws/install/auto_aim_interfaces/include/auto_aim_interfaces/auto_aim_interfaces/msg/detail/debug_lights__type_support.h
[8.079s] -- Up-to-date symlink: /home/wjrgfdy/rm_ws/install/auto_aim_interfaces/include/auto_aim_interfaces/auto_aim_interfaces/msg/detail/target__functions.h
[8.080s] -- Up-to-date symlink: /home/wjrgfdy/rm_ws/install/auto_aim_interfaces/include/auto_aim_interfaces/auto_aim_interfaces/msg/detail/target__struct.h
[8.080s] -- Up-to-date symlink: /home/wjrgfdy/rm_ws/install/auto_aim_interfaces/include/auto_aim_interfaces/auto_aim_interfaces/msg/detail/target__type_support.h
[8.080s] -- Up-to-date symlink: /home/wjrgfdy/rm_ws/install/auto_aim_interfaces/include/auto_aim_interfaces/auto_aim_interfaces/msg/detail/tracker_info__functions.h
[8.080s] -- Up-to-date symlink: /home/wjrgfdy/rm_ws/install/auto_aim_interfaces/include/auto_aim_interfaces/auto_aim_interfaces/msg/detail/tracker_info__struct.h
[8.080s] -- Up-to-date symlink: /home/wjrgfdy/rm_ws/install/auto_aim_interfaces/include/auto_aim_interfaces/auto_aim_interfaces/msg/detail/tracker_info__type_support.h
[8.080s] -- Up-to-date symlink: /home/wjrgfdy/rm_ws/install/auto_aim_interfaces/include/auto_aim_interfaces/auto_aim_interfaces/msg/rosidl_generator_c__visibility_control.h
[8.080s] -- Up-to-date symlink: /home/wjrgfdy/rm_ws/install/auto_aim_interfaces/include/auto_aim_interfaces/auto_aim_interfaces/msg/target.h
[8.080s] -- Up-to-date symlink: /home/wjrgfdy/rm_ws/install/auto_aim_interfaces/include/auto_aim_interfaces/auto_aim_interfaces/msg/tracker_info.h
[8.080s] -- Up-to-date symlink: /home/wjrgfdy/rm_ws/install/auto_aim_interfaces/share/auto_aim_interfaces/environment/library_path.sh
[8.081s] -- Up-to-date symlink: /home/wjrgfdy/rm_ws/install/auto_aim_interfaces/share/auto_aim_interfaces/environment/library_path.dsv
[8.081s] -- Up-to-date symlink: /home/wjrgfdy/rm_ws/install/auto_aim_interfaces/include/auto_aim_interfaces/auto_aim_interfaces/msg/detail/armor__rosidl_typesupport_fastrtps_c.h
[8.081s] -- Up-to-date symlink: /home/wjrgfdy/rm_ws/install/auto_aim_interfaces/include/auto_aim_interfaces/auto_aim_interfaces/msg/detail/armors__rosidl_typesupport_fastrtps_c.h
[8.081s] -- Up-to-date symlink: /home/wjrgfdy/rm_ws/install/auto_aim_interfaces/include/auto_aim_interfaces/auto_aim_interfaces/msg/detail/debug_armor__rosidl_typesupport_fastrtps_c.h
[8.081s] -- Up-to-date symlink: /home/wjrgfdy/rm_ws/install/auto_aim_interfaces/include/auto_aim_interfaces/auto_aim_interfaces/msg/detail/debug_armors__rosidl_typesupport_fastrtps_c.h
[8.081s] -- Up-to-date symlink: /home/wjrgfdy/rm_ws/install/auto_aim_interfaces/include/auto_aim_interfaces/auto_aim_interfaces/msg/detail/debug_light__rosidl_typesupport_fastrtps_c.h
[8.081s] -- Up-to-date symlink: /home/wjrgfdy/rm_ws/install/auto_aim_interfaces/include/auto_aim_interfaces/auto_aim_interfaces/msg/detail/debug_lights__rosidl_typesupport_fastrtps_c.h
[8.081s] -- Up-to-date symlink: /home/wjrgfdy/rm_ws/install/auto_aim_interfaces/include/auto_aim_interfaces/auto_aim_interfaces/msg/detail/target__rosidl_typesupport_fastrtps_c.h
[8.081s] -- Up-to-date symlink: /home/wjrgfdy/rm_ws/install/auto_aim_interfaces/include/auto_aim_interfaces/auto_aim_interfaces/msg/detail/tracker_info__rosidl_typesupport_fastrtps_c.h
[8.081s] -- Up-to-date symlink: /home/wjrgfdy/rm_ws/install/auto_aim_interfaces/include/auto_aim_interfaces/auto_aim_interfaces/msg/rosidl_typesupport_fastrtps_c__visibility_control.h
[8.082s] -- Up-to-date symlink: /home/wjrgfdy/rm_ws/install/auto_aim_interfaces/include/auto_aim_interfaces/auto_aim_interfaces/msg/detail/armor__rosidl_typesupport_introspection_c.h
[8.082s] -- Up-to-date symlink: /home/wjrgfdy/rm_ws/install/auto_aim_interfaces/include/auto_aim_interfaces/auto_aim_interfaces/msg/detail/armors__rosidl_typesupport_introspection_c.h
[8.082s] -- Up-to-date symlink: /home/wjrgfdy/rm_ws/install/auto_aim_interfaces/include/auto_aim_interfaces/auto_aim_interfaces/msg/detail/debug_armor__rosidl_typesupport_introspection_c.h
[8.082s] -- Up-to-date symlink: /home/wjrgfdy/rm_ws/install/auto_aim_interfaces/include/auto_aim_interfaces/auto_aim_interfaces/msg/detail/debug_armors__rosidl_typesupport_introspection_c.h
[8.082s] -- Up-to-date symlink: /home/wjrgfdy/rm_ws/install/auto_aim_interfaces/include/auto_aim_interfaces/auto_aim_interfaces/msg/detail/debug_light__rosidl_typesupport_introspection_c.h
[8.082s] -- Up-to-date symlink: /home/wjrgfdy/rm_ws/install/auto_aim_interfaces/include/auto_aim_interfaces/auto_aim_interfaces/msg/detail/debug_lights__rosidl_typesupport_introspection_c.h
[8.082s] -- Up-to-date symlink: /home/wjrgfdy/rm_ws/install/auto_aim_interfaces/include/auto_aim_interfaces/auto_aim_interfaces/msg/detail/target__rosidl_typesupport_introspection_c.h
[8.082s] -- Up-to-date symlink: /home/wjrgfdy/rm_ws/install/auto_aim_interfaces/include/auto_aim_interfaces/auto_aim_interfaces/msg/detail/tracker_info__rosidl_typesupport_introspection_c.h
[8.082s] -- Up-to-date symlink: /home/wjrgfdy/rm_ws/install/auto_aim_interfaces/include/auto_aim_interfaces/auto_aim_interfaces/msg/rosidl_typesupport_introspection_c__visibility_control.h
[8.082s] -- Up-to-date symlink: /home/wjrgfdy/rm_ws/install/auto_aim_interfaces/include/auto_aim_interfaces/auto_aim_interfaces/msg/armor.hpp
[8.083s] -- Up-to-date symlink: /home/wjrgfdy/rm_ws/install/auto_aim_interfaces/include/auto_aim_interfaces/auto_aim_interfaces/msg/armors.hpp
[8.083s] -- Up-to-date symlink: /home/wjrgfdy/rm_ws/install/auto_aim_interfaces/include/auto_aim_interfaces/auto_aim_interfaces/msg/debug_armor.hpp
[8.083s] -- Up-to-date symlink: /home/wjrgfdy/rm_ws/install/auto_aim_interfaces/include/auto_aim_interfaces/auto_aim_interfaces/msg/debug_armors.hpp
[8.083s] -- Up-to-date symlink: /home/wjrgfdy/rm_ws/install/auto_aim_interfaces/include/auto_aim_interfaces/auto_aim_interfaces/msg/debug_light.hpp
[8.083s] -- Up-to-date symlink: /home/wjrgfdy/rm_ws/install/auto_aim_interfaces/include/auto_aim_interfaces/auto_aim_interfaces/msg/debug_lights.hpp
[8.083s] -- Up-to-date symlink: /home/wjrgfdy/rm_ws/install/auto_aim_interfaces/include/auto_aim_interfaces/auto_aim_interfaces/msg/detail/armor__builder.hpp
[8.083s] -- Up-to-date symlink: /home/wjrgfdy/rm_ws/install/auto_aim_interfaces/include/auto_aim_interfaces/auto_aim_interfaces/msg/detail/armor__struct.hpp
[8.083s] -- Up-to-date symlink: /home/wjrgfdy/rm_ws/install/auto_aim_interfaces/include/auto_aim_interfaces/auto_aim_interfaces/msg/detail/armor__traits.hpp
[8.083s] -- Up-to-date symlink: /home/wjrgfdy/rm_ws/install/auto_aim_interfaces/include/auto_aim_interfaces/auto_aim_interfaces/msg/detail/armors__builder.hpp
[8.084s] -- Up-to-date symlink: /home/wjrgfdy/rm_ws/install/auto_aim_interfaces/include/auto_aim_interfaces/auto_aim_interfaces/msg/detail/armors__struct.hpp
[8.084s] -- Up-to-date symlink: /home/wjrgfdy/rm_ws/install/auto_aim_interfaces/include/auto_aim_interfaces/auto_aim_interfaces/msg/detail/armors__traits.hpp
[8.084s] -- Up-to-date symlink: /home/wjrgfdy/rm_ws/install/auto_aim_interfaces/include/auto_aim_interfaces/auto_aim_interfaces/msg/detail/debug_armor__builder.hpp
[8.084s] -- Up-to-date symlink: /home/wjrgfdy/rm_ws/install/auto_aim_interfaces/include/auto_aim_interfaces/auto_aim_interfaces/msg/detail/debug_armor__struct.hpp
[8.084s] -- Up-to-date symlink: /home/wjrgfdy/rm_ws/install/auto_aim_interfaces/include/auto_aim_interfaces/auto_aim_interfaces/msg/detail/debug_armor__traits.hpp
[8.084s] -- Up-to-date symlink: /home/wjrgfdy/rm_ws/install/auto_aim_interfaces/include/auto_aim_interfaces/auto_aim_interfaces/msg/detail/debug_armors__builder.hpp
[8.084s] -- Up-to-date symlink: /home/wjrgfdy/rm_ws/install/auto_aim_interfaces/include/auto_aim_interfaces/auto_aim_interfaces/msg/detail/debug_armors__struct.hpp
[8.084s] -- Up-to-date symlink: /home/wjrgfdy/rm_ws/install/auto_aim_interfaces/include/auto_aim_interfaces/auto_aim_interfaces/msg/detail/debug_armors__traits.hpp
[8.084s] -- Up-to-date symlink: /home/wjrgfdy/rm_ws/install/auto_aim_interfaces/include/auto_aim_interfaces/auto_aim_interfaces/msg/detail/debug_light__builder.hpp
[8.084s] -- Up-to-date symlink: /home/wjrgfdy/rm_ws/install/auto_aim_interfaces/include/auto_aim_interfaces/auto_aim_interfaces/msg/detail/debug_light__struct.hpp
[8.085s] -- Up-to-date symlink: /home/wjrgfdy/rm_ws/install/auto_aim_interfaces/include/auto_aim_interfaces/auto_aim_interfaces/msg/detail/debug_light__traits.hpp
[8.085s] -- Up-to-date symlink: /home/wjrgfdy/rm_ws/install/auto_aim_interfaces/include/auto_aim_interfaces/auto_aim_interfaces/msg/detail/debug_lights__builder.hpp
[8.085s] -- Up-to-date symlink: /home/wjrgfdy/rm_ws/install/auto_aim_interfaces/include/auto_aim_interfaces/auto_aim_interfaces/msg/detail/debug_lights__struct.hpp
[8.085s] -- Up-to-date symlink: /home/wjrgfdy/rm_ws/install/auto_aim_interfaces/include/auto_aim_interfaces/auto_aim_interfaces/msg/detail/debug_lights__traits.hpp
[8.085s] -- Up-to-date symlink: /home/wjrgfdy/rm_ws/install/auto_aim_interfaces/include/auto_aim_interfaces/auto_aim_interfaces/msg/detail/target__builder.hpp
[8.085s] -- Up-to-date symlink: /home/wjrgfdy/rm_ws/install/auto_aim_interfaces/include/auto_aim_interfaces/auto_aim_interfaces/msg/detail/target__struct.hpp
[8.085s] -- Up-to-date symlink: /home/wjrgfdy/rm_ws/install/auto_aim_interfaces/include/auto_aim_interfaces/auto_aim_interfaces/msg/detail/target__traits.hpp
[8.085s] -- Up-to-date symlink: /home/wjrgfdy/rm_ws/install/auto_aim_interfaces/include/auto_aim_interfaces/auto_aim_interfaces/msg/detail/tracker_info__builder.hpp
[8.085s] -- Up-to-date symlink: /home/wjrgfdy/rm_ws/install/auto_aim_interfaces/include/auto_aim_interfaces/auto_aim_interfaces/msg/detail/tracker_info__struct.hpp
[8.085s] -- Up-to-date symlink: /home/wjrgfdy/rm_ws/install/auto_aim_interfaces/include/auto_aim_interfaces/auto_aim_interfaces/msg/detail/tracker_info__traits.hpp
[8.086s] -- Up-to-date symlink: /home/wjrgfdy/rm_ws/install/auto_aim_interfaces/include/auto_aim_interfaces/auto_aim_interfaces/msg/target.hpp
[8.086s] -- Up-to-date symlink: /home/wjrgfdy/rm_ws/install/auto_aim_interfaces/include/auto_aim_interfaces/auto_aim_interfaces/msg/tracker_info.hpp
[8.086s] -- Up-to-date symlink: /home/wjrgfdy/rm_ws/install/auto_aim_interfaces/include/auto_aim_interfaces/auto_aim_interfaces/msg/detail/armor__rosidl_typesupport_fastrtps_cpp.hpp
[8.086s] -- Up-to-date symlink: /home/wjrgfdy/rm_ws/install/auto_aim_interfaces/include/auto_aim_interfaces/auto_aim_interfaces/msg/detail/armors__rosidl_typesupport_fastrtps_cpp.hpp
[8.086s] -- Up-to-date symlink: /home/wjrgfdy/rm_ws/install/auto_aim_interfaces/include/auto_aim_interfaces/auto_aim_interfaces/msg/detail/debug_armor__rosidl_typesupport_fastrtps_cpp.hpp
[8.086s] -- Up-to-date symlink: /home/wjrgfdy/rm_ws/install/auto_aim_interfaces/include/auto_aim_interfaces/auto_aim_interfaces/msg/detail/debug_armors__rosidl_typesupport_fastrtps_cpp.hpp
[8.086s] -- Up-to-date symlink: /home/wjrgfdy/rm_ws/install/auto_aim_interfaces/include/auto_aim_interfaces/auto_aim_interfaces/msg/detail/debug_light__rosidl_typesupport_fastrtps_cpp.hpp
[8.086s] -- Up-to-date symlink: /home/wjrgfdy/rm_ws/install/auto_aim_interfaces/include/auto_aim_interfaces/auto_aim_interfaces/msg/detail/debug_lights__rosidl_typesupport_fastrtps_cpp.hpp
[8.086s] -- Up-to-date symlink: /home/wjrgfdy/rm_ws/install/auto_aim_interfaces/include/auto_aim_interfaces/auto_aim_interfaces/msg/detail/target__rosidl_typesupport_fastrtps_cpp.hpp
[8.086s] -- Up-to-date symlink: /home/wjrgfdy/rm_ws/install/auto_aim_interfaces/include/auto_aim_interfaces/auto_aim_interfaces/msg/detail/tracker_info__rosidl_typesupport_fastrtps_cpp.hpp
[8.087s] -- Up-to-date symlink: /home/wjrgfdy/rm_ws/install/auto_aim_interfaces/include/auto_aim_interfaces/auto_aim_interfaces/msg/rosidl_typesupport_fastrtps_cpp__visibility_control.h
[8.087s] -- Up-to-date symlink: /home/wjrgfdy/rm_ws/install/auto_aim_interfaces/include/auto_aim_interfaces/auto_aim_interfaces/msg/detail/armor__rosidl_typesupport_introspection_cpp.hpp
[8.087s] -- Up-to-date symlink: /home/wjrgfdy/rm_ws/install/auto_aim_interfaces/include/auto_aim_interfaces/auto_aim_interfaces/msg/detail/armors__rosidl_typesupport_introspection_cpp.hpp
[8.087s] -- Up-to-date symlink: /home/wjrgfdy/rm_ws/install/auto_aim_interfaces/include/auto_aim_interfaces/auto_aim_interfaces/msg/detail/debug_armor__rosidl_typesupport_introspection_cpp.hpp
[8.087s] -- Up-to-date symlink: /home/wjrgfdy/rm_ws/install/auto_aim_interfaces/include/auto_aim_interfaces/auto_aim_interfaces/msg/detail/debug_armors__rosidl_typesupport_introspection_cpp.hpp
[8.087s] -- Up-to-date symlink: /home/wjrgfdy/rm_ws/install/auto_aim_interfaces/include/auto_aim_interfaces/auto_aim_interfaces/msg/detail/debug_light__rosidl_typesupport_introspection_cpp.hpp
[8.087s] -- Up-to-date symlink: /home/wjrgfdy/rm_ws/install/auto_aim_interfaces/include/auto_aim_interfaces/auto_aim_interfaces/msg/detail/debug_lights__rosidl_typesupport_introspection_cpp.hpp
[8.087s] -- Up-to-date symlink: /home/wjrgfdy/rm_ws/install/auto_aim_interfaces/include/auto_aim_interfaces/auto_aim_interfaces/msg/detail/target__rosidl_typesupport_introspection_cpp.hpp
[8.087s] -- Up-to-date symlink: /home/wjrgfdy/rm_ws/install/auto_aim_interfaces/include/auto_aim_interfaces/auto_aim_interfaces/msg/detail/tracker_info__rosidl_typesupport_introspection_cpp.hpp
[8.087s] -- Up-to-date symlink: /home/wjrgfdy/rm_ws/install/auto_aim_interfaces/share/auto_aim_interfaces/environment/pythonpath.sh
[8.087s] -- Up-to-date symlink: /home/wjrgfdy/rm_ws/install/auto_aim_interfaces/share/auto_aim_interfaces/environment/pythonpath.dsv
[8.087s] -- Up-to-date symlink: /home/wjrgfdy/rm_ws/install/auto_aim_interfaces/local/lib/python3.10/dist-packages/auto_aim_interfaces-0.0.0-py3.10.egg-info/PKG-INFO
[8.088s] -- Up-to-date symlink: /home/wjrgfdy/rm_ws/install/auto_aim_interfaces/local/lib/python3.10/dist-packages/auto_aim_interfaces-0.0.0-py3.10.egg-info/SOURCES.txt
[8.088s] -- Up-to-date symlink: /home/wjrgfdy/rm_ws/install/auto_aim_interfaces/local/lib/python3.10/dist-packages/auto_aim_interfaces-0.0.0-py3.10.egg-info/dependency_links.txt
[8.088s] -- Up-to-date symlink: /home/wjrgfdy/rm_ws/install/auto_aim_interfaces/local/lib/python3.10/dist-packages/auto_aim_interfaces-0.0.0-py3.10.egg-info/top_level.txt
[8.088s] -- Up-to-date symlink: /home/wjrgfdy/rm_ws/install/auto_aim_interfaces/local/lib/python3.10/dist-packages/auto_aim_interfaces/__init__.py
[8.088s] -- Up-to-date symlink: /home/wjrgfdy/rm_ws/install/auto_aim_interfaces/local/lib/python3.10/dist-packages/auto_aim_interfaces/_auto_aim_interfaces_s.ep.rosidl_typesupport_c.c
[8.088s] -- Up-to-date symlink: /home/wjrgfdy/rm_ws/install/auto_aim_interfaces/local/lib/python3.10/dist-packages/auto_aim_interfaces/_auto_aim_interfaces_s.ep.rosidl_typesupport_fastrtps_c.c
[8.088s] -- Up-to-date symlink: /home/wjrgfdy/rm_ws/install/auto_aim_interfaces/local/lib/python3.10/dist-packages/auto_aim_interfaces/_auto_aim_interfaces_s.ep.rosidl_typesupport_introspection_c.c
[8.097s] -- Up-to-date symlink: /home/wjrgfdy/rm_ws/install/auto_aim_interfaces/local/lib/python3.10/dist-packages/auto_aim_interfaces/auto_aim_interfaces_s__rosidl_typesupport_c.cpython-310-x86_64-linux-gnu.so
[8.097s] -- Up-to-date symlink: /home/wjrgfdy/rm_ws/install/auto_aim_interfaces/local/lib/python3.10/dist-packages/auto_aim_interfaces/auto_aim_interfaces_s__rosidl_typesupport_fastrtps_c.cpython-310-x86_64-linux-gnu.so
[8.098s] -- Up-to-date symlink: /home/wjrgfdy/rm_ws/install/auto_aim_interfaces/local/lib/python3.10/dist-packages/auto_aim_interfaces/auto_aim_interfaces_s__rosidl_typesupport_introspection_c.cpython-310-x86_64-linux-gnu.so
[8.098s] -- Up-to-date symlink: /home/wjrgfdy/rm_ws/install/auto_aim_interfaces/local/lib/python3.10/dist-packages/auto_aim_interfaces/libauto_aim_interfaces__rosidl_generator_py.so
[8.098s] -- Up-to-date symlink: /home/wjrgfdy/rm_ws/install/auto_aim_interfaces/local/lib/python3.10/dist-packages/auto_aim_interfaces/msg/__init__.py
[8.098s] -- Up-to-date symlink: /home/wjrgfdy/rm_ws/install/auto_aim_interfaces/local/lib/python3.10/dist-packages/auto_aim_interfaces/msg/_armor.py
[8.098s] -- Up-to-date symlink: /home/wjrgfdy/rm_ws/install/auto_aim_interfaces/local/lib/python3.10/dist-packages/auto_aim_interfaces/msg/_armor_s.c
[8.098s] -- Up-to-date symlink: /home/wjrgfdy/rm_ws/install/auto_aim_interfaces/local/lib/python3.10/dist-packages/auto_aim_interfaces/msg/_armors.py
[8.098s] -- Up-to-date symlink: /home/wjrgfdy/rm_ws/install/auto_aim_interfaces/local/lib/python3.10/dist-packages/auto_aim_interfaces/msg/_armors_s.c
[8.098s] -- Up-to-date symlink: /home/wjrgfdy/rm_ws/install/auto_aim_interfaces/local/lib/python3.10/dist-packages/auto_aim_interfaces/msg/_debug_armor.py
[8.099s] -- Up-to-date symlink: /home/wjrgfdy/rm_ws/install/auto_aim_interfaces/local/lib/python3.10/dist-packages/auto_aim_interfaces/msg/_debug_armor_s.c
[8.099s] -- Up-to-date symlink: /home/wjrgfdy/rm_ws/install/auto_aim_interfaces/local/lib/python3.10/dist-packages/auto_aim_interfaces/msg/_debug_armors.py
[8.099s] -- Up-to-date symlink: /home/wjrgfdy/rm_ws/install/auto_aim_interfaces/local/lib/python3.10/dist-packages/auto_aim_interfaces/msg/_debug_armors_s.c
[8.099s] -- Up-to-date symlink: /home/wjrgfdy/rm_ws/install/auto_aim_interfaces/local/lib/python3.10/dist-packages/auto_aim_interfaces/msg/_debug_light.py
[8.099s] -- Up-to-date symlink: /home/wjrgfdy/rm_ws/install/auto_aim_interfaces/local/lib/python3.10/dist-packages/auto_aim_interfaces/msg/_debug_light_s.c
[8.099s] -- Up-to-date symlink: /home/wjrgfdy/rm_ws/install/auto_aim_interfaces/local/lib/python3.10/dist-packages/auto_aim_interfaces/msg/_debug_lights.py
[8.099s] -- Up-to-date symlink: /home/wjrgfdy/rm_ws/install/auto_aim_interfaces/local/lib/python3.10/dist-packages/auto_aim_interfaces/msg/_debug_lights_s.c
[8.100s] -- Up-to-date symlink: /home/wjrgfdy/rm_ws/install/auto_aim_interfaces/local/lib/python3.10/dist-packages/auto_aim_interfaces/msg/_target.py
[8.100s] -- Up-to-date symlink: /home/wjrgfdy/rm_ws/install/auto_aim_interfaces/local/lib/python3.10/dist-packages/auto_aim_interfaces/msg/_target_s.c
[8.100s] -- Up-to-date symlink: /home/wjrgfdy/rm_ws/install/auto_aim_interfaces/local/lib/python3.10/dist-packages/auto_aim_interfaces/msg/_tracker_info.py
[8.100s] -- Up-to-date symlink: /home/wjrgfdy/rm_ws/install/auto_aim_interfaces/local/lib/python3.10/dist-packages/auto_aim_interfaces/msg/_tracker_info_s.c
[8.103s] -- Up-to-date symlink: /home/wjrgfdy/rm_ws/install/auto_aim_interfaces/local/lib/python3.10/dist-packages/auto_aim_interfaces/auto_aim_interfaces_s__rosidl_typesupport_fastrtps_c.cpython-310-x86_64-linux-gnu.so
[8.105s] -- Up-to-date symlink: /home/wjrgfdy/rm_ws/install/auto_aim_interfaces/local/lib/python3.10/dist-packages/auto_aim_interfaces/auto_aim_interfaces_s__rosidl_typesupport_introspection_c.cpython-310-x86_64-linux-gnu.so
[8.106s] -- Up-to-date symlink: /home/wjrgfdy/rm_ws/install/auto_aim_interfaces/local/lib/python3.10/dist-packages/auto_aim_interfaces/auto_aim_interfaces_s__rosidl_typesupport_c.cpython-310-x86_64-linux-gnu.so
[8.106s] -- Up-to-date symlink: /home/wjrgfdy/rm_ws/install/auto_aim_interfaces/share/auto_aim_interfaces/msg/Armor.idl
[8.106s] -- Up-to-date symlink: /home/wjrgfdy/rm_ws/install/auto_aim_interfaces/share/auto_aim_interfaces/msg/Armors.idl
[8.107s] -- Up-to-date symlink: /home/wjrgfdy/rm_ws/install/auto_aim_interfaces/share/auto_aim_interfaces/msg/Target.idl
[8.107s] -- Up-to-date symlink: /home/wjrgfdy/rm_ws/install/auto_aim_interfaces/share/auto_aim_interfaces/msg/DebugLight.idl
[8.107s] -- Up-to-date symlink: /home/wjrgfdy/rm_ws/install/auto_aim_interfaces/share/auto_aim_interfaces/msg/DebugLights.idl
[8.107s] -- Up-to-date symlink: /home/wjrgfdy/rm_ws/install/auto_aim_interfaces/share/auto_aim_interfaces/msg/DebugArmor.idl
[8.107s] -- Up-to-date symlink: /home/wjrgfdy/rm_ws/install/auto_aim_interfaces/share/auto_aim_interfaces/msg/DebugArmors.idl
[8.108s] -- Up-to-date symlink: /home/wjrgfdy/rm_ws/install/auto_aim_interfaces/share/auto_aim_interfaces/msg/TrackerInfo.idl
[8.108s] -- Up-to-date symlink: /home/wjrgfdy/rm_ws/install/auto_aim_interfaces/share/auto_aim_interfaces/msg/Armor.msg
[8.108s] -- Up-to-date symlink: /home/wjrgfdy/rm_ws/install/auto_aim_interfaces/share/auto_aim_interfaces/msg/Armors.msg
[8.108s] -- Up-to-date symlink: /home/wjrgfdy/rm_ws/install/auto_aim_interfaces/share/auto_aim_interfaces/msg/Target.msg
[8.108s] -- Up-to-date symlink: /home/wjrgfdy/rm_ws/install/auto_aim_interfaces/share/auto_aim_interfaces/msg/DebugLight.msg
[8.109s] -- Up-to-date symlink: /home/wjrgfdy/rm_ws/install/auto_aim_interfaces/share/auto_aim_interfaces/msg/DebugLights.msg
[8.109s] -- Up-to-date symlink: /home/wjrgfdy/rm_ws/install/auto_aim_interfaces/share/auto_aim_interfaces/msg/DebugArmor.msg
[8.109s] -- Up-to-date symlink: /home/wjrgfdy/rm_ws/install/auto_aim_interfaces/share/auto_aim_interfaces/msg/DebugArmors.msg
[8.109s] -- Up-to-date symlink: /home/wjrgfdy/rm_ws/install/auto_aim_interfaces/share/auto_aim_interfaces/msg/TrackerInfo.msg
[8.109s] -- Up-to-date symlink: /home/wjrgfdy/rm_ws/install/auto_aim_interfaces/share/ament_index/resource_index/package_run_dependencies/auto_aim_interfaces
[8.110s] -- Up-to-date symlink: /home/wjrgfdy/rm_ws/install/auto_aim_interfaces/share/ament_index/resource_index/parent_prefix_path/auto_aim_interfaces
[8.117s] -- Up-to-date symlink: /home/wjrgfdy/rm_ws/install/auto_aim_interfaces/share/auto_aim_interfaces/environment/ament_prefix_path.sh
[8.118s] -- Up-to-date symlink: /home/wjrgfdy/rm_ws/install/auto_aim_interfaces/share/auto_aim_interfaces/environment/ament_prefix_path.dsv
[8.118s] -- Up-to-date symlink: /home/wjrgfdy/rm_ws/install/auto_aim_interfaces/share/auto_aim_interfaces/environment/path.sh
[8.118s] -- Up-to-date symlink: /home/wjrgfdy/rm_ws/install/auto_aim_interfaces/share/auto_aim_interfaces/environment/path.dsv
[8.118s] -- Up-to-date symlink: /home/wjrgfdy/rm_ws/install/auto_aim_interfaces/share/auto_aim_interfaces/local_setup.bash
[8.118s] -- Up-to-date symlink: /home/wjrgfdy/rm_ws/install/auto_aim_interfaces/share/auto_aim_interfaces/local_setup.sh
[8.119s] -- Up-to-date symlink: /home/wjrgfdy/rm_ws/install/auto_aim_interfaces/share/auto_aim_interfaces/local_setup.zsh
[8.119s] -- Up-to-date symlink: /home/wjrgfdy/rm_ws/install/auto_aim_interfaces/share/auto_aim_interfaces/local_setup.dsv
[8.119s] -- Symlinking: /home/wjrgfdy/rm_ws/install/auto_aim_interfaces/share/auto_aim_interfaces/package.dsv
[8.125s] -- Up-to-date symlink: /home/wjrgfdy/rm_ws/install/auto_aim_interfaces/share/ament_index/resource_index/packages/auto_aim_interfaces
[8.125s] -- Up-to-date symlink: /home/wjrgfdy/rm_ws/install/auto_aim_interfaces/share/auto_aim_interfaces/cmake/rosidl_cmake-extras.cmake
[8.126s] -- Up-to-date symlink: /home/wjrgfdy/rm_ws/install/auto_aim_interfaces/share/auto_aim_interfaces/cmake/ament_cmake_export_dependencies-extras.cmake
[8.126s] -- Up-to-date symlink: /home/wjrgfdy/rm_ws/install/auto_aim_interfaces/share/auto_aim_interfaces/cmake/ament_cmake_export_include_directories-extras.cmake
[8.126s] -- Up-to-date symlink: /home/wjrgfdy/rm_ws/install/auto_aim_interfaces/share/auto_aim_interfaces/cmake/ament_cmake_export_libraries-extras.cmake
[8.126s] -- Up-to-date symlink: /home/wjrgfdy/rm_ws/install/auto_aim_interfaces/share/auto_aim_interfaces/cmake/ament_cmake_export_targets-extras.cmake
[8.126s] -- Up-to-date symlink: /home/wjrgfdy/rm_ws/install/auto_aim_interfaces/share/auto_aim_interfaces/cmake/rosidl_cmake_export_typesupport_targets-extras.cmake
[8.126s] -- Up-to-date symlink: /home/wjrgfdy/rm_ws/install/auto_aim_interfaces/share/auto_aim_interfaces/cmake/rosidl_cmake_export_typesupport_libraries-extras.cmake
[8.127s] -- Up-to-date symlink: /home/wjrgfdy/rm_ws/install/auto_aim_interfaces/share/auto_aim_interfaces/cmake/auto_aim_interfacesConfig.cmake
[8.128s] -- Up-to-date symlink: /home/wjrgfdy/rm_ws/install/auto_aim_interfaces/share/auto_aim_interfaces/cmake/auto_aim_interfacesConfig-version.cmake
[8.128s] -- Up-to-date symlink: /home/wjrgfdy/rm_ws/install/auto_aim_interfaces/share/auto_aim_interfaces/package.xml
[8.129s] -- Up-to-date: /home/wjrgfdy/rm_ws/install/auto_aim_interfaces/lib/libauto_aim_interfaces__rosidl_generator_c.so
[8.130s] -- Installing: /home/wjrgfdy/rm_ws/install/auto_aim_interfaces/lib/libauto_aim_interfaces__rosidl_typesupport_fastrtps_c.so
[8.130s] -- Set runtime path of "/home/wjrgfdy/rm_ws/install/auto_aim_interfaces/lib/libauto_aim_interfaces__rosidl_typesupport_fastrtps_c.so" to ""
[8.131s] -- Up-to-date: /home/wjrgfdy/rm_ws/install/auto_aim_interfaces/lib/libauto_aim_interfaces__rosidl_typesupport_introspection_c.so
[8.132s] -- Up-to-date: /home/wjrgfdy/rm_ws/install/auto_aim_interfaces/lib/libauto_aim_interfaces__rosidl_typesupport_c.so
[8.132s] -- Installing: /home/wjrgfdy/rm_ws/install/auto_aim_interfaces/lib/libauto_aim_interfaces__rosidl_typesupport_fastrtps_cpp.so
[8.133s] -- Set runtime path of "/home/wjrgfdy/rm_ws/install/auto_aim_interfaces/lib/libauto_aim_interfaces__rosidl_typesupport_fastrtps_cpp.so" to ""
[8.134s] -- Installing: /home/wjrgfdy/rm_ws/install/auto_aim_interfaces/lib/libauto_aim_interfaces__rosidl_typesupport_introspection_cpp.so
[8.134s] -- Set runtime path of "/home/wjrgfdy/rm_ws/install/auto_aim_interfaces/lib/libauto_aim_interfaces__rosidl_typesupport_introspection_cpp.so" to ""
[8.135s] -- Installing: /home/wjrgfdy/rm_ws/install/auto_aim_interfaces/lib/libauto_aim_interfaces__rosidl_typesupport_cpp.so
[8.136s] -- Set runtime path of "/home/wjrgfdy/rm_ws/install/auto_aim_interfaces/lib/libauto_aim_interfaces__rosidl_typesupport_cpp.so" to ""
[8.301s] Listing '/home/wjrgfdy/rm_ws/install/auto_aim_interfaces/local/lib/python3.10/dist-packages/auto_aim_interfaces'...
[8.301s] Listing '/home/wjrgfdy/rm_ws/install/auto_aim_interfaces/local/lib/python3.10/dist-packages/auto_aim_interfaces/msg'...
[8.316s] -- Installing: /home/wjrgfdy/rm_ws/install/auto_aim_interfaces/lib/libauto_aim_interfaces__rosidl_generator_py.so
[8.317s] -- Set runtime path of "/home/wjrgfdy/rm_ws/install/auto_aim_interfaces/lib/libauto_aim_interfaces__rosidl_generator_py.so" to ""
[8.318s] -- Up-to-date: /home/wjrgfdy/rm_ws/install/auto_aim_interfaces/share/auto_aim_interfaces/cmake/export_auto_aim_interfaces__rosidl_generator_cExport.cmake
[8.318s] -- Up-to-date: /home/wjrgfdy/rm_ws/install/auto_aim_interfaces/share/auto_aim_interfaces/cmake/export_auto_aim_interfaces__rosidl_generator_cExport-noconfig.cmake
[8.319s] -- Up-to-date: /home/wjrgfdy/rm_ws/install/auto_aim_interfaces/share/auto_aim_interfaces/cmake/export_auto_aim_interfaces__rosidl_typesupport_fastrtps_cExport.cmake
[8.320s] -- Up-to-date: /home/wjrgfdy/rm_ws/install/auto_aim_interfaces/share/auto_aim_interfaces/cmake/export_auto_aim_interfaces__rosidl_typesupport_fastrtps_cExport-noconfig.cmake
[8.320s] -- Up-to-date: /home/wjrgfdy/rm_ws/install/auto_aim_interfaces/share/auto_aim_interfaces/cmake/auto_aim_interfaces__rosidl_typesupport_introspection_cExport.cmake
[8.321s] -- Up-to-date: /home/wjrgfdy/rm_ws/install/auto_aim_interfaces/share/auto_aim_interfaces/cmake/auto_aim_interfaces__rosidl_typesupport_introspection_cExport-noconfig.cmake
[8.321s] -- Up-to-date: /home/wjrgfdy/rm_ws/install/auto_aim_interfaces/share/auto_aim_interfaces/cmake/auto_aim_interfaces__rosidl_typesupport_cExport.cmake
[8.321s] -- Up-to-date: /home/wjrgfdy/rm_ws/install/auto_aim_interfaces/share/auto_aim_interfaces/cmake/auto_aim_interfaces__rosidl_typesupport_cExport-noconfig.cmake
[8.322s] -- Up-to-date: /home/wjrgfdy/rm_ws/install/auto_aim_interfaces/share/auto_aim_interfaces/cmake/export_auto_aim_interfaces__rosidl_generator_cppExport.cmake
[8.322s] -- Up-to-date: /home/wjrgfdy/rm_ws/install/auto_aim_interfaces/share/auto_aim_interfaces/cmake/export_auto_aim_interfaces__rosidl_typesupport_fastrtps_cppExport.cmake
[8.323s] -- Up-to-date: /home/wjrgfdy/rm_ws/install/auto_aim_interfaces/share/auto_aim_interfaces/cmake/export_auto_aim_interfaces__rosidl_typesupport_fastrtps_cppExport-noconfig.cmake
[8.323s] -- Up-to-date: /home/wjrgfdy/rm_ws/install/auto_aim_interfaces/share/auto_aim_interfaces/cmake/auto_aim_interfaces__rosidl_typesupport_introspection_cppExport.cmake
[8.324s] -- Up-to-date: /home/wjrgfdy/rm_ws/install/auto_aim_interfaces/share/auto_aim_interfaces/cmake/auto_aim_interfaces__rosidl_typesupport_introspection_cppExport-noconfig.cmake
[8.324s] -- Up-to-date: /home/wjrgfdy/rm_ws/install/auto_aim_interfaces/share/auto_aim_interfaces/cmake/auto_aim_interfaces__rosidl_typesupport_cppExport.cmake
[8.324s] -- Up-to-date: /home/wjrgfdy/rm_ws/install/auto_aim_interfaces/share/auto_aim_interfaces/cmake/auto_aim_interfaces__rosidl_typesupport_cppExport-noconfig.cmake
[8.325s] -- Up-to-date: /home/wjrgfdy/rm_ws/install/auto_aim_interfaces/share/auto_aim_interfaces/cmake/export_auto_aim_interfaces__rosidl_generator_pyExport.cmake
[8.325s] -- Up-to-date: /home/wjrgfdy/rm_ws/install/auto_aim_interfaces/share/auto_aim_interfaces/cmake/export_auto_aim_interfaces__rosidl_generator_pyExport-noconfig.cmake
[8.338s] Invoked command in '/home/wjrgfdy/rm_ws/build/auto_aim_interfaces' returned '0': CMAKE_PREFIX_PATH=${CMAKE_PREFIX_PATH}:/home/wjrgfdy/rm_ws/install/camera_calibration:/opt/ros/humble _=/usr/bin/env /usr/local/bin/cmake --install /home/wjrgfdy/rm_ws/build/auto_aim_interfaces
