-- Found ament_cmake_auto: 1.3.6 (/opt/ros/humble/share/ament_cmake_auto/cmake)
-- Override CMake install command with custom implementation using symlinks instead of copying resources
-- Found camera_info_manager: 3.1.7 (/opt/ros/humble/share/camera_info_manager/cmake)
-- Found rosidl_generator_c: 3.1.5 (/opt/ros/humble/share/rosidl_generator_c/cmake)
-- Found rosidl_adapter: 3.1.5 (/opt/ros/humble/share/rosidl_adapter/cmake)
-- Found rosidl_generator_cpp: 3.1.5 (/opt/ros/humble/share/rosidl_generator_cpp/cmake)
-- Using all available rosidl_typesupport_c: rosidl_typesupport_fastrtps_c;rosidl_typesupport_introspection_c
-- Using all available rosidl_typesupport_cpp: rosidl_typesupport_fastrtps_cpp;rosidl_typesupport_introspection_cpp
-- Found rmw_implementation_cmake: 6.1.1 (/opt/ros/humble/share/rmw_implementation_cmake/cmake)
-- Found rmw_fastrtps_cpp: 6.2.5 (/opt/ros/humble/share/rmw_fastrtps_cpp/cmake)
-- Using RMW implementation 'rmw_fastrtps_cpp' as default
-- opencv version 4.9.0
-- Found ament_lint_auto: 0.12.9 (/opt/ros/humble/share/ament_lint_auto/cmake)
-- Added test 'copyright' to check source files copyright and LICENSE
-- Added test 'cppcheck' to perform static code analysis on C / C++ code
-- Configured cppcheck include dirs: /home/wjrgfdy/rm_ws/src/image_pipeline/image_publisher/include
-- Configured cppcheck exclude dirs and/or files: 
-- Added test 'cpplint' to check C / C++ code against the Google style
-- Configured cpplint exclude dirs and/or files: 
-- Added test 'flake8' to check Python code syntax and style conventions
-- Added test 'lint_cmake' to check CMake code style
-- Added test 'pep257' to check Python code against some of the docstring style conventions in PEP 257
-- Added test 'uncrustify' to check C / C++ code style
-- Configured uncrustify additional arguments: 
-- Added test 'xmllint' to check XML markup files
-- Configuring done (1.2s)
-- Generating done (0.0s)
-- Build files have been written to: /home/wjrgfdy/rm_ws/build/image_publisher
[ 50%] Built target image_publisher
[100%] Built target image_publisher_node
-- Install configuration: ""
-- Execute custom install script
-- Up-to-date symlink: /home/wjrgfdy/rm_ws/install/image_publisher/include/image_publisher/image_publisher.hpp
-- Up-to-date symlink: /home/wjrgfdy/rm_ws/install/image_publisher/include/image_publisher/visibility.h
-- Up-to-date symlink: /home/wjrgfdy/rm_ws/install/image_publisher/share/image_publisher/environment/library_path.sh
-- Up-to-date symlink: /home/wjrgfdy/rm_ws/install/image_publisher/share/image_publisher/environment/library_path.dsv
-- Up-to-date symlink: /home/wjrgfdy/rm_ws/install/image_publisher/lib/libimage_publisher.so
-- Up-to-date symlink: /home/wjrgfdy/rm_ws/install/image_publisher/lib/image_publisher/image_publisher_node
-- Up-to-date symlink: /home/wjrgfdy/rm_ws/install/image_publisher/share/image_publisher/launch/image_publisher_file.launch.py
-- Up-to-date symlink: /home/wjrgfdy/rm_ws/install/image_publisher/share/image_publisher/launch/image_publisher_mono.launch.py
-- Up-to-date symlink: /home/wjrgfdy/rm_ws/install/image_publisher/share/image_publisher/launch/image_publisher_stereo.launch.py
-- Up-to-date symlink: /home/wjrgfdy/rm_ws/install/image_publisher/share/image_publisher/launch/splash.png
-- Up-to-date symlink: /home/wjrgfdy/rm_ws/install/image_publisher/share/ament_index/resource_index/package_run_dependencies/image_publisher
-- Up-to-date symlink: /home/wjrgfdy/rm_ws/install/image_publisher/share/ament_index/resource_index/parent_prefix_path/image_publisher
-- Up-to-date symlink: /home/wjrgfdy/rm_ws/install/image_publisher/share/image_publisher/environment/ament_prefix_path.sh
-- Up-to-date symlink: /home/wjrgfdy/rm_ws/install/image_publisher/share/image_publisher/environment/ament_prefix_path.dsv
-- Up-to-date symlink: /home/wjrgfdy/rm_ws/install/image_publisher/share/image_publisher/environment/path.sh
-- Up-to-date symlink: /home/wjrgfdy/rm_ws/install/image_publisher/share/image_publisher/environment/path.dsv
-- Up-to-date symlink: /home/wjrgfdy/rm_ws/install/image_publisher/share/image_publisher/local_setup.bash
-- Up-to-date symlink: /home/wjrgfdy/rm_ws/install/image_publisher/share/image_publisher/local_setup.sh
-- Up-to-date symlink: /home/wjrgfdy/rm_ws/install/image_publisher/share/image_publisher/local_setup.zsh
-- Up-to-date symlink: /home/wjrgfdy/rm_ws/install/image_publisher/share/image_publisher/local_setup.dsv
-- Symlinking: /home/wjrgfdy/rm_ws/install/image_publisher/share/image_publisher/package.dsv
-- Up-to-date symlink: /home/wjrgfdy/rm_ws/install/image_publisher/share/ament_index/resource_index/packages/image_publisher
-- Up-to-date symlink: /home/wjrgfdy/rm_ws/install/image_publisher/share/ament_index/resource_index/rclcpp_components/image_publisher
-- Up-to-date symlink: /home/wjrgfdy/rm_ws/install/image_publisher/share/image_publisher/cmake/ament_cmake_export_dependencies-extras.cmake
-- Up-to-date symlink: /home/wjrgfdy/rm_ws/install/image_publisher/share/image_publisher/cmake/ament_cmake_export_include_directories-extras.cmake
-- Up-to-date symlink: /home/wjrgfdy/rm_ws/install/image_publisher/share/image_publisher/cmake/ament_cmake_export_libraries-extras.cmake
-- Up-to-date symlink: /home/wjrgfdy/rm_ws/install/image_publisher/share/image_publisher/cmake/image_publisherConfig.cmake
-- Up-to-date symlink: /home/wjrgfdy/rm_ws/install/image_publisher/share/image_publisher/cmake/image_publisherConfig-version.cmake
-- Up-to-date symlink: /home/wjrgfdy/rm_ws/install/image_publisher/share/image_publisher/package.xml
