[0.317s] Invoking command in '/home/wjrgfdy/rm_ws/build/image_publisher': CMAKE_PREFIX_PATH=${CMAKE_PREFIX_PATH}:/home/wjrgfdy/rm_ws/install/camera_calibration:/opt/ros/humble _=/usr/bin/env /usr/local/bin/cmake /home/wjrgfdy/rm_ws/src/image_pipeline/image_publisher -DCMAKE_INSTALL_PREFIX=/home/wjrgfdy/rm_ws/install/image_publisher
[0.326s] -- Found ament_cmake_auto: 1.3.6 (/opt/ros/humble/share/ament_cmake_auto/cmake)
[0.541s] -- Override CMake install command with custom implementation using symlinks instead of copying resources
[0.550s] -- Found camera_info_manager: 3.1.7 (/opt/ros/humble/share/camera_info_manager/cmake)
[0.596s] -- Found rosidl_generator_c: 3.1.5 (/opt/ros/humble/share/rosidl_generator_c/cmake)
[0.600s] -- Found rosidl_adapter: 3.1.5 (/opt/ros/humble/share/rosidl_adapter/cmake)
[0.608s] -- Found rosidl_generator_cpp: 3.1.5 (/opt/ros/humble/share/rosidl_generator_cpp/cmake)
[0.625s] -- Using all available rosidl_typesupport_c: rosidl_typesupport_fastrtps_c;rosidl_typesupport_introspection_c
[0.647s] -- Using all available rosidl_typesupport_cpp: rosidl_typesupport_fastrtps_cpp;rosidl_typesupport_introspection_cpp
[0.734s] -- Found rmw_implementation_cmake: 6.1.1 (/opt/ros/humble/share/rmw_implementation_cmake/cmake)
[0.737s] -- Found rmw_fastrtps_cpp: 6.2.5 (/opt/ros/humble/share/rmw_fastrtps_cpp/cmake)
[0.893s] -- Using RMW implementation 'rmw_fastrtps_cpp' as default
[1.535s] -- opencv version 4.9.0
[1.544s] -- Found ament_lint_auto: 0.12.9 (/opt/ros/humble/share/ament_lint_auto/cmake)
[1.558s] -- Added test 'copyright' to check source files copyright and LICENSE
[1.559s] -- Added test 'cppcheck' to perform static code analysis on C / C++ code
[1.560s] -- Configured cppcheck include dirs: /home/wjrgfdy/rm_ws/src/image_pipeline/image_publisher/include
[1.560s] -- Configured cppcheck exclude dirs and/or files: 
[1.561s] -- Added test 'cpplint' to check C / C++ code against the Google style
[1.561s] -- Configured cpplint exclude dirs and/or files: 
[1.561s] -- Added test 'flake8' to check Python code syntax and style conventions
[1.562s] -- Added test 'lint_cmake' to check CMake code style
[1.562s] -- Added test 'pep257' to check Python code against some of the docstring style conventions in PEP 257
[1.563s] -- Added test 'uncrustify' to check C / C++ code style
[1.563s] -- Configured uncrustify additional arguments: 
[1.564s] -- Added test 'xmllint' to check XML markup files
[1.567s] -- Configuring done (1.2s)
[1.589s] -- Generating done (0.0s)
[1.592s] -- Build files have been written to: /home/wjrgfdy/rm_ws/build/image_publisher
[1.601s] Invoked command in '/home/wjrgfdy/rm_ws/build/image_publisher' returned '0': CMAKE_PREFIX_PATH=${CMAKE_PREFIX_PATH}:/home/wjrgfdy/rm_ws/install/camera_calibration:/opt/ros/humble _=/usr/bin/env /usr/local/bin/cmake /home/wjrgfdy/rm_ws/src/image_pipeline/image_publisher -DCMAKE_INSTALL_PREFIX=/home/wjrgfdy/rm_ws/install/image_publisher
[1.603s] Invoking command in '/home/wjrgfdy/rm_ws/build/image_publisher': CMAKE_PREFIX_PATH=${CMAKE_PREFIX_PATH}:/home/wjrgfdy/rm_ws/install/camera_calibration:/opt/ros/humble _=/usr/bin/env /usr/local/bin/cmake --build /home/wjrgfdy/rm_ws/build/image_publisher -- -j12 -l12
[1.647s] [ 50%] Built target image_publisher
[1.669s] [100%] Built target image_publisher_node
[1.677s] Invoked command in '/home/wjrgfdy/rm_ws/build/image_publisher' returned '0': CMAKE_PREFIX_PATH=${CMAKE_PREFIX_PATH}:/home/wjrgfdy/rm_ws/install/camera_calibration:/opt/ros/humble _=/usr/bin/env /usr/local/bin/cmake --build /home/wjrgfdy/rm_ws/build/image_publisher -- -j12 -l12
[1.715s] Invoking command in '/home/wjrgfdy/rm_ws/build/image_publisher': CMAKE_PREFIX_PATH=${CMAKE_PREFIX_PATH}:/home/wjrgfdy/rm_ws/install/camera_calibration:/opt/ros/humble _=/usr/bin/env /usr/local/bin/cmake --install /home/wjrgfdy/rm_ws/build/image_publisher
[1.718s] -- Install configuration: ""
[1.718s] -- Execute custom install script
[1.719s] -- Up-to-date symlink: /home/wjrgfdy/rm_ws/install/image_publisher/include/image_publisher/image_publisher.hpp
[1.719s] -- Up-to-date symlink: /home/wjrgfdy/rm_ws/install/image_publisher/include/image_publisher/visibility.h
[1.719s] -- Up-to-date symlink: /home/wjrgfdy/rm_ws/install/image_publisher/share/image_publisher/environment/library_path.sh
[1.720s] -- Up-to-date symlink: /home/wjrgfdy/rm_ws/install/image_publisher/share/image_publisher/environment/library_path.dsv
[1.720s] -- Up-to-date symlink: /home/wjrgfdy/rm_ws/install/image_publisher/lib/libimage_publisher.so
[1.720s] -- Up-to-date symlink: /home/wjrgfdy/rm_ws/install/image_publisher/lib/image_publisher/image_publisher_node
[1.721s] -- Up-to-date symlink: /home/wjrgfdy/rm_ws/install/image_publisher/share/image_publisher/launch/image_publisher_file.launch.py
[1.721s] -- Up-to-date symlink: /home/wjrgfdy/rm_ws/install/image_publisher/share/image_publisher/launch/image_publisher_mono.launch.py
[1.721s] -- Up-to-date symlink: /home/wjrgfdy/rm_ws/install/image_publisher/share/image_publisher/launch/image_publisher_stereo.launch.py
[1.721s] -- Up-to-date symlink: /home/wjrgfdy/rm_ws/install/image_publisher/share/image_publisher/launch/splash.png
[1.721s] -- Up-to-date symlink: /home/wjrgfdy/rm_ws/install/image_publisher/share/ament_index/resource_index/package_run_dependencies/image_publisher
[1.721s] -- Up-to-date symlink: /home/wjrgfdy/rm_ws/install/image_publisher/share/ament_index/resource_index/parent_prefix_path/image_publisher
[1.721s] -- Up-to-date symlink: /home/wjrgfdy/rm_ws/install/image_publisher/share/image_publisher/environment/ament_prefix_path.sh
[1.722s] -- Up-to-date symlink: /home/wjrgfdy/rm_ws/install/image_publisher/share/image_publisher/environment/ament_prefix_path.dsv
[1.722s] -- Up-to-date symlink: /home/wjrgfdy/rm_ws/install/image_publisher/share/image_publisher/environment/path.sh
[1.722s] -- Up-to-date symlink: /home/wjrgfdy/rm_ws/install/image_publisher/share/image_publisher/environment/path.dsv
[1.722s] -- Up-to-date symlink: /home/wjrgfdy/rm_ws/install/image_publisher/share/image_publisher/local_setup.bash
[1.722s] -- Up-to-date symlink: /home/wjrgfdy/rm_ws/install/image_publisher/share/image_publisher/local_setup.sh
[1.722s] -- Up-to-date symlink: /home/wjrgfdy/rm_ws/install/image_publisher/share/image_publisher/local_setup.zsh
[1.723s] -- Up-to-date symlink: /home/wjrgfdy/rm_ws/install/image_publisher/share/image_publisher/local_setup.dsv
[1.723s] -- Symlinking: /home/wjrgfdy/rm_ws/install/image_publisher/share/image_publisher/package.dsv
[1.728s] -- Up-to-date symlink: /home/wjrgfdy/rm_ws/install/image_publisher/share/ament_index/resource_index/packages/image_publisher
[1.728s] -- Up-to-date symlink: /home/wjrgfdy/rm_ws/install/image_publisher/share/ament_index/resource_index/rclcpp_components/image_publisher
[1.729s] -- Up-to-date symlink: /home/wjrgfdy/rm_ws/install/image_publisher/share/image_publisher/cmake/ament_cmake_export_dependencies-extras.cmake
[1.729s] -- Up-to-date symlink: /home/wjrgfdy/rm_ws/install/image_publisher/share/image_publisher/cmake/ament_cmake_export_include_directories-extras.cmake
[1.729s] -- Up-to-date symlink: /home/wjrgfdy/rm_ws/install/image_publisher/share/image_publisher/cmake/ament_cmake_export_libraries-extras.cmake
[1.729s] -- Up-to-date symlink: /home/wjrgfdy/rm_ws/install/image_publisher/share/image_publisher/cmake/image_publisherConfig.cmake
[1.729s] -- Up-to-date symlink: /home/wjrgfdy/rm_ws/install/image_publisher/share/image_publisher/cmake/image_publisherConfig-version.cmake
[1.729s] -- Up-to-date symlink: /home/wjrgfdy/rm_ws/install/image_publisher/share/image_publisher/package.xml
[1.818s] Invoked command in '/home/wjrgfdy/rm_ws/build/image_publisher' returned '0': CMAKE_PREFIX_PATH=${CMAKE_PREFIX_PATH}:/home/wjrgfdy/rm_ws/install/camera_calibration:/opt/ros/humble _=/usr/bin/env /usr/local/bin/cmake --install /home/wjrgfdy/rm_ws/build/image_publisher
