[0.263s] Invoking command in '/home/wjrgfdy/rm_ws/build/rm_gimbal_description': CMAKE_PREFIX_PATH=${CMAKE_PREFIX_PATH}:/home/wjrgfdy/rm_ws/install/camera_calibration:/opt/ros/humble _=/usr/bin/env /usr/local/bin/cmake --build /home/wjrgfdy/rm_ws/build/rm_gimbal_description -- -j12 -l12
[0.285s] Invoked command in '/home/wjrgfdy/rm_ws/build/rm_gimbal_description' returned '0': CMAKE_PREFIX_PATH=${CMAKE_PREFIX_PATH}:/home/wjrgfdy/rm_ws/install/camera_calibration:/opt/ros/humble _=/usr/bin/env /usr/local/bin/cmake --build /home/wjrgfdy/rm_ws/build/rm_gimbal_description -- -j12 -l12
[0.330s] Invoking command in '/home/wjrgfdy/rm_ws/build/rm_gimbal_description': CMAKE_PREFIX_PATH=${CMAKE_PREFIX_PATH}:/home/wjrgfdy/rm_ws/install/camera_calibration:/opt/ros/humble _=/usr/bin/env /usr/local/bin/cmake --install /home/wjrgfdy/rm_ws/build/rm_gimbal_description
[0.334s] -- Install configuration: ""
[0.334s] -- Execute custom install script
[0.335s] -- Up-to-date symlink: /home/wjrgfdy/rm_ws/install/rm_gimbal_description/share/rm_gimbal_description/urdf/rm_gimbal.urdf.xacro
[0.335s] -- Up-to-date symlink: /home/wjrgfdy/rm_ws/install/rm_gimbal_description/share/ament_index/resource_index/package_run_dependencies/rm_gimbal_description
[0.336s] -- Up-to-date symlink: /home/wjrgfdy/rm_ws/install/rm_gimbal_description/share/ament_index/resource_index/parent_prefix_path/rm_gimbal_description
[0.336s] -- Up-to-date symlink: /home/wjrgfdy/rm_ws/install/rm_gimbal_description/share/rm_gimbal_description/environment/ament_prefix_path.sh
[0.336s] -- Up-to-date symlink: /home/wjrgfdy/rm_ws/install/rm_gimbal_description/share/rm_gimbal_description/environment/ament_prefix_path.dsv
[0.337s] -- Up-to-date symlink: /home/wjrgfdy/rm_ws/install/rm_gimbal_description/share/rm_gimbal_description/environment/path.sh
[0.337s] -- Up-to-date symlink: /home/wjrgfdy/rm_ws/install/rm_gimbal_description/share/rm_gimbal_description/environment/path.dsv
[0.338s] -- Up-to-date symlink: /home/wjrgfdy/rm_ws/install/rm_gimbal_description/share/rm_gimbal_description/local_setup.bash
[0.340s] -- Up-to-date symlink: /home/wjrgfdy/rm_ws/install/rm_gimbal_description/share/rm_gimbal_description/local_setup.sh
[0.341s] -- Up-to-date symlink: /home/wjrgfdy/rm_ws/install/rm_gimbal_description/share/rm_gimbal_description/local_setup.zsh
[0.342s] -- Up-to-date symlink: /home/wjrgfdy/rm_ws/install/rm_gimbal_description/share/rm_gimbal_description/local_setup.dsv
[0.342s] -- Symlinking: /home/wjrgfdy/rm_ws/install/rm_gimbal_description/share/rm_gimbal_description/package.dsv
[0.344s] -- Up-to-date symlink: /home/wjrgfdy/rm_ws/install/rm_gimbal_description/share/ament_index/resource_index/packages/rm_gimbal_description
[0.345s] -- Up-to-date symlink: /home/wjrgfdy/rm_ws/install/rm_gimbal_description/share/rm_gimbal_description/cmake/rm_gimbal_descriptionConfig.cmake
[0.345s] -- Up-to-date symlink: /home/wjrgfdy/rm_ws/install/rm_gimbal_description/share/rm_gimbal_description/cmake/rm_gimbal_descriptionConfig-version.cmake
[0.346s] -- Up-to-date symlink: /home/wjrgfdy/rm_ws/install/rm_gimbal_description/share/rm_gimbal_description/package.xml
[0.354s] Invoked command in '/home/wjrgfdy/rm_ws/build/rm_gimbal_description' returned '0': CMAKE_PREFIX_PATH=${CMAKE_PREFIX_PATH}:/home/wjrgfdy/rm_ws/install/camera_calibration:/opt/ros/humble _=/usr/bin/env /usr/local/bin/cmake --install /home/wjrgfdy/rm_ws/build/rm_gimbal_description
