[0.294s] Invoking command in '/home/wjrgfdy/rm_ws/build/image_rotate': CMAKE_PREFIX_PATH=${CMAKE_PREFIX_PATH}:/home/wjrgfdy/rm_ws/install/camera_calibration:/opt/ros/humble _=/usr/bin/env /usr/local/bin/cmake /home/wjrgfdy/rm_ws/src/image_pipeline/image_rotate -DCMAKE_INSTALL_PREFIX=/home/wjrgfdy/rm_ws/install/image_rotate
[0.326s] -- The C compiler identification is GNU 12.3.0
[0.392s] -- The CXX compiler identification is GNU 12.3.0
[0.415s] -- Detecting C compiler ABI info
[0.489s] -- Detecting C compiler ABI info - done
[0.502s] -- Check for working C compiler: /usr/bin/cc - skipped
[0.503s] -- Detecting C compile features
[0.503s] -- Detecting C compile features - done
[0.511s] -- Detecting CXX compiler ABI info
[0.596s] -- Detecting CXX compiler ABI info - done
[0.610s] -- Check for working CXX compiler: /usr/bin/c++ - skipped
[0.610s] -- Detecting CXX compile features
[0.610s] -- Detecting CXX compile features - done
[0.614s] -- Found ament_cmake_auto: 1.3.6 (/opt/ros/humble/share/ament_cmake_auto/cmake)
[1.000s] -- Found Python3: /usr/bin/python3.10 (found version "3.10.12") found components: Interpreter 
[1.180s] -- Found rosidl_generator_c: 3.1.5 (/opt/ros/humble/share/rosidl_generator_c/cmake)
[1.189s] -- Found rosidl_adapter: 3.1.5 (/opt/ros/humble/share/rosidl_adapter/cmake)
[1.202s] -- Found rosidl_generator_cpp: 3.1.5 (/opt/ros/humble/share/rosidl_generator_cpp/cmake)
[1.226s] -- Using all available rosidl_typesupport_c: rosidl_typesupport_fastrtps_c;rosidl_typesupport_introspection_c
[1.248s] -- Using all available rosidl_typesupport_cpp: rosidl_typesupport_fastrtps_cpp;rosidl_typesupport_introspection_cpp
[1.601s] -- Found rmw_implementation_cmake: 6.1.1 (/opt/ros/humble/share/rmw_implementation_cmake/cmake)
[1.606s] -- Found rmw_fastrtps_cpp: 6.2.5 (/opt/ros/humble/share/rmw_fastrtps_cpp/cmake)
[1.724s] -- Found OpenSSL: /usr/lib/x86_64-linux-gnu/libcrypto.so (found version "3.0.2")  
[1.761s] -- Found FastRTPS: /opt/ros/humble/include  
[1.822s] -- Using RMW implementation 'rmw_fastrtps_cpp' as default
[1.832s] -- Performing Test CMAKE_HAVE_LIBC_PTHREAD
[1.882s] -- Performing Test CMAKE_HAVE_LIBC_PTHREAD - Success
[1.883s] -- Found Threads: TRUE  
[2.108s] -- Found eigen3_cmake_module: 0.1.1 (/opt/ros/humble/share/eigen3_cmake_module/cmake)
[2.109s] -- Found Eigen3: TRUE (found version "3.4.0") 
[2.109s] -- Ensuring Eigen3 include directory is part of orocos-kdl CMake target
[2.322s] -- Found OpenCV: /usr/local (found version "4.9.0") found components: core imgproc 
[2.328s] -- Found ament_lint_auto: 0.12.9 (/opt/ros/humble/share/ament_lint_auto/cmake)
[2.347s] -- Added test 'copyright' to check source files copyright and LICENSE
[2.348s] -- Added test 'cppcheck' to perform static code analysis on C / C++ code
[2.348s] -- Configured cppcheck include dirs: /home/wjrgfdy/rm_ws/src/image_pipeline/image_rotate/include
[2.348s] -- Configured cppcheck exclude dirs and/or files: 
[2.349s] -- Added test 'cpplint' to check C / C++ code against the Google style
[2.349s] -- Configured cpplint exclude dirs and/or files: 
[2.349s] -- Added test 'flake8' to check Python code syntax and style conventions
[2.350s] -- Added test 'lint_cmake' to check CMake code style
[2.350s] -- Added test 'pep257' to check Python code against some of the docstring style conventions in PEP 257
[2.351s] -- Added test 'uncrustify' to check C / C++ code style
[2.351s] -- Configured uncrustify additional arguments: 
[2.351s] -- Added test 'xmllint' to check XML markup files
[2.353s] -- Configuring done (2.1s)
[2.369s] -- Generating done (0.0s)
[2.370s] -- Build files have been written to: /home/wjrgfdy/rm_ws/build/image_rotate
[2.379s] Invoked command in '/home/wjrgfdy/rm_ws/build/image_rotate' returned '0': CMAKE_PREFIX_PATH=${CMAKE_PREFIX_PATH}:/home/wjrgfdy/rm_ws/install/camera_calibration:/opt/ros/humble _=/usr/bin/env /usr/local/bin/cmake /home/wjrgfdy/rm_ws/src/image_pipeline/image_rotate -DCMAKE_INSTALL_PREFIX=/home/wjrgfdy/rm_ws/install/image_rotate
[2.381s] Invoking command in '/home/wjrgfdy/rm_ws/build/image_rotate': CMAKE_PREFIX_PATH=${CMAKE_PREFIX_PATH}:/home/wjrgfdy/rm_ws/install/camera_calibration:/opt/ros/humble _=/usr/bin/env /usr/local/bin/cmake --build /home/wjrgfdy/rm_ws/build/image_rotate -- -j12 -l12
[2.413s] [ 25%] [32mBuilding CXX object CMakeFiles/image_rotate.dir/src/image_rotate_node.cpp.o[0m
[26.049s] [ 50%] [32m[1mLinking CXX shared library libimage_rotate.so[0m
[26.582s] [ 50%] Built target image_rotate
[26.632s] [ 75%] [32mBuilding CXX object CMakeFiles/image_rotate_bin.dir/src/image_rotate.cpp.o[0m
[32.703s] [100%] [32m[1mLinking CXX executable image_rotate[0m
[33.427s] [100%] Built target image_rotate_bin
[33.442s] Invoked command in '/home/wjrgfdy/rm_ws/build/image_rotate' returned '0': CMAKE_PREFIX_PATH=${CMAKE_PREFIX_PATH}:/home/wjrgfdy/rm_ws/install/camera_calibration:/opt/ros/humble _=/usr/bin/env /usr/local/bin/cmake --build /home/wjrgfdy/rm_ws/build/image_rotate -- -j12 -l12
[33.514s] Invoking command in '/home/wjrgfdy/rm_ws/build/image_rotate': CMAKE_PREFIX_PATH=${CMAKE_PREFIX_PATH}:/home/wjrgfdy/rm_ws/install/camera_calibration:/opt/ros/humble _=/usr/bin/env /usr/local/bin/cmake --install /home/wjrgfdy/rm_ws/build/image_rotate
[33.520s] -- Install configuration: ""
[33.520s] -- Up-to-date: /home/wjrgfdy/rm_ws/install/image_rotate/include
[33.521s] -- Up-to-date: /home/wjrgfdy/rm_ws/install/image_rotate/include/image_rotate
[33.522s] -- Up-to-date: /home/wjrgfdy/rm_ws/install/image_rotate/share/image_rotate/launch
[33.523s] -- Installing: /home/wjrgfdy/rm_ws/install/image_rotate/share/image_rotate/package.dsv
[33.533s] Invoked command in '/home/wjrgfdy/rm_ws/build/image_rotate' returned '0': CMAKE_PREFIX_PATH=${CMAKE_PREFIX_PATH}:/home/wjrgfdy/rm_ws/install/camera_calibration:/opt/ros/humble _=/usr/bin/env /usr/local/bin/cmake --install /home/wjrgfdy/rm_ws/build/image_rotate
