[0.360s] DEBUG:colcon:Command line arguments: ['/usr/bin/colcon', 'build']
[0.360s] DEBUG:colcon:Parsed command line arguments: Namespace(log_base=None, log_level=None, verb_name='build', build_base='build', install_base='install', merge_install=False, symlink_install=False, test_result_base=None, continue_on_error=False, executor='parallel', parallel_workers=12, event_handlers=None, ignore_user_meta=False, metas=['./colcon.meta'], base_paths=['.'], packages_ignore=None, packages_ignore_regex=None, paths=None, packages_up_to=None, packages_up_to_regex=None, packages_above=None, packages_above_and_dependencies=None, packages_above_depth=None, packages_select_by_dep=None, packages_skip_by_dep=None, packages_skip_up_to=None, packages_select_build_failed=False, packages_skip_build_finished=False, packages_select_test_failures=False, packages_skip_test_passed=False, packages_select=None, packages_skip=None, packages_select_regex=None, packages_skip_regex=None, packages_start=None, packages_end=None, allow_overriding=[], verb_parser=<colcon_defaults.argument_parser.defaults.DefaultArgumentsDecorator object at 0x7fe6a53752d0>, verb_extension=<colcon_core.verb.build.BuildVerb object at 0x7fe6a57bad40>, main=<bound method BuildVerb.main of <colcon_core.verb.build.BuildVerb object at 0x7fe6a57bad40>>)
[0.381s] Level 1:colcon.colcon_core.package_discovery:discover_packages(colcon_meta) check parameters
[0.381s] Level 1:colcon.colcon_core.package_discovery:discover_packages(recursive) check parameters
[0.381s] Level 1:colcon.colcon_core.package_discovery:discover_packages(ignore) check parameters
[0.381s] Level 1:colcon.colcon_core.package_discovery:discover_packages(path) check parameters
[0.381s] Level 1:colcon.colcon_core.package_discovery:discover_packages(colcon_meta) discover
[0.381s] Level 1:colcon.colcon_core.package_discovery:discover_packages(recursive) discover
[0.381s] INFO:colcon.colcon_core.package_discovery:Crawling recursively for packages in '/home/wjrgfdy/CLionProjects/rm_vision/src/rm_auto_aim'
[0.381s] Level 1:colcon.colcon_core.package_identification:_identify(.) by extensions ['ignore']
[0.382s] Level 1:colcon.colcon_core.package_identification:_identify(.) by extension 'ignore'
[0.382s] Level 1:colcon.colcon_core.package_identification:_identify(.) by extensions ['colcon_pkg']
[0.382s] Level 1:colcon.colcon_core.package_identification:_identify(.) by extension 'colcon_pkg'
[0.382s] Level 1:colcon.colcon_core.package_identification:_identify(.) by extensions ['colcon_meta']
[0.382s] Level 1:colcon.colcon_core.package_identification:_identify(.) by extension 'colcon_meta'
[0.382s] Level 1:colcon.colcon_core.package_identification:_identify(.) by extensions ['python']
[0.382s] Level 1:colcon.colcon_core.package_identification:_identify(.) by extension 'python'
[0.382s] Level 1:colcon.colcon_core.package_identification:_identify(.) by extensions ['python_setup_py']
[0.382s] Level 1:colcon.colcon_core.package_identification:_identify(.) by extension 'python_setup_py'
[0.382s] Level 1:colcon.colcon_core.package_identification:_identify(armor_detector) by extensions ['ignore']
[0.382s] Level 1:colcon.colcon_core.package_identification:_identify(armor_detector) by extension 'ignore'
[0.382s] Level 1:colcon.colcon_core.package_identification:_identify(armor_detector) by extensions ['colcon_pkg']
[0.382s] Level 1:colcon.colcon_core.package_identification:_identify(armor_detector) by extension 'colcon_pkg'
[0.382s] Level 1:colcon.colcon_core.package_identification:_identify(armor_detector) by extensions ['colcon_meta']
[0.382s] Level 1:colcon.colcon_core.package_identification:_identify(armor_detector) by extension 'colcon_meta'
[0.382s] Level 1:colcon.colcon_core.package_identification:_identify(armor_detector) by extensions ['python']
[0.382s] Level 1:colcon.colcon_core.package_identification:_identify(armor_detector) by extension 'python'
[0.382s] Level 1:colcon.colcon_core.package_identification:_identify(armor_detector) by extensions ['python_setup_py']
[0.382s] Level 1:colcon.colcon_core.package_identification:_identify(armor_detector) by extension 'python_setup_py'
[0.382s] Level 1:colcon.colcon_core.package_identification:_identify(armor_detector/build) by extensions ['ignore']
[0.382s] Level 1:colcon.colcon_core.package_identification:_identify(armor_detector/build) by extension 'ignore'
[0.382s] Level 1:colcon.colcon_core.package_identification:_identify(armor_detector/build) ignored
[0.382s] Level 1:colcon.colcon_core.package_identification:_identify(armor_detector/docs) by extensions ['ignore']
[0.382s] Level 1:colcon.colcon_core.package_identification:_identify(armor_detector/docs) by extension 'ignore'
[0.382s] Level 1:colcon.colcon_core.package_identification:_identify(armor_detector/docs) by extensions ['colcon_pkg']
[0.382s] Level 1:colcon.colcon_core.package_identification:_identify(armor_detector/docs) by extension 'colcon_pkg'
[0.382s] Level 1:colcon.colcon_core.package_identification:_identify(armor_detector/docs) by extensions ['colcon_meta']
[0.382s] Level 1:colcon.colcon_core.package_identification:_identify(armor_detector/docs) by extension 'colcon_meta'
[0.382s] Level 1:colcon.colcon_core.package_identification:_identify(armor_detector/docs) by extensions ['python']
[0.382s] Level 1:colcon.colcon_core.package_identification:_identify(armor_detector/docs) by extension 'python'
[0.382s] Level 1:colcon.colcon_core.package_identification:_identify(armor_detector/docs) by extensions ['python_setup_py']
[0.382s] Level 1:colcon.colcon_core.package_identification:_identify(armor_detector/docs) by extension 'python_setup_py'
[0.382s] Level 1:colcon.colcon_core.package_identification:_identify(armor_detector/include) by extensions ['ignore']
[0.382s] Level 1:colcon.colcon_core.package_identification:_identify(armor_detector/include) by extension 'ignore'
[0.383s] Level 1:colcon.colcon_core.package_identification:_identify(armor_detector/include) by extensions ['colcon_pkg']
[0.383s] Level 1:colcon.colcon_core.package_identification:_identify(armor_detector/include) by extension 'colcon_pkg'
[0.383s] Level 1:colcon.colcon_core.package_identification:_identify(armor_detector/include) by extensions ['colcon_meta']
[0.383s] Level 1:colcon.colcon_core.package_identification:_identify(armor_detector/include) by extension 'colcon_meta'
[0.383s] Level 1:colcon.colcon_core.package_identification:_identify(armor_detector/include) by extensions ['python']
[0.383s] Level 1:colcon.colcon_core.package_identification:_identify(armor_detector/include) by extension 'python'
[0.383s] Level 1:colcon.colcon_core.package_identification:_identify(armor_detector/include) by extensions ['python_setup_py']
[0.383s] Level 1:colcon.colcon_core.package_identification:_identify(armor_detector/include) by extension 'python_setup_py'
[0.383s] Level 1:colcon.colcon_core.package_identification:_identify(armor_detector/include/armor_detector) by extensions ['ignore']
[0.383s] Level 1:colcon.colcon_core.package_identification:_identify(armor_detector/include/armor_detector) by extension 'ignore'
[0.383s] Level 1:colcon.colcon_core.package_identification:_identify(armor_detector/include/armor_detector) by extensions ['colcon_pkg']
[0.383s] Level 1:colcon.colcon_core.package_identification:_identify(armor_detector/include/armor_detector) by extension 'colcon_pkg'
[0.383s] Level 1:colcon.colcon_core.package_identification:_identify(armor_detector/include/armor_detector) by extensions ['colcon_meta']
[0.383s] Level 1:colcon.colcon_core.package_identification:_identify(armor_detector/include/armor_detector) by extension 'colcon_meta'
[0.383s] Level 1:colcon.colcon_core.package_identification:_identify(armor_detector/include/armor_detector) by extensions ['python']
[0.383s] Level 1:colcon.colcon_core.package_identification:_identify(armor_detector/include/armor_detector) by extension 'python'
[0.383s] Level 1:colcon.colcon_core.package_identification:_identify(armor_detector/include/armor_detector) by extensions ['python_setup_py']
[0.383s] Level 1:colcon.colcon_core.package_identification:_identify(armor_detector/include/armor_detector) by extension 'python_setup_py'
[0.383s] Level 1:colcon.colcon_core.package_identification:_identify(armor_detector/install) by extensions ['ignore']
[0.383s] Level 1:colcon.colcon_core.package_identification:_identify(armor_detector/install) by extension 'ignore'
[0.383s] Level 1:colcon.colcon_core.package_identification:_identify(armor_detector/install) ignored
[0.383s] Level 1:colcon.colcon_core.package_identification:_identify(armor_detector/log) by extensions ['ignore']
[0.383s] Level 1:colcon.colcon_core.package_identification:_identify(armor_detector/log) by extension 'ignore'
[0.383s] Level 1:colcon.colcon_core.package_identification:_identify(armor_detector/log) ignored
[0.383s] Level 1:colcon.colcon_core.package_identification:_identify(armor_detector/model) by extensions ['ignore']
[0.383s] Level 1:colcon.colcon_core.package_identification:_identify(armor_detector/model) by extension 'ignore'
[0.383s] Level 1:colcon.colcon_core.package_identification:_identify(armor_detector/model) by extensions ['colcon_pkg']
[0.383s] Level 1:colcon.colcon_core.package_identification:_identify(armor_detector/model) by extension 'colcon_pkg'
[0.383s] Level 1:colcon.colcon_core.package_identification:_identify(armor_detector/model) by extensions ['colcon_meta']
[0.383s] Level 1:colcon.colcon_core.package_identification:_identify(armor_detector/model) by extension 'colcon_meta'
[0.383s] Level 1:colcon.colcon_core.package_identification:_identify(armor_detector/model) by extensions ['python']
[0.383s] Level 1:colcon.colcon_core.package_identification:_identify(armor_detector/model) by extension 'python'
[0.383s] Level 1:colcon.colcon_core.package_identification:_identify(armor_detector/model) by extensions ['python_setup_py']
[0.383s] Level 1:colcon.colcon_core.package_identification:_identify(armor_detector/model) by extension 'python_setup_py'
[0.383s] Level 1:colcon.colcon_core.package_identification:_identify(armor_detector/src) by extensions ['ignore']
[0.383s] Level 1:colcon.colcon_core.package_identification:_identify(armor_detector/src) by extension 'ignore'
[0.383s] Level 1:colcon.colcon_core.package_identification:_identify(armor_detector/src) by extensions ['colcon_pkg']
[0.383s] Level 1:colcon.colcon_core.package_identification:_identify(armor_detector/src) by extension 'colcon_pkg'
[0.383s] Level 1:colcon.colcon_core.package_identification:_identify(armor_detector/src) by extensions ['colcon_meta']
[0.384s] Level 1:colcon.colcon_core.package_identification:_identify(armor_detector/src) by extension 'colcon_meta'
[0.384s] Level 1:colcon.colcon_core.package_identification:_identify(armor_detector/src) by extensions ['python']
[0.384s] Level 1:colcon.colcon_core.package_identification:_identify(armor_detector/src) by extension 'python'
[0.384s] Level 1:colcon.colcon_core.package_identification:_identify(armor_detector/src) by extensions ['python_setup_py']
[0.384s] Level 1:colcon.colcon_core.package_identification:_identify(armor_detector/src) by extension 'python_setup_py'
[0.384s] Level 1:colcon.colcon_core.package_identification:_identify(armor_detector/test) by extensions ['ignore']
[0.384s] Level 1:colcon.colcon_core.package_identification:_identify(armor_detector/test) by extension 'ignore'
[0.384s] Level 1:colcon.colcon_core.package_identification:_identify(armor_detector/test) by extensions ['colcon_pkg']
[0.384s] Level 1:colcon.colcon_core.package_identification:_identify(armor_detector/test) by extension 'colcon_pkg'
[0.384s] Level 1:colcon.colcon_core.package_identification:_identify(armor_detector/test) by extensions ['colcon_meta']
[0.384s] Level 1:colcon.colcon_core.package_identification:_identify(armor_detector/test) by extension 'colcon_meta'
[0.384s] Level 1:colcon.colcon_core.package_identification:_identify(armor_detector/test) by extensions ['python']
[0.384s] Level 1:colcon.colcon_core.package_identification:_identify(armor_detector/test) by extension 'python'
[0.384s] Level 1:colcon.colcon_core.package_identification:_identify(armor_detector/test) by extensions ['python_setup_py']
[0.384s] Level 1:colcon.colcon_core.package_identification:_identify(armor_detector/test) by extension 'python_setup_py'
[0.384s] Level 1:colcon.colcon_core.package_identification:_identify(armor_tracker) by extensions ['ignore']
[0.384s] Level 1:colcon.colcon_core.package_identification:_identify(armor_tracker) by extension 'ignore'
[0.384s] Level 1:colcon.colcon_core.package_identification:_identify(armor_tracker) by extensions ['colcon_pkg']
[0.384s] Level 1:colcon.colcon_core.package_identification:_identify(armor_tracker) by extension 'colcon_pkg'
[0.384s] Level 1:colcon.colcon_core.package_identification:_identify(armor_tracker) by extensions ['colcon_meta']
[0.384s] Level 1:colcon.colcon_core.package_identification:_identify(armor_tracker) by extension 'colcon_meta'
[0.384s] Level 1:colcon.colcon_core.package_identification:_identify(armor_tracker) by extensions ['python']
[0.384s] Level 1:colcon.colcon_core.package_identification:_identify(armor_tracker) by extension 'python'
[0.384s] Level 1:colcon.colcon_core.package_identification:_identify(armor_tracker) by extensions ['python_setup_py']
[0.384s] Level 1:colcon.colcon_core.package_identification:_identify(armor_tracker) by extension 'python_setup_py'
[0.384s] Level 1:colcon.colcon_core.package_identification:_identify(armor_tracker/cmake-build-debug) by extensions ['ignore']
[0.384s] Level 1:colcon.colcon_core.package_identification:_identify(armor_tracker/cmake-build-debug) by extension 'ignore'
[0.384s] Level 1:colcon.colcon_core.package_identification:_identify(armor_tracker/cmake-build-debug) by extensions ['colcon_pkg']
[0.384s] Level 1:colcon.colcon_core.package_identification:_identify(armor_tracker/cmake-build-debug) by extension 'colcon_pkg'
[0.384s] Level 1:colcon.colcon_core.package_identification:_identify(armor_tracker/cmake-build-debug) by extensions ['colcon_meta']
[0.384s] Level 1:colcon.colcon_core.package_identification:_identify(armor_tracker/cmake-build-debug) by extension 'colcon_meta'
[0.384s] Level 1:colcon.colcon_core.package_identification:_identify(armor_tracker/cmake-build-debug) by extensions ['python']
[0.384s] Level 1:colcon.colcon_core.package_identification:_identify(armor_tracker/cmake-build-debug) by extension 'python'
[0.384s] Level 1:colcon.colcon_core.package_identification:_identify(armor_tracker/cmake-build-debug) by extensions ['python_setup_py']
[0.384s] Level 1:colcon.colcon_core.package_identification:_identify(armor_tracker/cmake-build-debug) by extension 'python_setup_py'
[0.384s] Level 1:colcon.colcon_core.package_identification:_identify(armor_tracker/cmake-build-debug/CMakeFiles) by extensions ['ignore']
[0.384s] Level 1:colcon.colcon_core.package_identification:_identify(armor_tracker/cmake-build-debug/CMakeFiles) by extension 'ignore'
[0.384s] Level 1:colcon.colcon_core.package_identification:_identify(armor_tracker/cmake-build-debug/CMakeFiles) by extensions ['colcon_pkg']
[0.384s] Level 1:colcon.colcon_core.package_identification:_identify(armor_tracker/cmake-build-debug/CMakeFiles) by extension 'colcon_pkg'
[0.384s] Level 1:colcon.colcon_core.package_identification:_identify(armor_tracker/cmake-build-debug/CMakeFiles) by extensions ['colcon_meta']
[0.384s] Level 1:colcon.colcon_core.package_identification:_identify(armor_tracker/cmake-build-debug/CMakeFiles) by extension 'colcon_meta'
[0.384s] Level 1:colcon.colcon_core.package_identification:_identify(armor_tracker/cmake-build-debug/CMakeFiles) by extensions ['python']
[0.385s] Level 1:colcon.colcon_core.package_identification:_identify(armor_tracker/cmake-build-debug/CMakeFiles) by extension 'python'
[0.385s] Level 1:colcon.colcon_core.package_identification:_identify(armor_tracker/cmake-build-debug/CMakeFiles) by extensions ['python_setup_py']
[0.385s] Level 1:colcon.colcon_core.package_identification:_identify(armor_tracker/cmake-build-debug/CMakeFiles) by extension 'python_setup_py'
[0.385s] Level 1:colcon.colcon_core.package_identification:_identify(armor_tracker/cmake-build-debug/CMakeFiles/3.27.8) by extensions ['ignore']
[0.385s] Level 1:colcon.colcon_core.package_identification:_identify(armor_tracker/cmake-build-debug/CMakeFiles/3.27.8) by extension 'ignore'
[0.385s] Level 1:colcon.colcon_core.package_identification:_identify(armor_tracker/cmake-build-debug/CMakeFiles/3.27.8) by extensions ['colcon_pkg']
[0.385s] Level 1:colcon.colcon_core.package_identification:_identify(armor_tracker/cmake-build-debug/CMakeFiles/3.27.8) by extension 'colcon_pkg'
[0.385s] Level 1:colcon.colcon_core.package_identification:_identify(armor_tracker/cmake-build-debug/CMakeFiles/3.27.8) by extensions ['colcon_meta']
[0.385s] Level 1:colcon.colcon_core.package_identification:_identify(armor_tracker/cmake-build-debug/CMakeFiles/3.27.8) by extension 'colcon_meta'
[0.385s] Level 1:colcon.colcon_core.package_identification:_identify(armor_tracker/cmake-build-debug/CMakeFiles/3.27.8) by extensions ['python']
[0.385s] Level 1:colcon.colcon_core.package_identification:_identify(armor_tracker/cmake-build-debug/CMakeFiles/3.27.8) by extension 'python'
[0.385s] Level 1:colcon.colcon_core.package_identification:_identify(armor_tracker/cmake-build-debug/CMakeFiles/3.27.8) by extensions ['python_setup_py']
[0.385s] Level 1:colcon.colcon_core.package_identification:_identify(armor_tracker/cmake-build-debug/CMakeFiles/3.27.8) by extension 'python_setup_py'
[0.385s] Level 1:colcon.colcon_core.package_identification:_identify(armor_tracker/cmake-build-debug/CMakeFiles/3.27.8/CompilerIdC) by extensions ['ignore']
[0.385s] Level 1:colcon.colcon_core.package_identification:_identify(armor_tracker/cmake-build-debug/CMakeFiles/3.27.8/CompilerIdC) by extension 'ignore'
[0.385s] Level 1:colcon.colcon_core.package_identification:_identify(armor_tracker/cmake-build-debug/CMakeFiles/3.27.8/CompilerIdC) by extensions ['colcon_pkg']
[0.385s] Level 1:colcon.colcon_core.package_identification:_identify(armor_tracker/cmake-build-debug/CMakeFiles/3.27.8/CompilerIdC) by extension 'colcon_pkg'
[0.385s] Level 1:colcon.colcon_core.package_identification:_identify(armor_tracker/cmake-build-debug/CMakeFiles/3.27.8/CompilerIdC) by extensions ['colcon_meta']
[0.385s] Level 1:colcon.colcon_core.package_identification:_identify(armor_tracker/cmake-build-debug/CMakeFiles/3.27.8/CompilerIdC) by extension 'colcon_meta'
[0.385s] Level 1:colcon.colcon_core.package_identification:_identify(armor_tracker/cmake-build-debug/CMakeFiles/3.27.8/CompilerIdC) by extensions ['python']
[0.385s] Level 1:colcon.colcon_core.package_identification:_identify(armor_tracker/cmake-build-debug/CMakeFiles/3.27.8/CompilerIdC) by extension 'python'
[0.385s] Level 1:colcon.colcon_core.package_identification:_identify(armor_tracker/cmake-build-debug/CMakeFiles/3.27.8/CompilerIdC) by extensions ['python_setup_py']
[0.385s] Level 1:colcon.colcon_core.package_identification:_identify(armor_tracker/cmake-build-debug/CMakeFiles/3.27.8/CompilerIdC) by extension 'python_setup_py'
[0.385s] Level 1:colcon.colcon_core.package_identification:_identify(armor_tracker/cmake-build-debug/CMakeFiles/3.27.8/CompilerIdC/tmp) by extensions ['ignore']
[0.385s] Level 1:colcon.colcon_core.package_identification:_identify(armor_tracker/cmake-build-debug/CMakeFiles/3.27.8/CompilerIdC/tmp) by extension 'ignore'
[0.385s] Level 1:colcon.colcon_core.package_identification:_identify(armor_tracker/cmake-build-debug/CMakeFiles/3.27.8/CompilerIdC/tmp) by extensions ['colcon_pkg']
[0.385s] Level 1:colcon.colcon_core.package_identification:_identify(armor_tracker/cmake-build-debug/CMakeFiles/3.27.8/CompilerIdC/tmp) by extension 'colcon_pkg'
[0.385s] Level 1:colcon.colcon_core.package_identification:_identify(armor_tracker/cmake-build-debug/CMakeFiles/3.27.8/CompilerIdC/tmp) by extensions ['colcon_meta']
[0.385s] Level 1:colcon.colcon_core.package_identification:_identify(armor_tracker/cmake-build-debug/CMakeFiles/3.27.8/CompilerIdC/tmp) by extension 'colcon_meta'
[0.385s] Level 1:colcon.colcon_core.package_identification:_identify(armor_tracker/cmake-build-debug/CMakeFiles/3.27.8/CompilerIdC/tmp) by extensions ['python']
[0.385s] Level 1:colcon.colcon_core.package_identification:_identify(armor_tracker/cmake-build-debug/CMakeFiles/3.27.8/CompilerIdC/tmp) by extension 'python'
[0.385s] Level 1:colcon.colcon_core.package_identification:_identify(armor_tracker/cmake-build-debug/CMakeFiles/3.27.8/CompilerIdC/tmp) by extensions ['python_setup_py']
[0.385s] Level 1:colcon.colcon_core.package_identification:_identify(armor_tracker/cmake-build-debug/CMakeFiles/3.27.8/CompilerIdC/tmp) by extension 'python_setup_py'
[0.385s] Level 1:colcon.colcon_core.package_identification:_identify(armor_tracker/cmake-build-debug/CMakeFiles/3.27.8/CompilerIdCXX) by extensions ['ignore']
[0.385s] Level 1:colcon.colcon_core.package_identification:_identify(armor_tracker/cmake-build-debug/CMakeFiles/3.27.8/CompilerIdCXX) by extension 'ignore'
[0.385s] Level 1:colcon.colcon_core.package_identification:_identify(armor_tracker/cmake-build-debug/CMakeFiles/3.27.8/CompilerIdCXX) by extensions ['colcon_pkg']
[0.385s] Level 1:colcon.colcon_core.package_identification:_identify(armor_tracker/cmake-build-debug/CMakeFiles/3.27.8/CompilerIdCXX) by extension 'colcon_pkg'
[0.385s] Level 1:colcon.colcon_core.package_identification:_identify(armor_tracker/cmake-build-debug/CMakeFiles/3.27.8/CompilerIdCXX) by extensions ['colcon_meta']
[0.386s] Level 1:colcon.colcon_core.package_identification:_identify(armor_tracker/cmake-build-debug/CMakeFiles/3.27.8/CompilerIdCXX) by extension 'colcon_meta'
[0.386s] Level 1:colcon.colcon_core.package_identification:_identify(armor_tracker/cmake-build-debug/CMakeFiles/3.27.8/CompilerIdCXX) by extensions ['python']
[0.386s] Level 1:colcon.colcon_core.package_identification:_identify(armor_tracker/cmake-build-debug/CMakeFiles/3.27.8/CompilerIdCXX) by extension 'python'
[0.386s] Level 1:colcon.colcon_core.package_identification:_identify(armor_tracker/cmake-build-debug/CMakeFiles/3.27.8/CompilerIdCXX) by extensions ['python_setup_py']
[0.386s] Level 1:colcon.colcon_core.package_identification:_identify(armor_tracker/cmake-build-debug/CMakeFiles/3.27.8/CompilerIdCXX) by extension 'python_setup_py'
[0.386s] Level 1:colcon.colcon_core.package_identification:_identify(armor_tracker/cmake-build-debug/CMakeFiles/3.27.8/CompilerIdCXX/tmp) by extensions ['ignore']
[0.386s] Level 1:colcon.colcon_core.package_identification:_identify(armor_tracker/cmake-build-debug/CMakeFiles/3.27.8/CompilerIdCXX/tmp) by extension 'ignore'
[0.386s] Level 1:colcon.colcon_core.package_identification:_identify(armor_tracker/cmake-build-debug/CMakeFiles/3.27.8/CompilerIdCXX/tmp) by extensions ['colcon_pkg']
[0.386s] Level 1:colcon.colcon_core.package_identification:_identify(armor_tracker/cmake-build-debug/CMakeFiles/3.27.8/CompilerIdCXX/tmp) by extension 'colcon_pkg'
[0.386s] Level 1:colcon.colcon_core.package_identification:_identify(armor_tracker/cmake-build-debug/CMakeFiles/3.27.8/CompilerIdCXX/tmp) by extensions ['colcon_meta']
[0.386s] Level 1:colcon.colcon_core.package_identification:_identify(armor_tracker/cmake-build-debug/CMakeFiles/3.27.8/CompilerIdCXX/tmp) by extension 'colcon_meta'
[0.386s] Level 1:colcon.colcon_core.package_identification:_identify(armor_tracker/cmake-build-debug/CMakeFiles/3.27.8/CompilerIdCXX/tmp) by extensions ['python']
[0.386s] Level 1:colcon.colcon_core.package_identification:_identify(armor_tracker/cmake-build-debug/CMakeFiles/3.27.8/CompilerIdCXX/tmp) by extension 'python'
[0.386s] Level 1:colcon.colcon_core.package_identification:_identify(armor_tracker/cmake-build-debug/CMakeFiles/3.27.8/CompilerIdCXX/tmp) by extensions ['python_setup_py']
[0.386s] Level 1:colcon.colcon_core.package_identification:_identify(armor_tracker/cmake-build-debug/CMakeFiles/3.27.8/CompilerIdCXX/tmp) by extension 'python_setup_py'
[0.386s] Level 1:colcon.colcon_core.package_identification:_identify(armor_tracker/cmake-build-debug/CMakeFiles/pkgRedirects) by extensions ['ignore']
[0.386s] Level 1:colcon.colcon_core.package_identification:_identify(armor_tracker/cmake-build-debug/CMakeFiles/pkgRedirects) by extension 'ignore'
[0.386s] Level 1:colcon.colcon_core.package_identification:_identify(armor_tracker/cmake-build-debug/CMakeFiles/pkgRedirects) by extensions ['colcon_pkg']
[0.386s] Level 1:colcon.colcon_core.package_identification:_identify(armor_tracker/cmake-build-debug/CMakeFiles/pkgRedirects) by extension 'colcon_pkg'
[0.386s] Level 1:colcon.colcon_core.package_identification:_identify(armor_tracker/cmake-build-debug/CMakeFiles/pkgRedirects) by extensions ['colcon_meta']
[0.386s] Level 1:colcon.colcon_core.package_identification:_identify(armor_tracker/cmake-build-debug/CMakeFiles/pkgRedirects) by extension 'colcon_meta'
[0.386s] Level 1:colcon.colcon_core.package_identification:_identify(armor_tracker/cmake-build-debug/CMakeFiles/pkgRedirects) by extensions ['python']
[0.386s] Level 1:colcon.colcon_core.package_identification:_identify(armor_tracker/cmake-build-debug/CMakeFiles/pkgRedirects) by extension 'python'
[0.386s] Level 1:colcon.colcon_core.package_identification:_identify(armor_tracker/cmake-build-debug/CMakeFiles/pkgRedirects) by extensions ['python_setup_py']
[0.386s] Level 1:colcon.colcon_core.package_identification:_identify(armor_tracker/cmake-build-debug/CMakeFiles/pkgRedirects) by extension 'python_setup_py'
[0.386s] Level 1:colcon.colcon_core.package_identification:_identify(armor_tracker/docs) by extensions ['ignore']
[0.386s] Level 1:colcon.colcon_core.package_identification:_identify(armor_tracker/docs) by extension 'ignore'
[0.386s] Level 1:colcon.colcon_core.package_identification:_identify(armor_tracker/docs) by extensions ['colcon_pkg']
[0.386s] Level 1:colcon.colcon_core.package_identification:_identify(armor_tracker/docs) by extension 'colcon_pkg'
[0.386s] Level 1:colcon.colcon_core.package_identification:_identify(armor_tracker/docs) by extensions ['colcon_meta']
[0.386s] Level 1:colcon.colcon_core.package_identification:_identify(armor_tracker/docs) by extension 'colcon_meta'
[0.386s] Level 1:colcon.colcon_core.package_identification:_identify(armor_tracker/docs) by extensions ['python']
[0.386s] Level 1:colcon.colcon_core.package_identification:_identify(armor_tracker/docs) by extension 'python'
[0.386s] Level 1:colcon.colcon_core.package_identification:_identify(armor_tracker/docs) by extensions ['python_setup_py']
[0.386s] Level 1:colcon.colcon_core.package_identification:_identify(armor_tracker/docs) by extension 'python_setup_py'
[0.386s] Level 1:colcon.colcon_core.package_identification:_identify(armor_tracker/include) by extensions ['ignore']
[0.386s] Level 1:colcon.colcon_core.package_identification:_identify(armor_tracker/include) by extension 'ignore'
[0.386s] Level 1:colcon.colcon_core.package_identification:_identify(armor_tracker/include) by extensions ['colcon_pkg']
[0.386s] Level 1:colcon.colcon_core.package_identification:_identify(armor_tracker/include) by extension 'colcon_pkg'
[0.387s] Level 1:colcon.colcon_core.package_identification:_identify(armor_tracker/include) by extensions ['colcon_meta']
[0.387s] Level 1:colcon.colcon_core.package_identification:_identify(armor_tracker/include) by extension 'colcon_meta'
[0.387s] Level 1:colcon.colcon_core.package_identification:_identify(armor_tracker/include) by extensions ['python']
[0.387s] Level 1:colcon.colcon_core.package_identification:_identify(armor_tracker/include) by extension 'python'
[0.387s] Level 1:colcon.colcon_core.package_identification:_identify(armor_tracker/include) by extensions ['python_setup_py']
[0.387s] Level 1:colcon.colcon_core.package_identification:_identify(armor_tracker/include) by extension 'python_setup_py'
[0.387s] Level 1:colcon.colcon_core.package_identification:_identify(armor_tracker/include/armor_tracker) by extensions ['ignore']
[0.387s] Level 1:colcon.colcon_core.package_identification:_identify(armor_tracker/include/armor_tracker) by extension 'ignore'
[0.387s] Level 1:colcon.colcon_core.package_identification:_identify(armor_tracker/include/armor_tracker) by extensions ['colcon_pkg']
[0.387s] Level 1:colcon.colcon_core.package_identification:_identify(armor_tracker/include/armor_tracker) by extension 'colcon_pkg'
[0.387s] Level 1:colcon.colcon_core.package_identification:_identify(armor_tracker/include/armor_tracker) by extensions ['colcon_meta']
[0.387s] Level 1:colcon.colcon_core.package_identification:_identify(armor_tracker/include/armor_tracker) by extension 'colcon_meta'
[0.387s] Level 1:colcon.colcon_core.package_identification:_identify(armor_tracker/include/armor_tracker) by extensions ['python']
[0.387s] Level 1:colcon.colcon_core.package_identification:_identify(armor_tracker/include/armor_tracker) by extension 'python'
[0.387s] Level 1:colcon.colcon_core.package_identification:_identify(armor_tracker/include/armor_tracker) by extensions ['python_setup_py']
[0.387s] Level 1:colcon.colcon_core.package_identification:_identify(armor_tracker/include/armor_tracker) by extension 'python_setup_py'
[0.387s] Level 1:colcon.colcon_core.package_identification:_identify(armor_tracker/src) by extensions ['ignore']
[0.387s] Level 1:colcon.colcon_core.package_identification:_identify(armor_tracker/src) by extension 'ignore'
[0.387s] Level 1:colcon.colcon_core.package_identification:_identify(armor_tracker/src) by extensions ['colcon_pkg']
[0.387s] Level 1:colcon.colcon_core.package_identification:_identify(armor_tracker/src) by extension 'colcon_pkg'
[0.387s] Level 1:colcon.colcon_core.package_identification:_identify(armor_tracker/src) by extensions ['colcon_meta']
[0.387s] Level 1:colcon.colcon_core.package_identification:_identify(armor_tracker/src) by extension 'colcon_meta'
[0.387s] Level 1:colcon.colcon_core.package_identification:_identify(armor_tracker/src) by extensions ['python']
[0.387s] Level 1:colcon.colcon_core.package_identification:_identify(armor_tracker/src) by extension 'python'
[0.387s] Level 1:colcon.colcon_core.package_identification:_identify(armor_tracker/src) by extensions ['python_setup_py']
[0.387s] Level 1:colcon.colcon_core.package_identification:_identify(armor_tracker/src) by extension 'python_setup_py'
[0.387s] Level 1:colcon.colcon_core.package_identification:_identify(auto_aim_interfaces) by extensions ['ignore']
[0.387s] Level 1:colcon.colcon_core.package_identification:_identify(auto_aim_interfaces) by extension 'ignore'
[0.387s] Level 1:colcon.colcon_core.package_identification:_identify(auto_aim_interfaces) by extensions ['colcon_pkg']
[0.387s] Level 1:colcon.colcon_core.package_identification:_identify(auto_aim_interfaces) by extension 'colcon_pkg'
[0.387s] Level 1:colcon.colcon_core.package_identification:_identify(auto_aim_interfaces) by extensions ['colcon_meta']
[0.387s] Level 1:colcon.colcon_core.package_identification:_identify(auto_aim_interfaces) by extension 'colcon_meta'
[0.387s] Level 1:colcon.colcon_core.package_identification:_identify(auto_aim_interfaces) by extensions ['python']
[0.387s] Level 1:colcon.colcon_core.package_identification:_identify(auto_aim_interfaces) by extension 'python'
[0.387s] Level 1:colcon.colcon_core.package_identification:_identify(auto_aim_interfaces) by extensions ['python_setup_py']
[0.387s] Level 1:colcon.colcon_core.package_identification:_identify(auto_aim_interfaces) by extension 'python_setup_py'
[0.387s] Level 1:colcon.colcon_core.package_identification:_identify(auto_aim_interfaces/msg) by extensions ['ignore']
[0.387s] Level 1:colcon.colcon_core.package_identification:_identify(auto_aim_interfaces/msg) by extension 'ignore'
[0.387s] Level 1:colcon.colcon_core.package_identification:_identify(auto_aim_interfaces/msg) by extensions ['colcon_pkg']
[0.387s] Level 1:colcon.colcon_core.package_identification:_identify(auto_aim_interfaces/msg) by extension 'colcon_pkg'
[0.388s] Level 1:colcon.colcon_core.package_identification:_identify(auto_aim_interfaces/msg) by extensions ['colcon_meta']
[0.388s] Level 1:colcon.colcon_core.package_identification:_identify(auto_aim_interfaces/msg) by extension 'colcon_meta'
[0.388s] Level 1:colcon.colcon_core.package_identification:_identify(auto_aim_interfaces/msg) by extensions ['python']
[0.388s] Level 1:colcon.colcon_core.package_identification:_identify(auto_aim_interfaces/msg) by extension 'python'
[0.388s] Level 1:colcon.colcon_core.package_identification:_identify(auto_aim_interfaces/msg) by extensions ['python_setup_py']
[0.388s] Level 1:colcon.colcon_core.package_identification:_identify(auto_aim_interfaces/msg) by extension 'python_setup_py'
[0.388s] Level 1:colcon.colcon_core.package_identification:_identify(build) by extensions ['ignore']
[0.388s] Level 1:colcon.colcon_core.package_identification:_identify(build) by extension 'ignore'
[0.388s] Level 1:colcon.colcon_core.package_identification:_identify(build) ignored
[0.388s] Level 1:colcon.colcon_core.package_identification:_identify(docs) by extensions ['ignore']
[0.388s] Level 1:colcon.colcon_core.package_identification:_identify(docs) by extension 'ignore'
[0.388s] Level 1:colcon.colcon_core.package_identification:_identify(docs) by extensions ['colcon_pkg']
[0.388s] Level 1:colcon.colcon_core.package_identification:_identify(docs) by extension 'colcon_pkg'
[0.388s] Level 1:colcon.colcon_core.package_identification:_identify(docs) by extensions ['colcon_meta']
[0.388s] Level 1:colcon.colcon_core.package_identification:_identify(docs) by extension 'colcon_meta'
[0.388s] Level 1:colcon.colcon_core.package_identification:_identify(docs) by extensions ['python']
[0.388s] Level 1:colcon.colcon_core.package_identification:_identify(docs) by extension 'python'
[0.388s] Level 1:colcon.colcon_core.package_identification:_identify(docs) by extensions ['python_setup_py']
[0.388s] Level 1:colcon.colcon_core.package_identification:_identify(docs) by extension 'python_setup_py'
[0.388s] Level 1:colcon.colcon_core.package_identification:_identify(install) by extensions ['ignore']
[0.388s] Level 1:colcon.colcon_core.package_identification:_identify(install) by extension 'ignore'
[0.388s] Level 1:colcon.colcon_core.package_identification:_identify(install) ignored
[0.388s] Level 1:colcon.colcon_core.package_identification:_identify(log) by extensions ['ignore']
[0.388s] Level 1:colcon.colcon_core.package_identification:_identify(log) by extension 'ignore'
[0.388s] Level 1:colcon.colcon_core.package_identification:_identify(log) ignored
[0.388s] Level 1:colcon.colcon_core.package_identification:_identify(rm_auto_aim) by extensions ['ignore']
[0.388s] Level 1:colcon.colcon_core.package_identification:_identify(rm_auto_aim) by extension 'ignore'
[0.388s] Level 1:colcon.colcon_core.package_identification:_identify(rm_auto_aim) by extensions ['colcon_pkg']
[0.388s] Level 1:colcon.colcon_core.package_identification:_identify(rm_auto_aim) by extension 'colcon_pkg'
[0.388s] Level 1:colcon.colcon_core.package_identification:_identify(rm_auto_aim) by extensions ['colcon_meta']
[0.388s] Level 1:colcon.colcon_core.package_identification:_identify(rm_auto_aim) by extension 'colcon_meta'
[0.388s] Level 1:colcon.colcon_core.package_identification:_identify(rm_auto_aim) by extensions ['python']
[0.388s] Level 1:colcon.colcon_core.package_identification:_identify(rm_auto_aim) by extension 'python'
[0.388s] Level 1:colcon.colcon_core.package_identification:_identify(rm_auto_aim) by extensions ['python_setup_py']
[0.388s] Level 1:colcon.colcon_core.package_identification:_identify(rm_auto_aim) by extension 'python_setup_py'
[0.388s] Level 1:colcon.colcon_core.package_discovery:discover_packages(recursive) using defaults
[0.388s] Level 1:colcon.colcon_core.package_discovery:discover_packages(ignore) discover
[0.388s] Level 1:colcon.colcon_core.package_discovery:discover_packages(ignore) using defaults
[0.388s] Level 1:colcon.colcon_core.package_discovery:discover_packages(path) discover
[0.389s] Level 1:colcon.colcon_core.package_discovery:discover_packages(path) using defaults
[0.426s] Level 1:colcon.colcon_core.package_discovery:discover_packages(prefix_path) check parameters
[0.426s] Level 1:colcon.colcon_core.package_discovery:discover_packages(prefix_path) discover
[0.431s] Level 1:colcon.colcon_core.package_discovery:discover_packages(prefix_path) using defaults
[0.440s] INFO:colcon.colcon_core.executor:Executing jobs using 'parallel' executor
[0.446s] DEBUG:colcon.colcon_parallel_executor.executor.parallel:run_until_complete
[0.446s] DEBUG:colcon.colcon_parallel_executor.executor.parallel:closing loop
[0.446s] DEBUG:colcon.colcon_parallel_executor.executor.parallel:loop closed
[0.446s] DEBUG:colcon.colcon_parallel_executor.executor.parallel:run_until_complete finished with '0'
[0.446s] DEBUG:colcon.colcon_core.event_reactor:joining thread
[0.456s] INFO:colcon.colcon_core.plugin_system:Skipping extension 'colcon_notification.desktop_notification.terminal_notifier': Not used on non-Darwin systems
[0.456s] INFO:colcon.colcon_core.plugin_system:Skipping extension 'colcon_notification.desktop_notification.win32': Not used on non-Windows systems
[0.456s] INFO:colcon.colcon_notification.desktop_notification:Sending desktop notification using 'notify2'
[0.470s] DEBUG:colcon.colcon_core.event_reactor:joined thread
[0.481s] INFO:colcon.colcon_core.plugin_system:Skipping extension 'colcon_core.shell.bat': Not used on non-Windows systems
[0.481s] INFO:colcon.colcon_core.shell:Creating prefix script '/home/wjrgfdy/CLionProjects/rm_vision/src/rm_auto_aim/install/local_setup.ps1'
[0.482s] INFO:colcon.colcon_core.shell:Creating prefix util module '/home/wjrgfdy/CLionProjects/rm_vision/src/rm_auto_aim/install/_local_setup_util_ps1.py'
[0.483s] INFO:colcon.colcon_core.shell:Creating prefix chain script '/home/wjrgfdy/CLionProjects/rm_vision/src/rm_auto_aim/install/setup.ps1'
[0.489s] INFO:colcon.colcon_core.shell:Creating prefix script '/home/wjrgfdy/CLionProjects/rm_vision/src/rm_auto_aim/install/local_setup.sh'
[0.489s] INFO:colcon.colcon_core.shell:Creating prefix util module '/home/wjrgfdy/CLionProjects/rm_vision/src/rm_auto_aim/install/_local_setup_util_sh.py'
[0.490s] INFO:colcon.colcon_core.shell:Creating prefix chain script '/home/wjrgfdy/CLionProjects/rm_vision/src/rm_auto_aim/install/setup.sh'
[0.496s] INFO:colcon.colcon_core.shell:Creating prefix script '/home/wjrgfdy/CLionProjects/rm_vision/src/rm_auto_aim/install/local_setup.bash'
[0.497s] INFO:colcon.colcon_core.shell:Creating prefix chain script '/home/wjrgfdy/CLionProjects/rm_vision/src/rm_auto_aim/install/setup.bash'
[0.502s] INFO:colcon.colcon_core.shell:Creating prefix script '/home/wjrgfdy/CLionProjects/rm_vision/src/rm_auto_aim/install/local_setup.zsh'
[0.502s] INFO:colcon.colcon_core.shell:Creating prefix chain script '/home/wjrgfdy/CLionProjects/rm_vision/src/rm_auto_aim/install/setup.zsh'
