[0.059s] Invoking command in '/home/wjrgfdy/rm_ws/build/mindvision_camera': CMAKE_PREFIX_PATH=${CMAKE_PREFIX_PATH}:/home/wjrgfdy/rm_ws/install/camera_calibration:/opt/ros/humble _=/usr/bin/env /usr/local/bin/cmake /home/wjrgfdy/rm_ws/src/ros2-mindvision-camera -DCMAKE_INSTALL_PREFIX=/home/wjrgfdy/rm_ws/install/mindvision_camera
[0.189s] -- The C compiler identification is GNU 12.3.0
[0.190s] -- The CXX compiler identification is GNU 12.3.0
[0.209s] -- Detecting C compiler ABI info
[0.281s] -- Detecting C compiler ABI info - done
[0.293s] -- Check for working C compiler: /usr/bin/cc - skipped
[0.293s] -- Detecting C compile features
[0.294s] -- Detecting C compile features - done
[0.302s] -- Detecting CXX compiler ABI info
[0.361s] -- Detecting CXX compiler ABI info - done
[0.374s] -- Check for working CXX compiler: /usr/bin/c++ - skipped
[0.374s] -- Detecting CXX compile features
[0.375s] -- Detecting CXX compile features - done
[0.378s] -- Found ament_cmake_auto: 1.3.6 (/opt/ros/humble/share/ament_cmake_auto/cmake)
[0.740s] -- Found Python3: /usr/bin/python3.10 (found version "3.10.12") found components: Interpreter 
[0.971s] -- Found rosidl_generator_c: 3.1.5 (/opt/ros/humble/share/rosidl_generator_c/cmake)
[0.979s] -- Found rosidl_adapter: 3.1.5 (/opt/ros/humble/share/rosidl_adapter/cmake)
[0.992s] -- Found rosidl_generator_cpp: 3.1.5 (/opt/ros/humble/share/rosidl_generator_cpp/cmake)
[1.012s] -- Using all available rosidl_typesupport_c: rosidl_typesupport_fastrtps_c;rosidl_typesupport_introspection_c
[1.040s] -- Using all available rosidl_typesupport_cpp: rosidl_typesupport_fastrtps_cpp;rosidl_typesupport_introspection_cpp
[1.142s] -- Found rmw_implementation_cmake: 6.1.1 (/opt/ros/humble/share/rmw_implementation_cmake/cmake)
[1.146s] -- Found rmw_fastrtps_cpp: 6.2.5 (/opt/ros/humble/share/rmw_fastrtps_cpp/cmake)
[1.268s] -- Found OpenSSL: /usr/lib/x86_64-linux-gnu/libcrypto.so (found version "3.0.2")  
[1.306s] -- Found FastRTPS: /opt/ros/humble/include  
[1.365s] -- Using RMW implementation 'rmw_fastrtps_cpp' as default
[1.379s] -- Performing Test CMAKE_HAVE_LIBC_PTHREAD
[1.455s] -- Performing Test CMAKE_HAVE_LIBC_PTHREAD - Success
[1.457s] -- Found Threads: TRUE  
[2.139s] -- Found ament_lint_auto: 0.12.9 (/opt/ros/humble/share/ament_lint_auto/cmake)
[2.244s] -- Added test 'cppcheck' to perform static code analysis on C / C++ code
[2.244s] -- Configured cppcheck include dirs: /home/wjrgfdy/rm_ws/src/ros2-mindvision-camera/mvsdk/include
[2.260s] -- Configured cppcheck exclude dirs and/or files: 
[2.261s] -- Added test 'flake8' to check Python code syntax and style conventions
[2.262s] -- Added test 'lint_cmake' to check CMake code style
[2.276s] -- Added test 'pep257' to check Python code against some of the docstring style conventions in PEP 257
[2.277s] -- Added test 'xmllint' to check XML markup files
[2.288s] -- Configuring done (2.2s)
[2.327s] -- Generating done (0.0s)
[2.350s] -- Build files have been written to: /home/wjrgfdy/rm_ws/build/mindvision_camera
[2.396s] Invoked command in '/home/wjrgfdy/rm_ws/build/mindvision_camera' returned '0': CMAKE_PREFIX_PATH=${CMAKE_PREFIX_PATH}:/home/wjrgfdy/rm_ws/install/camera_calibration:/opt/ros/humble _=/usr/bin/env /usr/local/bin/cmake /home/wjrgfdy/rm_ws/src/ros2-mindvision-camera -DCMAKE_INSTALL_PREFIX=/home/wjrgfdy/rm_ws/install/mindvision_camera
[2.396s] Invoking command in '/home/wjrgfdy/rm_ws/build/mindvision_camera': CMAKE_PREFIX_PATH=${CMAKE_PREFIX_PATH}:/home/wjrgfdy/rm_ws/install/camera_calibration:/opt/ros/humble _=/usr/bin/env /usr/local/bin/cmake --build /home/wjrgfdy/rm_ws/build/mindvision_camera -- -j12 -l12
[2.580s] [ 25%] [32mBuilding CXX object CMakeFiles/mindvision_camera.dir/src/mv_camera_node.cpp.o[0m
[2.586s] [ 50%] [32mBuilding CXX object CMakeFiles/mindvision_camera_node.dir/rclcpp_components/node_main_mindvision_camera_node.cpp.o[0m
[17.824s] [ 75%] [32m[1mLinking CXX executable mindvision_camera_node[0m
[18.144s] [ 75%] Built target mindvision_camera_node
[20.228s] [100%] [32m[1mLinking CXX shared library libmindvision_camera.so[0m
[20.828s] [100%] Built target mindvision_camera
[20.856s] Invoked command in '/home/wjrgfdy/rm_ws/build/mindvision_camera' returned '0': CMAKE_PREFIX_PATH=${CMAKE_PREFIX_PATH}:/home/wjrgfdy/rm_ws/install/camera_calibration:/opt/ros/humble _=/usr/bin/env /usr/local/bin/cmake --build /home/wjrgfdy/rm_ws/build/mindvision_camera -- -j12 -l12
[21.327s] Invoking command in '/home/wjrgfdy/rm_ws/build/mindvision_camera': CMAKE_PREFIX_PATH=${CMAKE_PREFIX_PATH}:/home/wjrgfdy/rm_ws/install/camera_calibration:/opt/ros/humble _=/usr/bin/env /usr/local/bin/cmake --install /home/wjrgfdy/rm_ws/build/mindvision_camera
[21.351s] -- Install configuration: ""
[21.351s] -- Up-to-date: /home/wjrgfdy/rm_ws/install/mindvision_camera/share/mindvision_camera/config
[21.352s] -- Up-to-date: /home/wjrgfdy/rm_ws/install/mindvision_camera/share/mindvision_camera/launch
[21.352s] -- Installing: /home/wjrgfdy/rm_ws/install/mindvision_camera/share/mindvision_camera/package.dsv
[21.354s] Invoked command in '/home/wjrgfdy/rm_ws/build/mindvision_camera' returned '0': CMAKE_PREFIX_PATH=${CMAKE_PREFIX_PATH}:/home/wjrgfdy/rm_ws/install/camera_calibration:/opt/ros/humble _=/usr/bin/env /usr/local/bin/cmake --install /home/wjrgfdy/rm_ws/build/mindvision_camera
