[0.074s] Invoking command in '/home/wjrgfdy/rm_ws/build/mindvision_camera': AMENT_PREFIX_PATH=/home/wjrgfdy/rm_ws/install/camera_calibration:/home/wjrgfdy/rm_ws/install/image_pipeline:/home/wjrgfdy/rm_ws/install/stereo_image_proc:/home/wjrgfdy/rm_ws/install/image_proc:/home/wjrgfdy/rm_ws/install/tracetools_image_pipeline:/home/wjrgfdy/rm_ws/install/rm_vision_bringup:/home/wjrgfdy/rm_ws/install/rm_serial_driver:/home/wjrgfdy/rm_ws/install/rm_gimbal_description:/home/wjrgfdy/rm_ws/install/rm_auto_aim:/home/wjrgfdy/rm_ws/install/mindvision_camera:/home/wjrgfdy/rm_ws/install/image_view:/home/wjrgfdy/rm_ws/install/image_rotate:/home/wjrgfdy/rm_ws/install/image_publisher:/home/wjrgfdy/rm_ws/install/hik_camera:/home/wjrgfdy/rm_ws/install/depth_image_proc:/home/wjrgfdy/rm_ws/install/armor_tracker:/home/wjrgfdy/rm_ws/install/armor_detector:/home/wjrgfdy/rm_ws/install/auto_aim_interfaces:/opt/ros/humble CMAKE_PREFIX_PATH=${CMAKE_PREFIX_PATH}:/home/wjrgfdy/rm_ws/install/camera_calibration:/opt/ros/humble _=/usr/bin/env /usr/local/bin/cmake --build /home/wjrgfdy/rm_ws/build/mindvision_camera -- -j12 -l12
[0.098s] [ 50%] Built target mindvision_camera
[0.100s] [100%] Built target mindvision_camera_node
[0.146s] Invoked command in '/home/wjrgfdy/rm_ws/build/mindvision_camera' returned '0': AMENT_PREFIX_PATH=/home/wjrgfdy/rm_ws/install/camera_calibration:/home/wjrgfdy/rm_ws/install/image_pipeline:/home/wjrgfdy/rm_ws/install/stereo_image_proc:/home/wjrgfdy/rm_ws/install/image_proc:/home/wjrgfdy/rm_ws/install/tracetools_image_pipeline:/home/wjrgfdy/rm_ws/install/rm_vision_bringup:/home/wjrgfdy/rm_ws/install/rm_serial_driver:/home/wjrgfdy/rm_ws/install/rm_gimbal_description:/home/wjrgfdy/rm_ws/install/rm_auto_aim:/home/wjrgfdy/rm_ws/install/mindvision_camera:/home/wjrgfdy/rm_ws/install/image_view:/home/wjrgfdy/rm_ws/install/image_rotate:/home/wjrgfdy/rm_ws/install/image_publisher:/home/wjrgfdy/rm_ws/install/hik_camera:/home/wjrgfdy/rm_ws/install/depth_image_proc:/home/wjrgfdy/rm_ws/install/armor_tracker:/home/wjrgfdy/rm_ws/install/armor_detector:/home/wjrgfdy/rm_ws/install/auto_aim_interfaces:/opt/ros/humble CMAKE_PREFIX_PATH=${CMAKE_PREFIX_PATH}:/home/wjrgfdy/rm_ws/install/camera_calibration:/opt/ros/humble _=/usr/bin/env /usr/local/bin/cmake --build /home/wjrgfdy/rm_ws/build/mindvision_camera -- -j12 -l12
[0.327s] Invoking command in '/home/wjrgfdy/rm_ws/build/mindvision_camera': AMENT_PREFIX_PATH=/home/wjrgfdy/rm_ws/install/camera_calibration:/home/wjrgfdy/rm_ws/install/image_pipeline:/home/wjrgfdy/rm_ws/install/stereo_image_proc:/home/wjrgfdy/rm_ws/install/image_proc:/home/wjrgfdy/rm_ws/install/tracetools_image_pipeline:/home/wjrgfdy/rm_ws/install/rm_vision_bringup:/home/wjrgfdy/rm_ws/install/rm_serial_driver:/home/wjrgfdy/rm_ws/install/rm_gimbal_description:/home/wjrgfdy/rm_ws/install/rm_auto_aim:/home/wjrgfdy/rm_ws/install/mindvision_camera:/home/wjrgfdy/rm_ws/install/image_view:/home/wjrgfdy/rm_ws/install/image_rotate:/home/wjrgfdy/rm_ws/install/image_publisher:/home/wjrgfdy/rm_ws/install/hik_camera:/home/wjrgfdy/rm_ws/install/depth_image_proc:/home/wjrgfdy/rm_ws/install/armor_tracker:/home/wjrgfdy/rm_ws/install/armor_detector:/home/wjrgfdy/rm_ws/install/auto_aim_interfaces:/opt/ros/humble CMAKE_PREFIX_PATH=${CMAKE_PREFIX_PATH}:/home/wjrgfdy/rm_ws/install/camera_calibration:/opt/ros/humble _=/usr/bin/env /usr/local/bin/cmake --install /home/wjrgfdy/rm_ws/build/mindvision_camera
[0.328s] -- Install configuration: ""
[0.329s] -- Execute custom install script
[0.330s] -- Up-to-date symlink: /home/wjrgfdy/rm_ws/install/mindvision_camera/lib/mindvision_camera/mindvision_camera_node
[0.330s] -- Up-to-date symlink: /home/wjrgfdy/rm_ws/install/mindvision_camera/share/mindvision_camera/environment/library_path.sh
[0.330s] -- Up-to-date symlink: /home/wjrgfdy/rm_ws/install/mindvision_camera/share/mindvision_camera/environment/library_path.dsv
[0.330s] -- Up-to-date symlink: /home/wjrgfdy/rm_ws/install/mindvision_camera/lib/libmindvision_camera.so
[0.331s] -- Up-to-date symlink: /home/wjrgfdy/rm_ws/install/mindvision_camera/share/mindvision_camera/config/camera_info.yaml
[0.331s] -- Up-to-date symlink: /home/wjrgfdy/rm_ws/install/mindvision_camera/share/mindvision_camera/config/camera_params.yaml
[0.331s] -- Up-to-date symlink: /home/wjrgfdy/rm_ws/install/mindvision_camera/share/mindvision_camera/launch/mv_launch.py
[0.332s] -- Up-to-date symlink: /home/wjrgfdy/rm_ws/install/mindvision_camera/share/ament_index/resource_index/package_run_dependencies/mindvision_camera
[0.332s] -- Up-to-date symlink: /home/wjrgfdy/rm_ws/install/mindvision_camera/share/ament_index/resource_index/parent_prefix_path/mindvision_camera
[0.332s] -- Up-to-date symlink: /home/wjrgfdy/rm_ws/install/mindvision_camera/share/mindvision_camera/environment/ament_prefix_path.sh
[0.333s] -- Up-to-date symlink: /home/wjrgfdy/rm_ws/install/mindvision_camera/share/mindvision_camera/environment/ament_prefix_path.dsv
[0.333s] -- Up-to-date symlink: /home/wjrgfdy/rm_ws/install/mindvision_camera/share/mindvision_camera/environment/path.sh
[0.333s] -- Up-to-date symlink: /home/wjrgfdy/rm_ws/install/mindvision_camera/share/mindvision_camera/environment/path.dsv
[0.333s] -- Up-to-date symlink: /home/wjrgfdy/rm_ws/install/mindvision_camera/share/mindvision_camera/local_setup.bash
[0.333s] -- Up-to-date symlink: /home/wjrgfdy/rm_ws/install/mindvision_camera/share/mindvision_camera/local_setup.sh
[0.334s] -- Up-to-date symlink: /home/wjrgfdy/rm_ws/install/mindvision_camera/share/mindvision_camera/local_setup.zsh
[0.334s] -- Up-to-date symlink: /home/wjrgfdy/rm_ws/install/mindvision_camera/share/mindvision_camera/local_setup.dsv
[0.334s] -- Symlinking: /home/wjrgfdy/rm_ws/install/mindvision_camera/share/mindvision_camera/package.dsv
[0.338s] -- Up-to-date symlink: /home/wjrgfdy/rm_ws/install/mindvision_camera/share/ament_index/resource_index/packages/mindvision_camera
[0.338s] -- Up-to-date symlink: /home/wjrgfdy/rm_ws/install/mindvision_camera/share/ament_index/resource_index/rclcpp_components/mindvision_camera
[0.338s] -- Up-to-date symlink: /home/wjrgfdy/rm_ws/install/mindvision_camera/share/mindvision_camera/cmake/ament_cmake_export_dependencies-extras.cmake
[0.338s] -- Up-to-date symlink: /home/wjrgfdy/rm_ws/install/mindvision_camera/share/mindvision_camera/cmake/ament_cmake_export_libraries-extras.cmake
[0.339s] -- Up-to-date symlink: /home/wjrgfdy/rm_ws/install/mindvision_camera/share/mindvision_camera/cmake/mindvision_cameraConfig.cmake
[0.339s] -- Up-to-date symlink: /home/wjrgfdy/rm_ws/install/mindvision_camera/share/mindvision_camera/cmake/mindvision_cameraConfig-version.cmake
[0.339s] -- Up-to-date symlink: /home/wjrgfdy/rm_ws/install/mindvision_camera/share/mindvision_camera/package.xml
[0.526s] Invoked command in '/home/wjrgfdy/rm_ws/build/mindvision_camera' returned '0': AMENT_PREFIX_PATH=/home/wjrgfdy/rm_ws/install/camera_calibration:/home/wjrgfdy/rm_ws/install/image_pipeline:/home/wjrgfdy/rm_ws/install/stereo_image_proc:/home/wjrgfdy/rm_ws/install/image_proc:/home/wjrgfdy/rm_ws/install/tracetools_image_pipeline:/home/wjrgfdy/rm_ws/install/rm_vision_bringup:/home/wjrgfdy/rm_ws/install/rm_serial_driver:/home/wjrgfdy/rm_ws/install/rm_gimbal_description:/home/wjrgfdy/rm_ws/install/rm_auto_aim:/home/wjrgfdy/rm_ws/install/mindvision_camera:/home/wjrgfdy/rm_ws/install/image_view:/home/wjrgfdy/rm_ws/install/image_rotate:/home/wjrgfdy/rm_ws/install/image_publisher:/home/wjrgfdy/rm_ws/install/hik_camera:/home/wjrgfdy/rm_ws/install/depth_image_proc:/home/wjrgfdy/rm_ws/install/armor_tracker:/home/wjrgfdy/rm_ws/install/armor_detector:/home/wjrgfdy/rm_ws/install/auto_aim_interfaces:/opt/ros/humble CMAKE_PREFIX_PATH=${CMAKE_PREFIX_PATH}:/home/wjrgfdy/rm_ws/install/camera_calibration:/opt/ros/humble _=/usr/bin/env /usr/local/bin/cmake --install /home/wjrgfdy/rm_ws/build/mindvision_camera
