-- The C compiler identification is GNU 12.3.0
-- The CXX compiler identification is GNU 12.3.0
-- Detecting C compiler ABI info
-- Detecting C compiler ABI info - done
-- Check for working C compiler: /usr/bin/cc - skipped
-- Detecting C compile features
-- Detecting C compile features - done
-- Detecting CXX compiler ABI info
-- Detecting CXX compiler ABI info - done
-- Check for working CXX compiler: /usr/bin/c++ - skipped
-- Detecting CXX compile features
-- Detecting CXX compile features - done
-- Found ament_cmake_auto: 1.3.6 (/opt/ros/humble/share/ament_cmake_auto/cmake)
-- Found Python3: /usr/bin/python3.10 (found version "3.10.12") found components: Interpreter 
-- Found rosidl_generator_c: 3.1.5 (/opt/ros/humble/share/rosidl_generator_c/cmake)
-- Found rosidl_adapter: 3.1.5 (/opt/ros/humble/share/rosidl_adapter/cmake)
-- Found rosidl_generator_cpp: 3.1.5 (/opt/ros/humble/share/rosidl_generator_cpp/cmake)
-- Using all available rosidl_typesupport_c: rosidl_typesupport_fastrtps_c;rosidl_typesupport_introspection_c
-- Using all available rosidl_typesupport_cpp: rosidl_typesupport_fastrtps_cpp;rosidl_typesupport_introspection_cpp
-- Found rmw_implementation_cmake: 6.1.1 (/opt/ros/humble/share/rmw_implementation_cmake/cmake)
-- Found rmw_fastrtps_cpp: 6.2.5 (/opt/ros/humble/share/rmw_fastrtps_cpp/cmake)
-- Found OpenSSL: /usr/lib/x86_64-linux-gnu/libcrypto.so (found version "3.0.2")  
-- Found FastRTPS: /opt/ros/humble/include  
-- Using RMW implementation 'rmw_fastrtps_cpp' as default
-- Performing Test CMAKE_HAVE_LIBC_PTHREAD
-- Performing Test CMAKE_HAVE_LIBC_PTHREAD - Success
-- Found Threads: TRUE  
-- Found OpenCV: /usr/local (found version "4.9.0") 
-- Found ament_lint_auto: 0.12.9 (/opt/ros/humble/share/ament_lint_auto/cmake)
-- Found python_cmake_module: 0.10.0 (/opt/ros/humble/share/python_cmake_module/cmake)
-- Found PythonInterp: /usr/bin/python3 (found suitable version "3.10.12", minimum required is "3.6") 
-- Found PythonLibs: /usr/lib/x86_64-linux-gnu/libpython3.10.so (found suitable version "3.10.12", minimum required is "3.5") 
-- Using PYTHON_EXECUTABLE: /usr/bin/python3
-- Using PYTHON_INCLUDE_DIRS: /usr/include/python3.10
-- Using PYTHON_LIBRARIES: /usr/lib/x86_64-linux-gnu/libpython3.10.so
-- Found PythonExtra: .so  
-- Added test 'copyright' to check source files copyright and LICENSE
-- Added test 'cppcheck' to perform static code analysis on C / C++ code
-- Configured cppcheck include dirs: /home/wjrgfdy/rm_ws/src/image_pipeline/stereo_image_proc/include
-- Configured cppcheck exclude dirs and/or files: 
-- Added test 'cpplint' to check C / C++ code against the Google style
-- Configured cpplint exclude dirs and/or files: 
-- Added test 'flake8' to check Python code syntax and style conventions
-- Added test 'lint_cmake' to check CMake code style
-- Added test 'pep257' to check Python code against some of the docstring style conventions in PEP 257
-- Added test 'uncrustify' to check C / C++ code style
-- Configured uncrustify additional arguments: 
-- Added test 'xmllint' to check XML markup files
-- Configuring done (2.6s)
-- Generating done (0.0s)
-- Build files have been written to: /home/wjrgfdy/rm_ws/build/stereo_image_proc
[ 12%] [32mBuilding CXX object CMakeFiles/stereo_image_proc.dir/src/stereo_image_proc/stereo_processor.cpp.o[0m
[ 37%] [32mBuilding CXX object CMakeFiles/stereo_image_proc.dir/src/stereo_image_proc/disparity_node.cpp.o[0m
[ 37%] [32mBuilding CXX object CMakeFiles/stereo_image_proc.dir/src/stereo_image_proc/point_cloud_node.cpp.o[0m
[ 62%] [32mBuilding CXX object CMakeFiles/point_cloud_node.dir/rclcpp_components/node_main_point_cloud_node.cpp.o[0m
[ 62%] [32mBuilding CXX object CMakeFiles/disparity_node.dir/rclcpp_components/node_main_disparity_node.cpp.o[0m
[ 75%] [32m[1mLinking CXX executable disparity_node[0m
[ 75%] Built target disparity_node
[ 87%] [32m[1mLinking CXX executable point_cloud_node[0m
[ 87%] Built target point_cloud_node
[100%] [32m[1mLinking CXX shared library libstereo_image_proc.so[0m
[100%] Built target stereo_image_proc
-- Install configuration: ""
-- Up-to-date: /home/wjrgfdy/rm_ws/install/stereo_image_proc/include
-- Up-to-date: /home/wjrgfdy/rm_ws/install/stereo_image_proc/include/stereo_image_proc
-- Up-to-date: /home/wjrgfdy/rm_ws/install/stereo_image_proc/share/stereo_image_proc/launch
-- Installing: /home/wjrgfdy/rm_ws/install/stereo_image_proc/share/stereo_image_proc/package.dsv
