[0.090s] Invoking command in '/home/wjrgfdy/rm_ws/build/hik_camera': CMAKE_PREFIX_PATH=${CMAKE_PREFIX_PATH}:/home/wjrgfdy/rm_ws/install/camera_calibration:/opt/ros/humble _=/usr/bin/env /usr/local/bin/cmake /home/wjrgfdy/rm_ws/src/ros2-hik-camera -DCMAKE_INSTALL_PREFIX=/home/wjrgfdy/rm_ws/install/hik_camera
[0.145s] -- The C compiler identification is GNU 12.3.0
[0.218s] -- The CXX compiler identification is GNU 12.3.0
[0.240s] -- Detecting C compiler ABI info
[0.311s] -- Detecting C compiler ABI info - done
[0.323s] -- Check for working C compiler: /usr/bin/cc - skipped
[0.323s] -- Detecting C compile features
[0.323s] -- Detecting C compile features - done
[0.333s] -- Detecting CXX compiler ABI info
[0.391s] -- Detecting CXX compiler ABI info - done
[0.405s] -- Check for working CXX compiler: /usr/bin/c++ - skipped
[0.406s] -- Detecting CXX compile features
[0.406s] -- Detecting CXX compile features - done
[0.410s] -- Found ament_cmake_auto: 1.3.6 (/opt/ros/humble/share/ament_cmake_auto/cmake)
[0.741s] -- Found Python3: /usr/bin/python3.10 (found version "3.10.12") found components: Interpreter 
[0.998s] -- Found rosidl_generator_c: 3.1.5 (/opt/ros/humble/share/rosidl_generator_c/cmake)
[1.007s] -- Found rosidl_adapter: 3.1.5 (/opt/ros/humble/share/rosidl_adapter/cmake)
[1.020s] -- Found rosidl_generator_cpp: 3.1.5 (/opt/ros/humble/share/rosidl_generator_cpp/cmake)
[1.041s] -- Using all available rosidl_typesupport_c: rosidl_typesupport_fastrtps_c;rosidl_typesupport_introspection_c
[1.071s] -- Using all available rosidl_typesupport_cpp: rosidl_typesupport_fastrtps_cpp;rosidl_typesupport_introspection_cpp
[1.175s] -- Found rmw_implementation_cmake: 6.1.1 (/opt/ros/humble/share/rmw_implementation_cmake/cmake)
[1.179s] -- Found rmw_fastrtps_cpp: 6.2.5 (/opt/ros/humble/share/rmw_fastrtps_cpp/cmake)
[1.303s] -- Found OpenSSL: /usr/lib/x86_64-linux-gnu/libcrypto.so (found version "3.0.2")  
[1.333s] -- Found FastRTPS: /opt/ros/humble/include  
[1.389s] -- Using RMW implementation 'rmw_fastrtps_cpp' as default
[1.401s] -- Performing Test CMAKE_HAVE_LIBC_PTHREAD
[1.481s] -- Performing Test CMAKE_HAVE_LIBC_PTHREAD - Success
[1.483s] -- Found Threads: TRUE  
[2.769s] -- Found ament_lint_auto: 0.12.9 (/opt/ros/humble/share/ament_lint_auto/cmake)
[2.882s] -- Added test 'cppcheck' to perform static code analysis on C / C++ code
[2.882s] -- Configured cppcheck include dirs: /home/wjrgfdy/rm_ws/src/ros2-hik-camera/hikSDK/include
[2.882s] -- Configured cppcheck exclude dirs and/or files: 
[2.899s] -- Added test 'flake8' to check Python code syntax and style conventions
[2.901s] -- Added test 'lint_cmake' to check CMake code style
[2.902s] -- Added test 'pep257' to check Python code against some of the docstring style conventions in PEP 257
[2.913s] -- Added test 'xmllint' to check XML markup files
[2.917s] -- Configuring done (2.8s)
[2.993s] -- Generating done (0.0s)
[2.996s] -- Build files have been written to: /home/wjrgfdy/rm_ws/build/hik_camera
[3.060s] Invoked command in '/home/wjrgfdy/rm_ws/build/hik_camera' returned '0': CMAKE_PREFIX_PATH=${CMAKE_PREFIX_PATH}:/home/wjrgfdy/rm_ws/install/camera_calibration:/opt/ros/humble _=/usr/bin/env /usr/local/bin/cmake /home/wjrgfdy/rm_ws/src/ros2-hik-camera -DCMAKE_INSTALL_PREFIX=/home/wjrgfdy/rm_ws/install/hik_camera
[3.078s] Invoking command in '/home/wjrgfdy/rm_ws/build/hik_camera': CMAKE_PREFIX_PATH=${CMAKE_PREFIX_PATH}:/home/wjrgfdy/rm_ws/install/camera_calibration:/opt/ros/humble _=/usr/bin/env /usr/local/bin/cmake --build /home/wjrgfdy/rm_ws/build/hik_camera -- -j12 -l12
[3.182s] [ 25%] [32mBuilding CXX object CMakeFiles/hik_camera_node.dir/rclcpp_components/node_main_hik_camera_node.cpp.o[0m
[3.197s] [ 50%] [32mBuilding CXX object CMakeFiles/hik_camera.dir/src/hik_camera_node.cpp.o[0m
[15.464s] [ 75%] [32m[1mLinking CXX shared library libhik_camera.so[0m
[15.873s] [ 75%] Built target hik_camera
[18.546s] [100%] [32m[1mLinking CXX executable hik_camera_node[0m
[19.140s] [100%] Built target hik_camera_node
[19.193s] Invoked command in '/home/wjrgfdy/rm_ws/build/hik_camera' returned '0': CMAKE_PREFIX_PATH=${CMAKE_PREFIX_PATH}:/home/wjrgfdy/rm_ws/install/camera_calibration:/opt/ros/humble _=/usr/bin/env /usr/local/bin/cmake --build /home/wjrgfdy/rm_ws/build/hik_camera -- -j12 -l12
[19.741s] Invoking command in '/home/wjrgfdy/rm_ws/build/hik_camera': CMAKE_PREFIX_PATH=${CMAKE_PREFIX_PATH}:/home/wjrgfdy/rm_ws/install/camera_calibration:/opt/ros/humble _=/usr/bin/env /usr/local/bin/cmake --install /home/wjrgfdy/rm_ws/build/hik_camera
[19.758s] -- Install configuration: ""
[19.758s] -- Up-to-date: /home/wjrgfdy/rm_ws/install/hik_camera/lib
[19.758s] -- Up-to-date: /home/wjrgfdy/rm_ws/install/hik_camera/share/hik_camera/config
[19.759s] -- Up-to-date: /home/wjrgfdy/rm_ws/install/hik_camera/share/hik_camera/launch
[19.759s] -- Installing: /home/wjrgfdy/rm_ws/install/hik_camera/share/hik_camera/package.dsv
[19.764s] Invoked command in '/home/wjrgfdy/rm_ws/build/hik_camera' returned '0': CMAKE_PREFIX_PATH=${CMAKE_PREFIX_PATH}:/home/wjrgfdy/rm_ws/install/camera_calibration:/opt/ros/humble _=/usr/bin/env /usr/local/bin/cmake --install /home/wjrgfdy/rm_ws/build/hik_camera
