[0.109s] Invoking command in '/home/wjrgfdy/rm_ws/build/image_proc': CMAKE_PREFIX_PATH=/home/wjrgfdy/rm_ws/install/tracetools_image_pipeline:/home/wjrgfdy/rm_ws/install/image_pipeline:/home/wjrgfdy/rm_ws/install/stereo_image_proc:/home/wjrgfdy/rm_ws/install/image_proc:/home/wjrgfdy/rm_ws/install/rm_vision_bringup:/home/wjrgfdy/rm_ws/install/rm_serial_driver:/home/wjrgfdy/rm_ws/install/rm_gimbal_description:/home/wjrgfdy/rm_ws/install/rm_auto_aim:/home/wjrgfdy/rm_ws/install/mindvision_camera:/home/wjrgfdy/rm_ws/install/image_view:/home/wjrgfdy/rm_ws/install/image_rotate:/home/wjrgfdy/rm_ws/install/image_publisher:/home/wjrgfdy/rm_ws/install/hik_camera:/home/wjrgfdy/rm_ws/install/depth_image_proc:/home/wjrgfdy/rm_ws/install/armor_tracker:/home/wjrgfdy/rm_ws/install/armor_detector:/home/wjrgfdy/rm_ws/install/auto_aim_interfaces:/home/wjrgfdy/rm_ws/install/camera_calibration:/opt/ros/humble LD_LIBRARY_PATH=/home/wjrgfdy/rm_ws/install/tracetools_image_pipeline/lib:/home/wjrgfdy/rm_ws/install/stereo_image_proc/lib:/home/wjrgfdy/rm_ws/install/image_proc/lib:/home/wjrgfdy/rm_ws/install/rm_serial_driver/lib:/home/wjrgfdy/rm_ws/install/mindvision_camera/lib:/home/wjrgfdy/rm_ws/install/image_view/lib:/home/wjrgfdy/rm_ws/install/image_rotate/lib:/home/wjrgfdy/rm_ws/install/image_publisher/lib:/home/wjrgfdy/rm_ws/install/hik_camera/lib:/home/wjrgfdy/rm_ws/install/depth_image_proc/lib:/home/wjrgfdy/rm_ws/install/armor_tracker/lib:/home/wjrgfdy/rm_ws/install/armor_detector/lib:/home/wjrgfdy/rm_ws/install/auto_aim_interfaces/lib:/opt/ros/humble/opt/rviz_ogre_vendor/lib:/opt/ros/humble/lib/x86_64-linux-gnu:/opt/ros/humble/lib:/opt/MVS/lib/64:/opt/MVS/lib/32:/opt/MVS/lib/64:/opt/MVS/lib/32:/opt/MVS/lib/64:/opt/MVS/lib/32 _=/usr/bin/env /usr/local/bin/cmake --build /home/wjrgfdy/rm_ws/build/image_proc -- -j12 -l12
[0.142s] [  8%] Built target image_proc
[0.145s] [ 32%] Built target debayer_node
[0.146s] [ 32%] Built target resize_node
[0.146s] [ 40%] Built target crop_decimate_node
[0.146s] [ 40%] Built target rectify_node
[0.149s] [ 48%] Built target crop_non_zero_node
[0.160s] [ 56%] Built target rectify
[0.178s] [ 68%] Built target debayer
[0.193s] [ 76%] Built target resize
[0.206s] [ 84%] Built target crop_decimate
[0.226s] [ 92%] Built target crop_non_zero
[0.240s] [100%] Built target image_proc_exe
[0.349s] Invoked command in '/home/wjrgfdy/rm_ws/build/image_proc' returned '0': CMAKE_PREFIX_PATH=/home/wjrgfdy/rm_ws/install/tracetools_image_pipeline:/home/wjrgfdy/rm_ws/install/image_pipeline:/home/wjrgfdy/rm_ws/install/stereo_image_proc:/home/wjrgfdy/rm_ws/install/image_proc:/home/wjrgfdy/rm_ws/install/rm_vision_bringup:/home/wjrgfdy/rm_ws/install/rm_serial_driver:/home/wjrgfdy/rm_ws/install/rm_gimbal_description:/home/wjrgfdy/rm_ws/install/rm_auto_aim:/home/wjrgfdy/rm_ws/install/mindvision_camera:/home/wjrgfdy/rm_ws/install/image_view:/home/wjrgfdy/rm_ws/install/image_rotate:/home/wjrgfdy/rm_ws/install/image_publisher:/home/wjrgfdy/rm_ws/install/hik_camera:/home/wjrgfdy/rm_ws/install/depth_image_proc:/home/wjrgfdy/rm_ws/install/armor_tracker:/home/wjrgfdy/rm_ws/install/armor_detector:/home/wjrgfdy/rm_ws/install/auto_aim_interfaces:/home/wjrgfdy/rm_ws/install/camera_calibration:/opt/ros/humble LD_LIBRARY_PATH=/home/wjrgfdy/rm_ws/install/tracetools_image_pipeline/lib:/home/wjrgfdy/rm_ws/install/stereo_image_proc/lib:/home/wjrgfdy/rm_ws/install/image_proc/lib:/home/wjrgfdy/rm_ws/install/rm_serial_driver/lib:/home/wjrgfdy/rm_ws/install/mindvision_camera/lib:/home/wjrgfdy/rm_ws/install/image_view/lib:/home/wjrgfdy/rm_ws/install/image_rotate/lib:/home/wjrgfdy/rm_ws/install/image_publisher/lib:/home/wjrgfdy/rm_ws/install/hik_camera/lib:/home/wjrgfdy/rm_ws/install/depth_image_proc/lib:/home/wjrgfdy/rm_ws/install/armor_tracker/lib:/home/wjrgfdy/rm_ws/install/armor_detector/lib:/home/wjrgfdy/rm_ws/install/auto_aim_interfaces/lib:/opt/ros/humble/opt/rviz_ogre_vendor/lib:/opt/ros/humble/lib/x86_64-linux-gnu:/opt/ros/humble/lib:/opt/MVS/lib/64:/opt/MVS/lib/32:/opt/MVS/lib/64:/opt/MVS/lib/32:/opt/MVS/lib/64:/opt/MVS/lib/32 _=/usr/bin/env /usr/local/bin/cmake --build /home/wjrgfdy/rm_ws/build/image_proc -- -j12 -l12
[0.469s] Invoking command in '/home/wjrgfdy/rm_ws/build/image_proc': CMAKE_PREFIX_PATH=/home/wjrgfdy/rm_ws/install/tracetools_image_pipeline:/home/wjrgfdy/rm_ws/install/image_pipeline:/home/wjrgfdy/rm_ws/install/stereo_image_proc:/home/wjrgfdy/rm_ws/install/image_proc:/home/wjrgfdy/rm_ws/install/rm_vision_bringup:/home/wjrgfdy/rm_ws/install/rm_serial_driver:/home/wjrgfdy/rm_ws/install/rm_gimbal_description:/home/wjrgfdy/rm_ws/install/rm_auto_aim:/home/wjrgfdy/rm_ws/install/mindvision_camera:/home/wjrgfdy/rm_ws/install/image_view:/home/wjrgfdy/rm_ws/install/image_rotate:/home/wjrgfdy/rm_ws/install/image_publisher:/home/wjrgfdy/rm_ws/install/hik_camera:/home/wjrgfdy/rm_ws/install/depth_image_proc:/home/wjrgfdy/rm_ws/install/armor_tracker:/home/wjrgfdy/rm_ws/install/armor_detector:/home/wjrgfdy/rm_ws/install/auto_aim_interfaces:/home/wjrgfdy/rm_ws/install/camera_calibration:/opt/ros/humble LD_LIBRARY_PATH=/home/wjrgfdy/rm_ws/install/tracetools_image_pipeline/lib:/home/wjrgfdy/rm_ws/install/stereo_image_proc/lib:/home/wjrgfdy/rm_ws/install/image_proc/lib:/home/wjrgfdy/rm_ws/install/rm_serial_driver/lib:/home/wjrgfdy/rm_ws/install/mindvision_camera/lib:/home/wjrgfdy/rm_ws/install/image_view/lib:/home/wjrgfdy/rm_ws/install/image_rotate/lib:/home/wjrgfdy/rm_ws/install/image_publisher/lib:/home/wjrgfdy/rm_ws/install/hik_camera/lib:/home/wjrgfdy/rm_ws/install/depth_image_proc/lib:/home/wjrgfdy/rm_ws/install/armor_tracker/lib:/home/wjrgfdy/rm_ws/install/armor_detector/lib:/home/wjrgfdy/rm_ws/install/auto_aim_interfaces/lib:/opt/ros/humble/opt/rviz_ogre_vendor/lib:/opt/ros/humble/lib/x86_64-linux-gnu:/opt/ros/humble/lib:/opt/MVS/lib/64:/opt/MVS/lib/32:/opt/MVS/lib/64:/opt/MVS/lib/32:/opt/MVS/lib/64:/opt/MVS/lib/32 _=/usr/bin/env /usr/local/bin/cmake --install /home/wjrgfdy/rm_ws/build/image_proc
[0.473s] -- Install configuration: ""
[0.473s] -- Execute custom install script
[0.474s] -- Up-to-date symlink: /home/wjrgfdy/rm_ws/install/image_proc/lib/image_proc/rectify_node
[0.474s] -- Up-to-date symlink: /home/wjrgfdy/rm_ws/install/image_proc/lib/image_proc/debayer_node
[0.474s] -- Up-to-date symlink: /home/wjrgfdy/rm_ws/install/image_proc/lib/image_proc/resize_node
[0.474s] -- Up-to-date symlink: /home/wjrgfdy/rm_ws/install/image_proc/lib/image_proc/crop_decimate_node
[0.474s] -- Up-to-date symlink: /home/wjrgfdy/rm_ws/install/image_proc/lib/image_proc/crop_non_zero_node
[0.474s] -- Up-to-date symlink: /home/wjrgfdy/rm_ws/install/image_proc/bin/image_proc
[0.474s] -- Up-to-date symlink: /home/wjrgfdy/rm_ws/install/image_proc/include/image_proc/crop_decimate.hpp
[0.474s] -- Up-to-date symlink: /home/wjrgfdy/rm_ws/install/image_proc/include/image_proc/crop_non_zero.hpp
[0.474s] -- Up-to-date symlink: /home/wjrgfdy/rm_ws/install/image_proc/include/image_proc/debayer.hpp
[0.475s] -- Up-to-date symlink: /home/wjrgfdy/rm_ws/install/image_proc/include/image_proc/edge_aware.hpp
[0.475s] -- Up-to-date symlink: /home/wjrgfdy/rm_ws/install/image_proc/include/image_proc/processor.hpp
[0.475s] -- Up-to-date symlink: /home/wjrgfdy/rm_ws/install/image_proc/include/image_proc/rectify.hpp
[0.475s] -- Up-to-date symlink: /home/wjrgfdy/rm_ws/install/image_proc/include/image_proc/resize.hpp
[0.476s] -- Up-to-date symlink: /home/wjrgfdy/rm_ws/install/image_proc/include/image_proc/utils.hpp
[0.476s] -- Up-to-date symlink: /home/wjrgfdy/rm_ws/install/image_proc/share/image_proc/environment/library_path.sh
[0.476s] -- Up-to-date symlink: /home/wjrgfdy/rm_ws/install/image_proc/share/image_proc/environment/library_path.dsv
[0.476s] -- Up-to-date symlink: /home/wjrgfdy/rm_ws/install/image_proc/lib/libimage_proc.so
[0.476s] -- Up-to-date symlink: /home/wjrgfdy/rm_ws/install/image_proc/lib/librectify.so
[0.476s] -- Up-to-date symlink: /home/wjrgfdy/rm_ws/install/image_proc/lib/libdebayer.so
[0.477s] -- Up-to-date symlink: /home/wjrgfdy/rm_ws/install/image_proc/lib/libresize.so
[0.477s] -- Up-to-date symlink: /home/wjrgfdy/rm_ws/install/image_proc/lib/libcrop_decimate.so
[0.477s] -- Up-to-date symlink: /home/wjrgfdy/rm_ws/install/image_proc/lib/libcrop_non_zero.so
[0.477s] -- Up-to-date symlink: /home/wjrgfdy/rm_ws/install/image_proc/lib/image_proc/image_proc
[0.477s] -- Up-to-date symlink: /home/wjrgfdy/rm_ws/install/image_proc/share/image_proc/launch/image_proc.launch.py
[0.478s] -- Up-to-date symlink: /home/wjrgfdy/rm_ws/install/image_proc/share/ament_index/resource_index/package_run_dependencies/image_proc
[0.478s] -- Up-to-date symlink: /home/wjrgfdy/rm_ws/install/image_proc/share/ament_index/resource_index/parent_prefix_path/image_proc
[0.478s] -- Up-to-date symlink: /home/wjrgfdy/rm_ws/install/image_proc/share/image_proc/environment/ament_prefix_path.sh
[0.478s] -- Up-to-date symlink: /home/wjrgfdy/rm_ws/install/image_proc/share/image_proc/environment/ament_prefix_path.dsv
[0.478s] -- Up-to-date symlink: /home/wjrgfdy/rm_ws/install/image_proc/share/image_proc/environment/path.sh
[0.478s] -- Up-to-date symlink: /home/wjrgfdy/rm_ws/install/image_proc/share/image_proc/environment/path.dsv
[0.478s] -- Up-to-date symlink: /home/wjrgfdy/rm_ws/install/image_proc/share/image_proc/local_setup.bash
[0.478s] -- Up-to-date symlink: /home/wjrgfdy/rm_ws/install/image_proc/share/image_proc/local_setup.sh
[0.479s] -- Up-to-date symlink: /home/wjrgfdy/rm_ws/install/image_proc/share/image_proc/local_setup.zsh
[0.479s] -- Up-to-date symlink: /home/wjrgfdy/rm_ws/install/image_proc/share/image_proc/local_setup.dsv
[0.479s] -- Symlinking: /home/wjrgfdy/rm_ws/install/image_proc/share/image_proc/package.dsv
[0.480s] -- Up-to-date symlink: /home/wjrgfdy/rm_ws/install/image_proc/share/ament_index/resource_index/packages/image_proc
[0.482s] -- Up-to-date symlink: /home/wjrgfdy/rm_ws/install/image_proc/share/ament_index/resource_index/rclcpp_components/image_proc
[0.482s] -- Up-to-date symlink: /home/wjrgfdy/rm_ws/install/image_proc/share/image_proc/cmake/ament_cmake_export_dependencies-extras.cmake
[0.483s] -- Up-to-date symlink: /home/wjrgfdy/rm_ws/install/image_proc/share/image_proc/cmake/ament_cmake_export_include_directories-extras.cmake
[0.483s] -- Up-to-date symlink: /home/wjrgfdy/rm_ws/install/image_proc/share/image_proc/cmake/ament_cmake_export_libraries-extras.cmake
[0.484s] -- Up-to-date symlink: /home/wjrgfdy/rm_ws/install/image_proc/share/image_proc/cmake/image_procConfig.cmake
[0.484s] -- Up-to-date symlink: /home/wjrgfdy/rm_ws/install/image_proc/share/image_proc/cmake/image_procConfig-version.cmake
[0.484s] -- Up-to-date symlink: /home/wjrgfdy/rm_ws/install/image_proc/share/image_proc/package.xml
[0.486s] Invoked command in '/home/wjrgfdy/rm_ws/build/image_proc' returned '0': CMAKE_PREFIX_PATH=/home/wjrgfdy/rm_ws/install/tracetools_image_pipeline:/home/wjrgfdy/rm_ws/install/image_pipeline:/home/wjrgfdy/rm_ws/install/stereo_image_proc:/home/wjrgfdy/rm_ws/install/image_proc:/home/wjrgfdy/rm_ws/install/rm_vision_bringup:/home/wjrgfdy/rm_ws/install/rm_serial_driver:/home/wjrgfdy/rm_ws/install/rm_gimbal_description:/home/wjrgfdy/rm_ws/install/rm_auto_aim:/home/wjrgfdy/rm_ws/install/mindvision_camera:/home/wjrgfdy/rm_ws/install/image_view:/home/wjrgfdy/rm_ws/install/image_rotate:/home/wjrgfdy/rm_ws/install/image_publisher:/home/wjrgfdy/rm_ws/install/hik_camera:/home/wjrgfdy/rm_ws/install/depth_image_proc:/home/wjrgfdy/rm_ws/install/armor_tracker:/home/wjrgfdy/rm_ws/install/armor_detector:/home/wjrgfdy/rm_ws/install/auto_aim_interfaces:/home/wjrgfdy/rm_ws/install/camera_calibration:/opt/ros/humble LD_LIBRARY_PATH=/home/wjrgfdy/rm_ws/install/tracetools_image_pipeline/lib:/home/wjrgfdy/rm_ws/install/stereo_image_proc/lib:/home/wjrgfdy/rm_ws/install/image_proc/lib:/home/wjrgfdy/rm_ws/install/rm_serial_driver/lib:/home/wjrgfdy/rm_ws/install/mindvision_camera/lib:/home/wjrgfdy/rm_ws/install/image_view/lib:/home/wjrgfdy/rm_ws/install/image_rotate/lib:/home/wjrgfdy/rm_ws/install/image_publisher/lib:/home/wjrgfdy/rm_ws/install/hik_camera/lib:/home/wjrgfdy/rm_ws/install/depth_image_proc/lib:/home/wjrgfdy/rm_ws/install/armor_tracker/lib:/home/wjrgfdy/rm_ws/install/armor_detector/lib:/home/wjrgfdy/rm_ws/install/auto_aim_interfaces/lib:/opt/ros/humble/opt/rviz_ogre_vendor/lib:/opt/ros/humble/lib/x86_64-linux-gnu:/opt/ros/humble/lib:/opt/MVS/lib/64:/opt/MVS/lib/32:/opt/MVS/lib/64:/opt/MVS/lib/32:/opt/MVS/lib/64:/opt/MVS/lib/32 _=/usr/bin/env /usr/local/bin/cmake --install /home/wjrgfdy/rm_ws/build/image_proc
