[0.680s] Invoking command in '/home/wjrgfdy/rm_ws/src/image_pipeline/camera_calibration': PYTHONPATH=/home/wjrgfdy/rm_ws/build/camera_calibration/prefix_override:/home/wjrgfdy/rm_ws/install/camera_calibration/lib/python3.10/site-packages:${PYTHONPATH} _=/usr/bin/env /usr/bin/python3 setup.py egg_info --egg-base ../../../build/camera_calibration build --build-base /home/wjrgfdy/rm_ws/build/camera_calibration/build install --record /home/wjrgfdy/rm_ws/build/camera_calibration/install.log --single-version-externally-managed
[0.956s] running egg_info
[0.957s] creating ../../../build/camera_calibration/camera_calibration.egg-info
[0.957s] writing ../../../build/camera_calibration/camera_calibration.egg-info/PKG-INFO
[0.958s] writing dependency_links to ../../../build/camera_calibration/camera_calibration.egg-info/dependency_links.txt
[0.958s] writing entry points to ../../../build/camera_calibration/camera_calibration.egg-info/entry_points.txt
[0.958s] writing requirements to ../../../build/camera_calibration/camera_calibration.egg-info/requires.txt
[0.958s] writing top-level names to ../../../build/camera_calibration/camera_calibration.egg-info/top_level.txt
[0.958s] writing manifest file '../../../build/camera_calibration/camera_calibration.egg-info/SOURCES.txt'
[0.961s] reading manifest file '../../../build/camera_calibration/camera_calibration.egg-info/SOURCES.txt'
[0.961s] writing manifest file '../../../build/camera_calibration/camera_calibration.egg-info/SOURCES.txt'
[0.962s] running build
[0.962s] running build_py
[0.962s] creating /home/wjrgfdy/rm_ws/build/camera_calibration/build
[0.962s] creating /home/wjrgfdy/rm_ws/build/camera_calibration/build/lib
[0.962s] creating /home/wjrgfdy/rm_ws/build/camera_calibration/build/lib/camera_calibration
[0.962s] copying src/camera_calibration/camera_checker.py -> /home/wjrgfdy/rm_ws/build/camera_calibration/build/lib/camera_calibration
[0.962s] copying src/camera_calibration/camera_calibrator.py -> /home/wjrgfdy/rm_ws/build/camera_calibration/build/lib/camera_calibration
[0.962s] copying src/camera_calibration/__init__.py -> /home/wjrgfdy/rm_ws/build/camera_calibration/build/lib/camera_calibration
[0.962s] copying src/camera_calibration/calibrator.py -> /home/wjrgfdy/rm_ws/build/camera_calibration/build/lib/camera_calibration
[0.962s] creating /home/wjrgfdy/rm_ws/build/camera_calibration/build/lib/camera_calibration/nodes
[0.963s] copying src/camera_calibration/nodes/cameracalibrator.py -> /home/wjrgfdy/rm_ws/build/camera_calibration/build/lib/camera_calibration/nodes
[0.963s] copying src/camera_calibration/nodes/__init__.py -> /home/wjrgfdy/rm_ws/build/camera_calibration/build/lib/camera_calibration/nodes
[0.963s] copying src/camera_calibration/nodes/cameracheck.py -> /home/wjrgfdy/rm_ws/build/camera_calibration/build/lib/camera_calibration/nodes
[0.963s] running install
[0.964s] /usr/lib/python3/dist-packages/setuptools/command/install.py:34: SetuptoolsDeprecationWarning: setup.py install is deprecated. Use build and pip and other standards-based tools.
[0.964s]   warnings.warn(
[0.964s] running install_lib
[0.965s] running install_data
[0.966s] running install_egg_info
[0.968s] removing '/home/wjrgfdy/rm_ws/install/camera_calibration/lib/python3.10/site-packages/camera_calibration-3.0.3-py3.10.egg-info' (and everything under it)
[0.968s] Copying ../../../build/camera_calibration/camera_calibration.egg-info to /home/wjrgfdy/rm_ws/install/camera_calibration/lib/python3.10/site-packages/camera_calibration-3.0.3-py3.10.egg-info
[0.969s] running install_scripts
[0.994s] Installing cameracalibrator script to /home/wjrgfdy/rm_ws/install/camera_calibration/lib/camera_calibration
[0.994s] Installing cameracheck script to /home/wjrgfdy/rm_ws/install/camera_calibration/lib/camera_calibration
[0.995s] writing list of installed files to '/home/wjrgfdy/rm_ws/build/camera_calibration/install.log'
[1.029s] Invoked command in '/home/wjrgfdy/rm_ws/src/image_pipeline/camera_calibration' returned '0': PYTHONPATH=/home/wjrgfdy/rm_ws/build/camera_calibration/prefix_override:/home/wjrgfdy/rm_ws/install/camera_calibration/lib/python3.10/site-packages:${PYTHONPATH} _=/usr/bin/env /usr/bin/python3 setup.py egg_info --egg-base ../../../build/camera_calibration build --build-base /home/wjrgfdy/rm_ws/build/camera_calibration/build install --record /home/wjrgfdy/rm_ws/build/camera_calibration/install.log --single-version-externally-managed
