[0.128s] Invoking command in '/home/wjrgfdy/rm_ws/build/hik_camera': AMENT_PREFIX_PATH=/home/wjrgfdy/rm_ws/install/camera_calibration:${AMENT_PREFIX_PATH} CMAKE_PREFIX_PATH=${CMAKE_PREFIX_PATH}:/opt/ros/humble PYTHONPATH=/home/wjrgfdy/rm_ws/build/camera_calibration/src:/home/wjrgfdy/rm_ws/install/camera_calibration/lib/python3.10/site-packages:${PYTHONPATH} _=/usr/bin/env /usr/local/bin/cmake --build /home/wjrgfdy/rm_ws/build/hik_camera -- -j12 -l12
[0.168s] [ 50%] Built target hik_camera
[0.169s] [100%] Built target hik_camera_node
[0.179s] Invoked command in '/home/wjrgfdy/rm_ws/build/hik_camera' returned '0': AMENT_PREFIX_PATH=/home/wjrgfdy/rm_ws/install/camera_calibration:${AMENT_PREFIX_PATH} CMAKE_PREFIX_PATH=${CMAKE_PREFIX_PATH}:/opt/ros/humble PYTHONPATH=/home/wjrgfdy/rm_ws/build/camera_calibration/src:/home/wjrgfdy/rm_ws/install/camera_calibration/lib/python3.10/site-packages:${PYTHONPATH} _=/usr/bin/env /usr/local/bin/cmake --build /home/wjrgfdy/rm_ws/build/hik_camera -- -j12 -l12
[0.278s] Invoking command in '/home/wjrgfdy/rm_ws/build/hik_camera': AMENT_PREFIX_PATH=/home/wjrgfdy/rm_ws/install/camera_calibration:${AMENT_PREFIX_PATH} CMAKE_PREFIX_PATH=${CMAKE_PREFIX_PATH}:/opt/ros/humble PYTHONPATH=/home/wjrgfdy/rm_ws/build/camera_calibration/src:/home/wjrgfdy/rm_ws/install/camera_calibration/lib/python3.10/site-packages:${PYTHONPATH} _=/usr/bin/env /usr/local/bin/cmake --install /home/wjrgfdy/rm_ws/build/hik_camera
[0.361s] -- Install configuration: ""
[0.362s] -- Execute custom install script
[0.362s] -- Up-to-date symlink: /home/wjrgfdy/rm_ws/install/hik_camera/lib/libFormatConversion.so
[0.362s] -- Up-to-date symlink: /home/wjrgfdy/rm_ws/install/hik_camera/lib/libMVRender.so
[0.362s] -- Up-to-date symlink: /home/wjrgfdy/rm_ws/install/hik_camera/lib/libMediaProcess.so
[0.363s] -- Up-to-date symlink: /home/wjrgfdy/rm_ws/install/hik_camera/lib/libMvCameraControl.so
[0.363s] -- Up-to-date symlink: /home/wjrgfdy/rm_ws/install/hik_camera/lib/libMvUsb3vTL.so
[0.363s] -- Up-to-date symlink: /home/wjrgfdy/rm_ws/install/hik_camera/lib/hik_camera/hik_camera_node
[0.363s] -- Up-to-date symlink: /home/wjrgfdy/rm_ws/install/hik_camera/share/hik_camera/environment/library_path.sh
[0.364s] -- Up-to-date symlink: /home/wjrgfdy/rm_ws/install/hik_camera/share/hik_camera/environment/library_path.dsv
[0.364s] -- Up-to-date symlink: /home/wjrgfdy/rm_ws/install/hik_camera/lib/libhik_camera.so
[0.364s] -- Up-to-date symlink: /home/wjrgfdy/rm_ws/install/hik_camera/share/hik_camera/config/camera_info.yaml
[0.364s] -- Up-to-date symlink: /home/wjrgfdy/rm_ws/install/hik_camera/share/hik_camera/config/camera_params.yaml
[0.364s] -- Up-to-date symlink: /home/wjrgfdy/rm_ws/install/hik_camera/share/hik_camera/launch/hik_camera.launch.py
[0.364s] -- Up-to-date symlink: /home/wjrgfdy/rm_ws/install/hik_camera/share/ament_index/resource_index/package_run_dependencies/hik_camera
[0.365s] -- Up-to-date symlink: /home/wjrgfdy/rm_ws/install/hik_camera/share/ament_index/resource_index/parent_prefix_path/hik_camera
[0.365s] -- Up-to-date symlink: /home/wjrgfdy/rm_ws/install/hik_camera/share/hik_camera/environment/ament_prefix_path.sh
[0.365s] -- Up-to-date symlink: /home/wjrgfdy/rm_ws/install/hik_camera/share/hik_camera/environment/ament_prefix_path.dsv
[0.365s] -- Up-to-date symlink: /home/wjrgfdy/rm_ws/install/hik_camera/share/hik_camera/environment/path.sh
[0.365s] -- Up-to-date symlink: /home/wjrgfdy/rm_ws/install/hik_camera/share/hik_camera/environment/path.dsv
[0.366s] -- Up-to-date symlink: /home/wjrgfdy/rm_ws/install/hik_camera/share/hik_camera/local_setup.bash
[0.366s] -- Up-to-date symlink: /home/wjrgfdy/rm_ws/install/hik_camera/share/hik_camera/local_setup.sh
[0.366s] -- Up-to-date symlink: /home/wjrgfdy/rm_ws/install/hik_camera/share/hik_camera/local_setup.zsh
[0.366s] -- Up-to-date symlink: /home/wjrgfdy/rm_ws/install/hik_camera/share/hik_camera/local_setup.dsv
[0.366s] -- Symlinking: /home/wjrgfdy/rm_ws/install/hik_camera/share/hik_camera/package.dsv
[0.367s] -- Up-to-date symlink: /home/wjrgfdy/rm_ws/install/hik_camera/share/ament_index/resource_index/packages/hik_camera
[0.367s] -- Up-to-date symlink: /home/wjrgfdy/rm_ws/install/hik_camera/share/ament_index/resource_index/rclcpp_components/hik_camera
[0.367s] -- Up-to-date symlink: /home/wjrgfdy/rm_ws/install/hik_camera/share/hik_camera/cmake/ament_cmake_export_dependencies-extras.cmake
[0.367s] -- Up-to-date symlink: /home/wjrgfdy/rm_ws/install/hik_camera/share/hik_camera/cmake/ament_cmake_export_libraries-extras.cmake
[0.367s] -- Up-to-date symlink: /home/wjrgfdy/rm_ws/install/hik_camera/share/hik_camera/cmake/hik_cameraConfig.cmake
[0.368s] -- Up-to-date symlink: /home/wjrgfdy/rm_ws/install/hik_camera/share/hik_camera/cmake/hik_cameraConfig-version.cmake
[0.368s] -- Up-to-date symlink: /home/wjrgfdy/rm_ws/install/hik_camera/share/hik_camera/package.xml
[0.373s] Invoked command in '/home/wjrgfdy/rm_ws/build/hik_camera' returned '0': AMENT_PREFIX_PATH=/home/wjrgfdy/rm_ws/install/camera_calibration:${AMENT_PREFIX_PATH} CMAKE_PREFIX_PATH=${CMAKE_PREFIX_PATH}:/opt/ros/humble PYTHONPATH=/home/wjrgfdy/rm_ws/build/camera_calibration/src:/home/wjrgfdy/rm_ws/install/camera_calibration/lib/python3.10/site-packages:${PYTHONPATH} _=/usr/bin/env /usr/local/bin/cmake --install /home/wjrgfdy/rm_ws/build/hik_camera
