[0.339s] Invoking command in '/home/wjrgfdy/rm_ws/build/image_publisher': CMAKE_PREFIX_PATH=${CMAKE_PREFIX_PATH}:/home/wjrgfdy/rm_ws/install/camera_calibration:/opt/ros/humble _=/usr/bin/env /usr/local/bin/cmake --build /home/wjrgfdy/rm_ws/build/image_publisher -- -j12 -l12
[0.382s] [ 50%] Built target image_publisher
[0.403s] [100%] Built target image_publisher_node
[0.409s] Invoked command in '/home/wjrgfdy/rm_ws/build/image_publisher' returned '0': CMAKE_PREFIX_PATH=${CMAKE_PREFIX_PATH}:/home/wjrgfdy/rm_ws/install/camera_calibration:/opt/ros/humble _=/usr/bin/env /usr/local/bin/cmake --build /home/wjrgfdy/rm_ws/build/image_publisher -- -j12 -l12
[0.545s] Invoking command in '/home/wjrgfdy/rm_ws/build/image_publisher': CMAKE_PREFIX_PATH=${CMAKE_PREFIX_PATH}:/home/wjrgfdy/rm_ws/install/camera_calibration:/opt/ros/humble _=/usr/bin/env /usr/local/bin/cmake --install /home/wjrgfdy/rm_ws/build/image_publisher
[0.549s] -- Install configuration: ""
[0.551s] -- Execute custom install script
[0.552s] -- Up-to-date symlink: /home/wjrgfdy/rm_ws/install/image_publisher/include/image_publisher/image_publisher.hpp
[0.553s] -- Up-to-date symlink: /home/wjrgfdy/rm_ws/install/image_publisher/include/image_publisher/visibility.h
[0.554s] -- Up-to-date symlink: /home/wjrgfdy/rm_ws/install/image_publisher/share/image_publisher/environment/library_path.sh
[0.554s] -- Up-to-date symlink: /home/wjrgfdy/rm_ws/install/image_publisher/share/image_publisher/environment/library_path.dsv
[0.555s] -- Up-to-date symlink: /home/wjrgfdy/rm_ws/install/image_publisher/lib/libimage_publisher.so
[0.555s] -- Up-to-date symlink: /home/wjrgfdy/rm_ws/install/image_publisher/lib/image_publisher/image_publisher_node
[0.556s] -- Up-to-date symlink: /home/wjrgfdy/rm_ws/install/image_publisher/share/image_publisher/launch/image_publisher_file.launch.py
[0.557s] -- Up-to-date symlink: /home/wjrgfdy/rm_ws/install/image_publisher/share/image_publisher/launch/image_publisher_mono.launch.py
[0.557s] -- Up-to-date symlink: /home/wjrgfdy/rm_ws/install/image_publisher/share/image_publisher/launch/image_publisher_stereo.launch.py
[0.557s] -- Up-to-date symlink: /home/wjrgfdy/rm_ws/install/image_publisher/share/image_publisher/launch/splash.png
[0.557s] -- Up-to-date symlink: /home/wjrgfdy/rm_ws/install/image_publisher/share/ament_index/resource_index/package_run_dependencies/image_publisher
[0.558s] -- Up-to-date symlink: /home/wjrgfdy/rm_ws/install/image_publisher/share/ament_index/resource_index/parent_prefix_path/image_publisher
[0.559s] -- Up-to-date symlink: /home/wjrgfdy/rm_ws/install/image_publisher/share/image_publisher/environment/ament_prefix_path.sh
[0.559s] -- Up-to-date symlink: /home/wjrgfdy/rm_ws/install/image_publisher/share/image_publisher/environment/ament_prefix_path.dsv
[0.560s] -- Up-to-date symlink: /home/wjrgfdy/rm_ws/install/image_publisher/share/image_publisher/environment/path.sh
[0.560s] -- Up-to-date symlink: /home/wjrgfdy/rm_ws/install/image_publisher/share/image_publisher/environment/path.dsv
[0.561s] -- Up-to-date symlink: /home/wjrgfdy/rm_ws/install/image_publisher/share/image_publisher/local_setup.bash
[0.562s] -- Up-to-date symlink: /home/wjrgfdy/rm_ws/install/image_publisher/share/image_publisher/local_setup.sh
[0.563s] -- Up-to-date symlink: /home/wjrgfdy/rm_ws/install/image_publisher/share/image_publisher/local_setup.zsh
[0.564s] -- Up-to-date symlink: /home/wjrgfdy/rm_ws/install/image_publisher/share/image_publisher/local_setup.dsv
[0.564s] -- Symlinking: /home/wjrgfdy/rm_ws/install/image_publisher/share/image_publisher/package.dsv
[0.567s] -- Up-to-date symlink: /home/wjrgfdy/rm_ws/install/image_publisher/share/ament_index/resource_index/packages/image_publisher
[0.568s] -- Up-to-date symlink: /home/wjrgfdy/rm_ws/install/image_publisher/share/ament_index/resource_index/rclcpp_components/image_publisher
[0.568s] -- Up-to-date symlink: /home/wjrgfdy/rm_ws/install/image_publisher/share/image_publisher/cmake/ament_cmake_export_dependencies-extras.cmake
[0.569s] -- Up-to-date symlink: /home/wjrgfdy/rm_ws/install/image_publisher/share/image_publisher/cmake/ament_cmake_export_include_directories-extras.cmake
[0.569s] -- Up-to-date symlink: /home/wjrgfdy/rm_ws/install/image_publisher/share/image_publisher/cmake/ament_cmake_export_libraries-extras.cmake
[0.569s] -- Up-to-date symlink: /home/wjrgfdy/rm_ws/install/image_publisher/share/image_publisher/cmake/image_publisherConfig.cmake
[0.569s] -- Up-to-date symlink: /home/wjrgfdy/rm_ws/install/image_publisher/share/image_publisher/cmake/image_publisherConfig-version.cmake
[0.569s] -- Up-to-date symlink: /home/wjrgfdy/rm_ws/install/image_publisher/share/image_publisher/package.xml
[0.653s] Invoked command in '/home/wjrgfdy/rm_ws/build/image_publisher' returned '0': CMAKE_PREFIX_PATH=${CMAKE_PREFIX_PATH}:/home/wjrgfdy/rm_ws/install/camera_calibration:/opt/ros/humble _=/usr/bin/env /usr/local/bin/cmake --install /home/wjrgfdy/rm_ws/build/image_publisher
