-- The C compiler identification is GNU 12.3.0
-- The CXX compiler identification is GNU 12.3.0
-- Detecting C compiler ABI info
-- Detecting C compiler ABI info - done
-- Check for working C compiler: /usr/bin/cc - skipped
-- Detecting C compile features
-- Detecting C compile features - done
-- Detecting CXX compiler ABI info
-- Detecting CXX compiler ABI info - done
-- Check for working CXX compiler: /usr/bin/c++ - skipped
-- Detecting CXX compile features
-- Detecting CXX compile features - done
-- Found ament_cmake_auto: 1.3.6 (/opt/ros/humble/share/ament_cmake_auto/cmake)
-- Found Python3: /usr/bin/python3.10 (found version "3.10.12") found components: Interpreter 
-- Found ament_lint_auto: 0.12.9 (/opt/ros/humble/share/ament_lint_auto/cmake)
-- Configuring done (0.6s)
-- Generating done (0.0s)
-- Build files have been written to: /home/wjrgfdy/rm_ws/build/rm_vision_bringup
-- Install configuration: ""
-- Up-to-date: /home/wjrgfdy/rm_ws/install/rm_vision_bringup/share/rm_vision_bringup/launch
-- Up-to-date: /home/wjrgfdy/rm_ws/install/rm_vision_bringup/share/rm_vision_bringup/config
-- Installing: /home/wjrgfdy/rm_ws/install/rm_vision_bringup/share/rm_vision_bringup/package.dsv
