-- The C compiler identification is GNU 12.3.0
-- The CXX compiler identification is GNU 12.3.0
-- Detecting C compiler ABI info
-- Detecting C compiler ABI info - done
-- Check for working C compiler: /usr/bin/cc - skipped
-- Detecting C compile features
-- Detecting C compile features - done
-- Detecting CXX compiler ABI info
-- Detecting CXX compiler ABI info - done
-- Check for working CXX compiler: /usr/bin/c++ - skipped
-- Detecting CXX compile features
-- Detecting CXX compile features - done
-- Found ament_cmake_auto: 1.3.6 (/opt/ros/humble/share/ament_cmake_auto/cmake)
-- Found Python3: /usr/bin/python3.10 (found version "3.10.12") found components: Interpreter 
-- Found rosidl_generator_c: 3.1.5 (/opt/ros/humble/share/rosidl_generator_c/cmake)
-- Found rosidl_adapter: 3.1.5 (/opt/ros/humble/share/rosidl_adapter/cmake)
-- Found rosidl_generator_cpp: 3.1.5 (/opt/ros/humble/share/rosidl_generator_cpp/cmake)
-- Using all available rosidl_typesupport_c: rosidl_typesupport_fastrtps_c;rosidl_typesupport_introspection_c
-- Using all available rosidl_typesupport_cpp: rosidl_typesupport_fastrtps_cpp;rosidl_typesupport_introspection_cpp
-- Found rmw_implementation_cmake: 6.1.1 (/opt/ros/humble/share/rmw_implementation_cmake/cmake)
-- Found rmw_fastrtps_cpp: 6.2.5 (/opt/ros/humble/share/rmw_fastrtps_cpp/cmake)
-- Found OpenSSL: /usr/lib/x86_64-linux-gnu/libcrypto.so (found version "3.0.2")  
-- Found FastRTPS: /opt/ros/humble/include  
-- Using RMW implementation 'rmw_fastrtps_cpp' as default
-- Performing Test CMAKE_HAVE_LIBC_PTHREAD
-- Performing Test CMAKE_HAVE_LIBC_PTHREAD - Success
-- Found Threads: TRUE  
-- Found OpenCV: /usr/local (found version "4.9.0") 
-- Found ament_lint_auto: 0.12.9 (/opt/ros/humble/share/ament_lint_auto/cmake)
-- Added test 'copyright' to check source files copyright and LICENSE
-- Added test 'cppcheck' to perform static code analysis on C / C++ code
-- Configured cppcheck include dirs: /home/wjrgfdy/rm_ws/src/image_pipeline/depth_image_proc/include
-- Configured cppcheck exclude dirs and/or files: 
-- Added test 'cpplint' to check C / C++ code against the Google style
-- Configured cpplint exclude dirs and/or files: 
-- Added test 'flake8' to check Python code syntax and style conventions
-- Added test 'lint_cmake' to check CMake code style
-- Added test 'pep257' to check Python code against some of the docstring style conventions in PEP 257
-- Added test 'uncrustify' to check C / C++ code style
-- Configured uncrustify additional arguments: 
-- Added test 'xmllint' to check XML markup files
-- Configuring done (2.3s)
-- Generating done (0.0s)
-- Build files have been written to: /home/wjrgfdy/rm_ws/build/depth_image_proc
[  3%] [32mBuilding CXX object CMakeFiles/convert_metric_node.dir/rclcpp_components/node_main_convert_metric_node.cpp.o[0m
[  6%] [32mBuilding CXX object CMakeFiles/depth_image_proc.dir/src/conversions.cpp.o[0m
[  9%] [32mBuilding CXX object CMakeFiles/depth_image_proc.dir/src/convert_metric.cpp.o[0m
[ 12%] [32mBuilding CXX object CMakeFiles/depth_image_proc.dir/src/crop_foremost.cpp.o[0m
[ 15%] [32mBuilding CXX object CMakeFiles/disparity_node.dir/rclcpp_components/node_main_disparity_node.cpp.o[0m
[ 18%] [32mBuilding CXX object CMakeFiles/crop_foremost_node.dir/rclcpp_components/node_main_crop_foremost_node.cpp.o[0m
[ 21%] [32mBuilding CXX object CMakeFiles/depth_image_proc.dir/src/disparity.cpp.o[0m
[ 25%] [32mBuilding CXX object CMakeFiles/point_cloud_xyzrgb_node.dir/rclcpp_components/node_main_point_cloud_xyzrgb_node.cpp.o[0m
[ 28%] [32mBuilding CXX object CMakeFiles/point_cloud_xyz_node.dir/rclcpp_components/node_main_point_cloud_xyz_node.cpp.o[0m
[ 31%] [32mBuilding CXX object CMakeFiles/depth_image_proc.dir/src/point_cloud_xyz.cpp.o[0m
[ 34%] [32mBuilding CXX object CMakeFiles/point_cloud_xyzi_node.dir/rclcpp_components/node_main_point_cloud_xyzi_node.cpp.o[0m
[ 37%] [32mBuilding CXX object CMakeFiles/point_cloud_xyz_radial_node.dir/rclcpp_components/node_main_point_cloud_xyz_radial_node.cpp.o[0m
[ 40%] [32mBuilding CXX object CMakeFiles/depth_image_proc.dir/src/point_cloud_xyzrgb.cpp.o[0m
[ 43%] [32m[1mLinking CXX executable point_cloud_xyzrgb_node[0m
[ 43%] Built target point_cloud_xyzrgb_node
[ 46%] [32m[1mLinking CXX executable point_cloud_xyzi_node[0m
[ 46%] Built target point_cloud_xyzi_node
[ 50%] [32m[1mLinking CXX executable point_cloud_xyz_node[0m
[ 53%] [32m[1mLinking CXX executable crop_foremost_node[0m
[ 56%] [32m[1mLinking CXX executable disparity_node[0m
[ 59%] [32m[1mLinking CXX executable convert_metric_node[0m
[ 59%] Built target point_cloud_xyz_node
[ 59%] Built target crop_foremost_node
[ 59%] Built target disparity_node
[ 59%] Built target convert_metric_node
[ 62%] [32m[1mLinking CXX executable point_cloud_xyz_radial_node[0m
[ 62%] Built target point_cloud_xyz_radial_node
[ 65%] [32mBuilding CXX object CMakeFiles/depth_image_proc.dir/src/register.cpp.o[0m
[ 68%] [32mBuilding CXX object CMakeFiles/depth_image_proc.dir/src/point_cloud_xyzrgb_radial.cpp.o[0m
[ 78%] [32mBuilding CXX object CMakeFiles/depth_image_proc.dir/src/point_cloud_xyz_radial.cpp.o[0m
[ 78%] [32mBuilding CXX object CMakeFiles/depth_image_proc.dir/src/point_cloud_xyzi.cpp.o[0m
[ 78%] [32mBuilding CXX object CMakeFiles/depth_image_proc.dir/src/point_cloud_xyzi_radial.cpp.o[0m
[ 81%] [32m[1mLinking CXX shared library libdepth_image_proc.so[0m
[ 81%] Built target depth_image_proc
[ 84%] [32mBuilding CXX object CMakeFiles/register_node.dir/rclcpp_components/node_main_register_node.cpp.o[0m
[ 90%] [32mBuilding CXX object CMakeFiles/point_cloud_xyzi_radial_node.dir/rclcpp_components/node_main_point_cloud_xyzi_radial_node.cpp.o[0m
[ 90%] [32mBuilding CXX object CMakeFiles/point_cloud_xyzrgb_radial_node.dir/rclcpp_components/node_main_point_cloud_xyzrgb_radial_node.cpp.o[0m
[ 93%] [32m[1mLinking CXX executable register_node[0m
[ 93%] Built target register_node
[ 96%] [32m[1mLinking CXX executable point_cloud_xyzrgb_radial_node[0m
[ 96%] Built target point_cloud_xyzrgb_radial_node
[100%] [32m[1mLinking CXX executable point_cloud_xyzi_radial_node[0m
[100%] Built target point_cloud_xyzi_radial_node
-- Install configuration: ""
-- Up-to-date: /home/wjrgfdy/rm_ws/install/depth_image_proc/include
-- Up-to-date: /home/wjrgfdy/rm_ws/install/depth_image_proc/include/depth_image_proc
-- Up-to-date: /home/wjrgfdy/rm_ws/install/depth_image_proc/share/depth_image_proc/launch
-- Up-to-date: /home/wjrgfdy/rm_ws/install/depth_image_proc/share/depth_image_proc/launch/rviz
-- Installing: /home/wjrgfdy/rm_ws/install/depth_image_proc/share/depth_image_proc/package.dsv
