[0.292s] Invoking command in '/home/wjrgfdy/rm_ws/build/image_rotate': CMAKE_PREFIX_PATH=${CMAKE_PREFIX_PATH}:/home/wjrgfdy/rm_ws/install/camera_calibration:/opt/ros/humble _=/usr/bin/env /usr/local/bin/cmake /home/wjrgfdy/rm_ws/src/image_pipeline/image_rotate -DCMAKE_INSTALL_PREFIX=/home/wjrgfdy/rm_ws/install/image_rotate
[0.342s] -- The C compiler identification is GNU 12.3.0
[0.409s] -- The CXX compiler identification is GNU 12.3.0
[0.430s] -- Detecting C compiler ABI info
[0.498s] -- Detecting C compiler ABI info - done
[0.506s] -- Check for working C compiler: /usr/bin/cc - skipped
[0.506s] -- Detecting C compile features
[0.507s] -- Detecting C compile features - done
[0.516s] -- Detecting CXX compiler ABI info
[0.586s] -- Detecting CXX compiler ABI info - done
[0.600s] -- Check for working CXX compiler: /usr/bin/c++ - skipped
[0.601s] -- Detecting CXX compile features
[0.601s] -- Detecting CXX compile features - done
[0.604s] -- Found ament_cmake_auto: 1.3.6 (/opt/ros/humble/share/ament_cmake_auto/cmake)
[0.983s] -- Found Python3: /usr/bin/python3.10 (found version "3.10.12") found components: Interpreter 
[1.266s] -- Found rosidl_generator_c: 3.1.5 (/opt/ros/humble/share/rosidl_generator_c/cmake)
[1.275s] -- Found rosidl_adapter: 3.1.5 (/opt/ros/humble/share/rosidl_adapter/cmake)
[1.289s] -- Found rosidl_generator_cpp: 3.1.5 (/opt/ros/humble/share/rosidl_generator_cpp/cmake)
[1.311s] -- Using all available rosidl_typesupport_c: rosidl_typesupport_fastrtps_c;rosidl_typesupport_introspection_c
[1.336s] -- Using all available rosidl_typesupport_cpp: rosidl_typesupport_fastrtps_cpp;rosidl_typesupport_introspection_cpp
[1.757s] -- Found rmw_implementation_cmake: 6.1.1 (/opt/ros/humble/share/rmw_implementation_cmake/cmake)
[1.763s] -- Found rmw_fastrtps_cpp: 6.2.5 (/opt/ros/humble/share/rmw_fastrtps_cpp/cmake)
[1.888s] -- Found OpenSSL: /usr/lib/x86_64-linux-gnu/libcrypto.so (found version "3.0.2")  
[1.926s] -- Found FastRTPS: /opt/ros/humble/include  
[1.985s] -- Using RMW implementation 'rmw_fastrtps_cpp' as default
[2.000s] -- Performing Test CMAKE_HAVE_LIBC_PTHREAD
[2.073s] -- Performing Test CMAKE_HAVE_LIBC_PTHREAD - Success
[2.075s] -- Found Threads: TRUE  
[2.455s] -- Found eigen3_cmake_module: 0.1.1 (/opt/ros/humble/share/eigen3_cmake_module/cmake)
[2.458s] -- Found Eigen3: TRUE (found version "3.4.0") 
[2.458s] -- Ensuring Eigen3 include directory is part of orocos-kdl CMake target
[2.824s] -- Found OpenCV: /usr/local (found version "4.9.0") found components: core imgproc 
[2.845s] -- Found ament_lint_auto: 0.12.9 (/opt/ros/humble/share/ament_lint_auto/cmake)
[2.882s] -- Added test 'copyright' to check source files copyright and LICENSE
[2.883s] -- Added test 'cppcheck' to perform static code analysis on C / C++ code
[2.884s] -- Configured cppcheck include dirs: /home/wjrgfdy/rm_ws/src/image_pipeline/image_rotate/include
[2.884s] -- Configured cppcheck exclude dirs and/or files: 
[2.885s] -- Added test 'cpplint' to check C / C++ code against the Google style
[2.886s] -- Configured cpplint exclude dirs and/or files: 
[2.887s] -- Added test 'flake8' to check Python code syntax and style conventions
[2.888s] -- Added test 'lint_cmake' to check CMake code style
[2.889s] -- Added test 'pep257' to check Python code against some of the docstring style conventions in PEP 257
[2.891s] -- Added test 'uncrustify' to check C / C++ code style
[2.891s] -- Configured uncrustify additional arguments: 
[2.892s] -- Added test 'xmllint' to check XML markup files
[2.897s] -- Configuring done (2.6s)
[2.925s] -- Generating done (0.0s)
[2.932s] -- Build files have been written to: /home/wjrgfdy/rm_ws/build/image_rotate
[2.947s] Invoked command in '/home/wjrgfdy/rm_ws/build/image_rotate' returned '0': CMAKE_PREFIX_PATH=${CMAKE_PREFIX_PATH}:/home/wjrgfdy/rm_ws/install/camera_calibration:/opt/ros/humble _=/usr/bin/env /usr/local/bin/cmake /home/wjrgfdy/rm_ws/src/image_pipeline/image_rotate -DCMAKE_INSTALL_PREFIX=/home/wjrgfdy/rm_ws/install/image_rotate
[2.949s] Invoking command in '/home/wjrgfdy/rm_ws/build/image_rotate': CMAKE_PREFIX_PATH=${CMAKE_PREFIX_PATH}:/home/wjrgfdy/rm_ws/install/camera_calibration:/opt/ros/humble _=/usr/bin/env /usr/local/bin/cmake --build /home/wjrgfdy/rm_ws/build/image_rotate -- -j12 -l12
[3.093s] [ 25%] [32mBuilding CXX object CMakeFiles/image_rotate.dir/src/image_rotate_node.cpp.o[0m
[25.175s] [ 50%] [32m[1mLinking CXX shared library libimage_rotate.so[0m
[25.864s] [ 50%] Built target image_rotate
[25.928s] [ 75%] [32mBuilding CXX object CMakeFiles/image_rotate_bin.dir/src/image_rotate.cpp.o[0m
[31.557s] [100%] [32m[1mLinking CXX executable image_rotate[0m
[33.201s] [100%] Built target image_rotate_bin
[33.238s] Invoked command in '/home/wjrgfdy/rm_ws/build/image_rotate' returned '0': CMAKE_PREFIX_PATH=${CMAKE_PREFIX_PATH}:/home/wjrgfdy/rm_ws/install/camera_calibration:/opt/ros/humble _=/usr/bin/env /usr/local/bin/cmake --build /home/wjrgfdy/rm_ws/build/image_rotate -- -j12 -l12
[33.571s] Invoking command in '/home/wjrgfdy/rm_ws/build/image_rotate': CMAKE_PREFIX_PATH=${CMAKE_PREFIX_PATH}:/home/wjrgfdy/rm_ws/install/camera_calibration:/opt/ros/humble _=/usr/bin/env /usr/local/bin/cmake --install /home/wjrgfdy/rm_ws/build/image_rotate
[33.579s] -- Install configuration: ""
[33.579s] -- Up-to-date: /home/wjrgfdy/rm_ws/install/image_rotate/include
[33.579s] -- Up-to-date: /home/wjrgfdy/rm_ws/install/image_rotate/include/image_rotate
[33.579s] -- Up-to-date: /home/wjrgfdy/rm_ws/install/image_rotate/share/image_rotate/launch
[33.579s] -- Installing: /home/wjrgfdy/rm_ws/install/image_rotate/share/image_rotate/package.dsv
[33.586s] Invoked command in '/home/wjrgfdy/rm_ws/build/image_rotate' returned '0': CMAKE_PREFIX_PATH=${CMAKE_PREFIX_PATH}:/home/wjrgfdy/rm_ws/install/camera_calibration:/opt/ros/humble _=/usr/bin/env /usr/local/bin/cmake --install /home/wjrgfdy/rm_ws/build/image_rotate
