[0.578s] Invoking command in '/home/wjrgfdy/rm_ws/build/image_rotate': CMAKE_PREFIX_PATH=${CMAKE_PREFIX_PATH}:/home/wjrgfdy/rm_ws/install/camera_calibration:/opt/ros/humble _=/usr/bin/env /usr/local/bin/cmake --build /home/wjrgfdy/rm_ws/build/image_rotate -- -j12 -l12
[0.653s] [ 50%] Built target image_rotate
[0.697s] [100%] Built target image_rotate_bin
[0.707s] Invoked command in '/home/wjrgfdy/rm_ws/build/image_rotate' returned '0': CMAKE_PREFIX_PATH=${CMAKE_PREFIX_PATH}:/home/wjrgfdy/rm_ws/install/camera_calibration:/opt/ros/humble _=/usr/bin/env /usr/local/bin/cmake --build /home/wjrgfdy/rm_ws/build/image_rotate -- -j12 -l12
[0.861s] Invoking command in '/home/wjrgfdy/rm_ws/build/image_rotate': CMAKE_PREFIX_PATH=${CMAKE_PREFIX_PATH}:/home/wjrgfdy/rm_ws/install/camera_calibration:/opt/ros/humble _=/usr/bin/env /usr/local/bin/cmake --install /home/wjrgfdy/rm_ws/build/image_rotate
[1.052s] -- Install configuration: ""
[1.052s] -- Execute custom install script
[1.053s] -- Up-to-date symlink: /home/wjrgfdy/rm_ws/install/image_rotate/include/image_rotate/image_rotate_node.hpp
[1.055s] -- Up-to-date symlink: /home/wjrgfdy/rm_ws/install/image_rotate/include/image_rotate/visibility.h
[1.055s] -- Up-to-date symlink: /home/wjrgfdy/rm_ws/install/image_rotate/share/image_rotate/environment/library_path.sh
[1.055s] -- Up-to-date symlink: /home/wjrgfdy/rm_ws/install/image_rotate/share/image_rotate/environment/library_path.dsv
[1.055s] -- Up-to-date symlink: /home/wjrgfdy/rm_ws/install/image_rotate/lib/libimage_rotate.so
[1.055s] -- Up-to-date symlink: /home/wjrgfdy/rm_ws/install/image_rotate/lib/image_rotate/image_rotate
[1.055s] -- Up-to-date symlink: /home/wjrgfdy/rm_ws/install/image_rotate/share/image_rotate/launch/image_rotate.launch.py
[1.055s] -- Up-to-date symlink: /home/wjrgfdy/rm_ws/install/image_rotate/share/ament_index/resource_index/package_run_dependencies/image_rotate
[1.055s] -- Up-to-date symlink: /home/wjrgfdy/rm_ws/install/image_rotate/share/ament_index/resource_index/parent_prefix_path/image_rotate
[1.055s] -- Up-to-date symlink: /home/wjrgfdy/rm_ws/install/image_rotate/share/image_rotate/environment/ament_prefix_path.sh
[1.055s] -- Up-to-date symlink: /home/wjrgfdy/rm_ws/install/image_rotate/share/image_rotate/environment/ament_prefix_path.dsv
[1.055s] -- Up-to-date symlink: /home/wjrgfdy/rm_ws/install/image_rotate/share/image_rotate/environment/path.sh
[1.055s] -- Up-to-date symlink: /home/wjrgfdy/rm_ws/install/image_rotate/share/image_rotate/environment/path.dsv
[1.055s] -- Up-to-date symlink: /home/wjrgfdy/rm_ws/install/image_rotate/share/image_rotate/local_setup.bash
[1.055s] -- Up-to-date symlink: /home/wjrgfdy/rm_ws/install/image_rotate/share/image_rotate/local_setup.sh
[1.056s] -- Up-to-date symlink: /home/wjrgfdy/rm_ws/install/image_rotate/share/image_rotate/local_setup.zsh
[1.056s] -- Up-to-date symlink: /home/wjrgfdy/rm_ws/install/image_rotate/share/image_rotate/local_setup.dsv
[1.057s] -- Symlinking: /home/wjrgfdy/rm_ws/install/image_rotate/share/image_rotate/package.dsv
[1.057s] -- Up-to-date symlink: /home/wjrgfdy/rm_ws/install/image_rotate/share/ament_index/resource_index/packages/image_rotate
[1.058s] -- Up-to-date symlink: /home/wjrgfdy/rm_ws/install/image_rotate/share/ament_index/resource_index/rclcpp_components/image_rotate
[1.058s] -- Up-to-date symlink: /home/wjrgfdy/rm_ws/install/image_rotate/share/image_rotate/cmake/ament_cmake_export_dependencies-extras.cmake
[1.058s] -- Up-to-date symlink: /home/wjrgfdy/rm_ws/install/image_rotate/share/image_rotate/cmake/ament_cmake_export_include_directories-extras.cmake
[1.058s] -- Up-to-date symlink: /home/wjrgfdy/rm_ws/install/image_rotate/share/image_rotate/cmake/ament_cmake_export_libraries-extras.cmake
[1.058s] -- Up-to-date symlink: /home/wjrgfdy/rm_ws/install/image_rotate/share/image_rotate/cmake/image_rotateConfig.cmake
[1.058s] -- Up-to-date symlink: /home/wjrgfdy/rm_ws/install/image_rotate/share/image_rotate/cmake/image_rotateConfig-version.cmake
[1.058s] -- Up-to-date symlink: /home/wjrgfdy/rm_ws/install/image_rotate/share/image_rotate/package.xml
[1.144s] Invoked command in '/home/wjrgfdy/rm_ws/build/image_rotate' returned '0': CMAKE_PREFIX_PATH=${CMAKE_PREFIX_PATH}:/home/wjrgfdy/rm_ws/install/camera_calibration:/opt/ros/humble _=/usr/bin/env /usr/local/bin/cmake --install /home/wjrgfdy/rm_ws/build/image_rotate
