[0.348s] Invoking command in '/home/wjrgfdy/rm_ws/build/depth_image_proc': CMAKE_PREFIX_PATH=${CMAKE_PREFIX_PATH}:/home/wjrgfdy/rm_ws/install/camera_calibration:/opt/ros/humble _=/usr/bin/env /usr/local/bin/cmake /home/wjrgfdy/rm_ws/src/image_pipeline/depth_image_proc -DCMAKE_INSTALL_PREFIX=/home/wjrgfdy/rm_ws/install/depth_image_proc
[0.401s] -- The C compiler identification is GNU 12.3.0
[0.473s] -- The CXX compiler identification is GNU 12.3.0
[0.494s] -- Detecting C compiler ABI info
[0.563s] -- Detecting C compiler ABI info - done
[0.571s] -- Check for working C compiler: /usr/bin/cc - skipped
[0.572s] -- Detecting C compile features
[0.572s] -- Detecting C compile features - done
[0.579s] -- Detecting CXX compiler ABI info
[0.663s] -- Detecting CXX compiler ABI info - done
[0.677s] -- Check for working CXX compiler: /usr/bin/c++ - skipped
[0.677s] -- Detecting CXX compile features
[0.677s] -- Detecting CXX compile features - done
[0.681s] -- Found ament_cmake_auto: 1.3.6 (/opt/ros/humble/share/ament_cmake_auto/cmake)
[1.059s] -- Found Python3: /usr/bin/python3.10 (found version "3.10.12") found components: Interpreter 
[1.290s] -- Found rosidl_generator_c: 3.1.5 (/opt/ros/humble/share/rosidl_generator_c/cmake)
[1.297s] -- Found rosidl_adapter: 3.1.5 (/opt/ros/humble/share/rosidl_adapter/cmake)
[1.307s] -- Found rosidl_generator_cpp: 3.1.5 (/opt/ros/humble/share/rosidl_generator_cpp/cmake)
[1.320s] -- Using all available rosidl_typesupport_c: rosidl_typesupport_fastrtps_c;rosidl_typesupport_introspection_c
[1.335s] -- Using all available rosidl_typesupport_cpp: rosidl_typesupport_fastrtps_cpp;rosidl_typesupport_introspection_cpp
[1.677s] -- Found rmw_implementation_cmake: 6.1.1 (/opt/ros/humble/share/rmw_implementation_cmake/cmake)
[1.682s] -- Found rmw_fastrtps_cpp: 6.2.5 (/opt/ros/humble/share/rmw_fastrtps_cpp/cmake)
[1.809s] -- Found OpenSSL: /usr/lib/x86_64-linux-gnu/libcrypto.so (found version "3.0.2")  
[1.848s] -- Found FastRTPS: /opt/ros/humble/include  
[1.907s] -- Using RMW implementation 'rmw_fastrtps_cpp' as default
[1.924s] -- Performing Test CMAKE_HAVE_LIBC_PTHREAD
[1.998s] -- Performing Test CMAKE_HAVE_LIBC_PTHREAD - Success
[1.999s] -- Found Threads: TRUE  
[2.752s] -- Found OpenCV: /usr/local (found version "4.9.0") 
[2.791s] -- Found ament_lint_auto: 0.12.9 (/opt/ros/humble/share/ament_lint_auto/cmake)
[2.825s] -- Added test 'copyright' to check source files copyright and LICENSE
[2.827s] -- Added test 'cppcheck' to perform static code analysis on C / C++ code
[2.828s] -- Configured cppcheck include dirs: /home/wjrgfdy/rm_ws/src/image_pipeline/depth_image_proc/include
[2.828s] -- Configured cppcheck exclude dirs and/or files: 
[2.830s] -- Added test 'cpplint' to check C / C++ code against the Google style
[2.830s] -- Configured cpplint exclude dirs and/or files: 
[2.831s] -- Added test 'flake8' to check Python code syntax and style conventions
[2.833s] -- Added test 'lint_cmake' to check CMake code style
[2.834s] -- Added test 'pep257' to check Python code against some of the docstring style conventions in PEP 257
[2.836s] -- Added test 'uncrustify' to check C / C++ code style
[2.836s] -- Configured uncrustify additional arguments: 
[2.837s] -- Added test 'xmllint' to check XML markup files
[2.841s] -- Configuring done (2.5s)
[2.895s] -- Generating done (0.0s)
[2.899s] -- Build files have been written to: /home/wjrgfdy/rm_ws/build/depth_image_proc
[2.911s] Invoked command in '/home/wjrgfdy/rm_ws/build/depth_image_proc' returned '0': CMAKE_PREFIX_PATH=${CMAKE_PREFIX_PATH}:/home/wjrgfdy/rm_ws/install/camera_calibration:/opt/ros/humble _=/usr/bin/env /usr/local/bin/cmake /home/wjrgfdy/rm_ws/src/image_pipeline/depth_image_proc -DCMAKE_INSTALL_PREFIX=/home/wjrgfdy/rm_ws/install/depth_image_proc
[2.912s] Invoking command in '/home/wjrgfdy/rm_ws/build/depth_image_proc': CMAKE_PREFIX_PATH=${CMAKE_PREFIX_PATH}:/home/wjrgfdy/rm_ws/install/camera_calibration:/opt/ros/humble _=/usr/bin/env /usr/local/bin/cmake --build /home/wjrgfdy/rm_ws/build/depth_image_proc -- -j12 -l12
[2.974s] [  3%] [32mBuilding CXX object CMakeFiles/depth_image_proc.dir/src/convert_metric.cpp.o[0m
[2.974s] [  6%] [32mBuilding CXX object CMakeFiles/depth_image_proc.dir/src/conversions.cpp.o[0m
[2.979s] [  9%] [32mBuilding CXX object CMakeFiles/depth_image_proc.dir/src/crop_foremost.cpp.o[0m
[2.987s] [ 12%] [32mBuilding CXX object CMakeFiles/crop_foremost_node.dir/rclcpp_components/node_main_crop_foremost_node.cpp.o[0m
[2.994s] [ 15%] [32mBuilding CXX object CMakeFiles/point_cloud_xyz_node.dir/rclcpp_components/node_main_point_cloud_xyz_node.cpp.o[0m
[2.994s] [ 18%] [32mBuilding CXX object CMakeFiles/point_cloud_xyzrgb_node.dir/rclcpp_components/node_main_point_cloud_xyzrgb_node.cpp.o[0m
[2.995s] [ 21%] [32mBuilding CXX object CMakeFiles/depth_image_proc.dir/src/disparity.cpp.o[0m
[2.999s] [ 25%] [32mBuilding CXX object CMakeFiles/convert_metric_node.dir/rclcpp_components/node_main_convert_metric_node.cpp.o[0m
[3.005s] [ 28%] [32mBuilding CXX object CMakeFiles/disparity_node.dir/rclcpp_components/node_main_disparity_node.cpp.o[0m
[3.031s] [ 31%] [32mBuilding CXX object CMakeFiles/point_cloud_xyzi_node.dir/rclcpp_components/node_main_point_cloud_xyzi_node.cpp.o[0m
[3.061s] [ 34%] [32mBuilding CXX object CMakeFiles/point_cloud_xyzi_radial_node.dir/rclcpp_components/node_main_point_cloud_xyzi_radial_node.cpp.o[0m
[3.066s] [ 37%] [32mBuilding CXX object CMakeFiles/point_cloud_xyz_radial_node.dir/rclcpp_components/node_main_point_cloud_xyz_radial_node.cpp.o[0m
[9.362s] [ 40%] [32mBuilding CXX object CMakeFiles/depth_image_proc.dir/src/point_cloud_xyz.cpp.o[0m
[11.916s] [ 43%] [32m[1mLinking CXX executable point_cloud_xyzi_radial_node[0m
[12.235s] [ 46%] [32m[1mLinking CXX executable point_cloud_xyzi_node[0m
[12.382s] [ 46%] Built target point_cloud_xyzi_radial_node
[12.474s] [ 50%] [32mBuilding CXX object CMakeFiles/point_cloud_xyzrgb_radial_node.dir/rclcpp_components/node_main_point_cloud_xyzrgb_radial_node.cpp.o[0m
[12.896s] [ 50%] Built target point_cloud_xyzi_node
[13.020s] [ 53%] [32mBuilding CXX object CMakeFiles/register_node.dir/rclcpp_components/node_main_register_node.cpp.o[0m
[17.039s] [ 56%] [32m[1mLinking CXX executable convert_metric_node[0m
[17.107s] [ 59%] [32m[1mLinking CXX executable point_cloud_xyz_radial_node[0m
[17.218s] [ 62%] [32m[1mLinking CXX executable crop_foremost_node[0m
[17.563s] [ 62%] Built target convert_metric_node
[17.581s] [ 62%] Built target point_cloud_xyz_radial_node
[17.586s] [ 65%] [32m[1mLinking CXX executable disparity_node[0m
[17.591s] [ 68%] [32mBuilding CXX object CMakeFiles/depth_image_proc.dir/src/point_cloud_xyzrgb.cpp.o[0m
[17.592s] [ 71%] [32mBuilding CXX object CMakeFiles/depth_image_proc.dir/src/point_cloud_xyzi.cpp.o[0m
[17.595s] [ 75%] [32m[1mLinking CXX executable point_cloud_xyz_node[0m
[17.643s] [ 78%] [32m[1mLinking CXX executable point_cloud_xyzrgb_radial_node[0m
[17.889s] [ 81%] [32mBuilding CXX object CMakeFiles/depth_image_proc.dir/src/point_cloud_xyz_radial.cpp.o[0m
[17.892s] [ 81%] Built target crop_foremost_node
[17.939s] [ 84%] [32mBuilding CXX object CMakeFiles/depth_image_proc.dir/src/point_cloud_xyzi_radial.cpp.o[0m
[18.174s] [ 84%] Built target point_cloud_xyzrgb_radial_node
[18.204s] [ 87%] [32mBuilding CXX object CMakeFiles/depth_image_proc.dir/src/point_cloud_xyzrgb_radial.cpp.o[0m
[18.245s] [ 87%] Built target point_cloud_xyz_node
[18.259s] [ 87%] Built target disparity_node
[18.278s] [ 90%] [32mBuilding CXX object CMakeFiles/depth_image_proc.dir/src/register.cpp.o[0m
[19.114s] [ 93%] [32m[1mLinking CXX executable point_cloud_xyzrgb_node[0m
[19.539s] [ 93%] Built target point_cloud_xyzrgb_node
[21.988s] [ 96%] [32m[1mLinking CXX executable register_node[0m
[22.214s] [ 96%] Built target register_node
[49.165s] [100%] [32m[1mLinking CXX shared library libdepth_image_proc.so[0m
[52.009s] [100%] Built target depth_image_proc
[52.017s] Invoked command in '/home/wjrgfdy/rm_ws/build/depth_image_proc' returned '0': CMAKE_PREFIX_PATH=${CMAKE_PREFIX_PATH}:/home/wjrgfdy/rm_ws/install/camera_calibration:/opt/ros/humble _=/usr/bin/env /usr/local/bin/cmake --build /home/wjrgfdy/rm_ws/build/depth_image_proc -- -j12 -l12
[52.173s] Invoking command in '/home/wjrgfdy/rm_ws/build/depth_image_proc': CMAKE_PREFIX_PATH=${CMAKE_PREFIX_PATH}:/home/wjrgfdy/rm_ws/install/camera_calibration:/opt/ros/humble _=/usr/bin/env /usr/local/bin/cmake --install /home/wjrgfdy/rm_ws/build/depth_image_proc
[52.178s] -- Install configuration: ""
[52.178s] -- Up-to-date: /home/wjrgfdy/rm_ws/install/depth_image_proc/include
[52.178s] -- Up-to-date: /home/wjrgfdy/rm_ws/install/depth_image_proc/include/depth_image_proc
[52.179s] -- Up-to-date: /home/wjrgfdy/rm_ws/install/depth_image_proc/share/depth_image_proc/launch
[52.179s] -- Up-to-date: /home/wjrgfdy/rm_ws/install/depth_image_proc/share/depth_image_proc/launch/rviz
[52.179s] -- Installing: /home/wjrgfdy/rm_ws/install/depth_image_proc/share/depth_image_proc/package.dsv
[52.182s] Invoked command in '/home/wjrgfdy/rm_ws/build/depth_image_proc' returned '0': CMAKE_PREFIX_PATH=${CMAKE_PREFIX_PATH}:/home/wjrgfdy/rm_ws/install/camera_calibration:/opt/ros/humble _=/usr/bin/env /usr/local/bin/cmake --install /home/wjrgfdy/rm_ws/build/depth_image_proc
