[0.311s] Invoking command in '/home/wjrgfdy/rm_ws/build/image_publisher': CMAKE_PREFIX_PATH=${CMAKE_PREFIX_PATH}:/home/wjrgfdy/rm_ws/install/camera_calibration:/opt/ros/humble _=/usr/bin/env /usr/local/bin/cmake /home/wjrgfdy/rm_ws/src/image_pipeline/image_publisher -DCMAKE_INSTALL_PREFIX=/home/wjrgfdy/rm_ws/install/image_publisher
[0.361s] -- The C compiler identification is GNU 12.3.0
[0.431s] -- The CXX compiler identification is GNU 12.3.0
[0.452s] -- Detecting C compiler ABI info
[0.509s] -- Detecting C compiler ABI info - done
[0.517s] -- Check for working C compiler: /usr/bin/cc - skipped
[0.517s] -- Detecting C compile features
[0.517s] -- Detecting C compile features - done
[0.524s] -- Detecting CXX compiler ABI info
[0.595s] -- Detecting CXX compiler ABI info - done
[0.605s] -- Check for working CXX compiler: /usr/bin/c++ - skipped
[0.605s] -- Detecting CXX compile features
[0.605s] -- Detecting CXX compile features - done
[0.608s] -- Found ament_cmake_auto: 1.3.6 (/opt/ros/humble/share/ament_cmake_auto/cmake)
[0.969s] -- Found Python3: /usr/bin/python3.10 (found version "3.10.12") found components: Interpreter 
[1.066s] -- Found camera_info_manager: 3.1.7 (/opt/ros/humble/share/camera_info_manager/cmake)
[1.133s] -- Found rosidl_generator_c: 3.1.5 (/opt/ros/humble/share/rosidl_generator_c/cmake)
[1.138s] -- Found rosidl_adapter: 3.1.5 (/opt/ros/humble/share/rosidl_adapter/cmake)
[1.146s] -- Found rosidl_generator_cpp: 3.1.5 (/opt/ros/humble/share/rosidl_generator_cpp/cmake)
[1.159s] -- Using all available rosidl_typesupport_c: rosidl_typesupport_fastrtps_c;rosidl_typesupport_introspection_c
[1.177s] -- Using all available rosidl_typesupport_cpp: rosidl_typesupport_fastrtps_cpp;rosidl_typesupport_introspection_cpp
[1.260s] -- Found rmw_implementation_cmake: 6.1.1 (/opt/ros/humble/share/rmw_implementation_cmake/cmake)
[1.266s] -- Found rmw_fastrtps_cpp: 6.2.5 (/opt/ros/humble/share/rmw_fastrtps_cpp/cmake)
[1.396s] -- Found OpenSSL: /usr/lib/x86_64-linux-gnu/libcrypto.so (found version "3.0.2")  
[1.435s] -- Found FastRTPS: /opt/ros/humble/include  
[1.497s] -- Using RMW implementation 'rmw_fastrtps_cpp' as default
[1.516s] -- Performing Test CMAKE_HAVE_LIBC_PTHREAD
[1.590s] -- Performing Test CMAKE_HAVE_LIBC_PTHREAD - Success
[1.592s] -- Found Threads: TRUE  
[2.270s] -- Found OpenCV: /usr/local (found version "4.9.0") found components: core imgcodecs videoio 
[2.270s] -- opencv version 4.9.0
[2.283s] -- Found ament_lint_auto: 0.12.9 (/opt/ros/humble/share/ament_lint_auto/cmake)
[2.318s] -- Added test 'copyright' to check source files copyright and LICENSE
[2.320s] -- Added test 'cppcheck' to perform static code analysis on C / C++ code
[2.320s] -- Configured cppcheck include dirs: /home/wjrgfdy/rm_ws/src/image_pipeline/image_publisher/include
[2.320s] -- Configured cppcheck exclude dirs and/or files: 
[2.322s] -- Added test 'cpplint' to check C / C++ code against the Google style
[2.322s] -- Configured cpplint exclude dirs and/or files: 
[2.323s] -- Added test 'flake8' to check Python code syntax and style conventions
[2.324s] -- Added test 'lint_cmake' to check CMake code style
[2.325s] -- Added test 'pep257' to check Python code against some of the docstring style conventions in PEP 257
[2.326s] -- Added test 'uncrustify' to check C / C++ code style
[2.326s] -- Configured uncrustify additional arguments: 
[2.327s] -- Added test 'xmllint' to check XML markup files
[2.331s] -- Configuring done (2.0s)
[2.352s] -- Generating done (0.0s)
[2.354s] -- Build files have been written to: /home/wjrgfdy/rm_ws/build/image_publisher
[2.365s] Invoked command in '/home/wjrgfdy/rm_ws/build/image_publisher' returned '0': CMAKE_PREFIX_PATH=${CMAKE_PREFIX_PATH}:/home/wjrgfdy/rm_ws/install/camera_calibration:/opt/ros/humble _=/usr/bin/env /usr/local/bin/cmake /home/wjrgfdy/rm_ws/src/image_pipeline/image_publisher -DCMAKE_INSTALL_PREFIX=/home/wjrgfdy/rm_ws/install/image_publisher
[2.366s] Invoking command in '/home/wjrgfdy/rm_ws/build/image_publisher': CMAKE_PREFIX_PATH=${CMAKE_PREFIX_PATH}:/home/wjrgfdy/rm_ws/install/camera_calibration:/opt/ros/humble _=/usr/bin/env /usr/local/bin/cmake --build /home/wjrgfdy/rm_ws/build/image_publisher -- -j12 -l12
[2.397s] [ 25%] [32mBuilding CXX object CMakeFiles/image_publisher.dir/src/image_publisher.cpp.o[0m
[15.929s] [ 50%] [32m[1mLinking CXX shared library libimage_publisher.so[0m
[16.606s] [ 50%] Built target image_publisher
[16.723s] [ 75%] [32mBuilding CXX object CMakeFiles/image_publisher_node.dir/src/image_publisher_node.cpp.o[0m
[27.340s] [100%] [32m[1mLinking CXX executable image_publisher_node[0m
[28.894s] [100%] Built target image_publisher_node
[28.935s] Invoked command in '/home/wjrgfdy/rm_ws/build/image_publisher' returned '0': CMAKE_PREFIX_PATH=${CMAKE_PREFIX_PATH}:/home/wjrgfdy/rm_ws/install/camera_calibration:/opt/ros/humble _=/usr/bin/env /usr/local/bin/cmake --build /home/wjrgfdy/rm_ws/build/image_publisher -- -j12 -l12
[29.061s] Invoking command in '/home/wjrgfdy/rm_ws/build/image_publisher': CMAKE_PREFIX_PATH=${CMAKE_PREFIX_PATH}:/home/wjrgfdy/rm_ws/install/camera_calibration:/opt/ros/humble _=/usr/bin/env /usr/local/bin/cmake --install /home/wjrgfdy/rm_ws/build/image_publisher
[29.069s] -- Install configuration: ""
[29.069s] -- Up-to-date: /home/wjrgfdy/rm_ws/install/image_publisher/include
[29.069s] -- Up-to-date: /home/wjrgfdy/rm_ws/install/image_publisher/include/image_publisher
[29.069s] -- Up-to-date: /home/wjrgfdy/rm_ws/install/image_publisher/share/image_publisher/launch
[29.069s] -- Installing: /home/wjrgfdy/rm_ws/install/image_publisher/share/image_publisher/package.dsv
[29.079s] Invoked command in '/home/wjrgfdy/rm_ws/build/image_publisher' returned '0': CMAKE_PREFIX_PATH=${CMAKE_PREFIX_PATH}:/home/wjrgfdy/rm_ws/install/camera_calibration:/opt/ros/humble _=/usr/bin/env /usr/local/bin/cmake --install /home/wjrgfdy/rm_ws/build/image_publisher
