[0.784s] Invoking command in '/home/wjrgfdy/rm_ws/src/image_pipeline/camera_calibration': PYTHONPATH=/home/wjrgfdy/rm_ws/build/camera_calibration/prefix_override:/home/wjrgfdy/rm_ws/install/camera_calibration/lib/python3.10/site-packages:${PYTHONPATH} _=/usr/bin/env /usr/bin/python3 setup.py egg_info --egg-base ../../../build/camera_calibration build --build-base /home/wjrgfdy/rm_ws/build/camera_calibration/build install --record /home/wjrgfdy/rm_ws/build/camera_calibration/install.log --single-version-externally-managed
[1.044s] running egg_info
[1.044s] creating ../../../build/camera_calibration/camera_calibration.egg-info
[1.045s] writing ../../../build/camera_calibration/camera_calibration.egg-info/PKG-INFO
[1.045s] writing dependency_links to ../../../build/camera_calibration/camera_calibration.egg-info/dependency_links.txt
[1.045s] writing entry points to ../../../build/camera_calibration/camera_calibration.egg-info/entry_points.txt
[1.045s] writing requirements to ../../../build/camera_calibration/camera_calibration.egg-info/requires.txt
[1.045s] writing top-level names to ../../../build/camera_calibration/camera_calibration.egg-info/top_level.txt
[1.045s] writing manifest file '../../../build/camera_calibration/camera_calibration.egg-info/SOURCES.txt'
[1.047s] reading manifest file '../../../build/camera_calibration/camera_calibration.egg-info/SOURCES.txt'
[1.048s] writing manifest file '../../../build/camera_calibration/camera_calibration.egg-info/SOURCES.txt'
[1.048s] running build
[1.048s] running build_py
[1.049s] creating /home/wjrgfdy/rm_ws/build/camera_calibration/build
[1.049s] creating /home/wjrgfdy/rm_ws/build/camera_calibration/build/lib
[1.049s] creating /home/wjrgfdy/rm_ws/build/camera_calibration/build/lib/camera_calibration
[1.049s] copying src/camera_calibration/camera_checker.py -> /home/wjrgfdy/rm_ws/build/camera_calibration/build/lib/camera_calibration
[1.049s] copying src/camera_calibration/camera_calibrator.py -> /home/wjrgfdy/rm_ws/build/camera_calibration/build/lib/camera_calibration
[1.049s] copying src/camera_calibration/__init__.py -> /home/wjrgfdy/rm_ws/build/camera_calibration/build/lib/camera_calibration
[1.049s] copying src/camera_calibration/calibrator.py -> /home/wjrgfdy/rm_ws/build/camera_calibration/build/lib/camera_calibration
[1.050s] creating /home/wjrgfdy/rm_ws/build/camera_calibration/build/lib/camera_calibration/nodes
[1.050s] copying src/camera_calibration/nodes/cameracalibrator.py -> /home/wjrgfdy/rm_ws/build/camera_calibration/build/lib/camera_calibration/nodes
[1.050s] copying src/camera_calibration/nodes/__init__.py -> /home/wjrgfdy/rm_ws/build/camera_calibration/build/lib/camera_calibration/nodes
[1.050s] copying src/camera_calibration/nodes/cameracheck.py -> /home/wjrgfdy/rm_ws/build/camera_calibration/build/lib/camera_calibration/nodes
[1.050s] running install
[1.051s] /usr/lib/python3/dist-packages/setuptools/command/install.py:34: SetuptoolsDeprecationWarning: setup.py install is deprecated. Use build and pip and other standards-based tools.
[1.051s]   warnings.warn(
[1.051s] running install_lib
[1.052s] creating /home/wjrgfdy/rm_ws/install/camera_calibration/lib/python3.10/site-packages/camera_calibration
[1.052s] copying /home/wjrgfdy/rm_ws/build/camera_calibration/build/lib/camera_calibration/camera_checker.py -> /home/wjrgfdy/rm_ws/install/camera_calibration/lib/python3.10/site-packages/camera_calibration
[1.052s] copying /home/wjrgfdy/rm_ws/build/camera_calibration/build/lib/camera_calibration/camera_calibrator.py -> /home/wjrgfdy/rm_ws/install/camera_calibration/lib/python3.10/site-packages/camera_calibration
[1.052s] copying /home/wjrgfdy/rm_ws/build/camera_calibration/build/lib/camera_calibration/__init__.py -> /home/wjrgfdy/rm_ws/install/camera_calibration/lib/python3.10/site-packages/camera_calibration
[1.052s] copying /home/wjrgfdy/rm_ws/build/camera_calibration/build/lib/camera_calibration/calibrator.py -> /home/wjrgfdy/rm_ws/install/camera_calibration/lib/python3.10/site-packages/camera_calibration
[1.052s] creating /home/wjrgfdy/rm_ws/install/camera_calibration/lib/python3.10/site-packages/camera_calibration/nodes
[1.053s] copying /home/wjrgfdy/rm_ws/build/camera_calibration/build/lib/camera_calibration/nodes/cameracalibrator.py -> /home/wjrgfdy/rm_ws/install/camera_calibration/lib/python3.10/site-packages/camera_calibration/nodes
[1.053s] copying /home/wjrgfdy/rm_ws/build/camera_calibration/build/lib/camera_calibration/nodes/__init__.py -> /home/wjrgfdy/rm_ws/install/camera_calibration/lib/python3.10/site-packages/camera_calibration/nodes
[1.053s] copying /home/wjrgfdy/rm_ws/build/camera_calibration/build/lib/camera_calibration/nodes/cameracheck.py -> /home/wjrgfdy/rm_ws/install/camera_calibration/lib/python3.10/site-packages/camera_calibration/nodes
[1.053s] byte-compiling /home/wjrgfdy/rm_ws/install/camera_calibration/lib/python3.10/site-packages/camera_calibration/camera_checker.py to camera_checker.cpython-310.pyc
[1.055s] byte-compiling /home/wjrgfdy/rm_ws/install/camera_calibration/lib/python3.10/site-packages/camera_calibration/camera_calibrator.py to camera_calibrator.cpython-310.pyc
[1.058s] byte-compiling /home/wjrgfdy/rm_ws/install/camera_calibration/lib/python3.10/site-packages/camera_calibration/__init__.py to __init__.cpython-310.pyc
[1.058s] byte-compiling /home/wjrgfdy/rm_ws/install/camera_calibration/lib/python3.10/site-packages/camera_calibration/calibrator.py to calibrator.cpython-310.pyc
[1.069s] byte-compiling /home/wjrgfdy/rm_ws/install/camera_calibration/lib/python3.10/site-packages/camera_calibration/nodes/cameracalibrator.py to cameracalibrator.cpython-310.pyc
[1.069s] byte-compiling /home/wjrgfdy/rm_ws/install/camera_calibration/lib/python3.10/site-packages/camera_calibration/nodes/__init__.py to __init__.cpython-310.pyc
[1.070s] byte-compiling /home/wjrgfdy/rm_ws/install/camera_calibration/lib/python3.10/site-packages/camera_calibration/nodes/cameracheck.py to cameracheck.cpython-310.pyc
[1.070s] running install_data
[1.071s] running install_egg_info
[1.072s] Copying ../../../build/camera_calibration/camera_calibration.egg-info to /home/wjrgfdy/rm_ws/install/camera_calibration/lib/python3.10/site-packages/camera_calibration-3.0.3-py3.10.egg-info
[1.073s] running install_scripts
[1.095s] Installing cameracalibrator script to /home/wjrgfdy/rm_ws/install/camera_calibration/lib/camera_calibration
[1.095s] Installing cameracheck script to /home/wjrgfdy/rm_ws/install/camera_calibration/lib/camera_calibration
[1.096s] writing list of installed files to '/home/wjrgfdy/rm_ws/build/camera_calibration/install.log'
[1.210s] Invoked command in '/home/wjrgfdy/rm_ws/src/image_pipeline/camera_calibration' returned '0': PYTHONPATH=/home/wjrgfdy/rm_ws/build/camera_calibration/prefix_override:/home/wjrgfdy/rm_ws/install/camera_calibration/lib/python3.10/site-packages:${PYTHONPATH} _=/usr/bin/env /usr/bin/python3 setup.py egg_info --egg-base ../../../build/camera_calibration build --build-base /home/wjrgfdy/rm_ws/build/camera_calibration/build install --record /home/wjrgfdy/rm_ws/build/camera_calibration/install.log --single-version-externally-managed
