[0.282s] Invoking command in '/home/wjrgfdy/rm_ws/build/image_view': CMAKE_PREFIX_PATH=${CMAKE_PREFIX_PATH}:/home/wjrgfdy/rm_ws/install/camera_calibration:/opt/ros/humble _=/usr/bin/env /usr/local/bin/cmake --build /home/wjrgfdy/rm_ws/build/image_view -- -j12 -l12
[0.337s] [ 36%] Built target image_view_nodes
[0.362s] [ 47%] Built target disparity_view
[0.365s] [ 57%] Built target image_view
[0.365s] [ 68%] Built target stereo_view
[0.368s] [ 89%] Built target image_saver
[0.369s] [ 89%] Built target extract_images
[0.374s] [100%] Built target video_recorder
[0.385s] Invoked command in '/home/wjrgfdy/rm_ws/build/image_view' returned '0': CMAKE_PREFIX_PATH=${CMAKE_PREFIX_PATH}:/home/wjrgfdy/rm_ws/install/camera_calibration:/opt/ros/humble _=/usr/bin/env /usr/local/bin/cmake --build /home/wjrgfdy/rm_ws/build/image_view -- -j12 -l12
[0.539s] Invoking command in '/home/wjrgfdy/rm_ws/build/image_view': CMAKE_PREFIX_PATH=${CMAKE_PREFIX_PATH}:/home/wjrgfdy/rm_ws/install/camera_calibration:/opt/ros/humble _=/usr/bin/env /usr/local/bin/cmake --install /home/wjrgfdy/rm_ws/build/image_view
[0.688s] -- Install configuration: ""
[0.689s] -- Execute custom install script
[0.689s] -- Up-to-date symlink: /home/wjrgfdy/rm_ws/install/image_view/include/image_view/disparity_view_node.hpp
[0.689s] -- Up-to-date symlink: /home/wjrgfdy/rm_ws/install/image_view/include/image_view/extract_images_node.hpp
[0.689s] -- Up-to-date symlink: /home/wjrgfdy/rm_ws/install/image_view/include/image_view/image_saver_node.hpp
[0.690s] -- Up-to-date symlink: /home/wjrgfdy/rm_ws/install/image_view/include/image_view/image_view_node.hpp
[0.690s] -- Up-to-date symlink: /home/wjrgfdy/rm_ws/install/image_view/include/image_view/stereo_view_node.hpp
[0.690s] -- Up-to-date symlink: /home/wjrgfdy/rm_ws/install/image_view/include/image_view/video_recorder_node.hpp
[0.690s] -- Up-to-date symlink: /home/wjrgfdy/rm_ws/install/image_view/share/image_view/environment/library_path.sh
[0.691s] -- Up-to-date symlink: /home/wjrgfdy/rm_ws/install/image_view/share/image_view/environment/library_path.dsv
[0.691s] -- Up-to-date symlink: /home/wjrgfdy/rm_ws/install/image_view/lib/libimage_view_nodes.so
[0.691s] -- Up-to-date symlink: /home/wjrgfdy/rm_ws/install/image_view/lib/image_view/disparity_view
[0.691s] -- Up-to-date symlink: /home/wjrgfdy/rm_ws/install/image_view/lib/image_view/image_view
[0.691s] -- Up-to-date symlink: /home/wjrgfdy/rm_ws/install/image_view/lib/image_view/stereo_view
[0.692s] -- Up-to-date symlink: /home/wjrgfdy/rm_ws/install/image_view/lib/image_view/extract_images
[0.692s] -- Up-to-date symlink: /home/wjrgfdy/rm_ws/install/image_view/lib/image_view/image_saver
[0.692s] -- Up-to-date symlink: /home/wjrgfdy/rm_ws/install/image_view/lib/image_view/video_recorder
[0.692s] -- Up-to-date symlink: /home/wjrgfdy/rm_ws/install/image_view/share/ament_index/resource_index/package_run_dependencies/image_view
[0.693s] -- Up-to-date symlink: /home/wjrgfdy/rm_ws/install/image_view/share/ament_index/resource_index/parent_prefix_path/image_view
[0.693s] -- Up-to-date symlink: /home/wjrgfdy/rm_ws/install/image_view/share/image_view/environment/ament_prefix_path.sh
[0.693s] -- Up-to-date symlink: /home/wjrgfdy/rm_ws/install/image_view/share/image_view/environment/ament_prefix_path.dsv
[0.694s] -- Up-to-date symlink: /home/wjrgfdy/rm_ws/install/image_view/share/image_view/environment/path.sh
[0.694s] -- Up-to-date symlink: /home/wjrgfdy/rm_ws/install/image_view/share/image_view/environment/path.dsv
[0.694s] -- Up-to-date symlink: /home/wjrgfdy/rm_ws/install/image_view/share/image_view/local_setup.bash
[0.694s] -- Up-to-date symlink: /home/wjrgfdy/rm_ws/install/image_view/share/image_view/local_setup.sh
[0.694s] -- Up-to-date symlink: /home/wjrgfdy/rm_ws/install/image_view/share/image_view/local_setup.zsh
[0.694s] -- Up-to-date symlink: /home/wjrgfdy/rm_ws/install/image_view/share/image_view/local_setup.dsv
[0.695s] -- Symlinking: /home/wjrgfdy/rm_ws/install/image_view/share/image_view/package.dsv
[0.695s] -- Up-to-date symlink: /home/wjrgfdy/rm_ws/install/image_view/share/ament_index/resource_index/packages/image_view
[0.695s] -- Up-to-date symlink: /home/wjrgfdy/rm_ws/install/image_view/share/ament_index/resource_index/rclcpp_components/image_view
[0.695s] -- Up-to-date symlink: /home/wjrgfdy/rm_ws/install/image_view/share/image_view/cmake/ament_cmake_export_dependencies-extras.cmake
[0.695s] -- Up-to-date symlink: /home/wjrgfdy/rm_ws/install/image_view/share/image_view/cmake/ament_cmake_export_include_directories-extras.cmake
[0.695s] -- Up-to-date symlink: /home/wjrgfdy/rm_ws/install/image_view/share/image_view/cmake/ament_cmake_export_libraries-extras.cmake
[0.695s] -- Up-to-date symlink: /home/wjrgfdy/rm_ws/install/image_view/share/image_view/cmake/image_viewConfig.cmake
[0.695s] -- Up-to-date symlink: /home/wjrgfdy/rm_ws/install/image_view/share/image_view/cmake/image_viewConfig-version.cmake
[0.695s] -- Up-to-date symlink: /home/wjrgfdy/rm_ws/install/image_view/share/image_view/package.xml
[0.768s] Invoked command in '/home/wjrgfdy/rm_ws/build/image_view' returned '0': CMAKE_PREFIX_PATH=${CMAKE_PREFIX_PATH}:/home/wjrgfdy/rm_ws/install/camera_calibration:/opt/ros/humble _=/usr/bin/env /usr/local/bin/cmake --install /home/wjrgfdy/rm_ws/build/image_view
