[0.320s] Invoking command in '/home/wjrgfdy/rm_ws/build/image_publisher': CMAKE_PREFIX_PATH=${CMAKE_PREFIX_PATH}:/home/wjrgfdy/rm_ws/install/camera_calibration:/opt/ros/humble _=/usr/bin/env /usr/local/bin/cmake /home/wjrgfdy/rm_ws/src/image_pipeline/image_publisher -DCMAKE_INSTALL_PREFIX=/home/wjrgfdy/rm_ws/install/image_publisher
[0.367s] -- The C compiler identification is GNU 12.3.0
[0.426s] -- The CXX compiler identification is GNU 12.3.0
[0.445s] -- Detecting C compiler ABI info
[0.519s] -- Detecting C compiler ABI info - done
[0.532s] -- Check for working C compiler: /usr/bin/cc - skipped
[0.533s] -- Detecting C compile features
[0.533s] -- Detecting C compile features - done
[0.543s] -- Detecting CXX compiler ABI info
[0.633s] -- Detecting CXX compiler ABI info - done
[0.647s] -- Check for working CXX compiler: /usr/bin/c++ - skipped
[0.647s] -- Detecting CXX compile features
[0.648s] -- Detecting CXX compile features - done
[0.651s] -- Found ament_cmake_auto: 1.3.6 (/opt/ros/humble/share/ament_cmake_auto/cmake)
[1.043s] -- Found Python3: /usr/bin/python3.10 (found version "3.10.12") found components: Interpreter 
[1.138s] -- Found camera_info_manager: 3.1.7 (/opt/ros/humble/share/camera_info_manager/cmake)
[1.216s] -- Found rosidl_generator_c: 3.1.5 (/opt/ros/humble/share/rosidl_generator_c/cmake)
[1.225s] -- Found rosidl_adapter: 3.1.5 (/opt/ros/humble/share/rosidl_adapter/cmake)
[1.239s] -- Found rosidl_generator_cpp: 3.1.5 (/opt/ros/humble/share/rosidl_generator_cpp/cmake)
[1.261s] -- Using all available rosidl_typesupport_c: rosidl_typesupport_fastrtps_c;rosidl_typesupport_introspection_c
[1.292s] -- Using all available rosidl_typesupport_cpp: rosidl_typesupport_fastrtps_cpp;rosidl_typesupport_introspection_cpp
[1.409s] -- Found rmw_implementation_cmake: 6.1.1 (/opt/ros/humble/share/rmw_implementation_cmake/cmake)
[1.415s] -- Found rmw_fastrtps_cpp: 6.2.5 (/opt/ros/humble/share/rmw_fastrtps_cpp/cmake)
[1.536s] -- Found OpenSSL: /usr/lib/x86_64-linux-gnu/libcrypto.so (found version "3.0.2")  
[1.569s] -- Found FastRTPS: /opt/ros/humble/include  
[1.631s] -- Using RMW implementation 'rmw_fastrtps_cpp' as default
[1.650s] -- Performing Test CMAKE_HAVE_LIBC_PTHREAD
[1.728s] -- Performing Test CMAKE_HAVE_LIBC_PTHREAD - Success
[1.729s] -- Found Threads: TRUE  
[2.436s] -- Found OpenCV: /usr/local (found version "4.9.0") found components: core imgcodecs videoio 
[2.436s] -- opencv version 4.9.0
[2.449s] -- Found ament_lint_auto: 0.12.9 (/opt/ros/humble/share/ament_lint_auto/cmake)
[2.485s] -- Added test 'copyright' to check source files copyright and LICENSE
[2.487s] -- Added test 'cppcheck' to perform static code analysis on C / C++ code
[2.487s] -- Configured cppcheck include dirs: /home/wjrgfdy/rm_ws/src/image_pipeline/image_publisher/include
[2.487s] -- Configured cppcheck exclude dirs and/or files: 
[2.489s] -- Added test 'cpplint' to check C / C++ code against the Google style
[2.489s] -- Configured cpplint exclude dirs and/or files: 
[2.490s] -- Added test 'flake8' to check Python code syntax and style conventions
[2.491s] -- Added test 'lint_cmake' to check CMake code style
[2.492s] -- Added test 'pep257' to check Python code against some of the docstring style conventions in PEP 257
[2.493s] -- Added test 'uncrustify' to check C / C++ code style
[2.493s] -- Configured uncrustify additional arguments: 
[2.494s] -- Added test 'xmllint' to check XML markup files
[2.498s] -- Configuring done (2.2s)
[2.518s] -- Generating done (0.0s)
[2.521s] -- Build files have been written to: /home/wjrgfdy/rm_ws/build/image_publisher
[2.530s] Invoked command in '/home/wjrgfdy/rm_ws/build/image_publisher' returned '0': CMAKE_PREFIX_PATH=${CMAKE_PREFIX_PATH}:/home/wjrgfdy/rm_ws/install/camera_calibration:/opt/ros/humble _=/usr/bin/env /usr/local/bin/cmake /home/wjrgfdy/rm_ws/src/image_pipeline/image_publisher -DCMAKE_INSTALL_PREFIX=/home/wjrgfdy/rm_ws/install/image_publisher
[2.531s] Invoking command in '/home/wjrgfdy/rm_ws/build/image_publisher': CMAKE_PREFIX_PATH=${CMAKE_PREFIX_PATH}:/home/wjrgfdy/rm_ws/install/camera_calibration:/opt/ros/humble _=/usr/bin/env /usr/local/bin/cmake --build /home/wjrgfdy/rm_ws/build/image_publisher -- -j12 -l12
[2.562s] [ 25%] [32mBuilding CXX object CMakeFiles/image_publisher.dir/src/image_publisher.cpp.o[0m
[19.456s] [ 50%] [32m[1mLinking CXX shared library libimage_publisher.so[0m
[20.059s] [ 50%] Built target image_publisher
[20.148s] [ 75%] [32mBuilding CXX object CMakeFiles/image_publisher_node.dir/src/image_publisher_node.cpp.o[0m
[25.442s] [100%] [32m[1mLinking CXX executable image_publisher_node[0m
[27.146s] [100%] Built target image_publisher_node
[27.190s] Invoked command in '/home/wjrgfdy/rm_ws/build/image_publisher' returned '0': CMAKE_PREFIX_PATH=${CMAKE_PREFIX_PATH}:/home/wjrgfdy/rm_ws/install/camera_calibration:/opt/ros/humble _=/usr/bin/env /usr/local/bin/cmake --build /home/wjrgfdy/rm_ws/build/image_publisher -- -j12 -l12
[27.312s] Invoking command in '/home/wjrgfdy/rm_ws/build/image_publisher': CMAKE_PREFIX_PATH=${CMAKE_PREFIX_PATH}:/home/wjrgfdy/rm_ws/install/camera_calibration:/opt/ros/humble _=/usr/bin/env /usr/local/bin/cmake --install /home/wjrgfdy/rm_ws/build/image_publisher
[27.326s] -- Install configuration: ""
[27.326s] -- Up-to-date: /home/wjrgfdy/rm_ws/install/image_publisher/include
[27.326s] -- Up-to-date: /home/wjrgfdy/rm_ws/install/image_publisher/include/image_publisher
[27.326s] -- Up-to-date: /home/wjrgfdy/rm_ws/install/image_publisher/share/image_publisher/launch
[27.326s] -- Installing: /home/wjrgfdy/rm_ws/install/image_publisher/share/image_publisher/package.dsv
[27.336s] Invoked command in '/home/wjrgfdy/rm_ws/build/image_publisher' returned '0': CMAKE_PREFIX_PATH=${CMAKE_PREFIX_PATH}:/home/wjrgfdy/rm_ws/install/camera_calibration:/opt/ros/humble _=/usr/bin/env /usr/local/bin/cmake --install /home/wjrgfdy/rm_ws/build/image_publisher
