[0.263s] Invoking command in '/home/wjrgfdy/rm_ws/build/image_view': CMAKE_PREFIX_PATH=${CMAKE_PREFIX_PATH}:/home/wjrgfdy/rm_ws/install/camera_calibration:/opt/ros/humble _=/usr/bin/env /usr/local/bin/cmake /home/wjrgfdy/rm_ws/src/image_pipeline/image_view -DCMAKE_INSTALL_PREFIX=/home/wjrgfdy/rm_ws/install/image_view
[0.315s] -- The C compiler identification is GNU 12.3.0
[0.377s] -- The CXX compiler identification is GNU 12.3.0
[0.393s] -- Detecting C compiler ABI info
[0.469s] -- Detecting C compiler ABI info - done
[0.481s] -- Check for working C compiler: /usr/bin/cc - skipped
[0.482s] -- Detecting C compile features
[0.482s] -- Detecting C compile features - done
[0.491s] -- Detecting CXX compiler ABI info
[0.579s] -- Detecting CXX compiler ABI info - done
[0.593s] -- Check for working CXX compiler: /usr/bin/c++ - skipped
[0.593s] -- Detecting CXX compile features
[0.593s] -- Detecting CXX compile features - done
[0.597s] -- Found ament_cmake_auto: 1.3.6 (/opt/ros/humble/share/ament_cmake_auto/cmake)
[0.970s] -- Found Python3: /usr/bin/python3.10 (found version "3.10.12") found components: Interpreter 
[1.234s] -- Found rosidl_generator_c: 3.1.5 (/opt/ros/humble/share/rosidl_generator_c/cmake)
[1.247s] -- Found rosidl_adapter: 3.1.5 (/opt/ros/humble/share/rosidl_adapter/cmake)
[1.261s] -- Found rosidl_generator_cpp: 3.1.5 (/opt/ros/humble/share/rosidl_generator_cpp/cmake)
[1.283s] -- Using all available rosidl_typesupport_c: rosidl_typesupport_fastrtps_c;rosidl_typesupport_introspection_c
[1.314s] -- Using all available rosidl_typesupport_cpp: rosidl_typesupport_fastrtps_cpp;rosidl_typesupport_introspection_cpp
[1.422s] -- Found rmw_implementation_cmake: 6.1.1 (/opt/ros/humble/share/rmw_implementation_cmake/cmake)
[1.427s] -- Found rmw_fastrtps_cpp: 6.2.5 (/opt/ros/humble/share/rmw_fastrtps_cpp/cmake)
[1.551s] -- Found OpenSSL: /usr/lib/x86_64-linux-gnu/libcrypto.so (found version "3.0.2")  
[1.584s] -- Found FastRTPS: /opt/ros/humble/include  
[1.624s] -- Using RMW implementation 'rmw_fastrtps_cpp' as default
[1.633s] -- Performing Test CMAKE_HAVE_LIBC_PTHREAD
[1.691s] -- Performing Test CMAKE_HAVE_LIBC_PTHREAD - Success
[1.692s] -- Found Threads: TRUE  
[2.460s] -- Found Boost: /usr/lib/x86_64-linux-gnu/cmake/Boost-1.74.0/BoostConfig.cmake (found version "1.74.0")  
[2.463s] -- Found OpenCV: /usr/local (found version "4.9.0") 
[2.516s] -- Found ament_lint_auto: 0.12.9 (/opt/ros/humble/share/ament_lint_auto/cmake)
[2.556s] -- Added test 'copyright' to check source files copyright and LICENSE
[2.557s] -- Added test 'cppcheck' to perform static code analysis on C / C++ code
[2.558s] -- Configured cppcheck include dirs: /home/wjrgfdy/rm_ws/src/image_pipeline/image_view/include
[2.559s] -- Configured cppcheck exclude dirs and/or files: 
[2.560s] -- Added test 'cpplint' to check C / C++ code against the Google style
[2.560s] -- Configured cpplint exclude dirs and/or files: 
[2.561s] -- Added test 'lint_cmake' to check CMake code style
[2.563s] -- Added test 'uncrustify' to check C / C++ code style
[2.563s] -- Configured uncrustify additional arguments: 
[2.564s] -- Added test 'xmllint' to check XML markup files
[2.567s] -- Configuring done (2.3s)
[2.624s] -- Generating done (0.0s)
[2.627s] -- Build files have been written to: /home/wjrgfdy/rm_ws/build/image_view
[2.661s] Invoked command in '/home/wjrgfdy/rm_ws/build/image_view' returned '0': CMAKE_PREFIX_PATH=${CMAKE_PREFIX_PATH}:/home/wjrgfdy/rm_ws/install/camera_calibration:/opt/ros/humble _=/usr/bin/env /usr/local/bin/cmake /home/wjrgfdy/rm_ws/src/image_pipeline/image_view -DCMAKE_INSTALL_PREFIX=/home/wjrgfdy/rm_ws/install/image_view
[2.661s] Invoking command in '/home/wjrgfdy/rm_ws/build/image_view': CMAKE_PREFIX_PATH=${CMAKE_PREFIX_PATH}:/home/wjrgfdy/rm_ws/install/camera_calibration:/opt/ros/humble _=/usr/bin/env /usr/local/bin/cmake --build /home/wjrgfdy/rm_ws/build/image_view -- -j12 -l12
[2.835s] [  5%] [32mBuilding CXX object CMakeFiles/image_view_nodes.dir/src/disparity_view_node.cpp.o[0m
[2.845s] [ 10%] [32mBuilding CXX object CMakeFiles/image_view_nodes.dir/src/extract_images_node.cpp.o[0m
[2.871s] [ 15%] [32mBuilding CXX object CMakeFiles/image_view_nodes.dir/src/image_view_node.cpp.o[0m
[2.883s] [ 21%] [32mBuilding CXX object CMakeFiles/image_view_nodes.dir/src/image_saver_node.cpp.o[0m
[2.944s] [ 26%] [32mBuilding CXX object CMakeFiles/image_view_nodes.dir/src/stereo_view_node.cpp.o[0m
[2.969s] [ 31%] [32mBuilding CXX object CMakeFiles/image_view_nodes.dir/src/video_recorder_node.cpp.o[0m
[34.201s] [ 36%] [32m[1mLinking CXX shared library libimage_view_nodes.so[0m
[35.749s] [ 36%] Built target image_view_nodes
[35.767s] [ 47%] [32mBuilding CXX object CMakeFiles/image_view.dir/src/image_view.cpp.o[0m
[35.767s] [ 47%] [32mBuilding CXX object CMakeFiles/disparity_view.dir/src/disparity_view.cpp.o[0m
[40.561s] [ 52%] [32m[1mLinking CXX executable disparity_view[0m
[41.149s] [ 57%] [32m[1mLinking CXX executable image_view[0m
[41.961s] [ 57%] Built target disparity_view
[41.981s] [ 73%] [32mBuilding CXX object CMakeFiles/extract_images.dir/src/extract_images.cpp.o[0m
[41.981s] [ 73%] [32mBuilding CXX object CMakeFiles/video_recorder.dir/src/video_recorder.cpp.o[0m
[41.981s] [ 73%] [32mBuilding CXX object CMakeFiles/image_saver.dir/src/image_saver.cpp.o[0m
[42.450s] [ 73%] Built target image_view
[42.469s] [ 78%] [32mBuilding CXX object CMakeFiles/stereo_view.dir/src/stereo_view.cpp.o[0m
[47.601s] [ 84%] [32m[1mLinking CXX executable extract_images[0m
[47.689s] [ 89%] [32m[1mLinking CXX executable video_recorder[0m
[47.710s] [ 94%] [32m[1mLinking CXX executable image_saver[0m
[49.145s] [100%] [32m[1mLinking CXX executable stereo_view[0m
[49.861s] [100%] Built target extract_images
[49.966s] [100%] Built target image_saver
[50.038s] [100%] Built target video_recorder
[50.964s] [100%] Built target stereo_view
[50.973s] Invoked command in '/home/wjrgfdy/rm_ws/build/image_view' returned '0': CMAKE_PREFIX_PATH=${CMAKE_PREFIX_PATH}:/home/wjrgfdy/rm_ws/install/camera_calibration:/opt/ros/humble _=/usr/bin/env /usr/local/bin/cmake --build /home/wjrgfdy/rm_ws/build/image_view -- -j12 -l12
[51.090s] Invoking command in '/home/wjrgfdy/rm_ws/build/image_view': CMAKE_PREFIX_PATH=${CMAKE_PREFIX_PATH}:/home/wjrgfdy/rm_ws/install/camera_calibration:/opt/ros/humble _=/usr/bin/env /usr/local/bin/cmake --install /home/wjrgfdy/rm_ws/build/image_view
[51.095s] -- Install configuration: ""
[51.095s] -- Up-to-date: /home/wjrgfdy/rm_ws/install/image_view/include
[51.096s] -- Up-to-date: /home/wjrgfdy/rm_ws/install/image_view/include/image_view
[51.096s] -- Installing: /home/wjrgfdy/rm_ws/install/image_view/share/image_view/package.dsv
[51.099s] Invoked command in '/home/wjrgfdy/rm_ws/build/image_view' returned '0': CMAKE_PREFIX_PATH=${CMAKE_PREFIX_PATH}:/home/wjrgfdy/rm_ws/install/camera_calibration:/opt/ros/humble _=/usr/bin/env /usr/local/bin/cmake --install /home/wjrgfdy/rm_ws/build/image_view
