-- The C compiler identification is GNU 11.4.0
-- The CXX compiler identification is GNU 11.4.0
-- Detecting C compiler ABI info
-- Detecting C compiler ABI info - done
-- Check for working C compiler: /usr/bin/cc - skipped
-- Detecting C compile features
-- Detecting C compile features - done
-- Detecting CXX compiler ABI info
-- Detecting CXX compiler ABI info - done
-- Check for working CXX compiler: /usr/bin/c++ - skipped
-- Detecting CXX compile features
-- Detecting CXX compile features - done
-- Found ament_cmake: 1.3.6 (/opt/ros/humble/share/ament_cmake/cmake)
-- Found Python3: /usr/bin/python3.10 (found version "3.10.12") found components: Interpreter 
-- Override CMake install command with custom implementation using symlinks instead of copying resources
-- Found ament_lint_auto: 0.12.9 (/opt/ros/humble/share/ament_lint_auto/cmake)
-- Added test 'lint_cmake' to check CMake code style
-- Added test 'xmllint' to check XML markup files
-- Configuring done (0.6s)
-- Generating done (0.0s)
-- Build files have been written to: /home/wjrgfdy/rm_ws/build/image_pipeline
-- Install configuration: ""
-- Execute custom install script
-- Symlinking: /home/wjrgfdy/rm_ws/install/image_pipeline/share/ament_index/resource_index/package_run_dependencies/image_pipeline
-- Symlinking: /home/wjrgfdy/rm_ws/install/image_pipeline/share/ament_index/resource_index/parent_prefix_path/image_pipeline
-- Symlinking: /home/wjrgfdy/rm_ws/install/image_pipeline/share/image_pipeline/environment/ament_prefix_path.sh
-- Symlinking: /home/wjrgfdy/rm_ws/install/image_pipeline/share/image_pipeline/environment/ament_prefix_path.dsv
-- Symlinking: /home/wjrgfdy/rm_ws/install/image_pipeline/share/image_pipeline/environment/path.sh
-- Symlinking: /home/wjrgfdy/rm_ws/install/image_pipeline/share/image_pipeline/environment/path.dsv
-- Symlinking: /home/wjrgfdy/rm_ws/install/image_pipeline/share/image_pipeline/local_setup.bash
-- Symlinking: /home/wjrgfdy/rm_ws/install/image_pipeline/share/image_pipeline/local_setup.sh
-- Symlinking: /home/wjrgfdy/rm_ws/install/image_pipeline/share/image_pipeline/local_setup.zsh
-- Symlinking: /home/wjrgfdy/rm_ws/install/image_pipeline/share/image_pipeline/local_setup.dsv
-- Symlinking: /home/wjrgfdy/rm_ws/install/image_pipeline/share/image_pipeline/package.dsv
-- Symlinking: /home/wjrgfdy/rm_ws/install/image_pipeline/share/ament_index/resource_index/packages/image_pipeline
-- Symlinking: /home/wjrgfdy/rm_ws/install/image_pipeline/share/image_pipeline/cmake/image_pipelineConfig.cmake
-- Symlinking: /home/wjrgfdy/rm_ws/install/image_pipeline/share/image_pipeline/cmake/image_pipelineConfig-version.cmake
-- Symlinking: /home/wjrgfdy/rm_ws/install/image_pipeline/share/image_pipeline/package.xml
