[0.384s] Invoking command in '/home/wjrgfdy/rm_ws/build/armor_tracker': AMENT_PREFIX_PATH=/home/wjrgfdy/rm_ws/install/auto_aim_interfaces:${AMENT_PREFIX_PATH} CMAKE_PREFIX_PATH=/home/wjrgfdy/rm_ws/install/auto_aim_interfaces:/home/wjrgfdy/rm_ws/install/image_pipeline:/home/wjrgfdy/rm_ws/install/stereo_image_proc:/home/wjrgfdy/rm_ws/install/image_proc:/home/wjrgfdy/rm_ws/install/tracetools_image_pipeline:/home/wjrgfdy/rm_ws/install/rm_vision_bringup:/home/wjrgfdy/rm_ws/install/rm_serial_driver:/home/wjrgfdy/rm_ws/install/rm_gimbal_description:/home/wjrgfdy/rm_ws/install/rm_auto_aim:/home/wjrgfdy/rm_ws/install/mindvision_camera:/home/wjrgfdy/rm_ws/install/image_view:/home/wjrgfdy/rm_ws/install/image_rotate:/home/wjrgfdy/rm_ws/install/image_publisher:/home/wjrgfdy/rm_ws/install/hik_camera:/home/wjrgfdy/rm_ws/install/depth_image_proc:/home/wjrgfdy/rm_ws/install/armor_tracker:/home/wjrgfdy/rm_ws/install/armor_detector:/home/wjrgfdy/rm_ws/install/camera_calibration:/opt/ros/humble LD_LIBRARY_PATH=/home/wjrgfdy/rm_ws/install/auto_aim_interfaces/lib:/home/wjrgfdy/rm_ws/install/stereo_image_proc/lib:/home/wjrgfdy/rm_ws/install/image_proc/lib:/home/wjrgfdy/rm_ws/install/tracetools_image_pipeline/lib:/home/wjrgfdy/rm_ws/install/rm_serial_driver/lib:/home/wjrgfdy/rm_ws/install/mindvision_camera/lib:/home/wjrgfdy/rm_ws/install/image_view/lib:/home/wjrgfdy/rm_ws/install/image_rotate/lib:/home/wjrgfdy/rm_ws/install/image_publisher/lib:/home/wjrgfdy/rm_ws/install/hik_camera/lib:/home/wjrgfdy/rm_ws/install/depth_image_proc/lib:/home/wjrgfdy/rm_ws/install/armor_tracker/lib:/home/wjrgfdy/rm_ws/install/armor_detector/lib:/opt/ros/humble/opt/rviz_ogre_vendor/lib:/opt/ros/humble/lib/x86_64-linux-gnu:/opt/ros/humble/lib:/opt/MVS/lib/64:/opt/MVS/lib/32:/opt/MVS/lib/64:/opt/MVS/lib/32:/opt/MVS/lib/64:/opt/MVS/lib/32 PYTHONPATH=/home/wjrgfdy/rm_ws/install/auto_aim_interfaces/local/lib/python3.10/dist-packages:${PYTHONPATH} _=/usr/bin/env /usr/local/bin/cmake /home/wjrgfdy/rm_ws/src/rm_auto_aim/armor_tracker -DCMAKE_INSTALL_PREFIX=/home/wjrgfdy/rm_ws/install/armor_tracker
[0.568s] -- The C compiler identification is GNU 12.3.0
[0.794s] -- The CXX compiler identification is GNU 12.3.0
[0.907s] -- Detecting C compiler ABI info
[1.265s] -- Detecting C compiler ABI info - done
[1.284s] -- Check for working C compiler: /usr/bin/cc - skipped
[1.285s] -- Detecting C compile features
[1.288s] -- Detecting C compile features - done
[1.347s] -- Detecting CXX compiler ABI info
[1.804s] -- Detecting CXX compiler ABI info - done
[1.833s] -- Check for working CXX compiler: /usr/bin/c++ - skipped
[1.833s] -- Detecting CXX compile features
[1.834s] -- Detecting CXX compile features - done
[1.838s] -- Found ament_cmake_auto: 1.3.6 (/opt/ros/humble/share/ament_cmake_auto/cmake)
[2.979s] -- Found Python3: /usr/bin/python3.10 (found version "3.10.12") found components: Interpreter 
[3.694s] -- Found rosidl_generator_c: 3.1.5 (/opt/ros/humble/share/rosidl_generator_c/cmake)
[3.707s] -- Found rosidl_adapter: 3.1.5 (/opt/ros/humble/share/rosidl_adapter/cmake)
[3.726s] -- Found rosidl_generator_cpp: 3.1.5 (/opt/ros/humble/share/rosidl_generator_cpp/cmake)
[3.760s] -- Using all available rosidl_typesupport_c: rosidl_typesupport_fastrtps_c;rosidl_typesupport_introspection_c
[3.807s] -- Using all available rosidl_typesupport_cpp: rosidl_typesupport_fastrtps_cpp;rosidl_typesupport_introspection_cpp
[3.965s] -- Found rmw_implementation_cmake: 6.1.1 (/opt/ros/humble/share/rmw_implementation_cmake/cmake)
[3.971s] -- Found rmw_fastrtps_cpp: 6.2.5 (/opt/ros/humble/share/rmw_fastrtps_cpp/cmake)
[4.235s] -- Found OpenSSL: /usr/lib/x86_64-linux-gnu/libcrypto.so (found version "3.0.2")  
[4.300s] -- Found FastRTPS: /opt/ros/humble/include  
[4.435s] -- Using RMW implementation 'rmw_fastrtps_cpp' as default
[4.485s] -- Performing Test CMAKE_HAVE_LIBC_PTHREAD
[4.650s] -- Performing Test CMAKE_HAVE_LIBC_PTHREAD - Success
[4.652s] -- Found Threads: TRUE  
[6.181s] -- Found eigen3_cmake_module: 0.1.1 (/opt/ros/humble/share/eigen3_cmake_module/cmake)
[6.184s] -- Found Eigen3: TRUE (found version "3.4.0") 
[6.184s] -- Ensuring Eigen3 include directory is part of orocos-kdl CMake target
[6.831s] -- Found ament_lint_auto: 0.12.9 (/opt/ros/humble/share/ament_lint_auto/cmake)
[6.883s] -- Added test 'cppcheck' to perform static code analysis on C / C++ code
[6.883s] -- Configured cppcheck include dirs: /home/wjrgfdy/rm_ws/src/rm_auto_aim/armor_tracker/include
[6.883s] -- Configured cppcheck exclude dirs and/or files: 
[6.886s] -- Added test 'lint_cmake' to check CMake code style
[6.889s] -- Added test 'xmllint' to check XML markup files
[6.894s] -- Added test 'clang_format' to check C / C++ code style
[6.899s] -- Configuring done (6.5s)
[6.929s] -- Generating done (0.0s)
[6.934s] -- Build files have been written to: /home/wjrgfdy/rm_ws/build/armor_tracker
[6.954s] Invoked command in '/home/wjrgfdy/rm_ws/build/armor_tracker' returned '0': AMENT_PREFIX_PATH=/home/wjrgfdy/rm_ws/install/auto_aim_interfaces:${AMENT_PREFIX_PATH} CMAKE_PREFIX_PATH=/home/wjrgfdy/rm_ws/install/auto_aim_interfaces:/home/wjrgfdy/rm_ws/install/image_pipeline:/home/wjrgfdy/rm_ws/install/stereo_image_proc:/home/wjrgfdy/rm_ws/install/image_proc:/home/wjrgfdy/rm_ws/install/tracetools_image_pipeline:/home/wjrgfdy/rm_ws/install/rm_vision_bringup:/home/wjrgfdy/rm_ws/install/rm_serial_driver:/home/wjrgfdy/rm_ws/install/rm_gimbal_description:/home/wjrgfdy/rm_ws/install/rm_auto_aim:/home/wjrgfdy/rm_ws/install/mindvision_camera:/home/wjrgfdy/rm_ws/install/image_view:/home/wjrgfdy/rm_ws/install/image_rotate:/home/wjrgfdy/rm_ws/install/image_publisher:/home/wjrgfdy/rm_ws/install/hik_camera:/home/wjrgfdy/rm_ws/install/depth_image_proc:/home/wjrgfdy/rm_ws/install/armor_tracker:/home/wjrgfdy/rm_ws/install/armor_detector:/home/wjrgfdy/rm_ws/install/camera_calibration:/opt/ros/humble LD_LIBRARY_PATH=/home/wjrgfdy/rm_ws/install/auto_aim_interfaces/lib:/home/wjrgfdy/rm_ws/install/stereo_image_proc/lib:/home/wjrgfdy/rm_ws/install/image_proc/lib:/home/wjrgfdy/rm_ws/install/tracetools_image_pipeline/lib:/home/wjrgfdy/rm_ws/install/rm_serial_driver/lib:/home/wjrgfdy/rm_ws/install/mindvision_camera/lib:/home/wjrgfdy/rm_ws/install/image_view/lib:/home/wjrgfdy/rm_ws/install/image_rotate/lib:/home/wjrgfdy/rm_ws/install/image_publisher/lib:/home/wjrgfdy/rm_ws/install/hik_camera/lib:/home/wjrgfdy/rm_ws/install/depth_image_proc/lib:/home/wjrgfdy/rm_ws/install/armor_tracker/lib:/home/wjrgfdy/rm_ws/install/armor_detector/lib:/opt/ros/humble/opt/rviz_ogre_vendor/lib:/opt/ros/humble/lib/x86_64-linux-gnu:/opt/ros/humble/lib:/opt/MVS/lib/64:/opt/MVS/lib/32:/opt/MVS/lib/64:/opt/MVS/lib/32:/opt/MVS/lib/64:/opt/MVS/lib/32 PYTHONPATH=/home/wjrgfdy/rm_ws/install/auto_aim_interfaces/local/lib/python3.10/dist-packages:${PYTHONPATH} _=/usr/bin/env /usr/local/bin/cmake /home/wjrgfdy/rm_ws/src/rm_auto_aim/armor_tracker -DCMAKE_INSTALL_PREFIX=/home/wjrgfdy/rm_ws/install/armor_tracker
[6.955s] Invoking command in '/home/wjrgfdy/rm_ws/build/armor_tracker': AMENT_PREFIX_PATH=/home/wjrgfdy/rm_ws/install/auto_aim_interfaces:${AMENT_PREFIX_PATH} CMAKE_PREFIX_PATH=/home/wjrgfdy/rm_ws/install/auto_aim_interfaces:/home/wjrgfdy/rm_ws/install/image_pipeline:/home/wjrgfdy/rm_ws/install/stereo_image_proc:/home/wjrgfdy/rm_ws/install/image_proc:/home/wjrgfdy/rm_ws/install/tracetools_image_pipeline:/home/wjrgfdy/rm_ws/install/rm_vision_bringup:/home/wjrgfdy/rm_ws/install/rm_serial_driver:/home/wjrgfdy/rm_ws/install/rm_gimbal_description:/home/wjrgfdy/rm_ws/install/rm_auto_aim:/home/wjrgfdy/rm_ws/install/mindvision_camera:/home/wjrgfdy/rm_ws/install/image_view:/home/wjrgfdy/rm_ws/install/image_rotate:/home/wjrgfdy/rm_ws/install/image_publisher:/home/wjrgfdy/rm_ws/install/hik_camera:/home/wjrgfdy/rm_ws/install/depth_image_proc:/home/wjrgfdy/rm_ws/install/armor_tracker:/home/wjrgfdy/rm_ws/install/armor_detector:/home/wjrgfdy/rm_ws/install/camera_calibration:/opt/ros/humble LD_LIBRARY_PATH=/home/wjrgfdy/rm_ws/install/auto_aim_interfaces/lib:/home/wjrgfdy/rm_ws/install/stereo_image_proc/lib:/home/wjrgfdy/rm_ws/install/image_proc/lib:/home/wjrgfdy/rm_ws/install/tracetools_image_pipeline/lib:/home/wjrgfdy/rm_ws/install/rm_serial_driver/lib:/home/wjrgfdy/rm_ws/install/mindvision_camera/lib:/home/wjrgfdy/rm_ws/install/image_view/lib:/home/wjrgfdy/rm_ws/install/image_rotate/lib:/home/wjrgfdy/rm_ws/install/image_publisher/lib:/home/wjrgfdy/rm_ws/install/hik_camera/lib:/home/wjrgfdy/rm_ws/install/depth_image_proc/lib:/home/wjrgfdy/rm_ws/install/armor_tracker/lib:/home/wjrgfdy/rm_ws/install/armor_detector/lib:/opt/ros/humble/opt/rviz_ogre_vendor/lib:/opt/ros/humble/lib/x86_64-linux-gnu:/opt/ros/humble/lib:/opt/MVS/lib/64:/opt/MVS/lib/32:/opt/MVS/lib/64:/opt/MVS/lib/32:/opt/MVS/lib/64:/opt/MVS/lib/32 PYTHONPATH=/home/wjrgfdy/rm_ws/install/auto_aim_interfaces/local/lib/python3.10/dist-packages:${PYTHONPATH} _=/usr/bin/env /usr/local/bin/cmake --build /home/wjrgfdy/rm_ws/build/armor_tracker -- -j12 -l12
[7.014s] [ 16%] [32mBuilding CXX object CMakeFiles/armor_tracker_node.dir/rclcpp_components/node_main_armor_tracker_node.cpp.o[0m
[7.015s] [ 33%] [32mBuilding CXX object CMakeFiles/armor_tracker.dir/src/extended_kalman_filter.cpp.o[0m
[7.034s] [ 50%] [32mBuilding CXX object CMakeFiles/armor_tracker.dir/src/tracker.cpp.o[0m
[7.075s] [ 66%] [32mBuilding CXX object CMakeFiles/armor_tracker.dir/src/tracker_node.cpp.o[0m
[15.874s] [ 83%] [32m[1mLinking CXX executable armor_tracker_node[0m
[16.123s] [ 83%] Built target armor_tracker_node
[33.635s] [100%] [32m[1mLinking CXX shared library libarmor_tracker.so[0m
[35.038s] [100%] Built target armor_tracker
[35.045s] Invoked command in '/home/wjrgfdy/rm_ws/build/armor_tracker' returned '0': AMENT_PREFIX_PATH=/home/wjrgfdy/rm_ws/install/auto_aim_interfaces:${AMENT_PREFIX_PATH} CMAKE_PREFIX_PATH=/home/wjrgfdy/rm_ws/install/auto_aim_interfaces:/home/wjrgfdy/rm_ws/install/image_pipeline:/home/wjrgfdy/rm_ws/install/stereo_image_proc:/home/wjrgfdy/rm_ws/install/image_proc:/home/wjrgfdy/rm_ws/install/tracetools_image_pipeline:/home/wjrgfdy/rm_ws/install/rm_vision_bringup:/home/wjrgfdy/rm_ws/install/rm_serial_driver:/home/wjrgfdy/rm_ws/install/rm_gimbal_description:/home/wjrgfdy/rm_ws/install/rm_auto_aim:/home/wjrgfdy/rm_ws/install/mindvision_camera:/home/wjrgfdy/rm_ws/install/image_view:/home/wjrgfdy/rm_ws/install/image_rotate:/home/wjrgfdy/rm_ws/install/image_publisher:/home/wjrgfdy/rm_ws/install/hik_camera:/home/wjrgfdy/rm_ws/install/depth_image_proc:/home/wjrgfdy/rm_ws/install/armor_tracker:/home/wjrgfdy/rm_ws/install/armor_detector:/home/wjrgfdy/rm_ws/install/camera_calibration:/opt/ros/humble LD_LIBRARY_PATH=/home/wjrgfdy/rm_ws/install/auto_aim_interfaces/lib:/home/wjrgfdy/rm_ws/install/stereo_image_proc/lib:/home/wjrgfdy/rm_ws/install/image_proc/lib:/home/wjrgfdy/rm_ws/install/tracetools_image_pipeline/lib:/home/wjrgfdy/rm_ws/install/rm_serial_driver/lib:/home/wjrgfdy/rm_ws/install/mindvision_camera/lib:/home/wjrgfdy/rm_ws/install/image_view/lib:/home/wjrgfdy/rm_ws/install/image_rotate/lib:/home/wjrgfdy/rm_ws/install/image_publisher/lib:/home/wjrgfdy/rm_ws/install/hik_camera/lib:/home/wjrgfdy/rm_ws/install/depth_image_proc/lib:/home/wjrgfdy/rm_ws/install/armor_tracker/lib:/home/wjrgfdy/rm_ws/install/armor_detector/lib:/opt/ros/humble/opt/rviz_ogre_vendor/lib:/opt/ros/humble/lib/x86_64-linux-gnu:/opt/ros/humble/lib:/opt/MVS/lib/64:/opt/MVS/lib/32:/opt/MVS/lib/64:/opt/MVS/lib/32:/opt/MVS/lib/64:/opt/MVS/lib/32 PYTHONPATH=/home/wjrgfdy/rm_ws/install/auto_aim_interfaces/local/lib/python3.10/dist-packages:${PYTHONPATH} _=/usr/bin/env /usr/local/bin/cmake --build /home/wjrgfdy/rm_ws/build/armor_tracker -- -j12 -l12
[35.107s] Invoking command in '/home/wjrgfdy/rm_ws/build/armor_tracker': AMENT_PREFIX_PATH=/home/wjrgfdy/rm_ws/install/auto_aim_interfaces:${AMENT_PREFIX_PATH} CMAKE_PREFIX_PATH=/home/wjrgfdy/rm_ws/install/auto_aim_interfaces:/home/wjrgfdy/rm_ws/install/image_pipeline:/home/wjrgfdy/rm_ws/install/stereo_image_proc:/home/wjrgfdy/rm_ws/install/image_proc:/home/wjrgfdy/rm_ws/install/tracetools_image_pipeline:/home/wjrgfdy/rm_ws/install/rm_vision_bringup:/home/wjrgfdy/rm_ws/install/rm_serial_driver:/home/wjrgfdy/rm_ws/install/rm_gimbal_description:/home/wjrgfdy/rm_ws/install/rm_auto_aim:/home/wjrgfdy/rm_ws/install/mindvision_camera:/home/wjrgfdy/rm_ws/install/image_view:/home/wjrgfdy/rm_ws/install/image_rotate:/home/wjrgfdy/rm_ws/install/image_publisher:/home/wjrgfdy/rm_ws/install/hik_camera:/home/wjrgfdy/rm_ws/install/depth_image_proc:/home/wjrgfdy/rm_ws/install/armor_tracker:/home/wjrgfdy/rm_ws/install/armor_detector:/home/wjrgfdy/rm_ws/install/camera_calibration:/opt/ros/humble LD_LIBRARY_PATH=/home/wjrgfdy/rm_ws/install/auto_aim_interfaces/lib:/home/wjrgfdy/rm_ws/install/stereo_image_proc/lib:/home/wjrgfdy/rm_ws/install/image_proc/lib:/home/wjrgfdy/rm_ws/install/tracetools_image_pipeline/lib:/home/wjrgfdy/rm_ws/install/rm_serial_driver/lib:/home/wjrgfdy/rm_ws/install/mindvision_camera/lib:/home/wjrgfdy/rm_ws/install/image_view/lib:/home/wjrgfdy/rm_ws/install/image_rotate/lib:/home/wjrgfdy/rm_ws/install/image_publisher/lib:/home/wjrgfdy/rm_ws/install/hik_camera/lib:/home/wjrgfdy/rm_ws/install/depth_image_proc/lib:/home/wjrgfdy/rm_ws/install/armor_tracker/lib:/home/wjrgfdy/rm_ws/install/armor_detector/lib:/opt/ros/humble/opt/rviz_ogre_vendor/lib:/opt/ros/humble/lib/x86_64-linux-gnu:/opt/ros/humble/lib:/opt/MVS/lib/64:/opt/MVS/lib/32:/opt/MVS/lib/64:/opt/MVS/lib/32:/opt/MVS/lib/64:/opt/MVS/lib/32 PYTHONPATH=/home/wjrgfdy/rm_ws/install/auto_aim_interfaces/local/lib/python3.10/dist-packages:${PYTHONPATH} _=/usr/bin/env /usr/local/bin/cmake --install /home/wjrgfdy/rm_ws/build/armor_tracker
[35.112s] -- Install configuration: ""
[35.112s] -- Up-to-date: /home/wjrgfdy/rm_ws/install/armor_tracker/include
[35.112s] -- Up-to-date: /home/wjrgfdy/rm_ws/install/armor_tracker/include/armor_tracker
[35.112s] -- Installing: /home/wjrgfdy/rm_ws/install/armor_tracker/share/armor_tracker/package.dsv
[35.115s] Invoked command in '/home/wjrgfdy/rm_ws/build/armor_tracker' returned '0': AMENT_PREFIX_PATH=/home/wjrgfdy/rm_ws/install/auto_aim_interfaces:${AMENT_PREFIX_PATH} CMAKE_PREFIX_PATH=/home/wjrgfdy/rm_ws/install/auto_aim_interfaces:/home/wjrgfdy/rm_ws/install/image_pipeline:/home/wjrgfdy/rm_ws/install/stereo_image_proc:/home/wjrgfdy/rm_ws/install/image_proc:/home/wjrgfdy/rm_ws/install/tracetools_image_pipeline:/home/wjrgfdy/rm_ws/install/rm_vision_bringup:/home/wjrgfdy/rm_ws/install/rm_serial_driver:/home/wjrgfdy/rm_ws/install/rm_gimbal_description:/home/wjrgfdy/rm_ws/install/rm_auto_aim:/home/wjrgfdy/rm_ws/install/mindvision_camera:/home/wjrgfdy/rm_ws/install/image_view:/home/wjrgfdy/rm_ws/install/image_rotate:/home/wjrgfdy/rm_ws/install/image_publisher:/home/wjrgfdy/rm_ws/install/hik_camera:/home/wjrgfdy/rm_ws/install/depth_image_proc:/home/wjrgfdy/rm_ws/install/armor_tracker:/home/wjrgfdy/rm_ws/install/armor_detector:/home/wjrgfdy/rm_ws/install/camera_calibration:/opt/ros/humble LD_LIBRARY_PATH=/home/wjrgfdy/rm_ws/install/auto_aim_interfaces/lib:/home/wjrgfdy/rm_ws/install/stereo_image_proc/lib:/home/wjrgfdy/rm_ws/install/image_proc/lib:/home/wjrgfdy/rm_ws/install/tracetools_image_pipeline/lib:/home/wjrgfdy/rm_ws/install/rm_serial_driver/lib:/home/wjrgfdy/rm_ws/install/mindvision_camera/lib:/home/wjrgfdy/rm_ws/install/image_view/lib:/home/wjrgfdy/rm_ws/install/image_rotate/lib:/home/wjrgfdy/rm_ws/install/image_publisher/lib:/home/wjrgfdy/rm_ws/install/hik_camera/lib:/home/wjrgfdy/rm_ws/install/depth_image_proc/lib:/home/wjrgfdy/rm_ws/install/armor_tracker/lib:/home/wjrgfdy/rm_ws/install/armor_detector/lib:/opt/ros/humble/opt/rviz_ogre_vendor/lib:/opt/ros/humble/lib/x86_64-linux-gnu:/opt/ros/humble/lib:/opt/MVS/lib/64:/opt/MVS/lib/32:/opt/MVS/lib/64:/opt/MVS/lib/32:/opt/MVS/lib/64:/opt/MVS/lib/32 PYTHONPATH=/home/wjrgfdy/rm_ws/install/auto_aim_interfaces/local/lib/python3.10/dist-packages:${PYTHONPATH} _=/usr/bin/env /usr/local/bin/cmake --install /home/wjrgfdy/rm_ws/build/armor_tracker
