-- The C compiler identification is GNU 12.3.0
-- The CXX compiler identification is GNU 12.3.0
-- Detecting C compiler ABI info
-- Detecting C compiler ABI info - done
-- Check for working C compiler: /usr/bin/cc - skipped
-- Detecting C compile features
-- Detecting C compile features - done
-- Detecting CXX compiler ABI info
-- Detecting CXX compiler ABI info - done
-- Check for working CXX compiler: /usr/bin/c++ - skipped
-- Detecting CXX compile features
-- Detecting CXX compile features - done
-- Found ament_cmake_auto: 1.3.6 (/opt/ros/humble/share/ament_cmake_auto/cmake)
-- Found Python3: /usr/bin/python3.10 (found version "3.10.12") found components: Interpreter 
-- Found rosidl_generator_c: 3.1.5 (/opt/ros/humble/share/rosidl_generator_c/cmake)
-- Found rosidl_adapter: 3.1.5 (/opt/ros/humble/share/rosidl_adapter/cmake)
-- Found rosidl_generator_cpp: 3.1.5 (/opt/ros/humble/share/rosidl_generator_cpp/cmake)
-- Using all available rosidl_typesupport_c: rosidl_typesupport_fastrtps_c;rosidl_typesupport_introspection_c
-- Using all available rosidl_typesupport_cpp: rosidl_typesupport_fastrtps_cpp;rosidl_typesupport_introspection_cpp
-- Found rmw_implementation_cmake: 6.1.1 (/opt/ros/humble/share/rmw_implementation_cmake/cmake)
-- Found rmw_fastrtps_cpp: 6.2.5 (/opt/ros/humble/share/rmw_fastrtps_cpp/cmake)
-- Found OpenSSL: /usr/lib/x86_64-linux-gnu/libcrypto.so (found version "3.0.2")  
-- Found FastRTPS: /opt/ros/humble/include  
-- Using RMW implementation 'rmw_fastrtps_cpp' as default
-- Performing Test CMAKE_HAVE_LIBC_PTHREAD
-- Performing Test CMAKE_HAVE_LIBC_PTHREAD - Success
-- Found Threads: TRUE  
-- Found Boost: /usr/lib/x86_64-linux-gnu/cmake/Boost-1.74.0/BoostConfig.cmake (found version "1.74.0")  
-- Found OpenCV: /usr/local (found version "4.9.0") 
-- Found ament_lint_auto: 0.12.9 (/opt/ros/humble/share/ament_lint_auto/cmake)
-- Added test 'copyright' to check source files copyright and LICENSE
-- Added test 'cppcheck' to perform static code analysis on C / C++ code
-- Configured cppcheck include dirs: /home/wjrgfdy/rm_ws/src/image_pipeline/image_view/include
-- Configured cppcheck exclude dirs and/or files: 
-- Added test 'cpplint' to check C / C++ code against the Google style
-- Configured cpplint exclude dirs and/or files: 
-- Added test 'lint_cmake' to check CMake code style
-- Added test 'uncrustify' to check C / C++ code style
-- Configured uncrustify additional arguments: 
-- Added test 'xmllint' to check XML markup files
-- Configuring done (2.1s)
-- Generating done (0.0s)
-- Build files have been written to: /home/wjrgfdy/rm_ws/build/image_view
[ 15%] [32mBuilding CXX object CMakeFiles/image_view_nodes.dir/src/image_view_node.cpp.o[0m
[ 15%] [32mBuilding CXX object CMakeFiles/image_view_nodes.dir/src/extract_images_node.cpp.o[0m
[ 15%] [32mBuilding CXX object CMakeFiles/image_view_nodes.dir/src/disparity_view_node.cpp.o[0m
[ 21%] [32mBuilding CXX object CMakeFiles/image_view_nodes.dir/src/image_saver_node.cpp.o[0m
[ 26%] [32mBuilding CXX object CMakeFiles/image_view_nodes.dir/src/stereo_view_node.cpp.o[0m
[ 31%] [32mBuilding CXX object CMakeFiles/image_view_nodes.dir/src/video_recorder_node.cpp.o[0m
[ 36%] [32m[1mLinking CXX shared library libimage_view_nodes.so[0m
[ 36%] Built target image_view_nodes
[ 42%] [32mBuilding CXX object CMakeFiles/disparity_view.dir/src/disparity_view.cpp.o[0m
[ 47%] [32m[1mLinking CXX executable disparity_view[0m
[ 47%] Built target disparity_view
[ 57%] [32mBuilding CXX object CMakeFiles/image_saver.dir/src/image_saver.cpp.o[0m
[ 57%] [32mBuilding CXX object CMakeFiles/video_recorder.dir/src/video_recorder.cpp.o[0m
[ 63%] [32m[1mLinking CXX executable video_recorder[0m
[ 68%] [32m[1mLinking CXX executable image_saver[0m
[ 68%] Built target video_recorder
[ 73%] [32mBuilding CXX object CMakeFiles/extract_images.dir/src/extract_images.cpp.o[0m
[ 84%] [32mBuilding CXX object CMakeFiles/stereo_view.dir/src/stereo_view.cpp.o[0m
[ 84%] [32mBuilding CXX object CMakeFiles/image_view.dir/src/image_view.cpp.o[0m
[ 84%] Built target image_saver
[ 89%] [32m[1mLinking CXX executable extract_images[0m
[ 89%] Built target extract_images
[ 94%] [32m[1mLinking CXX executable stereo_view[0m
[ 94%] Built target stereo_view
[100%] [32m[1mLinking CXX executable image_view[0m
[100%] Built target image_view
-- Install configuration: ""
-- Up-to-date: /home/wjrgfdy/rm_ws/install/image_view/include
-- Up-to-date: /home/wjrgfdy/rm_ws/install/image_view/include/image_view
-- Installing: /home/wjrgfdy/rm_ws/install/image_view/share/image_view/package.dsv
