[0.268s] Invoking command in '/home/wjrgfdy/rm_ws/build/image_view': CMAKE_PREFIX_PATH=${CMAKE_PREFIX_PATH}:/home/wjrgfdy/rm_ws/install/camera_calibration:/opt/ros/humble _=/usr/bin/env /usr/local/bin/cmake /home/wjrgfdy/rm_ws/src/image_pipeline/image_view -DCMAKE_INSTALL_PREFIX=/home/wjrgfdy/rm_ws/install/image_view
[0.309s] -- The C compiler identification is GNU 12.3.0
[0.381s] -- The CXX compiler identification is GNU 12.3.0
[0.403s] -- Detecting C compiler ABI info
[0.470s] -- Detecting C compiler ABI info - done
[0.477s] -- Check for working C compiler: /usr/bin/cc - skipped
[0.477s] -- Detecting C compile features
[0.478s] -- Detecting C compile features - done
[0.484s] -- Detecting CXX compiler ABI info
[0.548s] -- Detecting CXX compiler ABI info - done
[0.562s] -- Check for working CXX compiler: /usr/bin/c++ - skipped
[0.562s] -- Detecting CXX compile features
[0.562s] -- Detecting CXX compile features - done
[0.567s] -- Found ament_cmake_auto: 1.3.6 (/opt/ros/humble/share/ament_cmake_auto/cmake)
[0.905s] -- Found Python3: /usr/bin/python3.10 (found version "3.10.12") found components: Interpreter 
[1.172s] -- Found rosidl_generator_c: 3.1.5 (/opt/ros/humble/share/rosidl_generator_c/cmake)
[1.180s] -- Found rosidl_adapter: 3.1.5 (/opt/ros/humble/share/rosidl_adapter/cmake)
[1.193s] -- Found rosidl_generator_cpp: 3.1.5 (/opt/ros/humble/share/rosidl_generator_cpp/cmake)
[1.214s] -- Using all available rosidl_typesupport_c: rosidl_typesupport_fastrtps_c;rosidl_typesupport_introspection_c
[1.244s] -- Using all available rosidl_typesupport_cpp: rosidl_typesupport_fastrtps_cpp;rosidl_typesupport_introspection_cpp
[1.352s] -- Found rmw_implementation_cmake: 6.1.1 (/opt/ros/humble/share/rmw_implementation_cmake/cmake)
[1.357s] -- Found rmw_fastrtps_cpp: 6.2.5 (/opt/ros/humble/share/rmw_fastrtps_cpp/cmake)
[1.481s] -- Found OpenSSL: /usr/lib/x86_64-linux-gnu/libcrypto.so (found version "3.0.2")  
[1.520s] -- Found FastRTPS: /opt/ros/humble/include  
[1.580s] -- Using RMW implementation 'rmw_fastrtps_cpp' as default
[1.595s] -- Performing Test CMAKE_HAVE_LIBC_PTHREAD
[1.661s] -- Performing Test CMAKE_HAVE_LIBC_PTHREAD - Success
[1.662s] -- Found Threads: TRUE  
[2.256s] -- Found Boost: /usr/lib/x86_64-linux-gnu/cmake/Boost-1.74.0/BoostConfig.cmake (found version "1.74.0")  
[2.261s] -- Found OpenCV: /usr/local (found version "4.9.0") 
[2.285s] -- Found ament_lint_auto: 0.12.9 (/opt/ros/humble/share/ament_lint_auto/cmake)
[2.321s] -- Added test 'copyright' to check source files copyright and LICENSE
[2.323s] -- Added test 'cppcheck' to perform static code analysis on C / C++ code
[2.324s] -- Configured cppcheck include dirs: /home/wjrgfdy/rm_ws/src/image_pipeline/image_view/include
[2.324s] -- Configured cppcheck exclude dirs and/or files: 
[2.326s] -- Added test 'cpplint' to check C / C++ code against the Google style
[2.326s] -- Configured cpplint exclude dirs and/or files: 
[2.327s] -- Added test 'lint_cmake' to check CMake code style
[2.329s] -- Added test 'uncrustify' to check C / C++ code style
[2.329s] -- Configured uncrustify additional arguments: 
[2.330s] -- Added test 'xmllint' to check XML markup files
[2.334s] -- Configuring done (2.1s)
[2.388s] -- Generating done (0.0s)
[2.391s] -- Build files have been written to: /home/wjrgfdy/rm_ws/build/image_view
[2.401s] Invoked command in '/home/wjrgfdy/rm_ws/build/image_view' returned '0': CMAKE_PREFIX_PATH=${CMAKE_PREFIX_PATH}:/home/wjrgfdy/rm_ws/install/camera_calibration:/opt/ros/humble _=/usr/bin/env /usr/local/bin/cmake /home/wjrgfdy/rm_ws/src/image_pipeline/image_view -DCMAKE_INSTALL_PREFIX=/home/wjrgfdy/rm_ws/install/image_view
[2.403s] Invoking command in '/home/wjrgfdy/rm_ws/build/image_view': CMAKE_PREFIX_PATH=${CMAKE_PREFIX_PATH}:/home/wjrgfdy/rm_ws/install/camera_calibration:/opt/ros/humble _=/usr/bin/env /usr/local/bin/cmake --build /home/wjrgfdy/rm_ws/build/image_view -- -j12 -l12
[2.437s] [ 15%] [32mBuilding CXX object CMakeFiles/image_view_nodes.dir/src/image_view_node.cpp.o[0m
[2.437s] [ 15%] [32mBuilding CXX object CMakeFiles/image_view_nodes.dir/src/extract_images_node.cpp.o[0m
[2.438s] [ 15%] [32mBuilding CXX object CMakeFiles/image_view_nodes.dir/src/disparity_view_node.cpp.o[0m
[2.440s] [ 21%] [32mBuilding CXX object CMakeFiles/image_view_nodes.dir/src/image_saver_node.cpp.o[0m
[2.443s] [ 26%] [32mBuilding CXX object CMakeFiles/image_view_nodes.dir/src/stereo_view_node.cpp.o[0m
[2.448s] [ 31%] [32mBuilding CXX object CMakeFiles/image_view_nodes.dir/src/video_recorder_node.cpp.o[0m
[39.579s] [ 36%] [32m[1mLinking CXX shared library libimage_view_nodes.so[0m
[42.402s] [ 36%] Built target image_view_nodes
[42.424s] [ 42%] [32mBuilding CXX object CMakeFiles/disparity_view.dir/src/disparity_view.cpp.o[0m
[48.157s] [ 47%] [32m[1mLinking CXX executable disparity_view[0m
[49.419s] [ 47%] Built target disparity_view
[49.436s] [ 57%] [32mBuilding CXX object CMakeFiles/image_saver.dir/src/image_saver.cpp.o[0m
[49.436s] [ 57%] [32mBuilding CXX object CMakeFiles/video_recorder.dir/src/video_recorder.cpp.o[0m
[54.110s] [ 63%] [32m[1mLinking CXX executable video_recorder[0m
[54.321s] [ 68%] [32m[1mLinking CXX executable image_saver[0m
[54.948s] [ 68%] Built target video_recorder
[54.958s] [ 73%] [32mBuilding CXX object CMakeFiles/extract_images.dir/src/extract_images.cpp.o[0m
[54.963s] [ 84%] [32mBuilding CXX object CMakeFiles/stereo_view.dir/src/stereo_view.cpp.o[0m
[54.963s] [ 84%] [32mBuilding CXX object CMakeFiles/image_view.dir/src/image_view.cpp.o[0m
[55.456s] [ 84%] Built target image_saver
[57.376s] [ 89%] [32m[1mLinking CXX executable extract_images[0m
[58.073s] [ 89%] Built target extract_images
[58.620s] [ 94%] [32m[1mLinking CXX executable stereo_view[0m
[59.639s] [ 94%] Built target stereo_view
[60.088s] [100%] [32m[1mLinking CXX executable image_view[0m
[61.484s] [100%] Built target image_view
[61.492s] Invoked command in '/home/wjrgfdy/rm_ws/build/image_view' returned '0': CMAKE_PREFIX_PATH=${CMAKE_PREFIX_PATH}:/home/wjrgfdy/rm_ws/install/camera_calibration:/opt/ros/humble _=/usr/bin/env /usr/local/bin/cmake --build /home/wjrgfdy/rm_ws/build/image_view -- -j12 -l12
[61.599s] Invoking command in '/home/wjrgfdy/rm_ws/build/image_view': CMAKE_PREFIX_PATH=${CMAKE_PREFIX_PATH}:/home/wjrgfdy/rm_ws/install/camera_calibration:/opt/ros/humble _=/usr/bin/env /usr/local/bin/cmake --install /home/wjrgfdy/rm_ws/build/image_view
[61.603s] -- Install configuration: ""
[61.603s] -- Up-to-date: /home/wjrgfdy/rm_ws/install/image_view/include
[61.603s] -- Up-to-date: /home/wjrgfdy/rm_ws/install/image_view/include/image_view
[61.604s] -- Installing: /home/wjrgfdy/rm_ws/install/image_view/share/image_view/package.dsv
[61.606s] Invoked command in '/home/wjrgfdy/rm_ws/build/image_view' returned '0': CMAKE_PREFIX_PATH=${CMAKE_PREFIX_PATH}:/home/wjrgfdy/rm_ws/install/camera_calibration:/opt/ros/humble _=/usr/bin/env /usr/local/bin/cmake --install /home/wjrgfdy/rm_ws/build/image_view
