[0.922s] Invoking command in '/home/wjrgfdy/rm_ws/build/camera_calibration': PYTHONPATH=/home/wjrgfdy/rm_ws/build/camera_calibration/prefix_override:/home/wjrgfdy/rm_ws/install/camera_calibration/lib/python3.10/site-packages:${PYTHONPATH} _=/usr/bin/env /usr/bin/python3 setup.py develop --editable --build-directory /home/wjrgfdy/rm_ws/build/camera_calibration/build --no-deps install_data
[1.228s] running develop
[1.233s] /usr/lib/python3/dist-packages/setuptools/command/easy_install.py:158: EasyInstallDeprecationWarning: easy_install command is deprecated. Use build and pip and other standards-based tools.
[1.233s]   warnings.warn(
[1.234s] /usr/lib/python3/dist-packages/setuptools/command/install.py:34: SetuptoolsDeprecationWarning: setup.py install is deprecated. Use build and pip and other standards-based tools.
[1.234s]   warnings.warn(
[1.322s] running egg_info
[1.322s] creating src/camera_calibration.egg-info
[1.322s] writing src/camera_calibration.egg-info/PKG-INFO
[1.323s] writing dependency_links to src/camera_calibration.egg-info/dependency_links.txt
[1.323s] writing entry points to src/camera_calibration.egg-info/entry_points.txt
[1.323s] writing requirements to src/camera_calibration.egg-info/requires.txt
[1.323s] writing top-level names to src/camera_calibration.egg-info/top_level.txt
[1.324s] writing manifest file 'src/camera_calibration.egg-info/SOURCES.txt'
[1.324s] reading manifest file 'src/camera_calibration.egg-info/SOURCES.txt'
[1.324s] writing manifest file 'src/camera_calibration.egg-info/SOURCES.txt'
[1.325s] running build_ext
[1.325s] Creating /home/wjrgfdy/rm_ws/install/camera_calibration/lib/python3.10/site-packages/camera-calibration.egg-link (link to src)
[1.326s] Installing cameracalibrator script to /home/wjrgfdy/rm_ws/install/camera_calibration/lib/camera_calibration
[1.326s] Installing cameracheck script to /home/wjrgfdy/rm_ws/install/camera_calibration/lib/camera_calibration
[1.326s] 
[1.326s] Installed /home/wjrgfdy/rm_ws/build/camera_calibration/src
[1.326s] running install_data
[1.326s] creating /home/wjrgfdy/rm_ws/install/camera_calibration/share/ament_index
[1.327s] creating /home/wjrgfdy/rm_ws/install/camera_calibration/share/ament_index/resource_index
[1.327s] creating /home/wjrgfdy/rm_ws/install/camera_calibration/share/ament_index/resource_index/packages
[1.327s] copying resource/camera_calibration -> /home/wjrgfdy/rm_ws/install/camera_calibration/share/ament_index/resource_index/packages
[1.328s] copying package.xml -> /home/wjrgfdy/rm_ws/install/camera_calibration/share/camera_calibration
[1.463s] Invoked command in '/home/wjrgfdy/rm_ws/build/camera_calibration' returned '0': PYTHONPATH=/home/wjrgfdy/rm_ws/build/camera_calibration/prefix_override:/home/wjrgfdy/rm_ws/install/camera_calibration/lib/python3.10/site-packages:${PYTHONPATH} _=/usr/bin/env /usr/bin/python3 setup.py develop --editable --build-directory /home/wjrgfdy/rm_ws/build/camera_calibration/build --no-deps install_data
