[0.762s] Invoking command in '/home/wjrgfdy/rm_ws/build/camera_calibration': PYTHONPATH=/home/wjrgfdy/rm_ws/build/camera_calibration/prefix_override:/home/wjrgfdy/rm_ws/install/camera_calibration/lib/python3.10/site-packages:${PYTHONPATH} _=/usr/bin/env /usr/bin/python3 setup.py develop --editable --build-directory /home/wjrgfdy/rm_ws/build/camera_calibration/build --no-deps install_data
[0.941s] running develop
[0.941s] /usr/lib/python3/dist-packages/setuptools/command/easy_install.py:158: EasyInstallDeprecationWarning: easy_install command is deprecated. Use build and pip and other standards-based tools.
[0.941s]   warnings.warn(
[0.942s] /usr/lib/python3/dist-packages/setuptools/command/install.py:34: SetuptoolsDeprecationWarning: setup.py install is deprecated. Use build and pip and other standards-based tools.
[0.942s]   warnings.warn(
[1.048s] running egg_info
[1.049s] writing src/camera_calibration.egg-info/PKG-INFO
[1.049s] writing dependency_links to src/camera_calibration.egg-info/dependency_links.txt
[1.049s] writing entry points to src/camera_calibration.egg-info/entry_points.txt
[1.049s] writing requirements to src/camera_calibration.egg-info/requires.txt
[1.049s] writing top-level names to src/camera_calibration.egg-info/top_level.txt
[1.050s] reading manifest file 'src/camera_calibration.egg-info/SOURCES.txt'
[1.050s] writing manifest file 'src/camera_calibration.egg-info/SOURCES.txt'
[1.051s] running build_ext
[1.051s] Creating /home/wjrgfdy/rm_ws/install/camera_calibration/lib/python3.10/site-packages/camera-calibration.egg-link (link to src)
[1.052s] Installing cameracalibrator script to /home/wjrgfdy/rm_ws/install/camera_calibration/lib/camera_calibration
[1.052s] Installing cameracheck script to /home/wjrgfdy/rm_ws/install/camera_calibration/lib/camera_calibration
[1.052s] 
[1.054s] Installed /home/wjrgfdy/rm_ws/build/camera_calibration/src
[1.054s] running install_data
[1.247s] Invoked command in '/home/wjrgfdy/rm_ws/build/camera_calibration' returned '0': PYTHONPATH=/home/wjrgfdy/rm_ws/build/camera_calibration/prefix_override:/home/wjrgfdy/rm_ws/install/camera_calibration/lib/python3.10/site-packages:${PYTHONPATH} _=/usr/bin/env /usr/bin/python3 setup.py develop --editable --build-directory /home/wjrgfdy/rm_ws/build/camera_calibration/build --no-deps install_data
