[0.253s] Invoking command in '/home/wjrgfdy/rm_ws/build/image_view': CMAKE_PREFIX_PATH=${CMAKE_PREFIX_PATH}:/home/wjrgfdy/rm_ws/install/camera_calibration:/opt/ros/humble _=/usr/bin/env /usr/local/bin/cmake /home/wjrgfdy/rm_ws/src/image_pipeline/image_view -DCMAKE_INSTALL_PREFIX=/home/wjrgfdy/rm_ws/install/image_view
[0.306s] -- The C compiler identification is GNU 12.3.0
[0.376s] -- The CXX compiler identification is GNU 12.3.0
[0.398s] -- Detecting C compiler ABI info
[0.473s] -- Detecting C compiler ABI info - done
[0.486s] -- Check for working C compiler: /usr/bin/cc - skipped
[0.486s] -- Detecting C compile features
[0.486s] -- Detecting C compile features - done
[0.497s] -- Detecting CXX compiler ABI info
[0.581s] -- Detecting CXX compiler ABI info - done
[0.590s] -- Check for working CXX compiler: /usr/bin/c++ - skipped
[0.590s] -- Detecting CXX compile features
[0.591s] -- Detecting CXX compile features - done
[0.594s] -- Found ament_cmake_auto: 1.3.6 (/opt/ros/humble/share/ament_cmake_auto/cmake)
[0.961s] -- Found Python3: /usr/bin/python3.10 (found version "3.10.12") found components: Interpreter 
[1.203s] -- Found rosidl_generator_c: 3.1.5 (/opt/ros/humble/share/rosidl_generator_c/cmake)
[1.211s] -- Found rosidl_adapter: 3.1.5 (/opt/ros/humble/share/rosidl_adapter/cmake)
[1.226s] -- Found rosidl_generator_cpp: 3.1.5 (/opt/ros/humble/share/rosidl_generator_cpp/cmake)
[1.247s] -- Using all available rosidl_typesupport_c: rosidl_typesupport_fastrtps_c;rosidl_typesupport_introspection_c
[1.277s] -- Using all available rosidl_typesupport_cpp: rosidl_typesupport_fastrtps_cpp;rosidl_typesupport_introspection_cpp
[1.384s] -- Found rmw_implementation_cmake: 6.1.1 (/opt/ros/humble/share/rmw_implementation_cmake/cmake)
[1.389s] -- Found rmw_fastrtps_cpp: 6.2.5 (/opt/ros/humble/share/rmw_fastrtps_cpp/cmake)
[1.509s] -- Found OpenSSL: /usr/lib/x86_64-linux-gnu/libcrypto.so (found version "3.0.2")  
[1.549s] -- Found FastRTPS: /opt/ros/humble/include  
[1.611s] -- Using RMW implementation 'rmw_fastrtps_cpp' as default
[1.625s] -- Performing Test CMAKE_HAVE_LIBC_PTHREAD
[1.701s] -- Performing Test CMAKE_HAVE_LIBC_PTHREAD - Success
[1.703s] -- Found Threads: TRUE  
[2.477s] -- Found Boost: /usr/lib/x86_64-linux-gnu/cmake/Boost-1.74.0/BoostConfig.cmake (found version "1.74.0")  
[2.480s] -- Found OpenCV: /usr/local (found version "4.9.0") 
[2.506s] -- Found ament_lint_auto: 0.12.9 (/opt/ros/humble/share/ament_lint_auto/cmake)
[2.541s] -- Added test 'copyright' to check source files copyright and LICENSE
[2.543s] -- Added test 'cppcheck' to perform static code analysis on C / C++ code
[2.544s] -- Configured cppcheck include dirs: /home/wjrgfdy/rm_ws/src/image_pipeline/image_view/include
[2.545s] -- Configured cppcheck exclude dirs and/or files: 
[2.547s] -- Added test 'cpplint' to check C / C++ code against the Google style
[2.547s] -- Configured cpplint exclude dirs and/or files: 
[2.549s] -- Added test 'lint_cmake' to check CMake code style
[2.551s] -- Added test 'uncrustify' to check C / C++ code style
[2.551s] -- Configured uncrustify additional arguments: 
[2.553s] -- Added test 'xmllint' to check XML markup files
[2.557s] -- Configuring done (2.3s)
[2.615s] -- Generating done (0.0s)
[2.618s] -- Build files have been written to: /home/wjrgfdy/rm_ws/build/image_view
[2.633s] Invoked command in '/home/wjrgfdy/rm_ws/build/image_view' returned '0': CMAKE_PREFIX_PATH=${CMAKE_PREFIX_PATH}:/home/wjrgfdy/rm_ws/install/camera_calibration:/opt/ros/humble _=/usr/bin/env /usr/local/bin/cmake /home/wjrgfdy/rm_ws/src/image_pipeline/image_view -DCMAKE_INSTALL_PREFIX=/home/wjrgfdy/rm_ws/install/image_view
[2.633s] Invoking command in '/home/wjrgfdy/rm_ws/build/image_view': CMAKE_PREFIX_PATH=${CMAKE_PREFIX_PATH}:/home/wjrgfdy/rm_ws/install/camera_calibration:/opt/ros/humble _=/usr/bin/env /usr/local/bin/cmake --build /home/wjrgfdy/rm_ws/build/image_view -- -j12 -l12
[2.824s] [  5%] [32mBuilding CXX object CMakeFiles/image_view_nodes.dir/src/disparity_view_node.cpp.o[0m
[2.828s] [ 10%] [32mBuilding CXX object CMakeFiles/image_view_nodes.dir/src/extract_images_node.cpp.o[0m
[2.839s] [ 15%] [32mBuilding CXX object CMakeFiles/image_view_nodes.dir/src/image_view_node.cpp.o[0m
[2.881s] [ 21%] [32mBuilding CXX object CMakeFiles/image_view_nodes.dir/src/image_saver_node.cpp.o[0m
[2.895s] [ 26%] [32mBuilding CXX object CMakeFiles/image_view_nodes.dir/src/video_recorder_node.cpp.o[0m
[2.898s] [ 31%] [32mBuilding CXX object CMakeFiles/image_view_nodes.dir/src/stereo_view_node.cpp.o[0m
[44.245s] [ 36%] [32m[1mLinking CXX shared library libimage_view_nodes.so[0m
[46.288s] [ 36%] Built target image_view_nodes
[46.307s] [ 42%] [32mBuilding CXX object CMakeFiles/disparity_view.dir/src/disparity_view.cpp.o[0m
[51.008s] [ 47%] [32m[1mLinking CXX executable disparity_view[0m
[52.355s] [ 47%] Built target disparity_view
[52.372s] [ 63%] [32mBuilding CXX object CMakeFiles/image_saver.dir/src/image_saver.cpp.o[0m
[52.372s] [ 63%] [32mBuilding CXX object CMakeFiles/extract_images.dir/src/extract_images.cpp.o[0m
[52.372s] [ 63%] [32mBuilding CXX object CMakeFiles/video_recorder.dir/src/video_recorder.cpp.o[0m
[55.944s] [ 68%] [32m[1mLinking CXX executable image_saver[0m
[56.591s] [ 73%] [32m[1mLinking CXX executable extract_images[0m
[57.069s] [ 73%] Built target image_saver
[57.085s] [ 84%] [32mBuilding CXX object CMakeFiles/image_view.dir/src/image_view.cpp.o[0m
[57.086s] [ 84%] [32mBuilding CXX object CMakeFiles/stereo_view.dir/src/stereo_view.cpp.o[0m
[57.431s] [ 84%] Built target extract_images
[57.495s] [ 89%] [32m[1mLinking CXX executable video_recorder[0m
[58.659s] [ 89%] Built target video_recorder
[60.347s] [ 94%] [32m[1mLinking CXX executable image_view[0m
[60.972s] [ 94%] Built target image_view
[61.320s] [100%] [32m[1mLinking CXX executable stereo_view[0m
[61.896s] [100%] Built target stereo_view
[61.903s] Invoked command in '/home/wjrgfdy/rm_ws/build/image_view' returned '0': CMAKE_PREFIX_PATH=${CMAKE_PREFIX_PATH}:/home/wjrgfdy/rm_ws/install/camera_calibration:/opt/ros/humble _=/usr/bin/env /usr/local/bin/cmake --build /home/wjrgfdy/rm_ws/build/image_view -- -j12 -l12
[61.955s] Invoking command in '/home/wjrgfdy/rm_ws/build/image_view': CMAKE_PREFIX_PATH=${CMAKE_PREFIX_PATH}:/home/wjrgfdy/rm_ws/install/camera_calibration:/opt/ros/humble _=/usr/bin/env /usr/local/bin/cmake --install /home/wjrgfdy/rm_ws/build/image_view
[61.957s] -- Install configuration: ""
[61.957s] -- Up-to-date: /home/wjrgfdy/rm_ws/install/image_view/include
[61.957s] -- Up-to-date: /home/wjrgfdy/rm_ws/install/image_view/include/image_view
[61.958s] -- Installing: /home/wjrgfdy/rm_ws/install/image_view/share/image_view/package.dsv
[61.960s] Invoked command in '/home/wjrgfdy/rm_ws/build/image_view' returned '0': CMAKE_PREFIX_PATH=${CMAKE_PREFIX_PATH}:/home/wjrgfdy/rm_ws/install/camera_calibration:/opt/ros/humble _=/usr/bin/env /usr/local/bin/cmake --install /home/wjrgfdy/rm_ws/build/image_view
