[0.062s] Invoking command in '/home/wjrgfdy/rm_ws/build/mindvision_camera': AMENT_PREFIX_PATH=/home/wjrgfdy/rm_ws/install/camera_calibration:${AMENT_PREFIX_PATH} CMAKE_PREFIX_PATH=${CMAKE_PREFIX_PATH}:/opt/ros/humble PYTHONPATH=/home/wjrgfdy/rm_ws/build/camera_calibration/src:/home/wjrgfdy/rm_ws/install/camera_calibration/lib/python3.10/site-packages:${PYTHONPATH} _=/usr/bin/env /usr/local/bin/cmake --build /home/wjrgfdy/rm_ws/build/mindvision_camera -- -j12 -l12
[0.097s] [ 50%] Built target mindvision_camera
[0.099s] [100%] Built target mindvision_camera_node
[0.114s] Invoked command in '/home/wjrgfdy/rm_ws/build/mindvision_camera' returned '0': AMENT_PREFIX_PATH=/home/wjrgfdy/rm_ws/install/camera_calibration:${AMENT_PREFIX_PATH} CMAKE_PREFIX_PATH=${CMAKE_PREFIX_PATH}:/opt/ros/humble PYTHONPATH=/home/wjrgfdy/rm_ws/build/camera_calibration/src:/home/wjrgfdy/rm_ws/install/camera_calibration/lib/python3.10/site-packages:${PYTHONPATH} _=/usr/bin/env /usr/local/bin/cmake --build /home/wjrgfdy/rm_ws/build/mindvision_camera -- -j12 -l12
[0.207s] Invoking command in '/home/wjrgfdy/rm_ws/build/mindvision_camera': AMENT_PREFIX_PATH=/home/wjrgfdy/rm_ws/install/camera_calibration:${AMENT_PREFIX_PATH} CMAKE_PREFIX_PATH=${CMAKE_PREFIX_PATH}:/opt/ros/humble PYTHONPATH=/home/wjrgfdy/rm_ws/build/camera_calibration/src:/home/wjrgfdy/rm_ws/install/camera_calibration/lib/python3.10/site-packages:${PYTHONPATH} _=/usr/bin/env /usr/local/bin/cmake --install /home/wjrgfdy/rm_ws/build/mindvision_camera
[0.297s] -- Install configuration: ""
[0.298s] -- Execute custom install script
[0.298s] -- Up-to-date symlink: /home/wjrgfdy/rm_ws/install/mindvision_camera/lib/mindvision_camera/mindvision_camera_node
[0.298s] -- Up-to-date symlink: /home/wjrgfdy/rm_ws/install/mindvision_camera/share/mindvision_camera/environment/library_path.sh
[0.298s] -- Up-to-date symlink: /home/wjrgfdy/rm_ws/install/mindvision_camera/share/mindvision_camera/environment/library_path.dsv
[0.298s] -- Up-to-date symlink: /home/wjrgfdy/rm_ws/install/mindvision_camera/lib/libmindvision_camera.so
[0.299s] -- Up-to-date symlink: /home/wjrgfdy/rm_ws/install/mindvision_camera/share/mindvision_camera/config/camera_info.yaml
[0.299s] -- Up-to-date symlink: /home/wjrgfdy/rm_ws/install/mindvision_camera/share/mindvision_camera/config/camera_params.yaml
[0.299s] -- Up-to-date symlink: /home/wjrgfdy/rm_ws/install/mindvision_camera/share/mindvision_camera/launch/mv_launch.py
[0.299s] -- Up-to-date symlink: /home/wjrgfdy/rm_ws/install/mindvision_camera/share/ament_index/resource_index/package_run_dependencies/mindvision_camera
[0.300s] -- Up-to-date symlink: /home/wjrgfdy/rm_ws/install/mindvision_camera/share/ament_index/resource_index/parent_prefix_path/mindvision_camera
[0.300s] -- Up-to-date symlink: /home/wjrgfdy/rm_ws/install/mindvision_camera/share/mindvision_camera/environment/ament_prefix_path.sh
[0.300s] -- Up-to-date symlink: /home/wjrgfdy/rm_ws/install/mindvision_camera/share/mindvision_camera/environment/ament_prefix_path.dsv
[0.300s] -- Up-to-date symlink: /home/wjrgfdy/rm_ws/install/mindvision_camera/share/mindvision_camera/environment/path.sh
[0.300s] -- Up-to-date symlink: /home/wjrgfdy/rm_ws/install/mindvision_camera/share/mindvision_camera/environment/path.dsv
[0.301s] -- Up-to-date symlink: /home/wjrgfdy/rm_ws/install/mindvision_camera/share/mindvision_camera/local_setup.bash
[0.301s] -- Up-to-date symlink: /home/wjrgfdy/rm_ws/install/mindvision_camera/share/mindvision_camera/local_setup.sh
[0.301s] -- Up-to-date symlink: /home/wjrgfdy/rm_ws/install/mindvision_camera/share/mindvision_camera/local_setup.zsh
[0.301s] -- Up-to-date symlink: /home/wjrgfdy/rm_ws/install/mindvision_camera/share/mindvision_camera/local_setup.dsv
[0.301s] -- Symlinking: /home/wjrgfdy/rm_ws/install/mindvision_camera/share/mindvision_camera/package.dsv
[0.301s] -- Up-to-date symlink: /home/wjrgfdy/rm_ws/install/mindvision_camera/share/ament_index/resource_index/packages/mindvision_camera
[0.302s] -- Up-to-date symlink: /home/wjrgfdy/rm_ws/install/mindvision_camera/share/ament_index/resource_index/rclcpp_components/mindvision_camera
[0.302s] -- Up-to-date symlink: /home/wjrgfdy/rm_ws/install/mindvision_camera/share/mindvision_camera/cmake/ament_cmake_export_dependencies-extras.cmake
[0.302s] -- Up-to-date symlink: /home/wjrgfdy/rm_ws/install/mindvision_camera/share/mindvision_camera/cmake/ament_cmake_export_libraries-extras.cmake
[0.302s] -- Up-to-date symlink: /home/wjrgfdy/rm_ws/install/mindvision_camera/share/mindvision_camera/cmake/mindvision_cameraConfig.cmake
[0.302s] -- Up-to-date symlink: /home/wjrgfdy/rm_ws/install/mindvision_camera/share/mindvision_camera/cmake/mindvision_cameraConfig-version.cmake
[0.303s] -- Up-to-date symlink: /home/wjrgfdy/rm_ws/install/mindvision_camera/share/mindvision_camera/package.xml
[0.459s] Invoked command in '/home/wjrgfdy/rm_ws/build/mindvision_camera' returned '0': AMENT_PREFIX_PATH=/home/wjrgfdy/rm_ws/install/camera_calibration:${AMENT_PREFIX_PATH} CMAKE_PREFIX_PATH=${CMAKE_PREFIX_PATH}:/opt/ros/humble PYTHONPATH=/home/wjrgfdy/rm_ws/build/camera_calibration/src:/home/wjrgfdy/rm_ws/install/camera_calibration/lib/python3.10/site-packages:${PYTHONPATH} _=/usr/bin/env /usr/local/bin/cmake --install /home/wjrgfdy/rm_ws/build/mindvision_camera
