[0.787s] Invoking command in '/home/wjrgfdy/rm_ws/build/camera_calibration': PYTHONPATH=/home/wjrgfdy/rm_ws/build/camera_calibration/prefix_override:/home/wjrgfdy/rm_ws/install/camera_calibration/lib/python3.10/site-packages:${PYTHONPATH} _=/usr/bin/env /usr/bin/python3 setup.py develop --editable --build-directory /home/wjrgfdy/rm_ws/build/camera_calibration/build --no-deps install_data
[1.004s] running develop
[1.004s] /usr/lib/python3/dist-packages/setuptools/command/easy_install.py:158: EasyInstallDeprecationWarning: easy_install command is deprecated. Use build and pip and other standards-based tools.
[1.004s]   warnings.warn(
[1.005s] /usr/lib/python3/dist-packages/setuptools/command/install.py:34: SetuptoolsDeprecationWarning: setup.py install is deprecated. Use build and pip and other standards-based tools.
[1.005s]   warnings.warn(
[1.118s] running egg_info
[1.118s] writing src/camera_calibration.egg-info/PKG-INFO
[1.119s] writing dependency_links to src/camera_calibration.egg-info/dependency_links.txt
[1.119s] writing entry points to src/camera_calibration.egg-info/entry_points.txt
[1.119s] writing requirements to src/camera_calibration.egg-info/requires.txt
[1.119s] writing top-level names to src/camera_calibration.egg-info/top_level.txt
[1.120s] reading manifest file 'src/camera_calibration.egg-info/SOURCES.txt'
[1.120s] writing manifest file 'src/camera_calibration.egg-info/SOURCES.txt'
[1.121s] running build_ext
[1.121s] Creating /home/wjrgfdy/rm_ws/install/camera_calibration/lib/python3.10/site-packages/camera-calibration.egg-link (link to src)
[1.122s] Installing cameracalibrator script to /home/wjrgfdy/rm_ws/install/camera_calibration/lib/camera_calibration
[1.122s] Installing cameracheck script to /home/wjrgfdy/rm_ws/install/camera_calibration/lib/camera_calibration
[1.122s] 
[1.122s] Installed /home/wjrgfdy/rm_ws/build/camera_calibration/src
[1.122s] running install_data
[1.236s] Invoked command in '/home/wjrgfdy/rm_ws/build/camera_calibration' returned '0': PYTHONPATH=/home/wjrgfdy/rm_ws/build/camera_calibration/prefix_override:/home/wjrgfdy/rm_ws/install/camera_calibration/lib/python3.10/site-packages:${PYTHONPATH} _=/usr/bin/env /usr/bin/python3 setup.py develop --editable --build-directory /home/wjrgfdy/rm_ws/build/camera_calibration/build --no-deps install_data
