[0.337s] Invoking command in '/home/wjrgfdy/rm_ws/build/depth_image_proc': CMAKE_PREFIX_PATH=${CMAKE_PREFIX_PATH}:/home/wjrgfdy/rm_ws/install/camera_calibration:/opt/ros/humble _=/usr/bin/env /usr/local/bin/cmake /home/wjrgfdy/rm_ws/src/image_pipeline/depth_image_proc -DCMAKE_INSTALL_PREFIX=/home/wjrgfdy/rm_ws/install/depth_image_proc
[0.380s] -- The C compiler identification is GNU 12.3.0
[0.432s] -- The CXX compiler identification is GNU 12.3.0
[0.450s] -- Detecting C compiler ABI info
[0.517s] -- Detecting C compiler ABI info - done
[0.530s] -- Check for working C compiler: /usr/bin/cc - skipped
[0.530s] -- Detecting C compile features
[0.531s] -- Detecting C compile features - done
[0.540s] -- Detecting CXX compiler ABI info
[0.619s] -- Detecting CXX compiler ABI info - done
[0.629s] -- Check for working CXX compiler: /usr/bin/c++ - skipped
[0.629s] -- Detecting CXX compile features
[0.630s] -- Detecting CXX compile features - done
[0.632s] -- Found ament_cmake_auto: 1.3.6 (/opt/ros/humble/share/ament_cmake_auto/cmake)
[0.942s] -- Found Python3: /usr/bin/python3.10 (found version "3.10.12") found components: Interpreter 
[1.163s] -- Found rosidl_generator_c: 3.1.5 (/opt/ros/humble/share/rosidl_generator_c/cmake)
[1.171s] -- Found rosidl_adapter: 3.1.5 (/opt/ros/humble/share/rosidl_adapter/cmake)
[1.185s] -- Found rosidl_generator_cpp: 3.1.5 (/opt/ros/humble/share/rosidl_generator_cpp/cmake)
[1.206s] -- Using all available rosidl_typesupport_c: rosidl_typesupport_fastrtps_c;rosidl_typesupport_introspection_c
[1.231s] -- Using all available rosidl_typesupport_cpp: rosidl_typesupport_fastrtps_cpp;rosidl_typesupport_introspection_cpp
[1.647s] -- Found rmw_implementation_cmake: 6.1.1 (/opt/ros/humble/share/rmw_implementation_cmake/cmake)
[1.651s] -- Found rmw_fastrtps_cpp: 6.2.5 (/opt/ros/humble/share/rmw_fastrtps_cpp/cmake)
[1.763s] -- Found OpenSSL: /usr/lib/x86_64-linux-gnu/libcrypto.so (found version "3.0.2")  
[1.789s] -- Found FastRTPS: /opt/ros/humble/include  
[1.847s] -- Using RMW implementation 'rmw_fastrtps_cpp' as default
[1.863s] -- Performing Test CMAKE_HAVE_LIBC_PTHREAD
[1.940s] -- Performing Test CMAKE_HAVE_LIBC_PTHREAD - Success
[1.942s] -- Found Threads: TRUE  
[2.503s] -- Found OpenCV: /usr/local (found version "4.9.0") 
[2.513s] -- Found ament_lint_auto: 0.12.9 (/opt/ros/humble/share/ament_lint_auto/cmake)
[2.533s] -- Added test 'copyright' to check source files copyright and LICENSE
[2.535s] -- Added test 'cppcheck' to perform static code analysis on C / C++ code
[2.535s] -- Configured cppcheck include dirs: /home/wjrgfdy/rm_ws/src/image_pipeline/depth_image_proc/include
[2.535s] -- Configured cppcheck exclude dirs and/or files: 
[2.537s] -- Added test 'cpplint' to check C / C++ code against the Google style
[2.537s] -- Configured cpplint exclude dirs and/or files: 
[2.537s] -- Added test 'flake8' to check Python code syntax and style conventions
[2.538s] -- Added test 'lint_cmake' to check CMake code style
[2.539s] -- Added test 'pep257' to check Python code against some of the docstring style conventions in PEP 257
[2.540s] -- Added test 'uncrustify' to check C / C++ code style
[2.540s] -- Configured uncrustify additional arguments: 
[2.541s] -- Added test 'xmllint' to check XML markup files
[2.543s] -- Configuring done (2.2s)
[2.577s] -- Generating done (0.0s)
[2.579s] -- Build files have been written to: /home/wjrgfdy/rm_ws/build/depth_image_proc
[2.590s] Invoked command in '/home/wjrgfdy/rm_ws/build/depth_image_proc' returned '0': CMAKE_PREFIX_PATH=${CMAKE_PREFIX_PATH}:/home/wjrgfdy/rm_ws/install/camera_calibration:/opt/ros/humble _=/usr/bin/env /usr/local/bin/cmake /home/wjrgfdy/rm_ws/src/image_pipeline/depth_image_proc -DCMAKE_INSTALL_PREFIX=/home/wjrgfdy/rm_ws/install/depth_image_proc
[2.592s] Invoking command in '/home/wjrgfdy/rm_ws/build/depth_image_proc': CMAKE_PREFIX_PATH=${CMAKE_PREFIX_PATH}:/home/wjrgfdy/rm_ws/install/camera_calibration:/opt/ros/humble _=/usr/bin/env /usr/local/bin/cmake --build /home/wjrgfdy/rm_ws/build/depth_image_proc -- -j12 -l12
[2.634s] [  6%] [32mBuilding CXX object CMakeFiles/disparity_node.dir/rclcpp_components/node_main_disparity_node.cpp.o[0m
[2.634s] [  6%] [32mBuilding CXX object CMakeFiles/crop_foremost_node.dir/rclcpp_components/node_main_crop_foremost_node.cpp.o[0m
[2.636s] [  9%] [32mBuilding CXX object CMakeFiles/point_cloud_xyz_node.dir/rclcpp_components/node_main_point_cloud_xyz_node.cpp.o[0m
[2.636s] [ 12%] [32mBuilding CXX object CMakeFiles/convert_metric_node.dir/rclcpp_components/node_main_convert_metric_node.cpp.o[0m
[2.637s] [ 15%] [32mBuilding CXX object CMakeFiles/depth_image_proc.dir/src/conversions.cpp.o[0m
[2.639s] [ 18%] [32mBuilding CXX object CMakeFiles/depth_image_proc.dir/src/convert_metric.cpp.o[0m
[2.646s] [ 21%] [32mBuilding CXX object CMakeFiles/point_cloud_xyzrgb_node.dir/rclcpp_components/node_main_point_cloud_xyzrgb_node.cpp.o[0m
[2.654s] [ 25%] [32mBuilding CXX object CMakeFiles/point_cloud_xyzi_node.dir/rclcpp_components/node_main_point_cloud_xyzi_node.cpp.o[0m
[2.656s] [ 28%] [32mBuilding CXX object CMakeFiles/depth_image_proc.dir/src/crop_foremost.cpp.o[0m
[2.668s] [ 31%] [32mBuilding CXX object CMakeFiles/point_cloud_xyz_radial_node.dir/rclcpp_components/node_main_point_cloud_xyz_radial_node.cpp.o[0m
[2.720s] [ 34%] [32mBuilding CXX object CMakeFiles/point_cloud_xyzi_radial_node.dir/rclcpp_components/node_main_point_cloud_xyzi_radial_node.cpp.o[0m
[2.740s] [ 37%] [32mBuilding CXX object CMakeFiles/point_cloud_xyzrgb_radial_node.dir/rclcpp_components/node_main_point_cloud_xyzrgb_radial_node.cpp.o[0m
[7.393s] [ 40%] [32mBuilding CXX object CMakeFiles/depth_image_proc.dir/src/disparity.cpp.o[0m
[14.430s] [ 43%] [32m[1mLinking CXX executable point_cloud_xyz_node[0m
[15.026s] [ 43%] Built target point_cloud_xyz_node
[15.142s] [ 46%] [32mBuilding CXX object CMakeFiles/register_node.dir/rclcpp_components/node_main_register_node.cpp.o[0m
[15.398s] [ 50%] [32m[1mLinking CXX executable crop_foremost_node[0m
[15.579s] [ 53%] [32m[1mLinking CXX executable point_cloud_xyz_radial_node[0m
[15.927s] [ 56%] [32m[1mLinking CXX executable point_cloud_xyzrgb_node[0m
[15.974s] [ 59%] [32m[1mLinking CXX executable convert_metric_node[0m
[16.105s] [ 59%] Built target crop_foremost_node
[16.145s] [ 62%] [32mBuilding CXX object CMakeFiles/depth_image_proc.dir/src/point_cloud_xyz.cpp.o[0m
[16.171s] [ 62%] Built target point_cloud_xyz_radial_node
[16.211s] [ 65%] [32mBuilding CXX object CMakeFiles/depth_image_proc.dir/src/point_cloud_xyzrgb.cpp.o[0m
[16.317s] [ 65%] Built target point_cloud_xyzrgb_node
[16.330s] [ 68%] [32mBuilding CXX object CMakeFiles/depth_image_proc.dir/src/point_cloud_xyzi.cpp.o[0m
[16.553s] [ 68%] Built target convert_metric_node
[16.579s] [ 71%] [32mBuilding CXX object CMakeFiles/depth_image_proc.dir/src/point_cloud_xyz_radial.cpp.o[0m
[16.998s] [ 75%] [32m[1mLinking CXX executable disparity_node[0m
[17.030s] [ 78%] [32m[1mLinking CXX executable point_cloud_xyzi_node[0m
[17.334s] [ 78%] Built target point_cloud_xyzi_node
[17.354s] [ 81%] [32mBuilding CXX object CMakeFiles/depth_image_proc.dir/src/point_cloud_xyzi_radial.cpp.o[0m
[17.468s] [ 81%] Built target disparity_node
[17.490s] [ 84%] [32mBuilding CXX object CMakeFiles/depth_image_proc.dir/src/point_cloud_xyzrgb_radial.cpp.o[0m
[18.080s] [ 87%] [32mBuilding CXX object CMakeFiles/depth_image_proc.dir/src/register.cpp.o[0m
[18.117s] [ 90%] [32m[1mLinking CXX executable point_cloud_xyzrgb_radial_node[0m
[18.362s] [ 93%] [32m[1mLinking CXX executable point_cloud_xyzi_radial_node[0m
[18.783s] [ 93%] Built target point_cloud_xyzrgb_radial_node
[19.104s] [ 93%] Built target point_cloud_xyzi_radial_node
[25.211s] [ 96%] [32m[1mLinking CXX executable register_node[0m
[25.704s] [ 96%] Built target register_node
[50.386s] [100%] [32m[1mLinking CXX shared library libdepth_image_proc.so[0m
[53.705s] [100%] Built target depth_image_proc
[53.713s] Invoked command in '/home/wjrgfdy/rm_ws/build/depth_image_proc' returned '0': CMAKE_PREFIX_PATH=${CMAKE_PREFIX_PATH}:/home/wjrgfdy/rm_ws/install/camera_calibration:/opt/ros/humble _=/usr/bin/env /usr/local/bin/cmake --build /home/wjrgfdy/rm_ws/build/depth_image_proc -- -j12 -l12
[53.924s] Invoking command in '/home/wjrgfdy/rm_ws/build/depth_image_proc': CMAKE_PREFIX_PATH=${CMAKE_PREFIX_PATH}:/home/wjrgfdy/rm_ws/install/camera_calibration:/opt/ros/humble _=/usr/bin/env /usr/local/bin/cmake --install /home/wjrgfdy/rm_ws/build/depth_image_proc
[53.930s] -- Install configuration: ""
[53.931s] -- Up-to-date: /home/wjrgfdy/rm_ws/install/depth_image_proc/include
[53.931s] -- Up-to-date: /home/wjrgfdy/rm_ws/install/depth_image_proc/include/depth_image_proc
[53.931s] -- Up-to-date: /home/wjrgfdy/rm_ws/install/depth_image_proc/share/depth_image_proc/launch
[53.931s] -- Up-to-date: /home/wjrgfdy/rm_ws/install/depth_image_proc/share/depth_image_proc/launch/rviz
[53.932s] -- Installing: /home/wjrgfdy/rm_ws/install/depth_image_proc/share/depth_image_proc/package.dsv
[53.935s] Invoked command in '/home/wjrgfdy/rm_ws/build/depth_image_proc' returned '0': CMAKE_PREFIX_PATH=${CMAKE_PREFIX_PATH}:/home/wjrgfdy/rm_ws/install/camera_calibration:/opt/ros/humble _=/usr/bin/env /usr/local/bin/cmake --install /home/wjrgfdy/rm_ws/build/depth_image_proc
