[0.264s] Invoking command in '/home/wjrgfdy/rm_ws/build/image_view': CMAKE_PREFIX_PATH=${CMAKE_PREFIX_PATH}:/home/wjrgfdy/rm_ws/install/camera_calibration:/opt/ros/humble _=/usr/bin/env /usr/local/bin/cmake /home/wjrgfdy/rm_ws/src/image_pipeline/image_view -DCMAKE_INSTALL_PREFIX=/home/wjrgfdy/rm_ws/install/image_view
[0.272s] -- Found ament_cmake_auto: 1.3.6 (/opt/ros/humble/share/ament_cmake_auto/cmake)
[0.515s] -- Override CMake install command with custom implementation using symlinks instead of copying resources
[0.641s] -- Found rosidl_generator_c: 3.1.5 (/opt/ros/humble/share/rosidl_generator_c/cmake)
[0.645s] -- Found rosidl_adapter: 3.1.5 (/opt/ros/humble/share/rosidl_adapter/cmake)
[0.653s] -- Found rosidl_generator_cpp: 3.1.5 (/opt/ros/humble/share/rosidl_generator_cpp/cmake)
[0.669s] -- Using all available rosidl_typesupport_c: rosidl_typesupport_fastrtps_c;rosidl_typesupport_introspection_c
[0.688s] -- Using all available rosidl_typesupport_cpp: rosidl_typesupport_fastrtps_cpp;rosidl_typesupport_introspection_cpp
[0.734s] -- Found rmw_implementation_cmake: 6.1.1 (/opt/ros/humble/share/rmw_implementation_cmake/cmake)
[0.735s] -- Found rmw_fastrtps_cpp: 6.2.5 (/opt/ros/humble/share/rmw_fastrtps_cpp/cmake)
[0.826s] -- Using RMW implementation 'rmw_fastrtps_cpp' as default
[1.572s] -- Found ament_lint_auto: 0.12.9 (/opt/ros/humble/share/ament_lint_auto/cmake)
[1.585s] -- Added test 'copyright' to check source files copyright and LICENSE
[1.587s] -- Added test 'cppcheck' to perform static code analysis on C / C++ code
[1.588s] -- Configured cppcheck include dirs: /home/wjrgfdy/rm_ws/src/image_pipeline/image_view/include
[1.588s] -- Configured cppcheck exclude dirs and/or files: 
[1.589s] -- Added test 'cpplint' to check C / C++ code against the Google style
[1.589s] -- Configured cpplint exclude dirs and/or files: 
[1.590s] -- Added test 'lint_cmake' to check CMake code style
[1.592s] -- Added test 'uncrustify' to check C / C++ code style
[1.592s] -- Configured uncrustify additional arguments: 
[1.592s] -- Added test 'xmllint' to check XML markup files
[1.595s] -- Configuring done (1.3s)
[1.653s] -- Generating done (0.0s)
[1.655s] -- Build files have been written to: /home/wjrgfdy/rm_ws/build/image_view
[1.664s] Invoked command in '/home/wjrgfdy/rm_ws/build/image_view' returned '0': CMAKE_PREFIX_PATH=${CMAKE_PREFIX_PATH}:/home/wjrgfdy/rm_ws/install/camera_calibration:/opt/ros/humble _=/usr/bin/env /usr/local/bin/cmake /home/wjrgfdy/rm_ws/src/image_pipeline/image_view -DCMAKE_INSTALL_PREFIX=/home/wjrgfdy/rm_ws/install/image_view
[1.667s] Invoking command in '/home/wjrgfdy/rm_ws/build/image_view': CMAKE_PREFIX_PATH=${CMAKE_PREFIX_PATH}:/home/wjrgfdy/rm_ws/install/camera_calibration:/opt/ros/humble _=/usr/bin/env /usr/local/bin/cmake --build /home/wjrgfdy/rm_ws/build/image_view -- -j12 -l12
[1.740s] [ 36%] Built target image_view_nodes
[1.763s] [ 47%] Built target disparity_view
[1.764s] [ 78%] Built target video_recorder
[1.765s] [ 78%] Built target image_saver
[1.765s] [ 78%] Built target stereo_view
[1.765s] [ 89%] Built target image_view
[1.769s] [100%] Built target extract_images
[1.896s] Invoked command in '/home/wjrgfdy/rm_ws/build/image_view' returned '0': CMAKE_PREFIX_PATH=${CMAKE_PREFIX_PATH}:/home/wjrgfdy/rm_ws/install/camera_calibration:/opt/ros/humble _=/usr/bin/env /usr/local/bin/cmake --build /home/wjrgfdy/rm_ws/build/image_view -- -j12 -l12
[1.996s] Invoking command in '/home/wjrgfdy/rm_ws/build/image_view': CMAKE_PREFIX_PATH=${CMAKE_PREFIX_PATH}:/home/wjrgfdy/rm_ws/install/camera_calibration:/opt/ros/humble _=/usr/bin/env /usr/local/bin/cmake --install /home/wjrgfdy/rm_ws/build/image_view
[1.999s] -- Install configuration: ""
[2.000s] -- Execute custom install script
[2.000s] -- Up-to-date symlink: /home/wjrgfdy/rm_ws/install/image_view/include/image_view/disparity_view_node.hpp
[2.000s] -- Up-to-date symlink: /home/wjrgfdy/rm_ws/install/image_view/include/image_view/extract_images_node.hpp
[2.001s] -- Up-to-date symlink: /home/wjrgfdy/rm_ws/install/image_view/include/image_view/image_saver_node.hpp
[2.001s] -- Up-to-date symlink: /home/wjrgfdy/rm_ws/install/image_view/include/image_view/image_view_node.hpp
[2.001s] -- Up-to-date symlink: /home/wjrgfdy/rm_ws/install/image_view/include/image_view/stereo_view_node.hpp
[2.001s] -- Up-to-date symlink: /home/wjrgfdy/rm_ws/install/image_view/include/image_view/video_recorder_node.hpp
[2.001s] -- Up-to-date symlink: /home/wjrgfdy/rm_ws/install/image_view/share/image_view/environment/library_path.sh
[2.001s] -- Up-to-date symlink: /home/wjrgfdy/rm_ws/install/image_view/share/image_view/environment/library_path.dsv
[2.001s] -- Up-to-date symlink: /home/wjrgfdy/rm_ws/install/image_view/lib/libimage_view_nodes.so
[2.002s] -- Up-to-date symlink: /home/wjrgfdy/rm_ws/install/image_view/lib/image_view/disparity_view
[2.002s] -- Up-to-date symlink: /home/wjrgfdy/rm_ws/install/image_view/lib/image_view/image_view
[2.002s] -- Up-to-date symlink: /home/wjrgfdy/rm_ws/install/image_view/lib/image_view/stereo_view
[2.002s] -- Up-to-date symlink: /home/wjrgfdy/rm_ws/install/image_view/lib/image_view/extract_images
[2.002s] -- Up-to-date symlink: /home/wjrgfdy/rm_ws/install/image_view/lib/image_view/image_saver
[2.003s] -- Up-to-date symlink: /home/wjrgfdy/rm_ws/install/image_view/lib/image_view/video_recorder
[2.003s] -- Up-to-date symlink: /home/wjrgfdy/rm_ws/install/image_view/share/ament_index/resource_index/package_run_dependencies/image_view
[2.003s] -- Up-to-date symlink: /home/wjrgfdy/rm_ws/install/image_view/share/ament_index/resource_index/parent_prefix_path/image_view
[2.003s] -- Up-to-date symlink: /home/wjrgfdy/rm_ws/install/image_view/share/image_view/environment/ament_prefix_path.sh
[2.003s] -- Up-to-date symlink: /home/wjrgfdy/rm_ws/install/image_view/share/image_view/environment/ament_prefix_path.dsv
[2.003s] -- Up-to-date symlink: /home/wjrgfdy/rm_ws/install/image_view/share/image_view/environment/path.sh
[2.004s] -- Up-to-date symlink: /home/wjrgfdy/rm_ws/install/image_view/share/image_view/environment/path.dsv
[2.004s] -- Up-to-date symlink: /home/wjrgfdy/rm_ws/install/image_view/share/image_view/local_setup.bash
[2.004s] -- Up-to-date symlink: /home/wjrgfdy/rm_ws/install/image_view/share/image_view/local_setup.sh
[2.004s] -- Up-to-date symlink: /home/wjrgfdy/rm_ws/install/image_view/share/image_view/local_setup.zsh
[2.004s] -- Up-to-date symlink: /home/wjrgfdy/rm_ws/install/image_view/share/image_view/local_setup.dsv
[2.004s] -- Symlinking: /home/wjrgfdy/rm_ws/install/image_view/share/image_view/package.dsv
[2.009s] -- Up-to-date symlink: /home/wjrgfdy/rm_ws/install/image_view/share/ament_index/resource_index/packages/image_view
[2.009s] -- Up-to-date symlink: /home/wjrgfdy/rm_ws/install/image_view/share/ament_index/resource_index/rclcpp_components/image_view
[2.009s] -- Up-to-date symlink: /home/wjrgfdy/rm_ws/install/image_view/share/image_view/cmake/ament_cmake_export_dependencies-extras.cmake
[2.009s] -- Up-to-date symlink: /home/wjrgfdy/rm_ws/install/image_view/share/image_view/cmake/ament_cmake_export_include_directories-extras.cmake
[2.009s] -- Up-to-date symlink: /home/wjrgfdy/rm_ws/install/image_view/share/image_view/cmake/ament_cmake_export_libraries-extras.cmake
[2.009s] -- Up-to-date symlink: /home/wjrgfdy/rm_ws/install/image_view/share/image_view/cmake/image_viewConfig.cmake
[2.009s] -- Up-to-date symlink: /home/wjrgfdy/rm_ws/install/image_view/share/image_view/cmake/image_viewConfig-version.cmake
[2.009s] -- Up-to-date symlink: /home/wjrgfdy/rm_ws/install/image_view/share/image_view/package.xml
[2.011s] Invoked command in '/home/wjrgfdy/rm_ws/build/image_view' returned '0': CMAKE_PREFIX_PATH=${CMAKE_PREFIX_PATH}:/home/wjrgfdy/rm_ws/install/camera_calibration:/opt/ros/humble _=/usr/bin/env /usr/local/bin/cmake --install /home/wjrgfdy/rm_ws/build/image_view
