[0.074s] Invoking command in '/home/wjrgfdy/rm_ws/build/hik_camera': CMAKE_PREFIX_PATH=/opt/ros/humble _=/usr/bin/env /usr/local/bin/cmake /home/wjrgfdy/rm_ws/src/ros2-hik-camera -DAMENT_CMAKE_SYMLINK_INSTALL=1 -DCMAKE_INSTALL_PREFIX=/home/wjrgfdy/rm_ws/install/hik_camera
[0.166s] -- The C compiler identification is GNU 11.4.0
[0.251s] -- The CXX compiler identification is GNU 11.4.0
[0.267s] -- Detecting C compiler ABI info
[0.312s] -- Detecting C compiler ABI info - done
[0.322s] -- Check for working C compiler: /usr/bin/cc - skipped
[0.322s] -- Detecting C compile features
[0.322s] -- Detecting C compile features - done
[0.330s] -- Detecting CXX compiler ABI info
[0.397s] -- Detecting CXX compiler ABI info - done
[0.410s] -- Check for working CXX compiler: /usr/bin/c++ - skipped
[0.410s] -- Detecting CXX compile features
[0.410s] -- Detecting CXX compile features - done
[0.412s] -- Found ament_cmake_auto: 1.3.6 (/opt/ros/humble/share/ament_cmake_auto/cmake)
[0.719s] -- Found Python3: /usr/bin/python3.10 (found version "3.10.12") found components: Interpreter 
[0.766s] -- Override CMake install command with custom implementation using symlinks instead of copying resources
[0.876s] -- Found rosidl_generator_c: 3.1.5 (/opt/ros/humble/share/rosidl_generator_c/cmake)
[0.879s] -- Found rosidl_adapter: 3.1.5 (/opt/ros/humble/share/rosidl_adapter/cmake)
[0.885s] -- Found rosidl_generator_cpp: 3.1.5 (/opt/ros/humble/share/rosidl_generator_cpp/cmake)
[0.894s] -- Using all available rosidl_typesupport_c: rosidl_typesupport_fastrtps_c;rosidl_typesupport_introspection_c
[0.908s] -- Using all available rosidl_typesupport_cpp: rosidl_typesupport_fastrtps_cpp;rosidl_typesupport_introspection_cpp
[0.966s] -- Found rmw_implementation_cmake: 6.1.1 (/opt/ros/humble/share/rmw_implementation_cmake/cmake)
[0.968s] -- Found rmw_fastrtps_cpp: 6.2.5 (/opt/ros/humble/share/rmw_fastrtps_cpp/cmake)
[1.042s] -- Found OpenSSL: /usr/lib/x86_64-linux-gnu/libcrypto.so (found version "3.0.2")  
[1.066s] -- Found FastRTPS: /opt/ros/humble/include  
[1.101s] -- Using RMW implementation 'rmw_fastrtps_cpp' as default
[1.109s] -- Performing Test CMAKE_HAVE_LIBC_PTHREAD
[1.159s] -- Performing Test CMAKE_HAVE_LIBC_PTHREAD - Success
[1.161s] -- Found Threads: TRUE  
[1.519s] -- Found ament_lint_auto: 0.12.9 (/opt/ros/humble/share/ament_lint_auto/cmake)
[1.533s] -- Added test 'cppcheck' to perform static code analysis on C / C++ code
[1.533s] -- Configured cppcheck include dirs: /home/wjrgfdy/rm_ws/src/ros2-hik-camera/hikSDK/include
[1.533s] -- Configured cppcheck exclude dirs and/or files: 
[1.534s] -- Added test 'flake8' to check Python code syntax and style conventions
[1.534s] -- Added test 'lint_cmake' to check CMake code style
[1.534s] -- Added test 'pep257' to check Python code against some of the docstring style conventions in PEP 257
[1.535s] -- Added test 'xmllint' to check XML markup files
[1.537s] -- Configuring done (1.4s)
[1.546s] -- Generating done (0.0s)
[1.547s] -- Build files have been written to: /home/wjrgfdy/rm_ws/build/hik_camera
[1.554s] Invoked command in '/home/wjrgfdy/rm_ws/build/hik_camera' returned '0': CMAKE_PREFIX_PATH=/opt/ros/humble _=/usr/bin/env /usr/local/bin/cmake /home/wjrgfdy/rm_ws/src/ros2-hik-camera -DAMENT_CMAKE_SYMLINK_INSTALL=1 -DCMAKE_INSTALL_PREFIX=/home/wjrgfdy/rm_ws/install/hik_camera
[1.555s] Invoking command in '/home/wjrgfdy/rm_ws/build/hik_camera': CMAKE_PREFIX_PATH=/opt/ros/humble _=/usr/bin/env /usr/local/bin/cmake --build /home/wjrgfdy/rm_ws/build/hik_camera -- -j12 -l12
[1.582s] [ 50%] [32mBuilding CXX object CMakeFiles/hik_camera.dir/src/hik_camera_node.cpp.o[0m
[1.582s] [ 50%] [32mBuilding CXX object CMakeFiles/hik_camera_node.dir/rclcpp_components/node_main_hik_camera_node.cpp.o[0m
[5.176s] [ 75%] [32m[1mLinking CXX shared library libhik_camera.so[0m
[5.360s] [ 75%] Built target hik_camera
[5.658s] [100%] [32m[1mLinking CXX executable hik_camera_node[0m
[5.774s] [100%] Built target hik_camera_node
[5.779s] Invoked command in '/home/wjrgfdy/rm_ws/build/hik_camera' returned '0': CMAKE_PREFIX_PATH=/opt/ros/humble _=/usr/bin/env /usr/local/bin/cmake --build /home/wjrgfdy/rm_ws/build/hik_camera -- -j12 -l12
[5.800s] Invoking command in '/home/wjrgfdy/rm_ws/build/hik_camera': CMAKE_PREFIX_PATH=/opt/ros/humble _=/usr/bin/env /usr/local/bin/cmake --install /home/wjrgfdy/rm_ws/build/hik_camera
[5.802s] -- Install configuration: ""
[5.803s] -- Execute custom install script
[5.803s] -- Symlinking: /home/wjrgfdy/rm_ws/install/hik_camera/lib/libFormatConversion.so
[5.806s] -- Symlinking: /home/wjrgfdy/rm_ws/install/hik_camera/lib/libMVRender.so
[5.808s] -- Symlinking: /home/wjrgfdy/rm_ws/install/hik_camera/lib/libMediaProcess.so
[5.810s] -- Symlinking: /home/wjrgfdy/rm_ws/install/hik_camera/lib/libMvCameraControl.so
[5.813s] -- Symlinking: /home/wjrgfdy/rm_ws/install/hik_camera/lib/libMvUsb3vTL.so
[5.815s] -- Symlinking: /home/wjrgfdy/rm_ws/install/hik_camera/lib/hik_camera/hik_camera_node
[5.817s] -- Symlinking: /home/wjrgfdy/rm_ws/install/hik_camera/share/hik_camera/environment/library_path.sh
[5.819s] -- Symlinking: /home/wjrgfdy/rm_ws/install/hik_camera/share/hik_camera/environment/library_path.dsv
[5.822s] -- Symlinking: /home/wjrgfdy/rm_ws/install/hik_camera/lib/libhik_camera.so
[5.826s] -- Symlinking: /home/wjrgfdy/rm_ws/install/hik_camera/share/hik_camera/config/camera_info.yaml
[5.829s] -- Symlinking: /home/wjrgfdy/rm_ws/install/hik_camera/share/hik_camera/config/camera_params.yaml
[5.832s] -- Symlinking: /home/wjrgfdy/rm_ws/install/hik_camera/share/hik_camera/launch/hik_camera.launch.py
[5.836s] -- Symlinking: /home/wjrgfdy/rm_ws/install/hik_camera/share/ament_index/resource_index/package_run_dependencies/hik_camera
[5.838s] -- Symlinking: /home/wjrgfdy/rm_ws/install/hik_camera/share/ament_index/resource_index/parent_prefix_path/hik_camera
[5.840s] -- Symlinking: /home/wjrgfdy/rm_ws/install/hik_camera/share/hik_camera/environment/ament_prefix_path.sh
[5.843s] -- Symlinking: /home/wjrgfdy/rm_ws/install/hik_camera/share/hik_camera/environment/ament_prefix_path.dsv
[5.845s] -- Symlinking: /home/wjrgfdy/rm_ws/install/hik_camera/share/hik_camera/environment/path.sh
[5.848s] -- Symlinking: /home/wjrgfdy/rm_ws/install/hik_camera/share/hik_camera/environment/path.dsv
[5.850s] -- Symlinking: /home/wjrgfdy/rm_ws/install/hik_camera/share/hik_camera/local_setup.bash
[5.853s] -- Symlinking: /home/wjrgfdy/rm_ws/install/hik_camera/share/hik_camera/local_setup.sh
[5.855s] -- Symlinking: /home/wjrgfdy/rm_ws/install/hik_camera/share/hik_camera/local_setup.zsh
[5.857s] -- Symlinking: /home/wjrgfdy/rm_ws/install/hik_camera/share/hik_camera/local_setup.dsv
[5.861s] -- Symlinking: /home/wjrgfdy/rm_ws/install/hik_camera/share/hik_camera/package.dsv
[5.863s] -- Symlinking: /home/wjrgfdy/rm_ws/install/hik_camera/share/ament_index/resource_index/packages/hik_camera
[5.865s] -- Symlinking: /home/wjrgfdy/rm_ws/install/hik_camera/share/ament_index/resource_index/rclcpp_components/hik_camera
[5.868s] -- Symlinking: /home/wjrgfdy/rm_ws/install/hik_camera/share/hik_camera/cmake/ament_cmake_export_dependencies-extras.cmake
[5.870s] -- Symlinking: /home/wjrgfdy/rm_ws/install/hik_camera/share/hik_camera/cmake/ament_cmake_export_libraries-extras.cmake
[5.873s] -- Symlinking: /home/wjrgfdy/rm_ws/install/hik_camera/share/hik_camera/cmake/hik_cameraConfig.cmake
[5.875s] -- Symlinking: /home/wjrgfdy/rm_ws/install/hik_camera/share/hik_camera/cmake/hik_cameraConfig-version.cmake
[5.877s] -- Symlinking: /home/wjrgfdy/rm_ws/install/hik_camera/share/hik_camera/package.xml
[5.882s] Invoked command in '/home/wjrgfdy/rm_ws/build/hik_camera' returned '0': CMAKE_PREFIX_PATH=/opt/ros/humble _=/usr/bin/env /usr/local/bin/cmake --install /home/wjrgfdy/rm_ws/build/hik_camera
