[0.241s] Invoking command in '/home/wjrgfdy/rm_ws/build/rm_gimbal_description': CMAKE_PREFIX_PATH=${CMAKE_PREFIX_PATH}:/home/wjrgfdy/rm_ws/install/camera_calibration:/opt/ros/humble _=/usr/bin/env /usr/local/bin/cmake --build /home/wjrgfdy/rm_ws/build/rm_gimbal_description -- -j12 -l12
[0.255s] Invoked command in '/home/wjrgfdy/rm_ws/build/rm_gimbal_description' returned '0': CMAKE_PREFIX_PATH=${CMAKE_PREFIX_PATH}:/home/wjrgfdy/rm_ws/install/camera_calibration:/opt/ros/humble _=/usr/bin/env /usr/local/bin/cmake --build /home/wjrgfdy/rm_ws/build/rm_gimbal_description -- -j12 -l12
[0.290s] Invoking command in '/home/wjrgfdy/rm_ws/build/rm_gimbal_description': CMAKE_PREFIX_PATH=${CMAKE_PREFIX_PATH}:/home/wjrgfdy/rm_ws/install/camera_calibration:/opt/ros/humble _=/usr/bin/env /usr/local/bin/cmake --install /home/wjrgfdy/rm_ws/build/rm_gimbal_description
[0.296s] -- Install configuration: ""
[0.296s] -- Execute custom install script
[0.297s] -- Up-to-date symlink: /home/wjrgfdy/rm_ws/install/rm_gimbal_description/share/rm_gimbal_description/urdf/rm_gimbal.urdf.xacro
[0.297s] -- Up-to-date symlink: /home/wjrgfdy/rm_ws/install/rm_gimbal_description/share/ament_index/resource_index/package_run_dependencies/rm_gimbal_description
[0.297s] -- Up-to-date symlink: /home/wjrgfdy/rm_ws/install/rm_gimbal_description/share/ament_index/resource_index/parent_prefix_path/rm_gimbal_description
[0.298s] -- Up-to-date symlink: /home/wjrgfdy/rm_ws/install/rm_gimbal_description/share/rm_gimbal_description/environment/ament_prefix_path.sh
[0.298s] -- Up-to-date symlink: /home/wjrgfdy/rm_ws/install/rm_gimbal_description/share/rm_gimbal_description/environment/ament_prefix_path.dsv
[0.298s] -- Up-to-date symlink: /home/wjrgfdy/rm_ws/install/rm_gimbal_description/share/rm_gimbal_description/environment/path.sh
[0.299s] -- Up-to-date symlink: /home/wjrgfdy/rm_ws/install/rm_gimbal_description/share/rm_gimbal_description/environment/path.dsv
[0.299s] -- Up-to-date symlink: /home/wjrgfdy/rm_ws/install/rm_gimbal_description/share/rm_gimbal_description/local_setup.bash
[0.300s] -- Up-to-date symlink: /home/wjrgfdy/rm_ws/install/rm_gimbal_description/share/rm_gimbal_description/local_setup.sh
[0.300s] -- Up-to-date symlink: /home/wjrgfdy/rm_ws/install/rm_gimbal_description/share/rm_gimbal_description/local_setup.zsh
[0.300s] -- Up-to-date symlink: /home/wjrgfdy/rm_ws/install/rm_gimbal_description/share/rm_gimbal_description/local_setup.dsv
[0.300s] -- Symlinking: /home/wjrgfdy/rm_ws/install/rm_gimbal_description/share/rm_gimbal_description/package.dsv
[0.305s] -- Up-to-date symlink: /home/wjrgfdy/rm_ws/install/rm_gimbal_description/share/ament_index/resource_index/packages/rm_gimbal_description
[0.305s] -- Up-to-date symlink: /home/wjrgfdy/rm_ws/install/rm_gimbal_description/share/rm_gimbal_description/cmake/rm_gimbal_descriptionConfig.cmake
[0.305s] -- Up-to-date symlink: /home/wjrgfdy/rm_ws/install/rm_gimbal_description/share/rm_gimbal_description/cmake/rm_gimbal_descriptionConfig-version.cmake
[0.306s] -- Up-to-date symlink: /home/wjrgfdy/rm_ws/install/rm_gimbal_description/share/rm_gimbal_description/package.xml
[0.311s] Invoked command in '/home/wjrgfdy/rm_ws/build/rm_gimbal_description' returned '0': CMAKE_PREFIX_PATH=${CMAKE_PREFIX_PATH}:/home/wjrgfdy/rm_ws/install/camera_calibration:/opt/ros/humble _=/usr/bin/env /usr/local/bin/cmake --install /home/wjrgfdy/rm_ws/build/rm_gimbal_description
