running develop
/usr/lib/python3/dist-packages/setuptools/command/easy_install.py:158: EasyInstallDeprecationWarning: easy_install command is deprecated. Use build and pip and other standards-based tools.
  warnings.warn(
/usr/lib/python3/dist-packages/setuptools/command/install.py:34: SetuptoolsDeprecationWarning: setup.py install is deprecated. Use build and pip and other standards-based tools.
  warnings.warn(
Removing /home/wjrgfdy/rm_ws/install/camera_calibration/lib/python3.10/site-packages/camera-calibration.egg-link (link to src)
running egg_info
writing ../../../build/camera_calibration/camera_calibration.egg-info/PKG-INFO
writing dependency_links to ../../../build/camera_calibration/camera_calibration.egg-info/dependency_links.txt
writing entry points to ../../../build/camera_calibration/camera_calibration.egg-info/entry_points.txt
writing requirements to ../../../build/camera_calibration/camera_calibration.egg-info/requires.txt
writing top-level names to ../../../build/camera_calibration/camera_calibration.egg-info/top_level.txt
reading manifest file '../../../build/camera_calibration/camera_calibration.egg-info/SOURCES.txt'
writing manifest file '../../../build/camera_calibration/camera_calibration.egg-info/SOURCES.txt'
running build
running build_py
running install
running install_lib
/usr/lib/python3/dist-packages/setuptools/command/install.py:34: SetuptoolsDeprecationWarning: setup.py install is deprecated. Use build and pip and other standards-based tools.
  warnings.warn(
running install_data
running install_egg_info
removing '/home/wjrgfdy/rm_ws/install/camera_calibration/lib/python3.10/site-packages/camera_calibration-3.0.3-py3.10.egg-info' (and everything under it)
Copying ../../../build/camera_calibration/camera_calibration.egg-info to /home/wjrgfdy/rm_ws/install/camera_calibration/lib/python3.10/site-packages/camera_calibration-3.0.3-py3.10.egg-info
running install_scripts
Installing cameracalibrator script to /home/wjrgfdy/rm_ws/install/camera_calibration/lib/camera_calibration
Installing cameracheck script to /home/wjrgfdy/rm_ws/install/camera_calibration/lib/camera_calibration
writing list of installed files to '/home/wjrgfdy/rm_ws/build/camera_calibration/install.log'
