[0.808s] Invoking command in '/home/wjrgfdy/rm_ws/build/camera_calibration': PYTHONPATH=/home/wjrgfdy/rm_ws/build/camera_calibration/prefix_override:/home/wjrgfdy/rm_ws/install/camera_calibration/lib/python3.10/site-packages:${PYTHONPATH} _=/usr/bin/env /usr/bin/python3 setup.py develop --uninstall --editable --build-directory /home/wjrgfdy/rm_ws/build/camera_calibration/build
[0.961s] running develop
[0.962s] /usr/lib/python3/dist-packages/setuptools/command/easy_install.py:158: EasyInstallDeprecationWarning: easy_install command is deprecated. Use build and pip and other standards-based tools.
[0.962s]   warnings.warn(
[0.963s] /usr/lib/python3/dist-packages/setuptools/command/install.py:34: SetuptoolsDeprecationWarning: setup.py install is deprecated. Use build and pip and other standards-based tools.
[0.963s]   warnings.warn(
[1.049s] Removing /home/wjrgfdy/rm_ws/install/camera_calibration/lib/python3.10/site-packages/camera-calibration.egg-link (link to src)
[1.211s] Invoked command in '/home/wjrgfdy/rm_ws/build/camera_calibration' returned '0': PYTHONPATH=/home/wjrgfdy/rm_ws/build/camera_calibration/prefix_override:/home/wjrgfdy/rm_ws/install/camera_calibration/lib/python3.10/site-packages:${PYTHONPATH} _=/usr/bin/env /usr/bin/python3 setup.py develop --uninstall --editable --build-directory /home/wjrgfdy/rm_ws/build/camera_calibration/build
[1.211s] Invoking command in '/home/wjrgfdy/rm_ws/src/image_pipeline/camera_calibration': PYTHONPATH=/home/wjrgfdy/rm_ws/build/camera_calibration/prefix_override:/home/wjrgfdy/rm_ws/install/camera_calibration/lib/python3.10/site-packages:${PYTHONPATH} _=/usr/bin/env /usr/bin/python3 setup.py egg_info --egg-base ../../../build/camera_calibration build --build-base /home/wjrgfdy/rm_ws/build/camera_calibration/build install --record /home/wjrgfdy/rm_ws/build/camera_calibration/install.log --single-version-externally-managed
[1.368s] running egg_info
[1.368s] writing ../../../build/camera_calibration/camera_calibration.egg-info/PKG-INFO
[1.368s] writing dependency_links to ../../../build/camera_calibration/camera_calibration.egg-info/dependency_links.txt
[1.368s] writing entry points to ../../../build/camera_calibration/camera_calibration.egg-info/entry_points.txt
[1.369s] writing requirements to ../../../build/camera_calibration/camera_calibration.egg-info/requires.txt
[1.369s] writing top-level names to ../../../build/camera_calibration/camera_calibration.egg-info/top_level.txt
[1.370s] reading manifest file '../../../build/camera_calibration/camera_calibration.egg-info/SOURCES.txt'
[1.370s] writing manifest file '../../../build/camera_calibration/camera_calibration.egg-info/SOURCES.txt'
[1.370s] running build
[1.370s] running build_py
[1.371s] running install
[1.371s] running install_lib
[1.371s] /usr/lib/python3/dist-packages/setuptools/command/install.py:34: SetuptoolsDeprecationWarning: setup.py install is deprecated. Use build and pip and other standards-based tools.
[1.371s]   warnings.warn(
[1.372s] running install_data
[1.372s] running install_egg_info
[1.373s] removing '/home/wjrgfdy/rm_ws/install/camera_calibration/lib/python3.10/site-packages/camera_calibration-3.0.3-py3.10.egg-info' (and everything under it)
[1.373s] Copying ../../../build/camera_calibration/camera_calibration.egg-info to /home/wjrgfdy/rm_ws/install/camera_calibration/lib/python3.10/site-packages/camera_calibration-3.0.3-py3.10.egg-info
[1.374s] running install_scripts
[1.389s] Installing cameracalibrator script to /home/wjrgfdy/rm_ws/install/camera_calibration/lib/camera_calibration
[1.389s] Installing cameracheck script to /home/wjrgfdy/rm_ws/install/camera_calibration/lib/camera_calibration
[1.389s] writing list of installed files to '/home/wjrgfdy/rm_ws/build/camera_calibration/install.log'
[1.409s] Invoked command in '/home/wjrgfdy/rm_ws/src/image_pipeline/camera_calibration' returned '0': PYTHONPATH=/home/wjrgfdy/rm_ws/build/camera_calibration/prefix_override:/home/wjrgfdy/rm_ws/install/camera_calibration/lib/python3.10/site-packages:${PYTHONPATH} _=/usr/bin/env /usr/bin/python3 setup.py egg_info --egg-base ../../../build/camera_calibration build --build-base /home/wjrgfdy/rm_ws/build/camera_calibration/build install --record /home/wjrgfdy/rm_ws/build/camera_calibration/install.log --single-version-externally-managed
